ARM GAS  C:\Users\JASON\AppData\Local\Temp\cc831OkX.s 			page 1


   1              		.syntax unified
   2              		.cpu cortex-m3
   3              		.fpu softvfp
   4              		.eabi_attribute 20, 1
   5              		.eabi_attribute 21, 1
   6              		.eabi_attribute 23, 3
   7              		.eabi_attribute 24, 1
   8              		.eabi_attribute 25, 1
   9              		.eabi_attribute 26, 1
  10              		.eabi_attribute 30, 1
  11              		.eabi_attribute 34, 1
  12              		.eabi_attribute 18, 4
  13              		.thumb
  14              		.syntax unified
  15              		.file	"cymetadata.c"
  16              		.text
  17              	.Ltext0:
  18              		.cfi_sections	.debug_frame
  19              		.global	cy_metadata
  20              		.global	cy_meta_flashprotect
  21              		.global	cy_meta_wonvl
  22              		.global	cy_meta_custnvl
  23              		.global	cy_meta_configecc
  24              		.section	.cyconfigecc,"a",%progbits
  25              		.align	2
  26              		.type	cy_meta_configecc, %object
  27              		.size	cy_meta_configecc, 1432
  28              	cy_meta_configecc:
  29 0000 02       		.byte	2
  30 0001 4F       		.byte	79
  31 0002 00       		.byte	0
  32 0003 40       		.byte	64
  33 0004 01       		.byte	1
  34 0005 64       		.byte	100
  35 0006 00       		.byte	0
  36 0007 40       		.byte	64
  37 0008 03       		.byte	3
  38 0009 65       		.byte	101
  39 000a 00       		.byte	0
  40 000b 40       		.byte	64
  41 000c 01       		.byte	1
  42 000d 07       		.byte	7
  43 000e 01       		.byte	1
  44 000f 40       		.byte	64
  45 0010 0F       		.byte	15
  46 0011 08       		.byte	8
  47 0012 01       		.byte	1
  48 0013 40       		.byte	64
  49 0014 46       		.byte	70
  50 0015 09       		.byte	9
  51 0016 01       		.byte	1
  52 0017 40       		.byte	64
  53 0018 5F       		.byte	95
  54 0019 0A       		.byte	10
  55 001a 01       		.byte	1
  56 001b 40       		.byte	64
  57 001c 39       		.byte	57
ARM GAS  C:\Users\JASON\AppData\Local\Temp\cc831OkX.s 			page 2


  58 001d 0B       		.byte	11
  59 001e 01       		.byte	1
  60 001f 40       		.byte	64
  61 0020 02       		.byte	2
  62 0021 17       		.byte	23
  63 0022 01       		.byte	1
  64 0023 40       		.byte	64
  65 0024 4B       		.byte	75
  66 0025 18       		.byte	24
  67 0026 01       		.byte	1
  68 0027 40       		.byte	64
  69 0028 44       		.byte	68
  70 0029 19       		.byte	25
  71 002a 01       		.byte	1
  72 002b 40       		.byte	64
  73 002c 07       		.byte	7
  74 002d 1A       		.byte	26
  75 002e 01       		.byte	1
  76 002f 40       		.byte	64
  77 0030 45       		.byte	69
  78 0031 1B       		.byte	27
  79 0032 01       		.byte	1
  80 0033 40       		.byte	64
  81 0034 05       		.byte	5
  82 0035 40       		.byte	64
  83 0036 01       		.byte	1
  84 0037 40       		.byte	64
  85 0038 08       		.byte	8
  86 0039 41       		.byte	65
  87 003a 01       		.byte	1
  88 003b 40       		.byte	64
  89 003c 06       		.byte	6
  90 003d 42       		.byte	66
  91 003e 01       		.byte	1
  92 003f 40       		.byte	64
  93 0040 07       		.byte	7
  94 0041 43       		.byte	67
  95 0042 01       		.byte	1
  96 0043 40       		.byte	64
  97 0044 02       		.byte	2
  98 0045 44       		.byte	68
  99 0046 01       		.byte	1
 100 0047 40       		.byte	64
 101 0048 01       		.byte	1
 102 0049 45       		.byte	69
 103 004a 01       		.byte	1
 104 004b 40       		.byte	64
 105 004c 01       		.byte	1
 106 004d 46       		.byte	70
 107 004e 01       		.byte	1
 108 004f 40       		.byte	64
 109 0050 02       		.byte	2
 110 0051 47       		.byte	71
 111 0052 01       		.byte	1
 112 0053 40       		.byte	64
 113 0054 06       		.byte	6
 114 0055 48       		.byte	72
ARM GAS  C:\Users\JASON\AppData\Local\Temp\cc831OkX.s 			page 3


 115 0056 01       		.byte	1
 116 0057 40       		.byte	64
 117 0058 0C       		.byte	12
 118 0059 4D       		.byte	77
 119 005a 01       		.byte	1
 120 005b 40       		.byte	64
 121 005c 04       		.byte	4
 122 005d 50       		.byte	80
 123 005e 01       		.byte	1
 124 005f 40       		.byte	64
 125 0060 01       		.byte	1
 126 0061 51       		.byte	81
 127 0062 01       		.byte	1
 128 0063 40       		.byte	64
 129 0064 01       		.byte	1
 130 0065 20       		.byte	32
 131 0066 0A       		.byte	10
 132 0067 4B       		.byte	75
 133 0068 89       		.byte	-119
 134 0069 0F       		.byte	15
 135 006a 88       		.byte	-120
 136 006b 0F       		.byte	15
 137 006c 89       		.byte	-119
 138 006d 38       		.byte	56
 139 006e 8A       		.byte	-118
 140 006f 72       		.byte	114
 141 0070 EA       		.byte	-22
 142 0071 04       		.byte	4
 143 0072 84       		.byte	-124
 144 0073 07       		.byte	7
 145 0074 88       		.byte	-120
 146 0075 07       		.byte	7
 147 0076 8C       		.byte	-116
 148 0077 04       		.byte	4
 149 0078 8E       		.byte	-114
 150 0079 01       		.byte	1
 151 007a 90       		.byte	-112
 152 007b 01       		.byte	1
 153 007c 92       		.byte	-110
 154 007d 06       		.byte	6
 155 007e AC       		.byte	-84
 156 007f 02       		.byte	2
 157 0080 AE       		.byte	-82
 158 0081 01       		.byte	1
 159 0082 B0       		.byte	-80
 160 0083 07       		.byte	7
 161 0084 D6       		.byte	-42
 162 0085 02       		.byte	2
 163 0086 D7       		.byte	-41
 164 0087 24       		.byte	36
 165 0088 D8       		.byte	-40
 166 0089 04       		.byte	4
 167 008a DB       		.byte	-37
 168 008b 04       		.byte	4
 169 008c DC       		.byte	-36
 170 008d 01       		.byte	1
 171 008e DF       		.byte	-33
ARM GAS  C:\Users\JASON\AppData\Local\Temp\cc831OkX.s 			page 4


 172 008f 01       		.byte	1
 173 0090 00       		.byte	0
 174 0091 68       		.byte	104
 175 0092 05       		.byte	5
 176 0093 82       		.byte	-126
 177 0094 07       		.byte	7
 178 0095 14       		.byte	20
 179 0096 0A       		.byte	10
 180 0097 80       		.byte	-128
 181 0098 0D       		.byte	13
 182 0099 02       		.byte	2
 183 009a 0E       		.byte	14
 184 009b 28       		.byte	40
 185 009c 0F       		.byte	15
 186 009d 01       		.byte	1
 187 009e 10       		.byte	16
 188 009f 02       		.byte	2
 189 00a0 15       		.byte	21
 190 00a1 82       		.byte	-126
 191 00a2 17       		.byte	23
 192 00a3 20       		.byte	32
 193 00a4 1A       		.byte	26
 194 00a5 80       		.byte	-128
 195 00a6 1D       		.byte	29
 196 00a7 80       		.byte	-128
 197 00a8 1E       		.byte	30
 198 00a9 8A       		.byte	-118
 199 00aa 1F       		.byte	31
 200 00ab 04       		.byte	4
 201 00ac 24       		.byte	36
 202 00ad 0C       		.byte	12
 203 00ae 25       		.byte	37
 204 00af 1A       		.byte	26
 205 00b0 26       		.byte	38
 206 00b1 1A       		.byte	26
 207 00b2 27       		.byte	39
 208 00b3 10       		.byte	16
 209 00b4 2C       		.byte	44
 210 00b5 A0       		.byte	-96
 211 00b6 2D       		.byte	45
 212 00b7 80       		.byte	-128
 213 00b8 36       		.byte	54
 214 00b9 0A       		.byte	10
 215 00ba 37       		.byte	55
 216 00bb 20       		.byte	32
 217 00bc 3C       		.byte	60
 218 00bd 04       		.byte	4
 219 00be 3E       		.byte	62
 220 00bf 50       		.byte	80
 221 00c0 3F       		.byte	63
 222 00c1 01       		.byte	1
 223 00c2 45       		.byte	69
 224 00c3 88       		.byte	-120
 225 00c4 4C       		.byte	76
 226 00c5 04       		.byte	4
 227 00c6 4D       		.byte	77
 228 00c7 82       		.byte	-126
ARM GAS  C:\Users\JASON\AppData\Local\Temp\cc831OkX.s 			page 5


 229 00c8 4F       		.byte	79
 230 00c9 04       		.byte	4
 231 00ca 54       		.byte	84
 232 00cb 20       		.byte	32
 233 00cc 56       		.byte	86
 234 00cd 01       		.byte	1
 235 00ce 57       		.byte	87
 236 00cf 04       		.byte	4
 237 00d0 62       		.byte	98
 238 00d1 20       		.byte	32
 239 00d2 68       		.byte	104
 240 00d3 80       		.byte	-128
 241 00d4 69       		.byte	105
 242 00d5 82       		.byte	-126
 243 00d6 6A       		.byte	106
 244 00d7 70       		.byte	112
 245 00d8 6B       		.byte	107
 246 00d9 24       		.byte	36
 247 00da 73       		.byte	115
 248 00db 01       		.byte	1
 249 00dc 82       		.byte	-126
 250 00dd 04       		.byte	4
 251 00de 90       		.byte	-112
 252 00df 80       		.byte	-128
 253 00e0 92       		.byte	-110
 254 00e1 01       		.byte	1
 255 00e2 94       		.byte	-108
 256 00e3 08       		.byte	8
 257 00e4 96       		.byte	-106
 258 00e5 60       		.byte	96
 259 00e6 97       		.byte	-105
 260 00e7 2D       		.byte	45
 261 00e8 99       		.byte	-103
 262 00e9 A0       		.byte	-96
 263 00ea 9A       		.byte	-102
 264 00eb 10       		.byte	16
 265 00ec 9B       		.byte	-101
 266 00ed 08       		.byte	8
 267 00ee 9E       		.byte	-98
 268 00ef 49       		.byte	73
 269 00f0 9F       		.byte	-97
 270 00f1 30       		.byte	48
 271 00f2 A2       		.byte	-94
 272 00f3 20       		.byte	32
 273 00f4 A3       		.byte	-93
 274 00f5 40       		.byte	64
 275 00f6 A4       		.byte	-92
 276 00f7 A0       		.byte	-96
 277 00f8 A5       		.byte	-91
 278 00f9 10       		.byte	16
 279 00fa A6       		.byte	-90
 280 00fb 41       		.byte	65
 281 00fc A7       		.byte	-89
 282 00fd 04       		.byte	4
 283 00fe A8       		.byte	-88
 284 00ff 20       		.byte	32
 285 0100 A9       		.byte	-87
ARM GAS  C:\Users\JASON\AppData\Local\Temp\cc831OkX.s 			page 6


 286 0101 01       		.byte	1
 287 0102 AA       		.byte	-86
 288 0103 10       		.byte	16
 289 0104 B1       		.byte	-79
 290 0105 40       		.byte	64
 291 0106 B3       		.byte	-77
 292 0107 04       		.byte	4
 293 0108 C0       		.byte	-64
 294 0109 F7       		.byte	-9
 295 010a C2       		.byte	-62
 296 010b F8       		.byte	-8
 297 010c C4       		.byte	-60
 298 010d D1       		.byte	-47
 299 010e CA       		.byte	-54
 300 010f D0       		.byte	-48
 301 0110 CC       		.byte	-52
 302 0111 E0       		.byte	-32
 303 0112 CE       		.byte	-50
 304 0113 F0       		.byte	-16
 305 0114 D0       		.byte	-48
 306 0115 50       		.byte	80
 307 0116 D2       		.byte	-46
 308 0117 30       		.byte	48
 309 0118 D8       		.byte	-40
 310 0119 04       		.byte	4
 311 011a E4       		.byte	-28
 312 011b 04       		.byte	4
 313 011c 04       		.byte	4
 314 011d 62       		.byte	98
 315 011e 05       		.byte	5
 316 011f 33       		.byte	51
 317 0120 06       		.byte	6
 318 0121 14       		.byte	20
 319 0122 07       		.byte	7
 320 0123 C4       		.byte	-60
 321 0124 08       		.byte	8
 322 0125 02       		.byte	2
 323 0126 09       		.byte	9
 324 0127 20       		.byte	32
 325 0128 0A       		.byte	10
 326 0129 0D       		.byte	13
 327 012a 0B       		.byte	11
 328 012b D0       		.byte	-48
 329 012c 0C       		.byte	12
 330 012d 42       		.byte	66
 331 012e 0E       		.byte	14
 332 012f 08       		.byte	8
 333 0130 10       		.byte	16
 334 0131 0D       		.byte	13
 335 0132 12       		.byte	18
 336 0133 80       		.byte	-128
 337 0134 14       		.byte	20
 338 0135 8D       		.byte	-115
 339 0136 15       		.byte	21
 340 0137 0E       		.byte	14
 341 0138 18       		.byte	24
 342 0139 11       		.byte	17
ARM GAS  C:\Users\JASON\AppData\Local\Temp\cc831OkX.s 			page 7


 343 013a 19       		.byte	25
 344 013b 55       		.byte	85
 345 013c 1A       		.byte	26
 346 013d 22       		.byte	34
 347 013e 1B       		.byte	27
 348 013f AA       		.byte	-86
 349 0140 1C       		.byte	28
 350 0141 8D       		.byte	-115
 351 0142 20       		.byte	32
 352 0143 8D       		.byte	-115
 353 0144 24       		.byte	36
 354 0145 40       		.byte	64
 355 0146 28       		.byte	40
 356 0147 8D       		.byte	-115
 357 0148 2D       		.byte	45
 358 0149 94       		.byte	-108
 359 014a 2E       		.byte	46
 360 014b 80       		.byte	-128
 361 014c 2F       		.byte	47
 362 014d 69       		.byte	105
 363 014e 32       		.byte	50
 364 014f 0F       		.byte	15
 365 0150 33       		.byte	51
 366 0151 0F       		.byte	15
 367 0152 34       		.byte	52
 368 0153 80       		.byte	-128
 369 0154 35       		.byte	53
 370 0155 F0       		.byte	-16
 371 0156 36       		.byte	54
 372 0157 70       		.byte	112
 373 0158 38       		.byte	56
 374 0159 02       		.byte	2
 375 015a 39       		.byte	57
 376 015b 08       		.byte	8
 377 015c 3A       		.byte	58
 378 015d 88       		.byte	-120
 379 015e 3B       		.byte	59
 380 015f 20       		.byte	32
 381 0160 3E       		.byte	62
 382 0161 11       		.byte	17
 383 0162 54       		.byte	84
 384 0163 40       		.byte	64
 385 0164 58       		.byte	88
 386 0165 04       		.byte	4
 387 0166 59       		.byte	89
 388 0167 04       		.byte	4
 389 0168 5B       		.byte	91
 390 0169 04       		.byte	4
 391 016a 5F       		.byte	95
 392 016b 01       		.byte	1
 393 016c 82       		.byte	-126
 394 016d 20       		.byte	32
 395 016e 85       		.byte	-123
 396 016f 03       		.byte	3
 397 0170 87       		.byte	-121
 398 0171 04       		.byte	4
 399 0172 88       		.byte	-120
ARM GAS  C:\Users\JASON\AppData\Local\Temp\cc831OkX.s 			page 8


 400 0173 0C       		.byte	12
 401 0174 8A       		.byte	-118
 402 0175 71       		.byte	113
 403 0176 8C       		.byte	-116
 404 0177 09       		.byte	9
 405 0178 8D       		.byte	-115
 406 0179 80       		.byte	-128
 407 017a 8E       		.byte	-114
 408 017b D0       		.byte	-48
 409 017c 8F       		.byte	-113
 410 017d 15       		.byte	21
 411 017e 93       		.byte	-109
 412 017f 08       		.byte	8
 413 0180 95       		.byte	-107
 414 0181 73       		.byte	115
 415 0182 97       		.byte	-105
 416 0183 0C       		.byte	12
 417 0184 98       		.byte	-104
 418 0185 10       		.byte	16
 419 0186 99       		.byte	-103
 420 0187 73       		.byte	115
 421 0188 9A       		.byte	-102
 422 0189 40       		.byte	64
 423 018a 9B       		.byte	-101
 424 018b 04       		.byte	4
 425 018c 9E       		.byte	-98
 426 018d 03       		.byte	3
 427 018e A0       		.byte	-96
 428 018f 14       		.byte	20
 429 0190 A4       		.byte	-92
 430 0191 DC       		.byte	-36
 431 0192 A5       		.byte	-91
 432 0193 2A       		.byte	42
 433 0194 A6       		.byte	-90
 434 0195 22       		.byte	34
 435 0196 A7       		.byte	-89
 436 0197 44       		.byte	68
 437 0198 A8       		.byte	-88
 438 0199 10       		.byte	16
 439 019a AA       		.byte	-86
 440 019b AC       		.byte	-84
 441 019c B1       		.byte	-79
 442 019d C0       		.byte	-64
 443 019e B2       		.byte	-78
 444 019f E0       		.byte	-32
 445 01a0 B5       		.byte	-75
 446 01a1 0F       		.byte	15
 447 01a2 B6       		.byte	-74
 448 01a3 1F       		.byte	31
 449 01a4 B7       		.byte	-73
 450 01a5 30       		.byte	48
 451 01a6 B9       		.byte	-71
 452 01a7 82       		.byte	-126
 453 01a8 BA       		.byte	-70
 454 01a9 08       		.byte	8
 455 01aa BB       		.byte	-69
 456 01ab 20       		.byte	32
ARM GAS  C:\Users\JASON\AppData\Local\Temp\cc831OkX.s 			page 9


 457 01ac BF       		.byte	-65
 458 01ad 40       		.byte	64
 459 01ae C0       		.byte	-64
 460 01af 04       		.byte	4
 461 01b0 C6       		.byte	-58
 462 01b1 40       		.byte	64
 463 01b2 C9       		.byte	-55
 464 01b3 FF       		.byte	-1
 465 01b4 CA       		.byte	-54
 466 01b5 07       		.byte	7
 467 01b6 CB       		.byte	-53
 468 01b7 FF       		.byte	-1
 469 01b8 CC       		.byte	-52
 470 01b9 40       		.byte	64
 471 01ba CD       		.byte	-51
 472 01bb 20       		.byte	32
 473 01bc CE       		.byte	-50
 474 01bd F0       		.byte	-16
 475 01be CF       		.byte	-49
 476 01bf 05       		.byte	5
 477 01c0 D0       		.byte	-48
 478 01c1 08       		.byte	8
 479 01c2 D4       		.byte	-44
 480 01c3 09       		.byte	9
 481 01c4 D8       		.byte	-40
 482 01c5 04       		.byte	4
 483 01c6 D9       		.byte	-39
 484 01c7 04       		.byte	4
 485 01c8 DA       		.byte	-38
 486 01c9 04       		.byte	4
 487 01ca DB       		.byte	-37
 488 01cb 04       		.byte	4
 489 01cc DC       		.byte	-36
 490 01cd 11       		.byte	17
 491 01ce DD       		.byte	-35
 492 01cf 01       		.byte	1
 493 01d0 DF       		.byte	-33
 494 01d1 01       		.byte	1
 495 01d2 E0       		.byte	-32
 496 01d3 40       		.byte	64
 497 01d4 E1       		.byte	-31
 498 01d5 A8       		.byte	-88
 499 01d6 E2       		.byte	-30
 500 01d7 40       		.byte	64
 501 01d8 E3       		.byte	-29
 502 01d9 20       		.byte	32
 503 01da 01       		.byte	1
 504 01db 80       		.byte	-128
 505 01dc 03       		.byte	3
 506 01dd 18       		.byte	24
 507 01de 04       		.byte	4
 508 01df 80       		.byte	-128
 509 01e0 05       		.byte	5
 510 01e1 20       		.byte	32
 511 01e2 06       		.byte	6
 512 01e3 80       		.byte	-128
 513 01e4 09       		.byte	9
ARM GAS  C:\Users\JASON\AppData\Local\Temp\cc831OkX.s 			page 10


 514 01e5 10       		.byte	16
 515 01e6 0A       		.byte	10
 516 01e7 60       		.byte	96
 517 01e8 0B       		.byte	11
 518 01e9 01       		.byte	1
 519 01ea 0D       		.byte	13
 520 01eb 20       		.byte	32
 521 01ec 0E       		.byte	14
 522 01ed 01       		.byte	1
 523 01ee 10       		.byte	16
 524 01ef A0       		.byte	-96
 525 01f0 12       		.byte	18
 526 01f1 01       		.byte	1
 527 01f2 13       		.byte	19
 528 01f3 20       		.byte	32
 529 01f4 14       		.byte	20
 530 01f5 08       		.byte	8
 531 01f6 15       		.byte	21
 532 01f7 04       		.byte	4
 533 01f8 16       		.byte	22
 534 01f9 40       		.byte	64
 535 01fa 19       		.byte	25
 536 01fb 81       		.byte	-127
 537 01fc 1B       		.byte	27
 538 01fd 18       		.byte	24
 539 01fe 1E       		.byte	30
 540 01ff 21       		.byte	33
 541 0200 21       		.byte	33
 542 0201 18       		.byte	24
 543 0202 22       		.byte	34
 544 0203 20       		.byte	32
 545 0204 24       		.byte	36
 546 0205 80       		.byte	-128
 547 0206 26       		.byte	38
 548 0207 02       		.byte	2
 549 0208 27       		.byte	39
 550 0209 0A       		.byte	10
 551 020a 29       		.byte	41
 552 020b 80       		.byte	-128
 553 020c 2D       		.byte	45
 554 020d 04       		.byte	4
 555 020e 2F       		.byte	47
 556 020f 10       		.byte	16
 557 0210 31       		.byte	49
 558 0211 08       		.byte	8
 559 0212 33       		.byte	51
 560 0213 10       		.byte	16
 561 0214 34       		.byte	52
 562 0215 08       		.byte	8
 563 0216 35       		.byte	53
 564 0217 20       		.byte	32
 565 0218 36       		.byte	54
 566 0219 12       		.byte	18
 567 021a 37       		.byte	55
 568 021b 08       		.byte	8
 569 021c 38       		.byte	56
 570 021d 08       		.byte	8
ARM GAS  C:\Users\JASON\AppData\Local\Temp\cc831OkX.s 			page 11


 571 021e 39       		.byte	57
 572 021f 20       		.byte	32
 573 0220 3E       		.byte	62
 574 0221 08       		.byte	8
 575 0222 3F       		.byte	63
 576 0223 80       		.byte	-128
 577 0224 44       		.byte	68
 578 0225 02       		.byte	2
 579 0226 46       		.byte	70
 580 0227 01       		.byte	1
 581 0228 47       		.byte	71
 582 0229 02       		.byte	2
 583 022a 55       		.byte	85
 584 022b 20       		.byte	32
 585 022c 56       		.byte	86
 586 022d 90       		.byte	-112
 587 022e 57       		.byte	87
 588 022f 40       		.byte	64
 589 0230 5E       		.byte	94
 590 0231 92       		.byte	-110
 591 0232 5F       		.byte	95
 592 0233 04       		.byte	4
 593 0234 60       		.byte	96
 594 0235 02       		.byte	2
 595 0236 63       		.byte	99
 596 0237 28       		.byte	40
 597 0238 65       		.byte	101
 598 0239 40       		.byte	64
 599 023a C0       		.byte	-64
 600 023b D7       		.byte	-41
 601 023c C2       		.byte	-62
 602 023d CF       		.byte	-49
 603 023e C4       		.byte	-60
 604 023f 7F       		.byte	127
 605 0240 CA       		.byte	-54
 606 0241 48       		.byte	72
 607 0242 CC       		.byte	-52
 608 0243 E6       		.byte	-26
 609 0244 CE       		.byte	-50
 610 0245 56       		.byte	86
 611 0246 D0       		.byte	-48
 612 0247 80       		.byte	-128
 613 0248 D6       		.byte	-42
 614 0249 F0       		.byte	-16
 615 024a D8       		.byte	-40
 616 024b 1E       		.byte	30
 617 024c E2       		.byte	-30
 618 024d 08       		.byte	8
 619 024e E6       		.byte	-26
 620 024f 01       		.byte	1
 621 0250 06       		.byte	6
 622 0251 08       		.byte	8
 623 0252 08       		.byte	8
 624 0253 11       		.byte	17
 625 0254 09       		.byte	9
 626 0255 02       		.byte	2
 627 0256 0A       		.byte	10
ARM GAS  C:\Users\JASON\AppData\Local\Temp\cc831OkX.s 			page 12


 628 0257 0E       		.byte	14
 629 0258 0E       		.byte	14
 630 0259 0C       		.byte	12
 631 025a 12       		.byte	18
 632 025b 13       		.byte	19
 633 025c 18       		.byte	24
 634 025d 0C       		.byte	12
 635 025e 1A       		.byte	26
 636 025f 13       		.byte	19
 637 0260 1B       		.byte	27
 638 0261 03       		.byte	3
 639 0262 1F       		.byte	31
 640 0263 01       		.byte	1
 641 0264 24       		.byte	36
 642 0265 11       		.byte	17
 643 0266 26       		.byte	38
 644 0267 06       		.byte	6
 645 0268 2A       		.byte	42
 646 0269 10       		.byte	16
 647 026a 2F       		.byte	47
 648 026b 03       		.byte	3
 649 026c 30       		.byte	48
 650 026d 10       		.byte	16
 651 026e 31       		.byte	49
 652 026f 03       		.byte	3
 653 0270 34       		.byte	52
 654 0271 0F       		.byte	15
 655 0272 3A       		.byte	58
 656 0273 20       		.byte	32
 657 0274 3E       		.byte	62
 658 0275 01       		.byte	1
 659 0276 40       		.byte	64
 660 0277 35       		.byte	53
 661 0278 41       		.byte	65
 662 0279 06       		.byte	6
 663 027a 46       		.byte	70
 664 027b 0B       		.byte	11
 665 027c 47       		.byte	71
 666 027d EC       		.byte	-20
 667 027e 48       		.byte	72
 668 027f 34       		.byte	52
 669 0280 49       		.byte	73
 670 0281 FF       		.byte	-1
 671 0282 4A       		.byte	74
 672 0283 FF       		.byte	-1
 673 0284 4B       		.byte	75
 674 0285 FF       		.byte	-1
 675 0286 4E       		.byte	78
 676 0287 F0       		.byte	-16
 677 0288 4F       		.byte	79
 678 0289 44       		.byte	68
 679 028a 50       		.byte	80
 680 028b 0C       		.byte	12
 681 028c 54       		.byte	84
 682 028d 01       		.byte	1
 683 028e 56       		.byte	86
 684 028f 04       		.byte	4
ARM GAS  C:\Users\JASON\AppData\Local\Temp\cc831OkX.s 			page 13


 685 0290 58       		.byte	88
 686 0291 04       		.byte	4
 687 0292 59       		.byte	89
 688 0293 04       		.byte	4
 689 0294 5A       		.byte	90
 690 0295 04       		.byte	4
 691 0296 5B       		.byte	91
 692 0297 04       		.byte	4
 693 0298 5C       		.byte	92
 694 0299 01       		.byte	1
 695 029a 5D       		.byte	93
 696 029b 11       		.byte	17
 697 029c 5F       		.byte	95
 698 029d 01       		.byte	1
 699 029e 66       		.byte	102
 700 029f C0       		.byte	-64
 701 02a0 6A       		.byte	106
 702 02a1 40       		.byte	64
 703 02a2 6B       		.byte	107
 704 02a3 02       		.byte	2
 705 02a4 84       		.byte	-124
 706 02a5 04       		.byte	4
 707 02a6 8A       		.byte	-118
 708 02a7 02       		.byte	2
 709 02a8 8D       		.byte	-115
 710 02a9 04       		.byte	4
 711 02aa 8E       		.byte	-114
 712 02ab 08       		.byte	8
 713 02ac 8F       		.byte	-113
 714 02ad 02       		.byte	2
 715 02ae 91       		.byte	-111
 716 02af 02       		.byte	2
 717 02b0 92       		.byte	-110
 718 02b1 01       		.byte	1
 719 02b2 93       		.byte	-109
 720 02b3 05       		.byte	5
 721 02b4 94       		.byte	-108
 722 02b5 01       		.byte	1
 723 02b6 95       		.byte	-107
 724 02b7 06       		.byte	6
 725 02b8 98       		.byte	-104
 726 02b9 04       		.byte	4
 727 02ba 9E       		.byte	-98
 728 02bb 08       		.byte	8
 729 02bc A2       		.byte	-94
 730 02bd 02       		.byte	2
 731 02be A5       		.byte	-91
 732 02bf 06       		.byte	6
 733 02c0 A6       		.byte	-90
 734 02c1 01       		.byte	1
 735 02c2 A8       		.byte	-88
 736 02c3 01       		.byte	1
 737 02c4 AC       		.byte	-84
 738 02c5 04       		.byte	4
 739 02c6 B0       		.byte	-80
 740 02c7 04       		.byte	4
 741 02c8 B1       		.byte	-79
ARM GAS  C:\Users\JASON\AppData\Local\Temp\cc831OkX.s 			page 14


 742 02c9 06       		.byte	6
 743 02ca B2       		.byte	-78
 744 02cb 01       		.byte	1
 745 02cc B3       		.byte	-77
 746 02cd 01       		.byte	1
 747 02ce B4       		.byte	-76
 748 02cf 02       		.byte	2
 749 02d0 B6       		.byte	-74
 750 02d1 08       		.byte	8
 751 02d2 B8       		.byte	-72
 752 02d3 08       		.byte	8
 753 02d4 BE       		.byte	-66
 754 02d5 50       		.byte	80
 755 02d6 D4       		.byte	-44
 756 02d7 18       		.byte	24
 757 02d8 D6       		.byte	-42
 758 02d9 04       		.byte	4
 759 02da D8       		.byte	-40
 760 02db 04       		.byte	4
 761 02dc D9       		.byte	-39
 762 02dd 04       		.byte	4
 763 02de DB       		.byte	-37
 764 02df 04       		.byte	4
 765 02e0 DC       		.byte	-36
 766 02e1 11       		.byte	17
 767 02e2 DD       		.byte	-35
 768 02e3 10       		.byte	16
 769 02e4 DF       		.byte	-33
 770 02e5 01       		.byte	1
 771 02e6 00       		.byte	0
 772 02e7 08       		.byte	8
 773 02e8 01       		.byte	1
 774 02e9 08       		.byte	8
 775 02ea 02       		.byte	2
 776 02eb 01       		.byte	1
 777 02ec 03       		.byte	3
 778 02ed 08       		.byte	8
 779 02ee 04       		.byte	4
 780 02ef 80       		.byte	-128
 781 02f0 05       		.byte	5
 782 02f1 20       		.byte	32
 783 02f2 06       		.byte	6
 784 02f3 10       		.byte	16
 785 02f4 08       		.byte	8
 786 02f5 0A       		.byte	10
 787 02f6 09       		.byte	9
 788 02f7 80       		.byte	-128
 789 02f8 0A       		.byte	10
 790 02f9 08       		.byte	8
 791 02fa 0D       		.byte	13
 792 02fb 20       		.byte	32
 793 02fc 0F       		.byte	15
 794 02fd 80       		.byte	-128
 795 02fe 11       		.byte	17
 796 02ff 40       		.byte	64
 797 0300 12       		.byte	18
 798 0301 88       		.byte	-120
ARM GAS  C:\Users\JASON\AppData\Local\Temp\cc831OkX.s 			page 15


 799 0302 13       		.byte	19
 800 0303 04       		.byte	4
 801 0304 16       		.byte	22
 802 0305 04       		.byte	4
 803 0306 17       		.byte	23
 804 0307 28       		.byte	40
 805 0308 19       		.byte	25
 806 0309 50       		.byte	80
 807 030a 1B       		.byte	27
 808 030b 0A       		.byte	10
 809 030c 1D       		.byte	29
 810 030d 20       		.byte	32
 811 030e 1E       		.byte	30
 812 030f 40       		.byte	64
 813 0310 1F       		.byte	31
 814 0311 10       		.byte	16
 815 0312 20       		.byte	32
 816 0313 40       		.byte	64
 817 0314 21       		.byte	33
 818 0315 04       		.byte	4
 819 0316 27       		.byte	39
 820 0317 40       		.byte	64
 821 0318 29       		.byte	41
 822 0319 08       		.byte	8
 823 031a 2D       		.byte	45
 824 031b 80       		.byte	-128
 825 031c 30       		.byte	48
 826 031d 02       		.byte	2
 827 031e 32       		.byte	50
 828 031f 04       		.byte	4
 829 0320 37       		.byte	55
 830 0321 50       		.byte	80
 831 0322 38       		.byte	56
 832 0323 40       		.byte	64
 833 0324 39       		.byte	57
 834 0325 01       		.byte	1
 835 0326 3A       		.byte	58
 836 0327 02       		.byte	2
 837 0328 3D       		.byte	61
 838 0329 20       		.byte	32
 839 032a 47       		.byte	71
 840 032b 08       		.byte	8
 841 032c 4D       		.byte	77
 842 032d 20       		.byte	32
 843 032e 4F       		.byte	79
 844 032f 80       		.byte	-128
 845 0330 56       		.byte	86
 846 0331 4E       		.byte	78
 847 0332 5A       		.byte	90
 848 0333 02       		.byte	2
 849 0334 5D       		.byte	93
 850 0335 01       		.byte	1
 851 0336 5E       		.byte	94
 852 0337 48       		.byte	72
 853 0338 5F       		.byte	95
 854 0339 20       		.byte	32
 855 033a 60       		.byte	96
ARM GAS  C:\Users\JASON\AppData\Local\Temp\cc831OkX.s 			page 16


 856 033b 80       		.byte	-128
 857 033c 61       		.byte	97
 858 033d 50       		.byte	80
 859 033e 67       		.byte	103
 860 033f 80       		.byte	-128
 861 0340 80       		.byte	-128
 862 0341 80       		.byte	-128
 863 0342 87       		.byte	-121
 864 0343 40       		.byte	64
 865 0344 90       		.byte	-112
 866 0345 80       		.byte	-128
 867 0346 92       		.byte	-110
 868 0347 81       		.byte	-127
 869 0348 94       		.byte	-108
 870 0349 40       		.byte	64
 871 034a 97       		.byte	-105
 872 034b 20       		.byte	32
 873 034c 99       		.byte	-103
 874 034d A0       		.byte	-96
 875 034e 9A       		.byte	-102
 876 034f 10       		.byte	16
 877 0350 9B       		.byte	-101
 878 0351 18       		.byte	24
 879 0352 9E       		.byte	-98
 880 0353 48       		.byte	72
 881 0354 A1       		.byte	-95
 882 0355 10       		.byte	16
 883 0356 A3       		.byte	-93
 884 0357 40       		.byte	64
 885 0358 A4       		.byte	-92
 886 0359 16       		.byte	22
 887 035a C0       		.byte	-64
 888 035b E7       		.byte	-25
 889 035c C2       		.byte	-62
 890 035d 5F       		.byte	95
 891 035e C4       		.byte	-60
 892 035f 6F       		.byte	111
 893 0360 CA       		.byte	-54
 894 0361 12       		.byte	18
 895 0362 CC       		.byte	-52
 896 0363 33       		.byte	51
 897 0364 CE       		.byte	-50
 898 0365 28       		.byte	40
 899 0366 D0       		.byte	-48
 900 0367 40       		.byte	64
 901 0368 D2       		.byte	-46
 902 0369 30       		.byte	48
 903 036a D6       		.byte	-42
 904 036b F1       		.byte	-15
 905 036c D8       		.byte	-40
 906 036d 8D       		.byte	-115
 907 036e 9C       		.byte	-100
 908 036f 02       		.byte	2
 909 0370 AC       		.byte	-84
 910 0371 01       		.byte	1
 911 0372 B0       		.byte	-80
 912 0373 02       		.byte	2
ARM GAS  C:\Users\JASON\AppData\Local\Temp\cc831OkX.s 			page 17


 913 0374 B4       		.byte	-76
 914 0375 01       		.byte	1
 915 0376 BE       		.byte	-66
 916 0377 11       		.byte	17
 917 0378 D8       		.byte	-40
 918 0379 04       		.byte	4
 919 037a DF       		.byte	-33
 920 037b 01       		.byte	1
 921 037c 00       		.byte	0
 922 037d 44       		.byte	68
 923 037e 01       		.byte	1
 924 037f 80       		.byte	-128
 925 0380 03       		.byte	3
 926 0381 08       		.byte	8
 927 0382 08       		.byte	8
 928 0383 81       		.byte	-127
 929 0384 09       		.byte	9
 930 0385 08       		.byte	8
 931 0386 0A       		.byte	10
 932 0387 84       		.byte	-124
 933 0388 0E       		.byte	14
 934 0389 01       		.byte	1
 935 038a 10       		.byte	16
 936 038b 92       		.byte	-110
 937 038c 12       		.byte	18
 938 038d 08       		.byte	8
 939 038e 13       		.byte	19
 940 038f 04       		.byte	4
 941 0390 16       		.byte	22
 942 0391 02       		.byte	2
 943 0392 18       		.byte	24
 944 0393 05       		.byte	5
 945 0394 19       		.byte	25
 946 0395 01       		.byte	1
 947 0396 1B       		.byte	27
 948 0397 08       		.byte	8
 949 0398 1E       		.byte	30
 950 0399 88       		.byte	-120
 951 039a 21       		.byte	33
 952 039b 80       		.byte	-128
 953 039c 22       		.byte	34
 954 039d 09       		.byte	9
 955 039e 23       		.byte	35
 956 039f 04       		.byte	4
 957 03a0 28       		.byte	40
 958 03a1 98       		.byte	-104
 959 03a2 29       		.byte	41
 960 03a3 80       		.byte	-128
 961 03a4 30       		.byte	48
 962 03a5 81       		.byte	-127
 963 03a6 31       		.byte	49
 964 03a7 18       		.byte	24
 965 03a8 38       		.byte	56
 966 03a9 20       		.byte	32
 967 03aa 39       		.byte	57
 968 03ab 09       		.byte	9
 969 03ac 3B       		.byte	59
ARM GAS  C:\Users\JASON\AppData\Local\Temp\cc831OkX.s 			page 18


 970 03ad 80       		.byte	-128
 971 03ae 40       		.byte	64
 972 03af 8D       		.byte	-115
 973 03b0 43       		.byte	67
 974 03b1 02       		.byte	2
 975 03b2 49       		.byte	73
 976 03b3 50       		.byte	80
 977 03b4 4A       		.byte	74
 978 03b5 08       		.byte	8
 979 03b6 52       		.byte	82
 980 03b7 81       		.byte	-127
 981 03b8 59       		.byte	89
 982 03b9 01       		.byte	1
 983 03ba 5C       		.byte	92
 984 03bb 02       		.byte	2
 985 03bc 5D       		.byte	93
 986 03bd 01       		.byte	1
 987 03be 61       		.byte	97
 988 03bf C0       		.byte	-64
 989 03c0 68       		.byte	104
 990 03c1 14       		.byte	20
 991 03c2 69       		.byte	105
 992 03c3 40       		.byte	64
 993 03c4 6A       		.byte	106
 994 03c5 08       		.byte	8
 995 03c6 70       		.byte	112
 996 03c7 90       		.byte	-112
 997 03c8 71       		.byte	113
 998 03c9 08       		.byte	8
 999 03ca 72       		.byte	114
 1000 03cb 04       		.byte	4
 1001 03cc 80       		.byte	-128
 1002 03cd 02       		.byte	2
 1003 03ce 83       		.byte	-125
 1004 03cf 08       		.byte	8
 1005 03d0 88       		.byte	-120
 1006 03d1 02       		.byte	2
 1007 03d2 8A       		.byte	-118
 1008 03d3 40       		.byte	64
 1009 03d4 8B       		.byte	-117
 1010 03d5 40       		.byte	64
 1011 03d6 90       		.byte	-112
 1012 03d7 40       		.byte	64
 1013 03d8 91       		.byte	-111
 1014 03d9 08       		.byte	8
 1015 03da 92       		.byte	-110
 1016 03db 81       		.byte	-127
 1017 03dc 95       		.byte	-107
 1018 03dd 40       		.byte	64
 1019 03de 96       		.byte	-106
 1020 03df 0A       		.byte	10
 1021 03e0 97       		.byte	-105
 1022 03e1 04       		.byte	4
 1023 03e2 9A       		.byte	-102
 1024 03e3 02       		.byte	2
 1025 03e4 9C       		.byte	-100
 1026 03e5 0A       		.byte	10
ARM GAS  C:\Users\JASON\AppData\Local\Temp\cc831OkX.s 			page 19


 1027 03e6 9E       		.byte	-98
 1028 03e7 01       		.byte	1
 1029 03e8 A3       		.byte	-93
 1030 03e9 02       		.byte	2
 1031 03ea A4       		.byte	-92
 1032 03eb 16       		.byte	22
 1033 03ec A5       		.byte	-91
 1034 03ed 80       		.byte	-128
 1035 03ee A6       		.byte	-90
 1036 03ef 8C       		.byte	-116
 1037 03f0 AB       		.byte	-85
 1038 03f1 40       		.byte	64
 1039 03f2 C0       		.byte	-64
 1040 03f3 07       		.byte	7
 1041 03f4 C2       		.byte	-62
 1042 03f5 8F       		.byte	-113
 1043 03f6 C4       		.byte	-60
 1044 03f7 8F       		.byte	-113
 1045 03f8 CA       		.byte	-54
 1046 03f9 0F       		.byte	15
 1047 03fa CC       		.byte	-52
 1048 03fb 0F       		.byte	15
 1049 03fc CE       		.byte	-50
 1050 03fd 0F       		.byte	15
 1051 03fe D0       		.byte	-48
 1052 03ff 0D       		.byte	13
 1053 0400 D2       		.byte	-46
 1054 0401 0C       		.byte	12
 1055 0402 D6       		.byte	-42
 1056 0403 01       		.byte	1
 1057 0404 EC       		.byte	-20
 1058 0405 01       		.byte	1
 1059 0406 32       		.byte	50
 1060 0407 40       		.byte	64
 1061 0408 33       		.byte	51
 1062 0409 04       		.byte	4
 1063 040a 34       		.byte	52
 1064 040b 08       		.byte	8
 1065 040c 35       		.byte	53
 1066 040d 80       		.byte	-128
 1067 040e CC       		.byte	-52
 1068 040f F0       		.byte	-16
 1069 0410 07       		.byte	7
 1070 0411 04       		.byte	4
 1071 0412 08       		.byte	8
 1072 0413 08       		.byte	8
 1073 0414 96       		.byte	-106
 1074 0415 80       		.byte	-128
 1075 0416 9C       		.byte	-100
 1076 0417 08       		.byte	8
 1077 0418 9D       		.byte	-99
 1078 0419 80       		.byte	-128
 1079 041a 9F       		.byte	-97
 1080 041b 04       		.byte	4
 1081 041c C0       		.byte	-64
 1082 041d 80       		.byte	-128
 1083 041e C2       		.byte	-62
ARM GAS  C:\Users\JASON\AppData\Local\Temp\cc831OkX.s 			page 20


 1084 041f 10       		.byte	16
 1085 0420 53       		.byte	83
 1086 0421 08       		.byte	8
 1087 0422 59       		.byte	89
 1088 0423 01       		.byte	1
 1089 0424 96       		.byte	-106
 1090 0425 80       		.byte	-128
 1091 0426 9D       		.byte	-99
 1092 0427 80       		.byte	-128
 1093 0428 D4       		.byte	-44
 1094 0429 20       		.byte	32
 1095 042a D6       		.byte	-42
 1096 042b 40       		.byte	64
 1097 042c 1B       		.byte	27
 1098 042d 08       		.byte	8
 1099 042e 96       		.byte	-106
 1100 042f 80       		.byte	-128
 1101 0430 9D       		.byte	-99
 1102 0431 80       		.byte	-128
 1103 0432 A7       		.byte	-89
 1104 0433 08       		.byte	8
 1105 0434 A9       		.byte	-87
 1106 0435 01       		.byte	1
 1107 0436 C6       		.byte	-58
 1108 0437 10       		.byte	16
 1109 0438 EA       		.byte	-22
 1110 0439 20       		.byte	32
 1111 043a 70       		.byte	112
 1112 043b 01       		.byte	1
 1113 043c DC       		.byte	-36
 1114 043d 01       		.byte	1
 1115 043e 94       		.byte	-108
 1116 043f 02       		.byte	2
 1117 0440 94       		.byte	-108
 1118 0441 02       		.byte	2
 1119 0442 80       		.byte	-128
 1120 0443 01       		.byte	1
 1121 0444 94       		.byte	-108
 1122 0445 02       		.byte	2
 1123 0446 82       		.byte	-126
 1124 0447 40       		.byte	64
 1125 0448 85       		.byte	-123
 1126 0449 80       		.byte	-128
 1127 044a 96       		.byte	-106
 1128 044b 80       		.byte	-128
 1129 044c 9D       		.byte	-99
 1130 044d 80       		.byte	-128
 1131 044e E2       		.byte	-30
 1132 044f 10       		.byte	16
 1133 0450 E6       		.byte	-26
 1134 0451 80       		.byte	-128
 1135 0452 10       		.byte	16
 1136 0453 80       		.byte	-128
 1137 0454 70       		.byte	112
 1138 0455 04       		.byte	4
 1139 0456 7E       		.byte	126
 1140 0457 01       		.byte	1
ARM GAS  C:\Users\JASON\AppData\Local\Temp\cc831OkX.s 			page 21


 1141 0458 88       		.byte	-120
 1142 0459 80       		.byte	-128
 1143 045a 8A       		.byte	-118
 1144 045b 01       		.byte	1
 1145 045c 90       		.byte	-112
 1146 045d 08       		.byte	8
 1147 045e A8       		.byte	-88
 1148 045f 04       		.byte	4
 1149 0460 C4       		.byte	-60
 1150 0461 08       		.byte	8
 1151 0462 DC       		.byte	-36
 1152 0463 01       		.byte	1
 1153 0464 DE       		.byte	-34
 1154 0465 04       		.byte	4
 1155 0466 E0       		.byte	-32
 1156 0467 04       		.byte	4
 1157 0468 E6       		.byte	-26
 1158 0469 01       		.byte	1
 1159 046a 00       		.byte	0
 1160 046b 03       		.byte	3
 1161 046c 0C       		.byte	12
 1162 046d 03       		.byte	3
 1163 046e 10       		.byte	16
 1164 046f 03       		.byte	3
 1165 0470 1C       		.byte	28
 1166 0471 03       		.byte	3
 1167 0472 00       		.byte	0
 1168 0473 FF       		.byte	-1
 1169 0474 80       		.byte	-128
 1170 0475 94       		.byte	-108
 1171 0476 00       		.byte	0
 1172 0477 00       		.byte	0
 1173 0478 40       		.byte	64
 1174 0479 00       		.byte	0
 1175 047a 00       		.byte	0
 1176 047b 00       		.byte	0
 1177 047c 60       		.byte	96
 1178 047d 9A       		.byte	-102
 1179 047e 00       		.byte	0
 1180 047f 00       		.byte	0
 1181 0480 0A       		.byte	10
 1182 0481 13       		.byte	19
 1183 0482 10       		.byte	16
 1184 0483 64       		.byte	100
 1185 0484 80       		.byte	-128
 1186 0485 02       		.byte	2
 1187 0486 04       		.byte	4
 1188 0487 98       		.byte	-104
 1189 0488 56       		.byte	86
 1190 0489 98       		.byte	-104
 1191 048a 09       		.byte	9
 1192 048b 02       		.byte	2
 1193 048c 04       		.byte	4
 1194 048d 38       		.byte	56
 1195 048e 00       		.byte	0
 1196 048f C0       		.byte	-64
 1197 0490 07       		.byte	7
ARM GAS  C:\Users\JASON\AppData\Local\Temp\cc831OkX.s 			page 22


 1198 0491 21       		.byte	33
 1199 0492 38       		.byte	56
 1200 0493 D8       		.byte	-40
 1201 0494 01       		.byte	1
 1202 0495 98       		.byte	-104
 1203 0496 00       		.byte	0
 1204 0497 02       		.byte	2
 1205 0498 84       		.byte	-124
 1206 0499 00       		.byte	0
 1207 049a 00       		.byte	0
 1208 049b 00       		.byte	0
 1209 049c 84       		.byte	-124
 1210 049d 9A       		.byte	-102
 1211 049e 00       		.byte	0
 1212 049f 00       		.byte	0
 1213 04a0 00       		.byte	0
 1214 04a1 02       		.byte	2
 1215 04a2 00       		.byte	0
 1216 04a3 00       		.byte	0
 1217 04a4 84       		.byte	-124
 1218 04a5 00       		.byte	0
 1219 04a6 00       		.byte	0
 1220 04a7 00       		.byte	0
 1221 04a8 04       		.byte	4
 1222 04a9 FC       		.byte	-4
 1223 04aa 80       		.byte	-128
 1224 04ab 03       		.byte	3
 1225 04ac 08       		.byte	8
 1226 04ad E0       		.byte	-32
 1227 04ae 02       		.byte	2
 1228 04af 0F       		.byte	15
 1229 04b0 7F       		.byte	127
 1230 04b1 13       		.byte	19
 1231 04b2 80       		.byte	-128
 1232 04b3 00       		.byte	0
 1233 04b4 20       		.byte	32
 1234 04b5 00       		.byte	0
 1235 04b6 00       		.byte	0
 1236 04b7 0A       		.byte	10
 1237 04b8 00       		.byte	0
 1238 04b9 00       		.byte	0
 1239 04ba 45       		.byte	69
 1240 04bb 00       		.byte	0
 1241 04bc 35       		.byte	53
 1242 04bd 06       		.byte	6
 1243 04be 10       		.byte	16
 1244 04bf 00       		.byte	0
 1245 04c0 00       		.byte	0
 1246 04c1 BE       		.byte	-66
 1247 04c2 C0       		.byte	-64
 1248 04c3 DF       		.byte	-33
 1249 04c4 3B       		.byte	59
 1250 04c5 FF       		.byte	-1
 1251 04c6 FF       		.byte	-1
 1252 04c7 FF       		.byte	-1
 1253 04c8 22       		.byte	34
 1254 04c9 00       		.byte	0
ARM GAS  C:\Users\JASON\AppData\Local\Temp\cc831OkX.s 			page 23


 1255 04ca F0       		.byte	-16
 1256 04cb 08       		.byte	8
 1257 04cc 04       		.byte	4
 1258 04cd 00       		.byte	0
 1259 04ce 00       		.byte	0
 1260 04cf 00       		.byte	0
 1261 04d0 00       		.byte	0
 1262 04d1 00       		.byte	0
 1263 04d2 00       		.byte	0
 1264 04d3 00       		.byte	0
 1265 04d4 04       		.byte	4
 1266 04d5 04       		.byte	4
 1267 04d6 04       		.byte	4
 1268 04d7 00       		.byte	0
 1269 04d8 00       		.byte	0
 1270 04d9 00       		.byte	0
 1271 04da 00       		.byte	0
 1272 04db 01       		.byte	1
 1273 04dc 00       		.byte	0
 1274 04dd 00       		.byte	0
 1275 04de C0       		.byte	-64
 1276 04df 00       		.byte	0
 1277 04e0 40       		.byte	64
 1278 04e1 01       		.byte	1
 1279 04e2 10       		.byte	16
 1280 04e3 11       		.byte	17
 1281 04e4 C0       		.byte	-64
 1282 04e5 01       		.byte	1
 1283 04e6 00       		.byte	0
 1284 04e7 11       		.byte	17
 1285 04e8 40       		.byte	64
 1286 04e9 01       		.byte	1
 1287 04ea 40       		.byte	64
 1288 04eb 01       		.byte	1
 1289 04ec 00       		.byte	0
 1290 04ed 00       		.byte	0
 1291 04ee 00       		.byte	0
 1292 04ef 00       		.byte	0
 1293 04f0 00       		.byte	0
 1294 04f1 00       		.byte	0
 1295 04f2 00       		.byte	0
 1296 04f3 00       		.byte	0
 1297 04f4 00       		.byte	0
 1298 04f5 00       		.byte	0
 1299 04f6 00       		.byte	0
 1300 04f7 00       		.byte	0
 1301 04f8 00       		.byte	0
 1302 04f9 00       		.byte	0
 1303 04fa 00       		.byte	0
 1304 04fb 00       		.byte	0
 1305 04fc 00       		.byte	0
 1306 04fd 1C       		.byte	28
 1307 04fe 00       		.byte	0
 1308 04ff E1       		.byte	-31
 1309 0500 33       		.byte	51
 1310 0501 00       		.byte	0
 1311 0502 0C       		.byte	12
ARM GAS  C:\Users\JASON\AppData\Local\Temp\cc831OkX.s 			page 24


 1312 0503 04       		.byte	4
 1313 0504 1F       		.byte	31
 1314 0505 08       		.byte	8
 1315 0506 20       		.byte	32
 1316 0507 00       		.byte	0
 1317 0508 02       		.byte	2
 1318 0509 44       		.byte	68
 1319 050a 80       		.byte	-128
 1320 050b 00       		.byte	0
 1321 050c 03       		.byte	3
 1322 050d C0       		.byte	-64
 1323 050e 40       		.byte	64
 1324 050f 00       		.byte	0
 1325 0510 0C       		.byte	12
 1326 0511 18       		.byte	24
 1327 0512 00       		.byte	0
 1328 0513 00       		.byte	0
 1329 0514 04       		.byte	4
 1330 0515 FF       		.byte	-1
 1331 0516 00       		.byte	0
 1332 0517 00       		.byte	0
 1333 0518 00       		.byte	0
 1334 0519 10       		.byte	16
 1335 051a 23       		.byte	35
 1336 051b 00       		.byte	0
 1337 051c 08       		.byte	8
 1338 051d 00       		.byte	0
 1339 051e 00       		.byte	0
 1340 051f E3       		.byte	-29
 1341 0520 1C       		.byte	28
 1342 0521 3C       		.byte	60
 1343 0522 23       		.byte	35
 1344 0523 C2       		.byte	-62
 1345 0524 3F       		.byte	63
 1346 0525 E7       		.byte	-25
 1347 0526 00       		.byte	0
 1348 0527 18       		.byte	24
 1349 0528 01       		.byte	1
 1350 0529 80       		.byte	-128
 1351 052a 80       		.byte	-128
 1352 052b 00       		.byte	0
 1353 052c 10       		.byte	16
 1354 052d C0       		.byte	-64
 1355 052e 2C       		.byte	44
 1356 052f 00       		.byte	0
 1357 0530 0F       		.byte	15
 1358 0531 1F       		.byte	31
 1359 0532 C0       		.byte	-64
 1360 0533 38       		.byte	56
 1361 0534 00       		.byte	0
 1362 0535 00       		.byte	0
 1363 0536 28       		.byte	40
 1364 0537 28       		.byte	40
 1365 0538 00       		.byte	0
 1366 0539 00       		.byte	0
 1367 053a 41       		.byte	65
 1368 053b 00       		.byte	0
ARM GAS  C:\Users\JASON\AppData\Local\Temp\cc831OkX.s 			page 25


 1369 053c 24       		.byte	36
 1370 053d 06       		.byte	6
 1371 053e 05       		.byte	5
 1372 053f 00       		.byte	0
 1373 0540 01       		.byte	1
 1374 0541 00       		.byte	0
 1375 0542 0E       		.byte	14
 1376 0543 C0       		.byte	-64
 1377 0544 24       		.byte	36
 1378 0545 FF       		.byte	-1
 1379 0546 FF       		.byte	-1
 1380 0547 FF       		.byte	-1
 1381 0548 62       		.byte	98
 1382 0549 A0       		.byte	-96
 1383 054a F0       		.byte	-16
 1384 054b 41       		.byte	65
 1385 054c 0C       		.byte	12
 1386 054d 00       		.byte	0
 1387 054e 00       		.byte	0
 1388 054f 00       		.byte	0
 1389 0550 00       		.byte	0
 1390 0551 00       		.byte	0
 1391 0552 02       		.byte	2
 1392 0553 13       		.byte	19
 1393 0554 04       		.byte	4
 1394 0555 04       		.byte	4
 1395 0556 04       		.byte	4
 1396 0557 04       		.byte	4
 1397 0558 11       		.byte	17
 1398 0559 11       		.byte	17
 1399 055a 00       		.byte	0
 1400 055b 01       		.byte	1
 1401 055c 00       		.byte	0
 1402 055d 00       		.byte	0
 1403 055e 00       		.byte	0
 1404 055f 00       		.byte	0
 1405 0560 00       		.byte	0
 1406 0561 00       		.byte	0
 1407 0562 40       		.byte	64
 1408 0563 02       		.byte	2
 1409 0564 00       		.byte	0
 1410 0565 10       		.byte	16
 1411 0566 30       		.byte	48
 1412 0567 10       		.byte	16
 1413 0568 00       		.byte	0
 1414 0569 10       		.byte	16
 1415 056a 10       		.byte	16
 1416 056b 12       		.byte	18
 1417 056c 00       		.byte	0
 1418 056d 00       		.byte	0
 1419 056e 00       		.byte	0
 1420 056f 00       		.byte	0
 1421 0570 00       		.byte	0
 1422 0571 00       		.byte	0
 1423 0572 00       		.byte	0
 1424 0573 00       		.byte	0
 1425 0574 00       		.byte	0
ARM GAS  C:\Users\JASON\AppData\Local\Temp\cc831OkX.s 			page 26


 1426 0575 00       		.byte	0
 1427 0576 00       		.byte	0
 1428 0577 00       		.byte	0
 1429 0578 00       		.byte	0
 1430 0579 00       		.byte	0
 1431 057a 00       		.byte	0
 1432 057b 00       		.byte	0
 1433 057c 38       		.byte	56
 1434 057d 00       		.byte	0
 1435 057e 00       		.byte	0
 1436 057f 00       		.byte	0
 1437 0580 00       		.byte	0
 1438 0581 00       		.byte	0
 1439 0582 00       		.byte	0
 1440 0583 00       		.byte	0
 1441 0584 80       		.byte	-128
 1442 0585 00       		.byte	0
 1443 0586 40       		.byte	64
 1444 0587 BC       		.byte	-68
 1445 0588 BC       		.byte	-68
 1446 0589 00       		.byte	0
 1447 058a B4       		.byte	-76
 1448 058b 00       		.byte	0
 1449 058c 00       		.byte	0
 1450 058d 00       		.byte	0
 1451 058e 00       		.byte	0
 1452 058f 00       		.byte	0
 1453 0590 04       		.byte	4
 1454 0591 18       		.byte	24
 1455 0592 18       		.byte	24
 1456 0593 00       		.byte	0
 1457 0594 08       		.byte	8
 1458 0595 00       		.byte	0
 1459 0596 00       		.byte	0
 1460 0597 00       		.byte	0
 1461              		.section	.cywolatch,"a",%progbits
 1462              		.align	2
 1463              		.type	cy_meta_wonvl, %object
 1464              		.size	cy_meta_wonvl, 4
 1465              	cy_meta_wonvl:
 1466 0000 BC       		.byte	-68
 1467 0001 90       		.byte	-112
 1468 0002 AC       		.byte	-84
 1469 0003 AF       		.byte	-81
 1470              		.section	.cycustnvl,"a",%progbits
 1471              		.align	2
 1472              		.type	cy_meta_custnvl, %object
 1473              		.size	cy_meta_custnvl, 4
 1474              	cy_meta_custnvl:
 1475 0000 00       		.byte	0
 1476 0001 00       		.byte	0
 1477 0002 40       		.byte	64
 1478 0003 07       		.byte	7
 1479              		.section	.cymeta,"a",%progbits
 1480              		.align	2
 1481              		.type	cy_metadata, %object
 1482              		.size	cy_metadata, 12
ARM GAS  C:\Users\JASON\AppData\Local\Temp\cc831OkX.s 			page 27


 1483              	cy_metadata:
 1484 0000 00       		.byte	0
 1485 0001 01       		.byte	1
 1486 0002 2E       		.byte	46
 1487 0003 16       		.byte	22
 1488 0004 10       		.byte	16
 1489 0005 69       		.byte	105
 1490 0006 00       		.byte	0
 1491 0007 01       		.byte	1
 1492 0008 00       		.byte	0
 1493 0009 00       		.byte	0
 1494 000a 00       		.byte	0
 1495 000b 00       		.byte	0
 1496              		.section	.cyflashprotect,"a",%progbits
 1497              		.align	2
 1498              		.type	cy_meta_flashprotect, %object
 1499              		.size	cy_meta_flashprotect, 256
 1500              	cy_meta_flashprotect:
 1501 0000 00000000 		.space	256
 1501      00000000 
 1501      00000000 
 1501      00000000 
 1501      00000000 
 1502              		.text
 1503              	.Letext0:
 1504              		.file 1 "c:\\program files (x86)\\cypress\\psoc creator\\4.4\\psoc creator\\import\\gnu\\arm\\5.4.
 1505              		.file 2 "c:\\program files (x86)\\cypress\\psoc creator\\4.4\\psoc creator\\import\\gnu\\arm\\5.4.
 1506              		.file 3 "Generated_Source\\PSoC5\\cymetadata.c"
 1507              		.section	.debug_info,"",%progbits
 1508              	.Ldebug_info0:
 1509 0000 32010000 		.4byte	0x132
 1510 0004 0400     		.2byte	0x4
 1511 0006 00000000 		.4byte	.Ldebug_abbrev0
 1512 000a 04       		.byte	0x4
 1513 000b 01       		.uleb128 0x1
 1514 000c 24000000 		.4byte	.LASF17
 1515 0010 0C       		.byte	0xc
 1516 0011 D5010000 		.4byte	.LASF18
 1517 0015 7E010000 		.4byte	.LASF19
 1518 0019 00000000 		.4byte	.Ldebug_line0
 1519 001d 02       		.uleb128 0x2
 1520 001e 01       		.byte	0x1
 1521 001f 06       		.byte	0x6
 1522 0020 72010000 		.4byte	.LASF0
 1523 0024 03       		.uleb128 0x3
 1524 0025 00000000 		.4byte	.LASF9
 1525 0029 01       		.byte	0x1
 1526 002a 1D       		.byte	0x1d
 1527 002b 2F000000 		.4byte	0x2f
 1528 002f 02       		.uleb128 0x2
 1529 0030 01       		.byte	0x1
 1530 0031 08       		.byte	0x8
 1531 0032 16000000 		.4byte	.LASF1
 1532 0036 02       		.uleb128 0x2
 1533 0037 02       		.byte	0x2
 1534 0038 05       		.byte	0x5
 1535 0039 5F010000 		.4byte	.LASF2
ARM GAS  C:\Users\JASON\AppData\Local\Temp\cc831OkX.s 			page 28


 1536 003d 02       		.uleb128 0x2
 1537 003e 02       		.byte	0x2
 1538 003f 07       		.byte	0x7
 1539 0040 C4000000 		.4byte	.LASF3
 1540 0044 02       		.uleb128 0x2
 1541 0045 04       		.byte	0x4
 1542 0046 05       		.byte	0x5
 1543 0047 69010000 		.4byte	.LASF4
 1544 004b 02       		.uleb128 0x2
 1545 004c 04       		.byte	0x4
 1546 004d 07       		.byte	0x7
 1547 004e B2000000 		.4byte	.LASF5
 1548 0052 02       		.uleb128 0x2
 1549 0053 08       		.byte	0x8
 1550 0054 05       		.byte	0x5
 1551 0055 51010000 		.4byte	.LASF6
 1552 0059 02       		.uleb128 0x2
 1553 005a 08       		.byte	0x8
 1554 005b 07       		.byte	0x7
 1555 005c 06010000 		.4byte	.LASF7
 1556 0060 04       		.uleb128 0x4
 1557 0061 04       		.byte	0x4
 1558 0062 05       		.byte	0x5
 1559 0063 696E7400 		.ascii	"int\000"
 1560 0067 02       		.uleb128 0x2
 1561 0068 04       		.byte	0x4
 1562 0069 07       		.byte	0x7
 1563 006a F9000000 		.4byte	.LASF8
 1564 006e 03       		.uleb128 0x3
 1565 006f 1D010000 		.4byte	.LASF10
 1566 0073 02       		.byte	0x2
 1567 0074 18       		.byte	0x18
 1568 0075 24000000 		.4byte	0x24
 1569 0079 05       		.uleb128 0x5
 1570 007a 91000000 		.4byte	0x91
 1571 007e 8A000000 		.4byte	0x8a
 1572 0082 06       		.uleb128 0x6
 1573 0083 8A000000 		.4byte	0x8a
 1574 0087 9705     		.2byte	0x597
 1575 0089 00       		.byte	0
 1576 008a 02       		.uleb128 0x2
 1577 008b 04       		.byte	0x4
 1578 008c 07       		.byte	0x7
 1579 008d 48010000 		.4byte	.LASF11
 1580 0091 07       		.uleb128 0x7
 1581 0092 6E000000 		.4byte	0x6e
 1582 0096 08       		.uleb128 0x8
 1583 0097 E7000000 		.4byte	.LASF12
 1584 009b 03       		.byte	0x3
 1585 009c 1F       		.byte	0x1f
 1586 009d A7000000 		.4byte	0xa7
 1587 00a1 05       		.uleb128 0x5
 1588 00a2 03       		.byte	0x3
 1589 00a3 00000000 		.4byte	cy_meta_configecc
 1590 00a7 07       		.uleb128 0x7
 1591 00a8 79000000 		.4byte	0x79
 1592 00ac 05       		.uleb128 0x5
ARM GAS  C:\Users\JASON\AppData\Local\Temp\cc831OkX.s 			page 29


 1593 00ad 91000000 		.4byte	0x91
 1594 00b1 BC000000 		.4byte	0xbc
 1595 00b5 09       		.uleb128 0x9
 1596 00b6 8A000000 		.4byte	0x8a
 1597 00ba 03       		.byte	0x3
 1598 00bb 00       		.byte	0
 1599 00bc 08       		.uleb128 0x8
 1600 00bd D7000000 		.4byte	.LASF13
 1601 00c1 03       		.byte	0x3
 1602 00c2 DF       		.byte	0xdf
 1603 00c3 CD000000 		.4byte	0xcd
 1604 00c7 05       		.uleb128 0x5
 1605 00c8 03       		.byte	0x3
 1606 00c9 00000000 		.4byte	cy_meta_custnvl
 1607 00cd 07       		.uleb128 0x7
 1608 00ce AC000000 		.4byte	0xac
 1609 00d2 08       		.uleb128 0x8
 1610 00d3 3A010000 		.4byte	.LASF14
 1611 00d7 03       		.byte	0x3
 1612 00d8 ED       		.byte	0xed
 1613 00d9 E3000000 		.4byte	0xe3
 1614 00dd 05       		.uleb128 0x5
 1615 00de 03       		.byte	0x3
 1616 00df 00000000 		.4byte	cy_meta_wonvl
 1617 00e3 07       		.uleb128 0x7
 1618 00e4 AC000000 		.4byte	0xac
 1619 00e8 05       		.uleb128 0x5
 1620 00e9 91000000 		.4byte	0x91
 1621 00ed F8000000 		.4byte	0xf8
 1622 00f1 09       		.uleb128 0x9
 1623 00f2 8A000000 		.4byte	0x8a
 1624 00f6 FF       		.byte	0xff
 1625 00f7 00       		.byte	0
 1626 00f8 08       		.uleb128 0x8
 1627 00f9 25010000 		.4byte	.LASF15
 1628 00fd 03       		.byte	0x3
 1629 00fe FB       		.byte	0xfb
 1630 00ff 09010000 		.4byte	0x109
 1631 0103 05       		.uleb128 0x5
 1632 0104 03       		.byte	0x3
 1633 0105 00000000 		.4byte	cy_meta_flashprotect
 1634 0109 07       		.uleb128 0x7
 1635 010a E8000000 		.4byte	0xe8
 1636 010e 05       		.uleb128 0x5
 1637 010f 91000000 		.4byte	0x91
 1638 0113 1E010000 		.4byte	0x11e
 1639 0117 09       		.uleb128 0x9
 1640 0118 8A000000 		.4byte	0x8a
 1641 011c 0B       		.byte	0xb
 1642 011d 00       		.byte	0
 1643 011e 0A       		.uleb128 0xa
 1644 011f 0A000000 		.4byte	.LASF16
 1645 0123 03       		.byte	0x3
 1646 0124 2801     		.2byte	0x128
 1647 0126 30010000 		.4byte	0x130
 1648 012a 05       		.uleb128 0x5
 1649 012b 03       		.byte	0x3
ARM GAS  C:\Users\JASON\AppData\Local\Temp\cc831OkX.s 			page 30


 1650 012c 00000000 		.4byte	cy_metadata
 1651 0130 07       		.uleb128 0x7
 1652 0131 0E010000 		.4byte	0x10e
 1653 0135 00       		.byte	0
 1654              		.section	.debug_abbrev,"",%progbits
 1655              	.Ldebug_abbrev0:
 1656 0000 01       		.uleb128 0x1
 1657 0001 11       		.uleb128 0x11
 1658 0002 01       		.byte	0x1
 1659 0003 25       		.uleb128 0x25
 1660 0004 0E       		.uleb128 0xe
 1661 0005 13       		.uleb128 0x13
 1662 0006 0B       		.uleb128 0xb
 1663 0007 03       		.uleb128 0x3
 1664 0008 0E       		.uleb128 0xe
 1665 0009 1B       		.uleb128 0x1b
 1666 000a 0E       		.uleb128 0xe
 1667 000b 10       		.uleb128 0x10
 1668 000c 17       		.uleb128 0x17
 1669 000d 00       		.byte	0
 1670 000e 00       		.byte	0
 1671 000f 02       		.uleb128 0x2
 1672 0010 24       		.uleb128 0x24
 1673 0011 00       		.byte	0
 1674 0012 0B       		.uleb128 0xb
 1675 0013 0B       		.uleb128 0xb
 1676 0014 3E       		.uleb128 0x3e
 1677 0015 0B       		.uleb128 0xb
 1678 0016 03       		.uleb128 0x3
 1679 0017 0E       		.uleb128 0xe
 1680 0018 00       		.byte	0
 1681 0019 00       		.byte	0
 1682 001a 03       		.uleb128 0x3
 1683 001b 16       		.uleb128 0x16
 1684 001c 00       		.byte	0
 1685 001d 03       		.uleb128 0x3
 1686 001e 0E       		.uleb128 0xe
 1687 001f 3A       		.uleb128 0x3a
 1688 0020 0B       		.uleb128 0xb
 1689 0021 3B       		.uleb128 0x3b
 1690 0022 0B       		.uleb128 0xb
 1691 0023 49       		.uleb128 0x49
 1692 0024 13       		.uleb128 0x13
 1693 0025 00       		.byte	0
 1694 0026 00       		.byte	0
 1695 0027 04       		.uleb128 0x4
 1696 0028 24       		.uleb128 0x24
 1697 0029 00       		.byte	0
 1698 002a 0B       		.uleb128 0xb
 1699 002b 0B       		.uleb128 0xb
 1700 002c 3E       		.uleb128 0x3e
 1701 002d 0B       		.uleb128 0xb
 1702 002e 03       		.uleb128 0x3
 1703 002f 08       		.uleb128 0x8
 1704 0030 00       		.byte	0
 1705 0031 00       		.byte	0
 1706 0032 05       		.uleb128 0x5
ARM GAS  C:\Users\JASON\AppData\Local\Temp\cc831OkX.s 			page 31


 1707 0033 01       		.uleb128 0x1
 1708 0034 01       		.byte	0x1
 1709 0035 49       		.uleb128 0x49
 1710 0036 13       		.uleb128 0x13
 1711 0037 01       		.uleb128 0x1
 1712 0038 13       		.uleb128 0x13
 1713 0039 00       		.byte	0
 1714 003a 00       		.byte	0
 1715 003b 06       		.uleb128 0x6
 1716 003c 21       		.uleb128 0x21
 1717 003d 00       		.byte	0
 1718 003e 49       		.uleb128 0x49
 1719 003f 13       		.uleb128 0x13
 1720 0040 2F       		.uleb128 0x2f
 1721 0041 05       		.uleb128 0x5
 1722 0042 00       		.byte	0
 1723 0043 00       		.byte	0
 1724 0044 07       		.uleb128 0x7
 1725 0045 26       		.uleb128 0x26
 1726 0046 00       		.byte	0
 1727 0047 49       		.uleb128 0x49
 1728 0048 13       		.uleb128 0x13
 1729 0049 00       		.byte	0
 1730 004a 00       		.byte	0
 1731 004b 08       		.uleb128 0x8
 1732 004c 34       		.uleb128 0x34
 1733 004d 00       		.byte	0
 1734 004e 03       		.uleb128 0x3
 1735 004f 0E       		.uleb128 0xe
 1736 0050 3A       		.uleb128 0x3a
 1737 0051 0B       		.uleb128 0xb
 1738 0052 3B       		.uleb128 0x3b
 1739 0053 0B       		.uleb128 0xb
 1740 0054 49       		.uleb128 0x49
 1741 0055 13       		.uleb128 0x13
 1742 0056 3F       		.uleb128 0x3f
 1743 0057 19       		.uleb128 0x19
 1744 0058 02       		.uleb128 0x2
 1745 0059 18       		.uleb128 0x18
 1746 005a 00       		.byte	0
 1747 005b 00       		.byte	0
 1748 005c 09       		.uleb128 0x9
 1749 005d 21       		.uleb128 0x21
 1750 005e 00       		.byte	0
 1751 005f 49       		.uleb128 0x49
 1752 0060 13       		.uleb128 0x13
 1753 0061 2F       		.uleb128 0x2f
 1754 0062 0B       		.uleb128 0xb
 1755 0063 00       		.byte	0
 1756 0064 00       		.byte	0
 1757 0065 0A       		.uleb128 0xa
 1758 0066 34       		.uleb128 0x34
 1759 0067 00       		.byte	0
 1760 0068 03       		.uleb128 0x3
 1761 0069 0E       		.uleb128 0xe
 1762 006a 3A       		.uleb128 0x3a
 1763 006b 0B       		.uleb128 0xb
ARM GAS  C:\Users\JASON\AppData\Local\Temp\cc831OkX.s 			page 32


 1764 006c 3B       		.uleb128 0x3b
 1765 006d 05       		.uleb128 0x5
 1766 006e 49       		.uleb128 0x49
 1767 006f 13       		.uleb128 0x13
 1768 0070 3F       		.uleb128 0x3f
 1769 0071 19       		.uleb128 0x19
 1770 0072 02       		.uleb128 0x2
 1771 0073 18       		.uleb128 0x18
 1772 0074 00       		.byte	0
 1773 0075 00       		.byte	0
 1774 0076 00       		.byte	0
 1775              		.section	.debug_aranges,"",%progbits
 1776 0000 14000000 		.4byte	0x14
 1777 0004 0200     		.2byte	0x2
 1778 0006 00000000 		.4byte	.Ldebug_info0
 1779 000a 04       		.byte	0x4
 1780 000b 00       		.byte	0
 1781 000c 0000     		.2byte	0
 1782 000e 0000     		.2byte	0
 1783 0010 00000000 		.4byte	0
 1784 0014 00000000 		.4byte	0
 1785              		.section	.debug_line,"",%progbits
 1786              	.Ldebug_line0:
 1787 0000 3D010000 		.section	.debug_str,"MS",%progbits,1
 1787      02003701 
 1787      00000201 
 1787      FB0E0D00 
 1787      01010101 
 1788              	.LASF9:
 1789 0000 5F5F7569 		.ascii	"__uint8_t\000"
 1789      6E74385F 
 1789      7400
 1790              	.LASF16:
 1791 000a 63795F6D 		.ascii	"cy_metadata\000"
 1791      65746164 
 1791      61746100 
 1792              	.LASF1:
 1793 0016 756E7369 		.ascii	"unsigned char\000"
 1793      676E6564 
 1793      20636861 
 1793      7200
 1794              	.LASF17:
 1795 0024 474E5520 		.ascii	"GNU C11 5.4.1 20160609 (release) [ARM/embedded-5-br"
 1795      43313120 
 1795      352E342E 
 1795      31203230 
 1795      31363036 
 1796 0057 616E6368 		.ascii	"anch revision 237715] -mcpu=cortex-m3 -mthumb -g -O"
 1796      20726576 
 1796      6973696F 
 1796      6E203233 
 1796      37373135 
 1797 008a 67202D66 		.ascii	"g -ffunction-sections -ffat-lto-objects\000"
 1797      66756E63 
 1797      74696F6E 
 1797      2D736563 
 1797      74696F6E 
ARM GAS  C:\Users\JASON\AppData\Local\Temp\cc831OkX.s 			page 33


 1798              	.LASF5:
 1799 00b2 6C6F6E67 		.ascii	"long unsigned int\000"
 1799      20756E73 
 1799      69676E65 
 1799      6420696E 
 1799      7400
 1800              	.LASF3:
 1801 00c4 73686F72 		.ascii	"short unsigned int\000"
 1801      7420756E 
 1801      7369676E 
 1801      65642069 
 1801      6E7400
 1802              	.LASF13:
 1803 00d7 63795F6D 		.ascii	"cy_meta_custnvl\000"
 1803      6574615F 
 1803      63757374 
 1803      6E766C00 
 1804              	.LASF12:
 1805 00e7 63795F6D 		.ascii	"cy_meta_configecc\000"
 1805      6574615F 
 1805      636F6E66 
 1805      69676563 
 1805      6300
 1806              	.LASF8:
 1807 00f9 756E7369 		.ascii	"unsigned int\000"
 1807      676E6564 
 1807      20696E74 
 1807      00
 1808              	.LASF7:
 1809 0106 6C6F6E67 		.ascii	"long long unsigned int\000"
 1809      206C6F6E 
 1809      6720756E 
 1809      7369676E 
 1809      65642069 
 1810              	.LASF10:
 1811 011d 75696E74 		.ascii	"uint8_t\000"
 1811      385F7400 
 1812              	.LASF15:
 1813 0125 63795F6D 		.ascii	"cy_meta_flashprotect\000"
 1813      6574615F 
 1813      666C6173 
 1813      6870726F 
 1813      74656374 
 1814              	.LASF14:
 1815 013a 63795F6D 		.ascii	"cy_meta_wonvl\000"
 1815      6574615F 
 1815      776F6E76 
 1815      6C00
 1816              	.LASF11:
 1817 0148 73697A65 		.ascii	"sizetype\000"
 1817      74797065 
 1817      00
 1818              	.LASF6:
 1819 0151 6C6F6E67 		.ascii	"long long int\000"
 1819      206C6F6E 
 1819      6720696E 
 1819      7400
ARM GAS  C:\Users\JASON\AppData\Local\Temp\cc831OkX.s 			page 34


 1820              	.LASF2:
 1821 015f 73686F72 		.ascii	"short int\000"
 1821      7420696E 
 1821      7400
 1822              	.LASF4:
 1823 0169 6C6F6E67 		.ascii	"long int\000"
 1823      20696E74 
 1823      00
 1824              	.LASF0:
 1825 0172 7369676E 		.ascii	"signed char\000"
 1825      65642063 
 1825      68617200 
 1826              	.LASF19:
 1827 017e 433A5C4A 		.ascii	"C:\\Jason\\EIT\\Semester_02\\01_EAA\\Lab\\Assignmen"
 1827      61736F6E 
 1827      5C454954 
 1827      5C53656D 
 1827      65737465 
 1828 01ab 745F325C 		.ascii	"t_2\\ElectronicClock\\ElectronicClock.cydsn\000"
 1828      456C6563 
 1828      74726F6E 
 1828      6963436C 
 1828      6F636B5C 
 1829              	.LASF18:
 1830 01d5 47656E65 		.ascii	"Generated_Source\\PSoC5\\cymetadata.c\000"
 1830      72617465 
 1830      645F536F 
 1830      75726365 
 1830      5C50536F 
 1831              		.ident	"GCC: (GNU Tools for ARM Embedded Processors) 5.4.1 20160609 (release) [ARM/embedded-5-bran
