ARM GAS  C:\Users\JASON\AppData\Local\Temp\ccL9fRGs.s 			page 1


   1              		.syntax unified
   2              		.cpu cortex-m3
   3              		.fpu softvfp
   4              		.eabi_attribute 20, 1
   5              		.eabi_attribute 21, 1
   6              		.eabi_attribute 23, 3
   7              		.eabi_attribute 24, 1
   8              		.eabi_attribute 25, 1
   9              		.eabi_attribute 26, 1
  10              		.eabi_attribute 30, 1
  11              		.eabi_attribute 34, 1
  12              		.eabi_attribute 18, 4
  13              		.thumb
  14              		.syntax unified
  15              		.file	"ErikaOS_eecfg.c"
  16              		.text
  17              	.Ltext0:
  18              		.cfi_sections	.debug_frame
  19              		.global	EE_oo_autostart_task_data
  20              		.comm	EE_ApplicationMode,4,4
  21              		.global	EE_oo_action_ROM
  22              		.comm	EE_oo_counter_object_RAM,16,4
  23              		.global	EE_oo_counter_object_ROM
  24              		.global	EE_ALARM_ID
  25              		.global	EE_ALARM_NAME
  26              		.global	EE_alarm_ROM
  27              		.global	EE_counter_RAM
  28              		.global	EE_counter_ROM
  29              		.comm	EE_resource_oldceiling,8,4
  30              		.global	EE_resource_ceiling
  31              		.global	EE_resource_locked
  32              		.global	EE_resource_stack
  33              		.global	EE_th_resource_last
  34              		.global	EE_th_is_extended
  35              		.global	EE_th_waswaiting
  36              		.global	EE_th_event_waitmask
  37              		.global	EE_th_event_active
  38              		.global	EE_th_terminate_nextask
  39              		.global	EE_rq_free
  40              		.comm	EE_rq_pairs_tid,24,4
  41              		.global	EE_rq_pairs_next
  42              		.global	EE_rq_link
  43              		.global	EE_th_rnact_max
  44              		.global	EE_th_rnact
  45              		.global	EE_rq_bitmask
  46              		.global	EE_rq_queues_tail
  47              		.global	EE_rq_queues_head
  48              		.global	EE_sys_ceiling
  49              		.global	EE_stkfirst
  50              		.global	EE_th_next
  51              		.global	EE_th_status
  52              		.global	EE_th_dispatch_prio
  53              		.global	EE_EVENT_ID
  54              		.global	EE_EVENT_NAME
  55              		.global	EE_RESOURCE_ID
  56              		.global	EE_RESOURCE_NAME
  57              		.global	EE_TASK_NAME
ARM GAS  C:\Users\JASON\AppData\Local\Temp\ccL9fRGs.s 			page 2


  58              		.global	EE_th_ready_prio
  59              		.global	EE_terminate_real_th_body
  60              		.comm	EE_terminate_data,24,4
  61              		.global	EE_hal_thread_body
  62              		.global	EE_cortex_mx_IRQ_tos
  63              		.global	EE_cortex_mx_active_tos
  64              		.global	EE_cortex_mx_system_tos
  65              		.global	EE_std_thread_tos
  66              		.comm	EE_cortex_mx_stack_9,512,4
  67              		.comm	EE_cortex_mx_stack_6,4000,4
  68              		.comm	EE_cortex_mx_stack_4,4000,4
  69              		.comm	EE_cortex_mx_stack_3,4000,4
  70              		.comm	EE_cortex_mx_stack_2,1000,4
  71              		.section	.rodata
  72              		.align	2
  73              		.type	EE_oo_autostart_task_data, %object
  74              		.size	EE_oo_autostart_task_data, 8
  75              	EE_oo_autostart_task_data:
  76 0000 01000000 		.word	1
  77 0004 08000000 		.word	EE_oo_autostart_task_mode_OSDEFAULTAPPMODE
  78              		.type	EE_oo_autostart_task_mode_OSDEFAULTAPPMODE, %object
  79              		.size	EE_oo_autostart_task_mode_OSDEFAULTAPPMODE, 4
  80              	EE_oo_autostart_task_mode_OSDEFAULTAPPMODE:
  81 0008 00000000 		.space	4
  82              		.type	EE_oo_action_ROM, %object
  83              		.size	EE_oo_action_ROM, 20
  84              	EE_oo_action_ROM:
  85 000c 03       		.byte	3
  86 000d 000000   		.space	3
  87 0010 00000000 		.word	0
  88 0014 00000000 		.word	0
  89 0018 00000000 		.word	alrm_callback
  90 001c FFFFFFFF 		.word	-1
  91              		.type	EE_oo_counter_object_ROM, %object
  92              		.size	EE_oo_counter_object_ROM, 12
  93              	EE_oo_counter_object_ROM:
  94 0020 00000000 		.space	12
  94      00000000 
  94      00000000 
  95              		.type	EE_ALARM_ID, %object
  96              		.size	EE_ALARM_ID, 4
  97              	EE_ALARM_ID:
  98 002c 00000000 		.space	4
  99              		.type	EE_alarm_ROM, %object
 100              		.size	EE_alarm_ROM, 4
 101              	EE_alarm_ROM:
 102 0030 00000000 		.space	4
 103              		.type	EE_counter_ROM, %object
 104              		.size	EE_counter_ROM, 12
 105              	EE_counter_ROM:
 106 0034 10270000 		.word	10000
 107 0038 01000000 		.word	1
 108 003c 00000000 		.word	0
 109              		.type	EE_resource_ceiling, %object
 110              		.size	EE_resource_ceiling, 8
 111              	EE_resource_ceiling:
 112 0040 00000000 		.space	8
ARM GAS  C:\Users\JASON\AppData\Local\Temp\ccL9fRGs.s 			page 3


 112      00000000 
 113              		.type	EE_th_is_extended, %object
 114              		.size	EE_th_is_extended, 24
 115              	EE_th_is_extended:
 116 0048 00000000 		.word	0
 117 004c 00000000 		.word	0
 118 0050 01000000 		.word	1
 119 0054 00000000 		.word	0
 120 0058 00000000 		.word	0
 121 005c 00000000 		.word	0
 122              		.type	EE_th_rnact_max, %object
 123              		.size	EE_th_rnact_max, 24
 124              	EE_th_rnact_max:
 125 0060 01000000 		.word	1
 126 0064 01000000 		.word	1
 127 0068 01000000 		.word	1
 128 006c 01000000 		.word	1
 129 0070 01000000 		.word	1
 130 0074 01000000 		.word	1
 131              		.type	EE_th_dispatch_prio, %object
 132              		.size	EE_th_dispatch_prio, 24
 133              	EE_th_dispatch_prio:
 134 0078 80000000 		.word	128
 135 007c 01000000 		.word	1
 136 0080 80000000 		.word	128
 137 0084 40000000 		.word	64
 138 0088 08000000 		.word	8
 139 008c 04000000 		.word	4
 140              		.type	EE_EVENT_ID, %object
 141              		.size	EE_EVENT_ID, 8
 142              	EE_EVENT_ID:
 143 0090 01000000 		.word	1
 144 0094 02000000 		.word	2
 145              		.type	EE_RESOURCE_ID, %object
 146              		.size	EE_RESOURCE_ID, 8
 147              	EE_RESOURCE_ID:
 148 0098 00000000 		.word	0
 149 009c 01000000 		.word	1
 150              		.type	EE_th_ready_prio, %object
 151              		.size	EE_th_ready_prio, 24
 152              	EE_th_ready_prio:
 153 00a0 01000000 		.word	1
 154 00a4 01000000 		.word	1
 155 00a8 80000000 		.word	128
 156 00ac 40000000 		.word	64
 157 00b0 08000000 		.word	8
 158 00b4 04000000 		.word	4
 159              		.type	EE_terminate_real_th_body, %object
 160              		.size	EE_terminate_real_th_body, 24
 161              	EE_terminate_real_th_body:
 162 00b8 00000000 		.word	Functsk_init
 163 00bc 00000000 		.word	Functsk_background
 164 00c0 00000000 		.word	Functsk_control
 165 00c4 00000000 		.word	Functsk_input
 166 00c8 00000000 		.word	Functsk_system
 167 00cc 00000000 		.word	Functsk_display
 168              		.type	EE_hal_thread_body, %object
ARM GAS  C:\Users\JASON\AppData\Local\Temp\ccL9fRGs.s 			page 4


 169              		.size	EE_hal_thread_body, 24
 170              	EE_hal_thread_body:
 171 00d0 00000000 		.word	EE_oo_thread_stub
 172 00d4 00000000 		.word	EE_oo_thread_stub
 173 00d8 00000000 		.word	EE_oo_thread_stub
 174 00dc 00000000 		.word	EE_oo_thread_stub
 175 00e0 00000000 		.word	EE_oo_thread_stub
 176 00e4 00000000 		.word	EE_oo_thread_stub
 177              		.type	EE_std_thread_tos, %object
 178              		.size	EE_std_thread_tos, 28
 179              	EE_std_thread_tos:
 180 00e8 00000000 		.word	0
 181 00ec 00000000 		.word	0
 182 00f0 01000000 		.word	1
 183 00f4 02000000 		.word	2
 184 00f8 03000000 		.word	3
 185 00fc 00000000 		.word	0
 186 0100 04000000 		.word	4
 187              		.data
 188              		.align	2
 189              		.type	EE_ALARM_NAME, %object
 190              		.size	EE_ALARM_NAME, 4
 191              	EE_ALARM_NAME:
 192 0000 00000000 		.word	.LC0
 193              		.type	EE_counter_RAM, %object
 194              		.size	EE_counter_RAM, 8
 195              	EE_counter_RAM:
 196 0004 00000000 		.word	0
 197 0008 FFFFFFFF 		.word	-1
 198              		.type	EE_resource_stack, %object
 199              		.size	EE_resource_stack, 8
 200              	EE_resource_stack:
 201 000c FFFFFFFF 		.word	-1
 202 0010 FFFFFFFF 		.word	-1
 203              		.type	EE_th_resource_last, %object
 204              		.size	EE_th_resource_last, 24
 205              	EE_th_resource_last:
 206 0014 FFFFFFFF 		.word	-1
 207 0018 FFFFFFFF 		.word	-1
 208 001c FFFFFFFF 		.word	-1
 209 0020 FFFFFFFF 		.word	-1
 210 0024 FFFFFFFF 		.word	-1
 211 0028 FFFFFFFF 		.word	-1
 212              		.type	EE_th_terminate_nextask, %object
 213              		.size	EE_th_terminate_nextask, 24
 214              	EE_th_terminate_nextask:
 215 002c FFFFFFFF 		.word	-1
 216 0030 FFFFFFFF 		.word	-1
 217 0034 FFFFFFFF 		.word	-1
 218 0038 FFFFFFFF 		.word	-1
 219 003c FFFFFFFF 		.word	-1
 220 0040 FFFFFFFF 		.word	-1
 221              		.type	EE_rq_pairs_next, %object
 222              		.size	EE_rq_pairs_next, 24
 223              	EE_rq_pairs_next:
 224 0044 01000000 		.word	1
 225 0048 02000000 		.word	2
ARM GAS  C:\Users\JASON\AppData\Local\Temp\ccL9fRGs.s 			page 5


 226 004c 03000000 		.word	3
 227 0050 04000000 		.word	4
 228 0054 05000000 		.word	5
 229 0058 FFFFFFFF 		.word	-1
 230              		.type	EE_rq_link, %object
 231              		.size	EE_rq_link, 24
 232              	EE_rq_link:
 233 005c 00000000 		.word	0
 234 0060 00000000 		.word	0
 235 0064 07000000 		.word	7
 236 0068 06000000 		.word	6
 237 006c 03000000 		.word	3
 238 0070 02000000 		.word	2
 239              		.type	EE_th_rnact, %object
 240              		.size	EE_th_rnact, 24
 241              	EE_th_rnact:
 242 0074 01000000 		.word	1
 243 0078 01000000 		.word	1
 244 007c 01000000 		.word	1
 245 0080 01000000 		.word	1
 246 0084 01000000 		.word	1
 247 0088 01000000 		.word	1
 248              		.type	EE_rq_queues_tail, %object
 249              		.size	EE_rq_queues_tail, 64
 250              	EE_rq_queues_tail:
 251 008c FFFFFFFF 		.word	-1
 252 0090 FFFFFFFF 		.word	-1
 253 0094 FFFFFFFF 		.word	-1
 254 0098 FFFFFFFF 		.word	-1
 255 009c FFFFFFFF 		.word	-1
 256 00a0 FFFFFFFF 		.word	-1
 257 00a4 FFFFFFFF 		.word	-1
 258 00a8 FFFFFFFF 		.word	-1
 259 00ac FFFFFFFF 		.word	-1
 260 00b0 FFFFFFFF 		.word	-1
 261 00b4 FFFFFFFF 		.word	-1
 262 00b8 FFFFFFFF 		.word	-1
 263 00bc FFFFFFFF 		.word	-1
 264 00c0 FFFFFFFF 		.word	-1
 265 00c4 FFFFFFFF 		.word	-1
 266 00c8 FFFFFFFF 		.word	-1
 267              		.type	EE_rq_queues_head, %object
 268              		.size	EE_rq_queues_head, 64
 269              	EE_rq_queues_head:
 270 00cc FFFFFFFF 		.word	-1
 271 00d0 FFFFFFFF 		.word	-1
 272 00d4 FFFFFFFF 		.word	-1
 273 00d8 FFFFFFFF 		.word	-1
 274 00dc FFFFFFFF 		.word	-1
 275 00e0 FFFFFFFF 		.word	-1
 276 00e4 FFFFFFFF 		.word	-1
 277 00e8 FFFFFFFF 		.word	-1
 278 00ec FFFFFFFF 		.word	-1
 279 00f0 FFFFFFFF 		.word	-1
 280 00f4 FFFFFFFF 		.word	-1
 281 00f8 FFFFFFFF 		.word	-1
 282 00fc FFFFFFFF 		.word	-1
ARM GAS  C:\Users\JASON\AppData\Local\Temp\ccL9fRGs.s 			page 6


 283 0100 FFFFFFFF 		.word	-1
 284 0104 FFFFFFFF 		.word	-1
 285 0108 FFFFFFFF 		.word	-1
 286              		.type	EE_stkfirst, %object
 287              		.size	EE_stkfirst, 4
 288              	EE_stkfirst:
 289 010c FFFFFFFF 		.word	-1
 290              		.type	EE_th_next, %object
 291              		.size	EE_th_next, 24
 292              	EE_th_next:
 293 0110 FFFFFFFF 		.word	-1
 294 0114 FFFFFFFF 		.word	-1
 295 0118 FFFFFFFF 		.word	-1
 296 011c FFFFFFFF 		.word	-1
 297 0120 FFFFFFFF 		.word	-1
 298 0124 FFFFFFFF 		.word	-1
 299              		.type	EE_th_status, %object
 300              		.size	EE_th_status, 24
 301              	EE_th_status:
 302 0128 03000000 		.word	3
 303 012c 03000000 		.word	3
 304 0130 03000000 		.word	3
 305 0134 03000000 		.word	3
 306 0138 03000000 		.word	3
 307 013c 03000000 		.word	3
 308              		.type	EE_EVENT_NAME, %object
 309              		.size	EE_EVENT_NAME, 8
 310              	EE_EVENT_NAME:
 311 0140 10000000 		.word	.LC1
 312 0144 20000000 		.word	.LC2
 313              		.type	EE_RESOURCE_NAME, %object
 314              		.size	EE_RESOURCE_NAME, 8
 315              	EE_RESOURCE_NAME:
 316 0148 30000000 		.word	.LC3
 317 014c 40000000 		.word	.LC4
 318              		.type	EE_TASK_NAME, %object
 319              		.size	EE_TASK_NAME, 24
 320              	EE_TASK_NAME:
 321 0150 50000000 		.word	.LC5
 322 0154 5C000000 		.word	.LC6
 323 0158 6C000000 		.word	.LC7
 324 015c 78000000 		.word	.LC8
 325 0160 84000000 		.word	.LC9
 326 0164 90000000 		.word	.LC10
 327              		.type	EE_cortex_mx_IRQ_tos, %object
 328              		.size	EE_cortex_mx_IRQ_tos, 4
 329              	EE_cortex_mx_IRQ_tos:
 330 0168 00020000 		.word	EE_cortex_mx_stack_9+512
 331              		.type	EE_cortex_mx_system_tos, %object
 332              		.size	EE_cortex_mx_system_tos, 20
 333              	EE_cortex_mx_system_tos:
 334 016c 00000000 		.word	0
 335 0170 C0030000 		.word	EE_cortex_mx_stack_2+960
 336 0174 780F0000 		.word	EE_cortex_mx_stack_3+3960
 337 0178 780F0000 		.word	EE_cortex_mx_stack_4+3960
 338 017c 780F0000 		.word	EE_cortex_mx_stack_6+3960
 339              		.section	.rodata.str1.4,"aMS",%progbits,1
ARM GAS  C:\Users\JASON\AppData\Local\Temp\ccL9fRGs.s 			page 7


 340              		.align	2
 341              	.LC0:
 342 0000 616C726D 		.ascii	"alrm_cyclic_1ms\000"
 342      5F637963 
 342      6C69635F 
 342      316D7300 
 343              	.LC1:
 344 0010 65765F63 		.ascii	"ev_cyclic_1ms\000"
 344      79636C69 
 344      635F316D 
 344      7300
 345 001e 0000     		.space	2
 346              	.LC2:
 347 0020 65765F65 		.ascii	"ev_event_onData\000"
 347      76656E74 
 347      5F6F6E44 
 347      61746100 
 348              	.LC3:
 349 0030 7265735F 		.ascii	"res_clock_Lock\000"
 349      636C6F63 
 349      6B5F4C6F 
 349      636B00
 350 003f 00       		.space	1
 351              	.LC4:
 352 0040 7265735F 		.ascii	"res_event_Lock\000"
 352      6576656E 
 352      745F4C6F 
 352      636B00
 353 004f 00       		.space	1
 354              	.LC5:
 355 0050 74736B5F 		.ascii	"tsk_init\000"
 355      696E6974 
 355      00
 356 0059 000000   		.space	3
 357              	.LC6:
 358 005c 74736B5F 		.ascii	"tsk_background\000"
 358      6261636B 
 358      67726F75 
 358      6E6400
 359 006b 00       		.space	1
 360              	.LC7:
 361 006c 74736B5F 		.ascii	"tsk_control\000"
 361      636F6E74 
 361      726F6C00 
 362              	.LC8:
 363 0078 74736B5F 		.ascii	"tsk_input\000"
 363      696E7075 
 363      7400
 364 0082 0000     		.space	2
 365              	.LC9:
 366 0084 74736B5F 		.ascii	"tsk_system\000"
 366      73797374 
 366      656D00
 367 008f 00       		.space	1
 368              	.LC10:
 369 0090 74736B5F 		.ascii	"tsk_display\000"
 369      64697370 
ARM GAS  C:\Users\JASON\AppData\Local\Temp\ccL9fRGs.s 			page 8


 369      6C617900 
 370              		.bss
 371              		.align	2
 372              		.type	EE_resource_locked, %object
 373              		.size	EE_resource_locked, 8
 374              	EE_resource_locked:
 375 0000 00000000 		.space	8
 375      00000000 
 376              		.type	EE_th_waswaiting, %object
 377              		.size	EE_th_waswaiting, 24
 378              	EE_th_waswaiting:
 379 0008 00000000 		.space	24
 379      00000000 
 379      00000000 
 379      00000000 
 379      00000000 
 380              		.type	EE_th_event_waitmask, %object
 381              		.size	EE_th_event_waitmask, 24
 382              	EE_th_event_waitmask:
 383 0020 00000000 		.space	24
 383      00000000 
 383      00000000 
 383      00000000 
 383      00000000 
 384              		.type	EE_th_event_active, %object
 385              		.size	EE_th_event_active, 24
 386              	EE_th_event_active:
 387 0038 00000000 		.space	24
 387      00000000 
 387      00000000 
 387      00000000 
 387      00000000 
 388              		.type	EE_rq_free, %object
 389              		.size	EE_rq_free, 4
 390              	EE_rq_free:
 391 0050 00000000 		.space	4
 392              		.type	EE_rq_bitmask, %object
 393              		.size	EE_rq_bitmask, 2
 394              	EE_rq_bitmask:
 395 0054 0000     		.space	2
 396 0056 0000     		.space	2
 397              		.type	EE_sys_ceiling, %object
 398              		.size	EE_sys_ceiling, 4
 399              	EE_sys_ceiling:
 400 0058 00000000 		.space	4
 401              		.type	EE_cortex_mx_active_tos, %object
 402              		.size	EE_cortex_mx_active_tos, 4
 403              	EE_cortex_mx_active_tos:
 404 005c 00000000 		.space	4
 405              		.text
 406              	.Letext0:
 407              		.file 1 "Generated_Source\\PSoC5\\ErikaOS_common_ee_types.inc"
 408              		.file 2 "Generated_Source\\PSoC5\\ErikaOS_cortex_mx_ee_cpu.inc"
 409              		.file 3 "Generated_Source\\PSoC5\\ErikaOS_ee_oo_common.inc"
 410              		.file 4 "Generated_Source\\PSoC5\\ErikaOS_common_ee_hal_structs.inc"
 411              		.file 5 "Generated_Source\\PSoC5\\ErikaOS_eecfg.c"
 412              		.file 6 "Generated_Source\\PSoC5\\ErikaOS_ee_oo_intfunc.inc"
ARM GAS  C:\Users\JASON\AppData\Local\Temp\ccL9fRGs.s 			page 9


 413              		.file 7 "Generated_Source\\PSoC5\\ErikaOS_cortex_mx_ee_context.inc"
 414              		.file 8 "Generated_Source\\PSoC5\\ErikaOS_common_ee_primitives.inc"
 415              		.section	.debug_info,"",%progbits
 416              	.Ldebug_info0:
 417 0000 AE090000 		.4byte	0x9ae
 418 0004 0400     		.2byte	0x4
 419 0006 00000000 		.4byte	.Ldebug_abbrev0
 420 000a 04       		.byte	0x4
 421 000b 01       		.uleb128 0x1
 422 000c F7050000 		.4byte	.LASF122
 423 0010 0C       		.byte	0xc
 424 0011 AF000000 		.4byte	.LASF123
 425 0015 59040000 		.4byte	.LASF124
 426 0019 00000000 		.4byte	.Ldebug_line0
 427 001d 02       		.uleb128 0x2
 428 001e 01       		.byte	0x1
 429 001f 06       		.byte	0x6
 430 0020 6A010000 		.4byte	.LASF0
 431 0024 02       		.uleb128 0x2
 432 0025 01       		.byte	0x1
 433 0026 08       		.byte	0x8
 434 0027 40050000 		.4byte	.LASF1
 435 002b 02       		.uleb128 0x2
 436 002c 02       		.byte	0x2
 437 002d 05       		.byte	0x5
 438 002e 85050000 		.4byte	.LASF2
 439 0032 02       		.uleb128 0x2
 440 0033 02       		.byte	0x2
 441 0034 07       		.byte	0x7
 442 0035 E5020000 		.4byte	.LASF3
 443 0039 02       		.uleb128 0x2
 444 003a 04       		.byte	0x4
 445 003b 05       		.byte	0x5
 446 003c 08020000 		.4byte	.LASF4
 447 0040 02       		.uleb128 0x2
 448 0041 04       		.byte	0x4
 449 0042 07       		.byte	0x7
 450 0043 A3020000 		.4byte	.LASF5
 451 0047 02       		.uleb128 0x2
 452 0048 08       		.byte	0x8
 453 0049 05       		.byte	0x5
 454 004a 5C010000 		.4byte	.LASF6
 455 004e 02       		.uleb128 0x2
 456 004f 08       		.byte	0x8
 457 0050 07       		.byte	0x7
 458 0051 92000000 		.4byte	.LASF7
 459 0055 03       		.uleb128 0x3
 460 0056 04       		.byte	0x4
 461 0057 05       		.byte	0x5
 462 0058 696E7400 		.ascii	"int\000"
 463 005c 02       		.uleb128 0x2
 464 005d 04       		.byte	0x4
 465 005e 07       		.byte	0x7
 466 005f 6B020000 		.4byte	.LASF8
 467 0063 02       		.uleb128 0x2
 468 0064 08       		.byte	0x8
 469 0065 04       		.byte	0x4
ARM GAS  C:\Users\JASON\AppData\Local\Temp\ccL9fRGs.s 			page 10


 470 0066 37040000 		.4byte	.LASF9
 471 006a 04       		.uleb128 0x4
 472 006b 0D050000 		.4byte	.LASF10
 473 006f 01       		.byte	0x1
 474 0070 52       		.byte	0x52
 475 0071 32000000 		.4byte	0x32
 476 0075 04       		.uleb128 0x4
 477 0076 12080000 		.4byte	.LASF11
 478 007a 01       		.byte	0x1
 479 007b 53       		.byte	0x53
 480 007c 55000000 		.4byte	0x55
 481 0080 04       		.uleb128 0x4
 482 0081 08080000 		.4byte	.LASF12
 483 0085 01       		.byte	0x1
 484 0086 54       		.byte	0x54
 485 0087 5C000000 		.4byte	0x5c
 486 008b 04       		.uleb128 0x4
 487 008c 70080000 		.4byte	.LASF13
 488 0090 01       		.byte	0x1
 489 0091 64       		.byte	0x64
 490 0092 96000000 		.4byte	0x96
 491 0096 05       		.uleb128 0x5
 492 0097 04       		.byte	0x4
 493 0098 06       		.uleb128 0x6
 494 0099 04       		.byte	0x4
 495 009a 9E000000 		.4byte	0x9e
 496 009e 07       		.uleb128 0x7
 497 009f 04       		.uleb128 0x4
 498 00a0 BA030000 		.4byte	.LASF14
 499 00a4 01       		.byte	0x1
 500 00a5 70       		.byte	0x70
 501 00a6 98000000 		.4byte	0x98
 502 00aa 04       		.uleb128 0x4
 503 00ab 91060000 		.4byte	.LASF15
 504 00af 01       		.byte	0x1
 505 00b0 73       		.byte	0x73
 506 00b1 98000000 		.4byte	0x98
 507 00b5 04       		.uleb128 0x4
 508 00b6 78020000 		.4byte	.LASF16
 509 00ba 02       		.byte	0x2
 510 00bb 4D       		.byte	0x4d
 511 00bc 80000000 		.4byte	0x80
 512 00c0 04       		.uleb128 0x4
 513 00c1 B0040000 		.4byte	.LASF17
 514 00c5 02       		.byte	0x2
 515 00c6 4E       		.byte	0x4e
 516 00c7 75000000 		.4byte	0x75
 517 00cb 04       		.uleb128 0x4
 518 00cc 8A080000 		.4byte	.LASF18
 519 00d0 02       		.byte	0x2
 520 00d1 4F       		.byte	0x4f
 521 00d2 80000000 		.4byte	0x80
 522 00d6 04       		.uleb128 0x4
 523 00d7 71000000 		.4byte	.LASF19
 524 00db 02       		.byte	0x2
 525 00dc 54       		.byte	0x54
 526 00dd B5000000 		.4byte	0xb5
ARM GAS  C:\Users\JASON\AppData\Local\Temp\ccL9fRGs.s 			page 11


 527 00e1 04       		.uleb128 0x4
 528 00e2 5E020000 		.4byte	.LASF20
 529 00e6 02       		.byte	0x2
 530 00e7 78       		.byte	0x78
 531 00e8 75000000 		.4byte	0x75
 532 00ec 08       		.uleb128 0x8
 533 00ed 0E010000 		.4byte	.LASF61
 534 00f1 04       		.byte	0x4
 535 00f2 04       		.byte	0x4
 536 00f3 4D       		.byte	0x4d
 537 00f4 05010000 		.4byte	0x105
 538 00f8 09       		.uleb128 0x9
 539 00f9 49080000 		.4byte	.LASF28
 540 00fd 04       		.byte	0x4
 541 00fe 4E       		.byte	0x4e
 542 00ff 8B000000 		.4byte	0x8b
 543 0103 00       		.byte	0
 544 0104 00       		.byte	0
 545 0105 0A       		.uleb128 0xa
 546 0106 1E040000 		.4byte	.LASF21
 547 010a 03       		.byte	0x3
 548 010b 1101     		.2byte	0x111
 549 010d 6A000000 		.4byte	0x6a
 550 0111 0A       		.uleb128 0xa
 551 0112 05010000 		.4byte	.LASF22
 552 0116 03       		.byte	0x3
 553 0117 F701     		.2byte	0x1f7
 554 0119 E1000000 		.4byte	0xe1
 555 011d 0A       		.uleb128 0xa
 556 011e 8D010000 		.4byte	.LASF23
 557 0122 03       		.byte	0x3
 558 0123 2C02     		.2byte	0x22c
 559 0125 B5000000 		.4byte	0xb5
 560 0129 0A       		.uleb128 0xa
 561 012a 42000000 		.4byte	.LASF24
 562 012e 03       		.byte	0x3
 563 012f 3502     		.2byte	0x235
 564 0131 B5000000 		.4byte	0xb5
 565 0135 0A       		.uleb128 0xa
 566 0136 FC060000 		.4byte	.LASF25
 567 013a 03       		.byte	0x3
 568 013b 5D02     		.2byte	0x25d
 569 013d B5000000 		.4byte	0xb5
 570 0141 0A       		.uleb128 0xa
 571 0142 66000000 		.4byte	.LASF26
 572 0146 03       		.byte	0x3
 573 0147 6302     		.2byte	0x263
 574 0149 B5000000 		.4byte	0xb5
 575 014d 0A       		.uleb128 0xa
 576 014e CB030000 		.4byte	.LASF27
 577 0152 03       		.byte	0x3
 578 0153 6C02     		.2byte	0x26c
 579 0155 B5000000 		.4byte	0xb5
 580 0159 0B       		.uleb128 0xb
 581 015a 0C       		.byte	0xc
 582 015b 03       		.byte	0x3
 583 015c 7202     		.2byte	0x272
ARM GAS  C:\Users\JASON\AppData\Local\Temp\ccL9fRGs.s 			page 12


 584 015e 8A010000 		.4byte	0x18a
 585 0162 0C       		.uleb128 0xc
 586 0163 15010000 		.4byte	.LASF29
 587 0167 03       		.byte	0x3
 588 0168 7302     		.2byte	0x273
 589 016a 29010000 		.4byte	0x129
 590 016e 00       		.byte	0
 591 016f 0C       		.uleb128 0xc
 592 0170 B8040000 		.4byte	.LASF30
 593 0174 03       		.byte	0x3
 594 0175 7402     		.2byte	0x274
 595 0177 29010000 		.4byte	0x129
 596 017b 04       		.byte	0x4
 597 017c 0C       		.uleb128 0xc
 598 017d 55020000 		.4byte	.LASF31
 599 0181 03       		.byte	0x3
 600 0182 7502     		.2byte	0x275
 601 0184 29010000 		.4byte	0x129
 602 0188 08       		.byte	0x8
 603 0189 00       		.byte	0
 604 018a 0A       		.uleb128 0xa
 605 018b E0050000 		.4byte	.LASF32
 606 018f 03       		.byte	0x3
 607 0190 7A02     		.2byte	0x27a
 608 0192 59010000 		.4byte	0x159
 609 0196 0B       		.uleb128 0xb
 610 0197 08       		.byte	0x8
 611 0198 03       		.byte	0x3
 612 0199 7D02     		.2byte	0x27d
 613 019b BA010000 		.4byte	0x1ba
 614 019f 0C       		.uleb128 0xc
 615 01a0 65020000 		.4byte	.LASF33
 616 01a4 03       		.byte	0x3
 617 01a5 7E02     		.2byte	0x27e
 618 01a7 29010000 		.4byte	0x129
 619 01ab 00       		.byte	0
 620 01ac 0C       		.uleb128 0xc
 621 01ad F6060000 		.4byte	.LASF34
 622 01b1 03       		.byte	0x3
 623 01b2 7F02     		.2byte	0x27f
 624 01b4 35010000 		.4byte	0x135
 625 01b8 04       		.byte	0x4
 626 01b9 00       		.byte	0
 627 01ba 0A       		.uleb128 0xa
 628 01bb CE010000 		.4byte	.LASF35
 629 01bf 03       		.byte	0x3
 630 01c0 8002     		.2byte	0x280
 631 01c2 96010000 		.4byte	0x196
 632 01c6 0D       		.uleb128 0xd
 633 01c7 01       		.byte	0x1
 634 01c8 24000000 		.4byte	0x24
 635 01cc 03       		.byte	0x3
 636 01cd 8A02     		.2byte	0x28a
 637 01cf E0010000 		.4byte	0x1e0
 638 01d3 0E       		.uleb128 0xe
 639 01d4 4E050000 		.4byte	.LASF36
 640 01d8 00       		.byte	0
ARM GAS  C:\Users\JASON\AppData\Local\Temp\ccL9fRGs.s 			page 13


 641 01d9 0E       		.uleb128 0xe
 642 01da 17050000 		.4byte	.LASF37
 643 01de 01       		.byte	0x1
 644 01df 00       		.byte	0
 645 01e0 0A       		.uleb128 0xa
 646 01e1 10030000 		.4byte	.LASF38
 647 01e5 03       		.byte	0x3
 648 01e6 8D02     		.2byte	0x28d
 649 01e8 C6010000 		.4byte	0x1c6
 650 01ec 0A       		.uleb128 0xa
 651 01ed 3C030000 		.4byte	.LASF39
 652 01f1 03       		.byte	0x3
 653 01f2 9002     		.2byte	0x290
 654 01f4 E0010000 		.4byte	0x1e0
 655 01f8 0B       		.uleb128 0xb
 656 01f9 0C       		.byte	0xc
 657 01fa 03       		.byte	0x3
 658 01fb 9402     		.2byte	0x294
 659 01fd 27020000 		.4byte	0x227
 660 0201 0F       		.uleb128 0xf
 661 0202 6300     		.ascii	"c\000"
 662 0204 03       		.byte	0x3
 663 0205 9602     		.2byte	0x296
 664 0207 4D010000 		.4byte	0x14d
 665 020b 00       		.byte	0
 666 020c 0C       		.uleb128 0xc
 667 020d 53070000 		.4byte	.LASF40
 668 0211 03       		.byte	0x3
 669 0212 9802     		.2byte	0x298
 670 0214 35010000 		.4byte	0x135
 671 0218 04       		.byte	0x4
 672 0219 0C       		.uleb128 0xc
 673 021a E0020000 		.4byte	.LASF41
 674 021e 03       		.byte	0x3
 675 021f 9A02     		.2byte	0x29a
 676 0221 EC010000 		.4byte	0x1ec
 677 0225 08       		.byte	0x8
 678 0226 00       		.byte	0
 679 0227 0A       		.uleb128 0xa
 680 0228 D6000000 		.4byte	.LASF42
 681 022c 03       		.byte	0x3
 682 022d 9B02     		.2byte	0x29b
 683 022f F8010000 		.4byte	0x1f8
 684 0233 0B       		.uleb128 0xb
 685 0234 10       		.byte	0x10
 686 0235 03       		.byte	0x3
 687 0236 9F02     		.2byte	0x29f
 688 0238 71020000 		.4byte	0x271
 689 023c 0C       		.uleb128 0xc
 690 023d C5040000 		.4byte	.LASF43
 691 0241 03       		.byte	0x3
 692 0242 A002     		.2byte	0x2a0
 693 0244 D6000000 		.4byte	0xd6
 694 0248 00       		.byte	0
 695 0249 0C       		.uleb128 0xc
 696 024a 40080000 		.4byte	.LASF44
 697 024e 03       		.byte	0x3
ARM GAS  C:\Users\JASON\AppData\Local\Temp\ccL9fRGs.s 			page 14


 698 024f A102     		.2byte	0x2a1
 699 0251 29010000 		.4byte	0x129
 700 0255 04       		.byte	0x4
 701 0256 0C       		.uleb128 0xc
 702 0257 A9000000 		.4byte	.LASF45
 703 025b 03       		.byte	0x3
 704 025c A202     		.2byte	0x2a2
 705 025e 29010000 		.4byte	0x129
 706 0262 08       		.byte	0x8
 707 0263 0C       		.uleb128 0xc
 708 0264 25000000 		.4byte	.LASF46
 709 0268 03       		.byte	0x3
 710 0269 A302     		.2byte	0x2a3
 711 026b 35010000 		.4byte	0x135
 712 026f 0C       		.byte	0xc
 713 0270 00       		.byte	0
 714 0271 0A       		.uleb128 0xa
 715 0272 CA040000 		.4byte	.LASF47
 716 0276 03       		.byte	0x3
 717 0277 A402     		.2byte	0x2a4
 718 0279 33020000 		.4byte	0x233
 719 027d 0D       		.uleb128 0xd
 720 027e 01       		.byte	0x1
 721 027f 24000000 		.4byte	0x24
 722 0283 03       		.byte	0x3
 723 0284 A702     		.2byte	0x2a7
 724 0286 A3020000 		.4byte	0x2a3
 725 028a 0E       		.uleb128 0xe
 726 028b 13070000 		.4byte	.LASF48
 727 028f 00       		.byte	0
 728 0290 0E       		.uleb128 0xe
 729 0291 5B070000 		.4byte	.LASF49
 730 0295 01       		.byte	0x1
 731 0296 0E       		.uleb128 0xe
 732 0297 32070000 		.4byte	.LASF50
 733 029b 02       		.byte	0x2
 734 029c 0E       		.uleb128 0xe
 735 029d C3060000 		.4byte	.LASF51
 736 02a1 03       		.byte	0x3
 737 02a2 00       		.byte	0
 738 02a3 0A       		.uleb128 0xa
 739 02a4 76010000 		.4byte	.LASF52
 740 02a8 03       		.byte	0x3
 741 02a9 AC02     		.2byte	0x2ac
 742 02ab 7D020000 		.4byte	0x27d
 743 02af 0A       		.uleb128 0xa
 744 02b0 B7070000 		.4byte	.LASF53
 745 02b4 03       		.byte	0x3
 746 02b5 AF02     		.2byte	0x2af
 747 02b7 A3020000 		.4byte	0x2a3
 748 02bb 0B       		.uleb128 0xb
 749 02bc 14       		.byte	0x14
 750 02bd 03       		.byte	0x3
 751 02be B202     		.2byte	0x2b2
 752 02c0 04030000 		.4byte	0x304
 753 02c4 0C       		.uleb128 0xc
 754 02c5 8D070000 		.4byte	.LASF54
ARM GAS  C:\Users\JASON\AppData\Local\Temp\ccL9fRGs.s 			page 15


 755 02c9 03       		.byte	0x3
 756 02ca B302     		.2byte	0x2b3
 757 02cc AF020000 		.4byte	0x2af
 758 02d0 00       		.byte	0
 759 02d1 0C       		.uleb128 0xc
 760 02d2 51080000 		.4byte	.LASF55
 761 02d6 03       		.byte	0x3
 762 02d7 B402     		.2byte	0x2b4
 763 02d9 11010000 		.4byte	0x111
 764 02dd 04       		.byte	0x4
 765 02de 0C       		.uleb128 0xc
 766 02df 85060000 		.4byte	.LASF56
 767 02e3 03       		.byte	0x3
 768 02e4 B602     		.2byte	0x2b6
 769 02e6 1D010000 		.4byte	0x11d
 770 02ea 08       		.byte	0x8
 771 02eb 0F       		.uleb128 0xf
 772 02ec 6600     		.ascii	"f\000"
 773 02ee 03       		.byte	0x3
 774 02ef B802     		.2byte	0x2b8
 775 02f1 9F000000 		.4byte	0x9f
 776 02f5 0C       		.byte	0xc
 777 02f6 0C       		.uleb128 0xc
 778 02f7 7C050000 		.4byte	.LASF57
 779 02fb 03       		.byte	0x3
 780 02fc BA02     		.2byte	0x2ba
 781 02fe 4D010000 		.4byte	0x14d
 782 0302 10       		.byte	0x10
 783 0303 00       		.byte	0
 784 0304 0A       		.uleb128 0xa
 785 0305 F7040000 		.4byte	.LASF58
 786 0309 03       		.byte	0x3
 787 030a BB02     		.2byte	0x2bb
 788 030c BB020000 		.4byte	0x2bb
 789 0310 0B       		.uleb128 0xb
 790 0311 04       		.byte	0x4
 791 0312 03       		.byte	0x3
 792 0313 BD02     		.2byte	0x2bd
 793 0315 27030000 		.4byte	0x327
 794 0319 0C       		.uleb128 0xc
 795 031a F0030000 		.4byte	.LASF59
 796 031e 03       		.byte	0x3
 797 031f BF02     		.2byte	0x2bf
 798 0321 41010000 		.4byte	0x141
 799 0325 00       		.byte	0
 800 0326 00       		.byte	0
 801 0327 0A       		.uleb128 0xa
 802 0328 80020000 		.4byte	.LASF60
 803 032c 03       		.byte	0x3
 804 032d C402     		.2byte	0x2c4
 805 032f 10030000 		.4byte	0x310
 806 0333 10       		.uleb128 0x10
 807 0334 C6020000 		.4byte	.LASF62
 808 0338 08       		.byte	0x8
 809 0339 03       		.byte	0x3
 810 033a 0E04     		.2byte	0x40e
 811 033c 5A030000 		.4byte	0x35a
ARM GAS  C:\Users\JASON\AppData\Local\Temp\ccL9fRGs.s 			page 16


 812 0340 0F       		.uleb128 0xf
 813 0341 6E7400   		.ascii	"nt\000"
 814 0344 03       		.byte	0x3
 815 0345 0F04     		.2byte	0x40f
 816 0347 B5000000 		.4byte	0xb5
 817 034b 00       		.byte	0
 818 034c 0C       		.uleb128 0xc
 819 034d 99070000 		.4byte	.LASF63
 820 0351 03       		.byte	0x3
 821 0352 1004     		.2byte	0x410
 822 0354 6A030000 		.4byte	0x36a
 823 0358 04       		.byte	0x4
 824 0359 00       		.byte	0
 825 035a 11       		.uleb128 0x11
 826 035b 65030000 		.4byte	0x365
 827 035f 65030000 		.4byte	0x365
 828 0363 12       		.uleb128 0x12
 829 0364 00       		.byte	0
 830 0365 13       		.uleb128 0x13
 831 0366 E1000000 		.4byte	0xe1
 832 036a 06       		.uleb128 0x6
 833 036b 04       		.byte	0x4
 834 036c 5A030000 		.4byte	0x35a
 835 0370 11       		.uleb128 0x11
 836 0371 65030000 		.4byte	0x365
 837 0375 80030000 		.4byte	0x380
 838 0379 14       		.uleb128 0x14
 839 037a 80030000 		.4byte	0x380
 840 037e 00       		.byte	0
 841 037f 00       		.byte	0
 842 0380 02       		.uleb128 0x2
 843 0381 04       		.byte	0x4
 844 0382 07       		.byte	0x7
 845 0383 2E040000 		.4byte	.LASF64
 846 0387 15       		.uleb128 0x15
 847 0388 25010000 		.4byte	.LASF125
 848 038c 05       		.byte	0x5
 849 038d 6507     		.2byte	0x765
 850 038f 99030000 		.4byte	0x399
 851 0393 05       		.uleb128 0x5
 852 0394 03       		.byte	0x3
 853 0395 08000000 		.4byte	EE_oo_autostart_task_mode_OSDEFAULTAPPMODE
 854 0399 13       		.uleb128 0x13
 855 039a 70030000 		.4byte	0x370
 856 039e 11       		.uleb128 0x11
 857 039f AE030000 		.4byte	0x3ae
 858 03a3 AE030000 		.4byte	0x3ae
 859 03a7 14       		.uleb128 0x14
 860 03a8 80030000 		.4byte	0x380
 861 03ac 05       		.byte	0x5
 862 03ad 00       		.byte	0
 863 03ae 13       		.uleb128 0x13
 864 03af AA000000 		.4byte	0xaa
 865 03b3 16       		.uleb128 0x16
 866 03b4 6B070000 		.4byte	.LASF65
 867 03b8 05       		.byte	0x5
 868 03b9 D2       		.byte	0xd2
ARM GAS  C:\Users\JASON\AppData\Local\Temp\ccL9fRGs.s 			page 17


 869 03ba C4030000 		.4byte	0x3c4
 870 03be 05       		.uleb128 0x5
 871 03bf 03       		.byte	0x3
 872 03c0 00000000 		.4byte	EE_hal_thread_body
 873 03c4 13       		.uleb128 0x13
 874 03c5 9E030000 		.4byte	0x39e
 875 03c9 11       		.uleb128 0x11
 876 03ca D9030000 		.4byte	0x3d9
 877 03ce D9030000 		.4byte	0x3d9
 878 03d2 14       		.uleb128 0x14
 879 03d3 80030000 		.4byte	0x380
 880 03d7 06       		.byte	0x6
 881 03d8 00       		.byte	0
 882 03d9 13       		.uleb128 0x13
 883 03da B5000000 		.4byte	0xb5
 884 03de 16       		.uleb128 0x16
 885 03df B1060000 		.4byte	.LASF66
 886 03e3 05       		.byte	0x5
 887 03e4 71       		.byte	0x71
 888 03e5 EF030000 		.4byte	0x3ef
 889 03e9 05       		.uleb128 0x5
 890 03ea 03       		.byte	0x3
 891 03eb 00000000 		.4byte	EE_std_thread_tos
 892 03ef 13       		.uleb128 0x13
 893 03f0 C9030000 		.4byte	0x3c9
 894 03f4 11       		.uleb128 0x11
 895 03f5 80000000 		.4byte	0x80
 896 03f9 04040000 		.4byte	0x404
 897 03fd 14       		.uleb128 0x14
 898 03fe 80030000 		.4byte	0x380
 899 0402 05       		.byte	0x5
 900 0403 00       		.byte	0
 901 0404 16       		.uleb128 0x16
 902 0405 1B080000 		.4byte	.LASF67
 903 0409 05       		.byte	0x5
 904 040a ED       		.byte	0xed
 905 040b F4030000 		.4byte	0x3f4
 906 040f 05       		.uleb128 0x5
 907 0410 03       		.byte	0x3
 908 0411 00000000 		.4byte	EE_terminate_data
 909 0415 16       		.uleb128 0x16
 910 0416 62050000 		.4byte	.LASF68
 911 041a 05       		.byte	0x5
 912 041b F0       		.byte	0xf0
 913 041c 26040000 		.4byte	0x426
 914 0420 05       		.uleb128 0x5
 915 0421 03       		.byte	0x3
 916 0422 00000000 		.4byte	EE_terminate_real_th_body
 917 0426 13       		.uleb128 0x13
 918 0427 9E030000 		.4byte	0x39e
 919 042b 11       		.uleb128 0x11
 920 042c EC000000 		.4byte	0xec
 921 0430 3B040000 		.4byte	0x43b
 922 0434 14       		.uleb128 0x14
 923 0435 80030000 		.4byte	0x380
 924 0439 04       		.byte	0x4
 925 043a 00       		.byte	0
ARM GAS  C:\Users\JASON\AppData\Local\Temp\ccL9fRGs.s 			page 18


 926 043b 16       		.uleb128 0x16
 927 043c 28050000 		.4byte	.LASF69
 928 0440 05       		.byte	0x5
 929 0441 8D       		.byte	0x8d
 930 0442 2B040000 		.4byte	0x42b
 931 0446 05       		.uleb128 0x5
 932 0447 03       		.byte	0x3
 933 0448 00000000 		.4byte	EE_cortex_mx_system_tos
 934 044c 16       		.uleb128 0x16
 935 044d B6010000 		.4byte	.LASF70
 936 0451 05       		.byte	0x5
 937 0452 A9       		.byte	0xa9
 938 0453 B5000000 		.4byte	0xb5
 939 0457 05       		.uleb128 0x5
 940 0458 03       		.byte	0x3
 941 0459 00000000 		.4byte	EE_cortex_mx_active_tos
 942 045d 11       		.uleb128 0x11
 943 045e D9030000 		.4byte	0x3d9
 944 0462 6D040000 		.4byte	0x46d
 945 0466 14       		.uleb128 0x14
 946 0467 80030000 		.4byte	0x380
 947 046b 05       		.byte	0x5
 948 046c 00       		.byte	0
 949 046d 17       		.uleb128 0x17
 950 046e 22070000 		.4byte	.LASF71
 951 0472 05       		.byte	0x5
 952 0473 E202     		.2byte	0x2e2
 953 0475 7F040000 		.4byte	0x47f
 954 0479 05       		.uleb128 0x5
 955 047a 03       		.byte	0x3
 956 047b 00000000 		.4byte	EE_th_rnact_max
 957 047f 13       		.uleb128 0x13
 958 0480 5D040000 		.4byte	0x45d
 959 0484 17       		.uleb128 0x17
 960 0485 C6070000 		.4byte	.LASF72
 961 0489 05       		.byte	0x5
 962 048a 0C01     		.2byte	0x10c
 963 048c 96040000 		.4byte	0x496
 964 0490 05       		.uleb128 0x5
 965 0491 03       		.byte	0x3
 966 0492 00000000 		.4byte	EE_th_ready_prio
 967 0496 13       		.uleb128 0x13
 968 0497 5D040000 		.4byte	0x45d
 969 049b 17       		.uleb128 0x17
 970 049c 67030000 		.4byte	.LASF73
 971 04a0 05       		.byte	0x5
 972 04a1 4502     		.2byte	0x245
 973 04a3 AD040000 		.4byte	0x4ad
 974 04a7 05       		.uleb128 0x5
 975 04a8 03       		.byte	0x3
 976 04a9 00000000 		.4byte	EE_th_dispatch_prio
 977 04ad 13       		.uleb128 0x13
 978 04ae 5D040000 		.4byte	0x45d
 979 04b2 11       		.uleb128 0x11
 980 04b3 C2040000 		.4byte	0x4c2
 981 04b7 C2040000 		.4byte	0x4c2
 982 04bb 14       		.uleb128 0x14
ARM GAS  C:\Users\JASON\AppData\Local\Temp\ccL9fRGs.s 			page 19


 983 04bc 80030000 		.4byte	0x380
 984 04c0 05       		.byte	0x5
 985 04c1 00       		.byte	0
 986 04c2 06       		.uleb128 0x6
 987 04c3 04       		.byte	0x4
 988 04c4 CF040000 		.4byte	0x4cf
 989 04c8 02       		.uleb128 0x2
 990 04c9 01       		.byte	0x1
 991 04ca 08       		.byte	0x8
 992 04cb 0E070000 		.4byte	.LASF74
 993 04cf 13       		.uleb128 0x13
 994 04d0 C8040000 		.4byte	0x4c8
 995 04d4 17       		.uleb128 0x17
 996 04d5 D3050000 		.4byte	.LASF75
 997 04d9 05       		.byte	0x5
 998 04da 2801     		.2byte	0x128
 999 04dc B2040000 		.4byte	0x4b2
 1000 04e0 05       		.uleb128 0x5
 1001 04e1 03       		.byte	0x3
 1002 04e2 00000000 		.4byte	EE_TASK_NAME
 1003 04e6 11       		.uleb128 0x11
 1004 04e7 C2040000 		.4byte	0x4c2
 1005 04eb F6040000 		.4byte	0x4f6
 1006 04ef 14       		.uleb128 0x14
 1007 04f0 80030000 		.4byte	0x380
 1008 04f4 01       		.byte	0x1
 1009 04f5 00       		.byte	0
 1010 04f6 17       		.uleb128 0x17
 1011 04f7 9B010000 		.4byte	.LASF76
 1012 04fb 05       		.byte	0x5
 1013 04fc 8101     		.2byte	0x181
 1014 04fe E6040000 		.4byte	0x4e6
 1015 0502 05       		.uleb128 0x5
 1016 0503 03       		.byte	0x3
 1017 0504 00000000 		.4byte	EE_EVENT_NAME
 1018 0508 11       		.uleb128 0x11
 1019 0509 C2040000 		.4byte	0x4c2
 1020 050d 18050000 		.4byte	0x518
 1021 0511 14       		.uleb128 0x14
 1022 0512 80030000 		.4byte	0x380
 1023 0516 00       		.byte	0
 1024 0517 00       		.byte	0
 1025 0518 17       		.uleb128 0x17
 1026 0519 95020000 		.4byte	.LASF77
 1027 051d 05       		.byte	0x5
 1028 051e 3D06     		.2byte	0x63d
 1029 0520 08050000 		.4byte	0x508
 1030 0524 05       		.uleb128 0x5
 1031 0525 03       		.byte	0x3
 1032 0526 00000000 		.4byte	EE_ALARM_NAME
 1033 052a 17       		.uleb128 0x17
 1034 052b 00000000 		.4byte	.LASF78
 1035 052f 05       		.byte	0x5
 1036 0530 4601     		.2byte	0x146
 1037 0532 E6040000 		.4byte	0x4e6
 1038 0536 05       		.uleb128 0x5
 1039 0537 03       		.byte	0x3
ARM GAS  C:\Users\JASON\AppData\Local\Temp\ccL9fRGs.s 			page 20


 1040 0538 00000000 		.4byte	EE_RESOURCE_NAME
 1041 053c 11       		.uleb128 0x11
 1042 053d 4C050000 		.4byte	0x54c
 1043 0541 4C050000 		.4byte	0x54c
 1044 0545 14       		.uleb128 0x14
 1045 0546 80030000 		.4byte	0x380
 1046 054a 01       		.byte	0x1
 1047 054b 00       		.byte	0
 1048 054c 13       		.uleb128 0x13
 1049 054d 40000000 		.4byte	0x40
 1050 0551 17       		.uleb128 0x17
 1051 0552 4B000000 		.4byte	.LASF79
 1052 0556 05       		.byte	0x5
 1053 0557 6201     		.2byte	0x162
 1054 0559 63050000 		.4byte	0x563
 1055 055d 05       		.uleb128 0x5
 1056 055e 03       		.byte	0x3
 1057 055f 00000000 		.4byte	EE_RESOURCE_ID
 1058 0563 13       		.uleb128 0x13
 1059 0564 3C050000 		.4byte	0x53c
 1060 0568 17       		.uleb128 0x17
 1061 0569 FC010000 		.4byte	.LASF80
 1062 056d 05       		.byte	0x5
 1063 056e E201     		.2byte	0x1e2
 1064 0570 7A050000 		.4byte	0x57a
 1065 0574 05       		.uleb128 0x5
 1066 0575 03       		.byte	0x3
 1067 0576 00000000 		.4byte	EE_EVENT_ID
 1068 057a 13       		.uleb128 0x13
 1069 057b 3C050000 		.4byte	0x53c
 1070 057f 11       		.uleb128 0x11
 1071 0580 4C050000 		.4byte	0x54c
 1072 0584 8F050000 		.4byte	0x58f
 1073 0588 14       		.uleb128 0x14
 1074 0589 80030000 		.4byte	0x380
 1075 058d 00       		.byte	0
 1076 058e 00       		.byte	0
 1077 058f 17       		.uleb128 0x17
 1078 0590 50010000 		.4byte	.LASF81
 1079 0594 05       		.byte	0x5
 1080 0595 5906     		.2byte	0x659
 1081 0597 A1050000 		.4byte	0x5a1
 1082 059b 05       		.uleb128 0x5
 1083 059c 03       		.byte	0x3
 1084 059d 00000000 		.4byte	EE_ALARM_ID
 1085 05a1 13       		.uleb128 0x13
 1086 05a2 7F050000 		.4byte	0x57f
 1087 05a6 11       		.uleb128 0x11
 1088 05a7 B5000000 		.4byte	0xb5
 1089 05ab B6050000 		.4byte	0x5b6
 1090 05af 14       		.uleb128 0x14
 1091 05b0 80030000 		.4byte	0x380
 1092 05b4 05       		.byte	0x5
 1093 05b5 00       		.byte	0
 1094 05b6 17       		.uleb128 0x17
 1095 05b7 2F030000 		.4byte	.LASF82
 1096 05bb 05       		.byte	0x5
ARM GAS  C:\Users\JASON\AppData\Local\Temp\ccL9fRGs.s 			page 21


 1097 05bc 8102     		.2byte	0x281
 1098 05be A6050000 		.4byte	0x5a6
 1099 05c2 05       		.uleb128 0x5
 1100 05c3 03       		.byte	0x3
 1101 05c4 00000000 		.4byte	EE_th_status
 1102 05c8 11       		.uleb128 0x11
 1103 05c9 E1000000 		.4byte	0xe1
 1104 05cd D8050000 		.4byte	0x5d8
 1105 05d1 14       		.uleb128 0x14
 1106 05d2 80030000 		.4byte	0x380
 1107 05d6 05       		.byte	0x5
 1108 05d7 00       		.byte	0
 1109 05d8 17       		.uleb128 0x17
 1110 05d9 57050000 		.4byte	.LASF83
 1111 05dd 05       		.byte	0x5
 1112 05de 9D02     		.2byte	0x29d
 1113 05e0 C8050000 		.4byte	0x5c8
 1114 05e4 05       		.uleb128 0x5
 1115 05e5 03       		.byte	0x3
 1116 05e6 00000000 		.4byte	EE_th_next
 1117 05ea 17       		.uleb128 0x17
 1118 05eb D7070000 		.4byte	.LASF84
 1119 05ef 05       		.byte	0x5
 1120 05f0 C702     		.2byte	0x2c7
 1121 05f2 A6050000 		.4byte	0x5a6
 1122 05f6 05       		.uleb128 0x5
 1123 05f7 03       		.byte	0x3
 1124 05f8 00000000 		.4byte	EE_th_rnact
 1125 05fc 17       		.uleb128 0x17
 1126 05fd 2A000000 		.4byte	.LASF85
 1127 0601 05       		.byte	0x5
 1128 0602 7703     		.2byte	0x377
 1129 0604 C8050000 		.4byte	0x5c8
 1130 0608 05       		.uleb128 0x5
 1131 0609 03       		.byte	0x3
 1132 060a 00000000 		.4byte	EE_th_terminate_nextask
 1133 060e 17       		.uleb128 0x17
 1134 060f 5A000000 		.4byte	.LASF86
 1135 0613 05       		.byte	0x5
 1136 0614 B902     		.2byte	0x2b9
 1137 0616 E1000000 		.4byte	0xe1
 1138 061a 05       		.uleb128 0x5
 1139 061b 03       		.byte	0x3
 1140 061c 00000000 		.4byte	EE_stkfirst
 1141 0620 17       		.uleb128 0x17
 1142 0621 7E070000 		.4byte	.LASF87
 1143 0625 05       		.byte	0x5
 1144 0626 BC02     		.2byte	0x2bc
 1145 0628 B5000000 		.4byte	0xb5
 1146 062c 05       		.uleb128 0x5
 1147 062d 03       		.byte	0x3
 1148 062e 00000000 		.4byte	EE_sys_ceiling
 1149 0632 17       		.uleb128 0x17
 1150 0633 4E040000 		.4byte	.LASF88
 1151 0637 05       		.byte	0x5
 1152 0638 FD02     		.2byte	0x2fd
 1153 063a A6050000 		.4byte	0x5a6
ARM GAS  C:\Users\JASON\AppData\Local\Temp\ccL9fRGs.s 			page 22


 1154 063e 05       		.uleb128 0x5
 1155 063f 03       		.byte	0x3
 1156 0640 00000000 		.4byte	EE_rq_link
 1157 0644 11       		.uleb128 0x11
 1158 0645 C0000000 		.4byte	0xc0
 1159 0649 54060000 		.4byte	0x654
 1160 064d 14       		.uleb128 0x14
 1161 064e 80030000 		.4byte	0x380
 1162 0652 0F       		.byte	0xf
 1163 0653 00       		.byte	0
 1164 0654 17       		.uleb128 0x17
 1165 0655 11020000 		.4byte	.LASF89
 1166 0659 05       		.byte	0x5
 1167 065a BF02     		.2byte	0x2bf
 1168 065c 44060000 		.4byte	0x644
 1169 0660 05       		.uleb128 0x5
 1170 0661 03       		.byte	0x3
 1171 0662 00000000 		.4byte	EE_rq_queues_head
 1172 0666 17       		.uleb128 0x17
 1173 0667 9F060000 		.4byte	.LASF90
 1174 066b 05       		.byte	0x5
 1175 066c C102     		.2byte	0x2c1
 1176 066e 44060000 		.4byte	0x644
 1177 0672 05       		.uleb128 0x5
 1178 0673 03       		.byte	0x3
 1179 0674 00000000 		.4byte	EE_rq_queues_tail
 1180 0678 11       		.uleb128 0x11
 1181 0679 C0000000 		.4byte	0xc0
 1182 067d 88060000 		.4byte	0x688
 1183 0681 14       		.uleb128 0x14
 1184 0682 80030000 		.4byte	0x380
 1185 0686 05       		.byte	0x5
 1186 0687 00       		.byte	0
 1187 0688 17       		.uleb128 0x17
 1188 0689 F4000000 		.4byte	.LASF91
 1189 068d 05       		.byte	0x5
 1190 068e 1B03     		.2byte	0x31b
 1191 0690 78060000 		.4byte	0x678
 1192 0694 05       		.uleb128 0x5
 1193 0695 03       		.byte	0x3
 1194 0696 00000000 		.4byte	EE_rq_pairs_next
 1195 069a 17       		.uleb128 0x17
 1196 069b E3070000 		.4byte	.LASF92
 1197 069f 05       		.byte	0x5
 1198 06a0 7003     		.2byte	0x370
 1199 06a2 C8050000 		.4byte	0x5c8
 1200 06a6 05       		.uleb128 0x5
 1201 06a7 03       		.byte	0x3
 1202 06a8 00000000 		.4byte	EE_rq_pairs_tid
 1203 06ac 17       		.uleb128 0x17
 1204 06ad D6060000 		.4byte	.LASF93
 1205 06b1 05       		.byte	0x5
 1206 06b2 C402     		.2byte	0x2c4
 1207 06b4 05010000 		.4byte	0x105
 1208 06b8 05       		.uleb128 0x5
 1209 06b9 03       		.byte	0x3
 1210 06ba 00000000 		.4byte	EE_rq_bitmask
ARM GAS  C:\Users\JASON\AppData\Local\Temp\ccL9fRGs.s 			page 23


 1211 06be 17       		.uleb128 0x17
 1212 06bf 43040000 		.4byte	.LASF94
 1213 06c3 05       		.byte	0x5
 1214 06c4 7303     		.2byte	0x373
 1215 06c6 C0000000 		.4byte	0xc0
 1216 06ca 05       		.uleb128 0x5
 1217 06cb 03       		.byte	0x3
 1218 06cc 00000000 		.4byte	EE_rq_free
 1219 06d0 17       		.uleb128 0x17
 1220 06d1 2D080000 		.4byte	.LASF95
 1221 06d5 05       		.byte	0x5
 1222 06d6 9A03     		.2byte	0x39a
 1223 06d8 A6050000 		.4byte	0x5a6
 1224 06dc 05       		.uleb128 0x5
 1225 06dd 03       		.byte	0x3
 1226 06de 00000000 		.4byte	EE_th_event_active
 1227 06e2 17       		.uleb128 0x17
 1228 06e3 8F050000 		.4byte	.LASF96
 1229 06e7 05       		.byte	0x5
 1230 06e8 B603     		.2byte	0x3b6
 1231 06ea A6050000 		.4byte	0x5a6
 1232 06ee 05       		.uleb128 0x5
 1233 06ef 03       		.byte	0x3
 1234 06f0 00000000 		.4byte	EE_th_event_waitmask
 1235 06f4 11       		.uleb128 0x11
 1236 06f5 D6000000 		.4byte	0xd6
 1237 06f9 04070000 		.4byte	0x704
 1238 06fd 14       		.uleb128 0x14
 1239 06fe 80030000 		.4byte	0x380
 1240 0702 05       		.byte	0x5
 1241 0703 00       		.byte	0
 1242 0704 17       		.uleb128 0x17
 1243 0705 B5020000 		.4byte	.LASF97
 1244 0709 05       		.byte	0x5
 1245 070a D203     		.2byte	0x3d2
 1246 070c F4060000 		.4byte	0x6f4
 1247 0710 05       		.uleb128 0x5
 1248 0711 03       		.byte	0x3
 1249 0712 00000000 		.4byte	EE_th_waswaiting
 1250 0716 17       		.uleb128 0x17
 1251 0717 78080000 		.4byte	.LASF98
 1252 071b 05       		.byte	0x5
 1253 071c EE03     		.2byte	0x3ee
 1254 071e 28070000 		.4byte	0x728
 1255 0722 05       		.uleb128 0x5
 1256 0723 03       		.byte	0x3
 1257 0724 00000000 		.4byte	EE_th_is_extended
 1258 0728 13       		.uleb128 0x13
 1259 0729 5D040000 		.4byte	0x45d
 1260 072d 11       		.uleb128 0x11
 1261 072e D9030000 		.4byte	0x3d9
 1262 0732 3D070000 		.4byte	0x73d
 1263 0736 14       		.uleb128 0x14
 1264 0737 80030000 		.4byte	0x380
 1265 073b 01       		.byte	0x1
 1266 073c 00       		.byte	0
 1267 073d 17       		.uleb128 0x17
ARM GAS  C:\Users\JASON\AppData\Local\Temp\ccL9fRGs.s 			page 24


 1268 073e 92080000 		.4byte	.LASF99
 1269 0742 05       		.byte	0x5
 1270 0743 B504     		.2byte	0x4b5
 1271 0745 4F070000 		.4byte	0x74f
 1272 0749 05       		.uleb128 0x5
 1273 074a 03       		.byte	0x3
 1274 074b 00000000 		.4byte	EE_resource_ceiling
 1275 074f 13       		.uleb128 0x13
 1276 0750 2D070000 		.4byte	0x72d
 1277 0754 11       		.uleb128 0x11
 1278 0755 B5000000 		.4byte	0xb5
 1279 0759 64070000 		.4byte	0x764
 1280 075d 14       		.uleb128 0x14
 1281 075e 80030000 		.4byte	0x380
 1282 0762 01       		.byte	0x1
 1283 0763 00       		.byte	0
 1284 0764 17       		.uleb128 0x17
 1285 0765 E5010000 		.4byte	.LASF100
 1286 0769 05       		.byte	0x5
 1287 076a F404     		.2byte	0x4f4
 1288 076c 54070000 		.4byte	0x754
 1289 0770 05       		.uleb128 0x5
 1290 0771 03       		.byte	0x3
 1291 0772 00000000 		.4byte	EE_resource_oldceiling
 1292 0776 11       		.uleb128 0x11
 1293 0777 D6000000 		.4byte	0xd6
 1294 077b 86070000 		.4byte	0x786
 1295 077f 14       		.uleb128 0x14
 1296 0780 80030000 		.4byte	0x380
 1297 0784 01       		.byte	0x1
 1298 0785 00       		.byte	0
 1299 0786 17       		.uleb128 0x17
 1300 0787 5D080000 		.4byte	.LASF101
 1301 078b 05       		.byte	0x5
 1302 078c 9404     		.2byte	0x494
 1303 078e 76070000 		.4byte	0x776
 1304 0792 05       		.uleb128 0x5
 1305 0793 03       		.byte	0x3
 1306 0794 00000000 		.4byte	EE_resource_locked
 1307 0798 17       		.uleb128 0x17
 1308 0799 11000000 		.4byte	.LASF102
 1309 079d 05       		.byte	0x5
 1310 079e 3704     		.2byte	0x437
 1311 07a0 A6050000 		.4byte	0x5a6
 1312 07a4 05       		.uleb128 0x5
 1313 07a5 03       		.byte	0x3
 1314 07a6 00000000 		.4byte	EE_th_resource_last
 1315 07aa 17       		.uleb128 0x17
 1316 07ab E4060000 		.4byte	.LASF103
 1317 07af 05       		.byte	0x5
 1318 07b0 7004     		.2byte	0x470
 1319 07b2 54070000 		.4byte	0x754
 1320 07b6 05       		.uleb128 0x5
 1321 07b7 03       		.byte	0x3
 1322 07b8 00000000 		.4byte	EE_resource_stack
 1323 07bc 11       		.uleb128 0x11
 1324 07bd CC070000 		.4byte	0x7cc
ARM GAS  C:\Users\JASON\AppData\Local\Temp\ccL9fRGs.s 			page 25


 1325 07c1 CC070000 		.4byte	0x7cc
 1326 07c5 14       		.uleb128 0x14
 1327 07c6 80030000 		.4byte	0x380
 1328 07ca 00       		.byte	0
 1329 07cb 00       		.byte	0
 1330 07cc 13       		.uleb128 0x13
 1331 07cd 8A010000 		.4byte	0x18a
 1332 07d1 17       		.uleb128 0x17
 1333 07d2 E8040000 		.4byte	.LASF104
 1334 07d6 05       		.byte	0x5
 1335 07d7 FF05     		.2byte	0x5ff
 1336 07d9 E3070000 		.4byte	0x7e3
 1337 07dd 05       		.uleb128 0x5
 1338 07de 03       		.byte	0x3
 1339 07df 00000000 		.4byte	EE_counter_ROM
 1340 07e3 13       		.uleb128 0x13
 1341 07e4 BC070000 		.4byte	0x7bc
 1342 07e8 11       		.uleb128 0x11
 1343 07e9 F8070000 		.4byte	0x7f8
 1344 07ed F8070000 		.4byte	0x7f8
 1345 07f1 14       		.uleb128 0x14
 1346 07f2 80030000 		.4byte	0x380
 1347 07f6 00       		.byte	0
 1348 07f7 00       		.byte	0
 1349 07f8 13       		.uleb128 0x13
 1350 07f9 27020000 		.4byte	0x227
 1351 07fd 17       		.uleb128 0x17
 1352 07fe D7030000 		.4byte	.LASF105
 1353 0802 05       		.byte	0x5
 1354 0803 9606     		.2byte	0x696
 1355 0805 0F080000 		.4byte	0x80f
 1356 0809 05       		.uleb128 0x5
 1357 080a 03       		.byte	0x3
 1358 080b 00000000 		.4byte	EE_oo_counter_object_ROM
 1359 080f 13       		.uleb128 0x13
 1360 0810 E8070000 		.4byte	0x7e8
 1361 0814 11       		.uleb128 0x11
 1362 0815 24080000 		.4byte	0x824
 1363 0819 24080000 		.4byte	0x824
 1364 081d 14       		.uleb128 0x14
 1365 081e 80030000 		.4byte	0x380
 1366 0822 00       		.byte	0
 1367 0823 00       		.byte	0
 1368 0824 13       		.uleb128 0x13
 1369 0825 04030000 		.4byte	0x304
 1370 0829 17       		.uleb128 0x17
 1371 082a 0D040000 		.4byte	.LASF106
 1372 082e 05       		.byte	0x5
 1373 082f BA06     		.2byte	0x6ba
 1374 0831 3B080000 		.4byte	0x83b
 1375 0835 05       		.uleb128 0x5
 1376 0836 03       		.byte	0x3
 1377 0837 00000000 		.4byte	EE_oo_action_ROM
 1378 083b 13       		.uleb128 0x13
 1379 083c 14080000 		.4byte	0x814
 1380 0840 11       		.uleb128 0x11
 1381 0841 50080000 		.4byte	0x850
ARM GAS  C:\Users\JASON\AppData\Local\Temp\ccL9fRGs.s 			page 26


 1382 0845 50080000 		.4byte	0x850
 1383 0849 14       		.uleb128 0x14
 1384 084a 80030000 		.4byte	0x380
 1385 084e 00       		.byte	0
 1386 084f 00       		.byte	0
 1387 0850 13       		.uleb128 0x13
 1388 0851 27030000 		.4byte	0x327
 1389 0855 17       		.uleb128 0x17
 1390 0856 A9010000 		.4byte	.LASF107
 1391 085a 05       		.byte	0x5
 1392 085b 2006     		.2byte	0x620
 1393 085d 67080000 		.4byte	0x867
 1394 0861 05       		.uleb128 0x5
 1395 0862 03       		.byte	0x3
 1396 0863 00000000 		.4byte	EE_alarm_ROM
 1397 0867 13       		.uleb128 0x13
 1398 0868 40080000 		.4byte	0x840
 1399 086c 11       		.uleb128 0x11
 1400 086d BA010000 		.4byte	0x1ba
 1401 0871 7C080000 		.4byte	0x87c
 1402 0875 14       		.uleb128 0x14
 1403 0876 80030000 		.4byte	0x380
 1404 087a 00       		.byte	0
 1405 087b 00       		.byte	0
 1406 087c 17       		.uleb128 0x17
 1407 087d 44070000 		.4byte	.LASF108
 1408 0881 05       		.byte	0x5
 1409 0882 0C06     		.2byte	0x60c
 1410 0884 6C080000 		.4byte	0x86c
 1411 0888 05       		.uleb128 0x5
 1412 0889 03       		.byte	0x3
 1413 088a 00000000 		.4byte	EE_counter_RAM
 1414 088e 11       		.uleb128 0x11
 1415 088f 71020000 		.4byte	0x271
 1416 0893 9E080000 		.4byte	0x89e
 1417 0897 14       		.uleb128 0x14
 1418 0898 80030000 		.4byte	0x380
 1419 089c 00       		.byte	0
 1420 089d 00       		.byte	0
 1421 089e 17       		.uleb128 0x17
 1422 089f 9E070000 		.4byte	.LASF109
 1423 08a3 05       		.byte	0x5
 1424 08a4 B106     		.2byte	0x6b1
 1425 08a6 8E080000 		.4byte	0x88e
 1426 08aa 05       		.uleb128 0x5
 1427 08ab 03       		.byte	0x3
 1428 08ac 00000000 		.4byte	EE_oo_counter_object_RAM
 1429 08b0 11       		.uleb128 0x11
 1430 08b1 C0080000 		.4byte	0x8c0
 1431 08b5 C0080000 		.4byte	0x8c0
 1432 08b9 14       		.uleb128 0x14
 1433 08ba 80030000 		.4byte	0x380
 1434 08be 00       		.byte	0
 1435 08bf 00       		.byte	0
 1436 08c0 13       		.uleb128 0x13
 1437 08c1 33030000 		.4byte	0x333
 1438 08c5 17       		.uleb128 0x17
ARM GAS  C:\Users\JASON\AppData\Local\Temp\ccL9fRGs.s 			page 27


 1439 08c6 A4050000 		.4byte	.LASF110
 1440 08ca 05       		.byte	0x5
 1441 08cb 9607     		.2byte	0x796
 1442 08cd D7080000 		.4byte	0x8d7
 1443 08d1 05       		.uleb128 0x5
 1444 08d2 03       		.byte	0x3
 1445 08d3 00000000 		.4byte	EE_oo_autostart_task_data
 1446 08d7 13       		.uleb128 0x13
 1447 08d8 B0080000 		.4byte	0x8b0
 1448 08dc 18       		.uleb128 0x18
 1449 08dd F8020000 		.4byte	.LASF111
 1450 08e1 06       		.byte	0x6
 1451 08e2 40       		.byte	0x40
 1452 08e3 B5000000 		.4byte	0xb5
 1453 08e7 18       		.uleb128 0x18
 1454 08e8 23020000 		.4byte	.LASF112
 1455 08ec 06       		.byte	0x6
 1456 08ed 47       		.byte	0x47
 1457 08ee CB000000 		.4byte	0xcb
 1458 08f2 17       		.uleb128 0x17
 1459 08f3 FA030000 		.4byte	.LASF113
 1460 08f7 05       		.byte	0x5
 1461 08f8 5C07     		.2byte	0x75c
 1462 08fa B5000000 		.4byte	0xb5
 1463 08fe 05       		.uleb128 0x5
 1464 08ff 03       		.byte	0x3
 1465 0900 00000000 		.4byte	EE_ApplicationMode
 1466 0904 18       		.uleb128 0x18
 1467 0905 3C020000 		.4byte	.LASF114
 1468 0909 07       		.byte	0x7
 1469 090a 48       		.byte	0x48
 1470 090b E1000000 		.4byte	0xe1
 1471 090f 18       		.uleb128 0x18
 1472 0910 F3070000 		.4byte	.LASF115
 1473 0914 08       		.byte	0x8
 1474 0915 44       		.byte	0x44
 1475 0916 B5000000 		.4byte	0xb5
 1476 091a 16       		.uleb128 0x16
 1477 091b 7D000000 		.4byte	.LASF116
 1478 091f 05       		.byte	0x5
 1479 0920 AD       		.byte	0xad
 1480 0921 EC000000 		.4byte	0xec
 1481 0925 05       		.uleb128 0x5
 1482 0926 03       		.byte	0x3
 1483 0927 00000000 		.4byte	EE_cortex_mx_IRQ_tos
 1484 092b 11       		.uleb128 0x11
 1485 092c 55000000 		.4byte	0x55
 1486 0930 3B090000 		.4byte	0x93b
 1487 0934 14       		.uleb128 0x14
 1488 0935 80030000 		.4byte	0x380
 1489 0939 F9       		.byte	0xf9
 1490 093a 00       		.byte	0
 1491 093b 16       		.uleb128 0x16
 1492 093c 52030000 		.4byte	.LASF117
 1493 0940 05       		.byte	0x5
 1494 0941 15       		.byte	0x15
 1495 0942 2B090000 		.4byte	0x92b
ARM GAS  C:\Users\JASON\AppData\Local\Temp\ccL9fRGs.s 			page 28


 1496 0946 05       		.uleb128 0x5
 1497 0947 03       		.byte	0x3
 1498 0948 00000000 		.4byte	EE_cortex_mx_stack_2
 1499 094c 11       		.uleb128 0x11
 1500 094d 55000000 		.4byte	0x55
 1501 0951 5D090000 		.4byte	0x95d
 1502 0955 19       		.uleb128 0x19
 1503 0956 80030000 		.4byte	0x380
 1504 095a E703     		.2byte	0x3e7
 1505 095c 00       		.byte	0
 1506 095d 16       		.uleb128 0x16
 1507 095e BE050000 		.4byte	.LASF118
 1508 0962 05       		.byte	0x5
 1509 0963 19       		.byte	0x19
 1510 0964 4C090000 		.4byte	0x94c
 1511 0968 05       		.uleb128 0x5
 1512 0969 03       		.byte	0x3
 1513 096a 00000000 		.4byte	EE_cortex_mx_stack_3
 1514 096e 16       		.uleb128 0x16
 1515 096f 7B030000 		.4byte	.LASF119
 1516 0973 05       		.byte	0x5
 1517 0974 1D       		.byte	0x1d
 1518 0975 4C090000 		.4byte	0x94c
 1519 0979 05       		.uleb128 0x5
 1520 097a 03       		.byte	0x3
 1521 097b 00000000 		.4byte	EE_cortex_mx_stack_4
 1522 097f 16       		.uleb128 0x16
 1523 0980 90030000 		.4byte	.LASF120
 1524 0984 05       		.byte	0x5
 1525 0985 25       		.byte	0x25
 1526 0986 4C090000 		.4byte	0x94c
 1527 098a 05       		.uleb128 0x5
 1528 098b 03       		.byte	0x3
 1529 098c 00000000 		.4byte	EE_cortex_mx_stack_6
 1530 0990 11       		.uleb128 0x11
 1531 0991 55000000 		.4byte	0x55
 1532 0995 A0090000 		.4byte	0x9a0
 1533 0999 14       		.uleb128 0x14
 1534 099a 80030000 		.4byte	0x380
 1535 099e 7F       		.byte	0x7f
 1536 099f 00       		.byte	0
 1537 09a0 16       		.uleb128 0x16
 1538 09a1 A5030000 		.4byte	.LASF121
 1539 09a5 05       		.byte	0x5
 1540 09a6 32       		.byte	0x32
 1541 09a7 90090000 		.4byte	0x990
 1542 09ab 05       		.uleb128 0x5
 1543 09ac 03       		.byte	0x3
 1544 09ad 00000000 		.4byte	EE_cortex_mx_stack_9
 1545 09b1 00       		.byte	0
 1546              		.section	.debug_abbrev,"",%progbits
 1547              	.Ldebug_abbrev0:
 1548 0000 01       		.uleb128 0x1
 1549 0001 11       		.uleb128 0x11
 1550 0002 01       		.byte	0x1
 1551 0003 25       		.uleb128 0x25
 1552 0004 0E       		.uleb128 0xe
ARM GAS  C:\Users\JASON\AppData\Local\Temp\ccL9fRGs.s 			page 29


 1553 0005 13       		.uleb128 0x13
 1554 0006 0B       		.uleb128 0xb
 1555 0007 03       		.uleb128 0x3
 1556 0008 0E       		.uleb128 0xe
 1557 0009 1B       		.uleb128 0x1b
 1558 000a 0E       		.uleb128 0xe
 1559 000b 10       		.uleb128 0x10
 1560 000c 17       		.uleb128 0x17
 1561 000d 00       		.byte	0
 1562 000e 00       		.byte	0
 1563 000f 02       		.uleb128 0x2
 1564 0010 24       		.uleb128 0x24
 1565 0011 00       		.byte	0
 1566 0012 0B       		.uleb128 0xb
 1567 0013 0B       		.uleb128 0xb
 1568 0014 3E       		.uleb128 0x3e
 1569 0015 0B       		.uleb128 0xb
 1570 0016 03       		.uleb128 0x3
 1571 0017 0E       		.uleb128 0xe
 1572 0018 00       		.byte	0
 1573 0019 00       		.byte	0
 1574 001a 03       		.uleb128 0x3
 1575 001b 24       		.uleb128 0x24
 1576 001c 00       		.byte	0
 1577 001d 0B       		.uleb128 0xb
 1578 001e 0B       		.uleb128 0xb
 1579 001f 3E       		.uleb128 0x3e
 1580 0020 0B       		.uleb128 0xb
 1581 0021 03       		.uleb128 0x3
 1582 0022 08       		.uleb128 0x8
 1583 0023 00       		.byte	0
 1584 0024 00       		.byte	0
 1585 0025 04       		.uleb128 0x4
 1586 0026 16       		.uleb128 0x16
 1587 0027 00       		.byte	0
 1588 0028 03       		.uleb128 0x3
 1589 0029 0E       		.uleb128 0xe
 1590 002a 3A       		.uleb128 0x3a
 1591 002b 0B       		.uleb128 0xb
 1592 002c 3B       		.uleb128 0x3b
 1593 002d 0B       		.uleb128 0xb
 1594 002e 49       		.uleb128 0x49
 1595 002f 13       		.uleb128 0x13
 1596 0030 00       		.byte	0
 1597 0031 00       		.byte	0
 1598 0032 05       		.uleb128 0x5
 1599 0033 0F       		.uleb128 0xf
 1600 0034 00       		.byte	0
 1601 0035 0B       		.uleb128 0xb
 1602 0036 0B       		.uleb128 0xb
 1603 0037 00       		.byte	0
 1604 0038 00       		.byte	0
 1605 0039 06       		.uleb128 0x6
 1606 003a 0F       		.uleb128 0xf
 1607 003b 00       		.byte	0
 1608 003c 0B       		.uleb128 0xb
 1609 003d 0B       		.uleb128 0xb
ARM GAS  C:\Users\JASON\AppData\Local\Temp\ccL9fRGs.s 			page 30


 1610 003e 49       		.uleb128 0x49
 1611 003f 13       		.uleb128 0x13
 1612 0040 00       		.byte	0
 1613 0041 00       		.byte	0
 1614 0042 07       		.uleb128 0x7
 1615 0043 15       		.uleb128 0x15
 1616 0044 00       		.byte	0
 1617 0045 27       		.uleb128 0x27
 1618 0046 19       		.uleb128 0x19
 1619 0047 00       		.byte	0
 1620 0048 00       		.byte	0
 1621 0049 08       		.uleb128 0x8
 1622 004a 13       		.uleb128 0x13
 1623 004b 01       		.byte	0x1
 1624 004c 03       		.uleb128 0x3
 1625 004d 0E       		.uleb128 0xe
 1626 004e 0B       		.uleb128 0xb
 1627 004f 0B       		.uleb128 0xb
 1628 0050 3A       		.uleb128 0x3a
 1629 0051 0B       		.uleb128 0xb
 1630 0052 3B       		.uleb128 0x3b
 1631 0053 0B       		.uleb128 0xb
 1632 0054 01       		.uleb128 0x1
 1633 0055 13       		.uleb128 0x13
 1634 0056 00       		.byte	0
 1635 0057 00       		.byte	0
 1636 0058 09       		.uleb128 0x9
 1637 0059 0D       		.uleb128 0xd
 1638 005a 00       		.byte	0
 1639 005b 03       		.uleb128 0x3
 1640 005c 0E       		.uleb128 0xe
 1641 005d 3A       		.uleb128 0x3a
 1642 005e 0B       		.uleb128 0xb
 1643 005f 3B       		.uleb128 0x3b
 1644 0060 0B       		.uleb128 0xb
 1645 0061 49       		.uleb128 0x49
 1646 0062 13       		.uleb128 0x13
 1647 0063 38       		.uleb128 0x38
 1648 0064 0B       		.uleb128 0xb
 1649 0065 00       		.byte	0
 1650 0066 00       		.byte	0
 1651 0067 0A       		.uleb128 0xa
 1652 0068 16       		.uleb128 0x16
 1653 0069 00       		.byte	0
 1654 006a 03       		.uleb128 0x3
 1655 006b 0E       		.uleb128 0xe
 1656 006c 3A       		.uleb128 0x3a
 1657 006d 0B       		.uleb128 0xb
 1658 006e 3B       		.uleb128 0x3b
 1659 006f 05       		.uleb128 0x5
 1660 0070 49       		.uleb128 0x49
 1661 0071 13       		.uleb128 0x13
 1662 0072 00       		.byte	0
 1663 0073 00       		.byte	0
 1664 0074 0B       		.uleb128 0xb
 1665 0075 13       		.uleb128 0x13
 1666 0076 01       		.byte	0x1
ARM GAS  C:\Users\JASON\AppData\Local\Temp\ccL9fRGs.s 			page 31


 1667 0077 0B       		.uleb128 0xb
 1668 0078 0B       		.uleb128 0xb
 1669 0079 3A       		.uleb128 0x3a
 1670 007a 0B       		.uleb128 0xb
 1671 007b 3B       		.uleb128 0x3b
 1672 007c 05       		.uleb128 0x5
 1673 007d 01       		.uleb128 0x1
 1674 007e 13       		.uleb128 0x13
 1675 007f 00       		.byte	0
 1676 0080 00       		.byte	0
 1677 0081 0C       		.uleb128 0xc
 1678 0082 0D       		.uleb128 0xd
 1679 0083 00       		.byte	0
 1680 0084 03       		.uleb128 0x3
 1681 0085 0E       		.uleb128 0xe
 1682 0086 3A       		.uleb128 0x3a
 1683 0087 0B       		.uleb128 0xb
 1684 0088 3B       		.uleb128 0x3b
 1685 0089 05       		.uleb128 0x5
 1686 008a 49       		.uleb128 0x49
 1687 008b 13       		.uleb128 0x13
 1688 008c 38       		.uleb128 0x38
 1689 008d 0B       		.uleb128 0xb
 1690 008e 00       		.byte	0
 1691 008f 00       		.byte	0
 1692 0090 0D       		.uleb128 0xd
 1693 0091 04       		.uleb128 0x4
 1694 0092 01       		.byte	0x1
 1695 0093 0B       		.uleb128 0xb
 1696 0094 0B       		.uleb128 0xb
 1697 0095 49       		.uleb128 0x49
 1698 0096 13       		.uleb128 0x13
 1699 0097 3A       		.uleb128 0x3a
 1700 0098 0B       		.uleb128 0xb
 1701 0099 3B       		.uleb128 0x3b
 1702 009a 05       		.uleb128 0x5
 1703 009b 01       		.uleb128 0x1
 1704 009c 13       		.uleb128 0x13
 1705 009d 00       		.byte	0
 1706 009e 00       		.byte	0
 1707 009f 0E       		.uleb128 0xe
 1708 00a0 28       		.uleb128 0x28
 1709 00a1 00       		.byte	0
 1710 00a2 03       		.uleb128 0x3
 1711 00a3 0E       		.uleb128 0xe
 1712 00a4 1C       		.uleb128 0x1c
 1713 00a5 0B       		.uleb128 0xb
 1714 00a6 00       		.byte	0
 1715 00a7 00       		.byte	0
 1716 00a8 0F       		.uleb128 0xf
 1717 00a9 0D       		.uleb128 0xd
 1718 00aa 00       		.byte	0
 1719 00ab 03       		.uleb128 0x3
 1720 00ac 08       		.uleb128 0x8
 1721 00ad 3A       		.uleb128 0x3a
 1722 00ae 0B       		.uleb128 0xb
 1723 00af 3B       		.uleb128 0x3b
ARM GAS  C:\Users\JASON\AppData\Local\Temp\ccL9fRGs.s 			page 32


 1724 00b0 05       		.uleb128 0x5
 1725 00b1 49       		.uleb128 0x49
 1726 00b2 13       		.uleb128 0x13
 1727 00b3 38       		.uleb128 0x38
 1728 00b4 0B       		.uleb128 0xb
 1729 00b5 00       		.byte	0
 1730 00b6 00       		.byte	0
 1731 00b7 10       		.uleb128 0x10
 1732 00b8 13       		.uleb128 0x13
 1733 00b9 01       		.byte	0x1
 1734 00ba 03       		.uleb128 0x3
 1735 00bb 0E       		.uleb128 0xe
 1736 00bc 0B       		.uleb128 0xb
 1737 00bd 0B       		.uleb128 0xb
 1738 00be 3A       		.uleb128 0x3a
 1739 00bf 0B       		.uleb128 0xb
 1740 00c0 3B       		.uleb128 0x3b
 1741 00c1 05       		.uleb128 0x5
 1742 00c2 01       		.uleb128 0x1
 1743 00c3 13       		.uleb128 0x13
 1744 00c4 00       		.byte	0
 1745 00c5 00       		.byte	0
 1746 00c6 11       		.uleb128 0x11
 1747 00c7 01       		.uleb128 0x1
 1748 00c8 01       		.byte	0x1
 1749 00c9 49       		.uleb128 0x49
 1750 00ca 13       		.uleb128 0x13
 1751 00cb 01       		.uleb128 0x1
 1752 00cc 13       		.uleb128 0x13
 1753 00cd 00       		.byte	0
 1754 00ce 00       		.byte	0
 1755 00cf 12       		.uleb128 0x12
 1756 00d0 21       		.uleb128 0x21
 1757 00d1 00       		.byte	0
 1758 00d2 00       		.byte	0
 1759 00d3 00       		.byte	0
 1760 00d4 13       		.uleb128 0x13
 1761 00d5 26       		.uleb128 0x26
 1762 00d6 00       		.byte	0
 1763 00d7 49       		.uleb128 0x49
 1764 00d8 13       		.uleb128 0x13
 1765 00d9 00       		.byte	0
 1766 00da 00       		.byte	0
 1767 00db 14       		.uleb128 0x14
 1768 00dc 21       		.uleb128 0x21
 1769 00dd 00       		.byte	0
 1770 00de 49       		.uleb128 0x49
 1771 00df 13       		.uleb128 0x13
 1772 00e0 2F       		.uleb128 0x2f
 1773 00e1 0B       		.uleb128 0xb
 1774 00e2 00       		.byte	0
 1775 00e3 00       		.byte	0
 1776 00e4 15       		.uleb128 0x15
 1777 00e5 34       		.uleb128 0x34
 1778 00e6 00       		.byte	0
 1779 00e7 03       		.uleb128 0x3
 1780 00e8 0E       		.uleb128 0xe
ARM GAS  C:\Users\JASON\AppData\Local\Temp\ccL9fRGs.s 			page 33


 1781 00e9 3A       		.uleb128 0x3a
 1782 00ea 0B       		.uleb128 0xb
 1783 00eb 3B       		.uleb128 0x3b
 1784 00ec 05       		.uleb128 0x5
 1785 00ed 49       		.uleb128 0x49
 1786 00ee 13       		.uleb128 0x13
 1787 00ef 02       		.uleb128 0x2
 1788 00f0 18       		.uleb128 0x18
 1789 00f1 00       		.byte	0
 1790 00f2 00       		.byte	0
 1791 00f3 16       		.uleb128 0x16
 1792 00f4 34       		.uleb128 0x34
 1793 00f5 00       		.byte	0
 1794 00f6 03       		.uleb128 0x3
 1795 00f7 0E       		.uleb128 0xe
 1796 00f8 3A       		.uleb128 0x3a
 1797 00f9 0B       		.uleb128 0xb
 1798 00fa 3B       		.uleb128 0x3b
 1799 00fb 0B       		.uleb128 0xb
 1800 00fc 49       		.uleb128 0x49
 1801 00fd 13       		.uleb128 0x13
 1802 00fe 3F       		.uleb128 0x3f
 1803 00ff 19       		.uleb128 0x19
 1804 0100 02       		.uleb128 0x2
 1805 0101 18       		.uleb128 0x18
 1806 0102 00       		.byte	0
 1807 0103 00       		.byte	0
 1808 0104 17       		.uleb128 0x17
 1809 0105 34       		.uleb128 0x34
 1810 0106 00       		.byte	0
 1811 0107 03       		.uleb128 0x3
 1812 0108 0E       		.uleb128 0xe
 1813 0109 3A       		.uleb128 0x3a
 1814 010a 0B       		.uleb128 0xb
 1815 010b 3B       		.uleb128 0x3b
 1816 010c 05       		.uleb128 0x5
 1817 010d 49       		.uleb128 0x49
 1818 010e 13       		.uleb128 0x13
 1819 010f 3F       		.uleb128 0x3f
 1820 0110 19       		.uleb128 0x19
 1821 0111 02       		.uleb128 0x2
 1822 0112 18       		.uleb128 0x18
 1823 0113 00       		.byte	0
 1824 0114 00       		.byte	0
 1825 0115 18       		.uleb128 0x18
 1826 0116 34       		.uleb128 0x34
 1827 0117 00       		.byte	0
 1828 0118 03       		.uleb128 0x3
 1829 0119 0E       		.uleb128 0xe
 1830 011a 3A       		.uleb128 0x3a
 1831 011b 0B       		.uleb128 0xb
 1832 011c 3B       		.uleb128 0x3b
 1833 011d 0B       		.uleb128 0xb
 1834 011e 49       		.uleb128 0x49
 1835 011f 13       		.uleb128 0x13
 1836 0120 3F       		.uleb128 0x3f
 1837 0121 19       		.uleb128 0x19
ARM GAS  C:\Users\JASON\AppData\Local\Temp\ccL9fRGs.s 			page 34


 1838 0122 3C       		.uleb128 0x3c
 1839 0123 19       		.uleb128 0x19
 1840 0124 00       		.byte	0
 1841 0125 00       		.byte	0
 1842 0126 19       		.uleb128 0x19
 1843 0127 21       		.uleb128 0x21
 1844 0128 00       		.byte	0
 1845 0129 49       		.uleb128 0x49
 1846 012a 13       		.uleb128 0x13
 1847 012b 2F       		.uleb128 0x2f
 1848 012c 05       		.uleb128 0x5
 1849 012d 00       		.byte	0
 1850 012e 00       		.byte	0
 1851 012f 00       		.byte	0
 1852              		.section	.debug_aranges,"",%progbits
 1853 0000 14000000 		.4byte	0x14
 1854 0004 0200     		.2byte	0x2
 1855 0006 00000000 		.4byte	.Ldebug_info0
 1856 000a 04       		.byte	0x4
 1857 000b 00       		.byte	0
 1858 000c 0000     		.2byte	0
 1859 000e 0000     		.2byte	0
 1860 0010 00000000 		.4byte	0
 1861 0014 00000000 		.4byte	0
 1862              		.section	.debug_line,"",%progbits
 1863              	.Ldebug_line0:
 1864 0000 28010000 		.section	.debug_str,"MS",%progbits,1
 1864      02002201 
 1864      00000201 
 1864      FB0E0D00 
 1864      01010101 
 1865              	.LASF78:
 1866 0000 45455F52 		.ascii	"EE_RESOURCE_NAME\000"
 1866      45534F55 
 1866      5243455F 
 1866      4E414D45 
 1866      00
 1867              	.LASF102:
 1868 0011 45455F74 		.ascii	"EE_th_resource_last\000"
 1868      685F7265 
 1868      736F7572 
 1868      63655F6C 
 1868      61737400 
 1869              	.LASF46:
 1870 0025 6E657874 		.ascii	"next\000"
 1870      00
 1871              	.LASF85:
 1872 002a 45455F74 		.ascii	"EE_th_terminate_nextask\000"
 1872      685F7465 
 1872      726D696E 
 1872      6174655F 
 1872      6E657874 
 1873              	.LASF24:
 1874 0042 5469636B 		.ascii	"TickType\000"
 1874      54797065 
 1874      00
 1875              	.LASF79:
ARM GAS  C:\Users\JASON\AppData\Local\Temp\ccL9fRGs.s 			page 35


 1876 004b 45455F52 		.ascii	"EE_RESOURCE_ID\000"
 1876      45534F55 
 1876      5243455F 
 1876      494400
 1877              	.LASF86:
 1878 005a 45455F73 		.ascii	"EE_stkfirst\000"
 1878      746B6669 
 1878      72737400 
 1879              	.LASF26:
 1880 0066 41637469 		.ascii	"ActionType\000"
 1880      6F6E5479 
 1880      706500
 1881              	.LASF19:
 1882 0071 45455F54 		.ascii	"EE_TYPEBOOL\000"
 1882      59504542 
 1882      4F4F4C00 
 1883              	.LASF116:
 1884 007d 45455F63 		.ascii	"EE_cortex_mx_IRQ_tos\000"
 1884      6F727465 
 1884      785F6D78 
 1884      5F495251 
 1884      5F746F73 
 1885              	.LASF7:
 1886 0092 6C6F6E67 		.ascii	"long long unsigned int\000"
 1886      206C6F6E 
 1886      6720756E 
 1886      7369676E 
 1886      65642069 
 1887              	.LASF45:
 1888 00a9 64656C74 		.ascii	"delta\000"
 1888      6100
 1889              	.LASF123:
 1890 00af 47656E65 		.ascii	"Generated_Source\\PSoC5\\ErikaOS_eecfg.c\000"
 1890      72617465 
 1890      645F536F 
 1890      75726365 
 1890      5C50536F 
 1891              	.LASF42:
 1892 00d6 45455F6F 		.ascii	"EE_oo_counter_object_ROM_type\000"
 1892      6F5F636F 
 1892      756E7465 
 1892      725F6F62 
 1892      6A656374 
 1893              	.LASF91:
 1894 00f4 45455F72 		.ascii	"EE_rq_pairs_next\000"
 1894      715F7061 
 1894      6972735F 
 1894      6E657874 
 1894      00
 1895              	.LASF22:
 1896 0105 5461736B 		.ascii	"TaskType\000"
 1896      54797065 
 1896      00
 1897              	.LASF61:
 1898 010e 45455F54 		.ascii	"EE_TOS\000"
 1898      4F5300
 1899              	.LASF29:
ARM GAS  C:\Users\JASON\AppData\Local\Temp\ccL9fRGs.s 			page 36


 1900 0115 6D617861 		.ascii	"maxallowedvalue\000"
 1900      6C6C6F77 
 1900      65647661 
 1900      6C756500 
 1901              	.LASF125:
 1902 0125 45455F6F 		.ascii	"EE_oo_autostart_task_mode_OSDEFAULTAPPMODE\000"
 1902      6F5F6175 
 1902      746F7374 
 1902      6172745F 
 1902      7461736B 
 1903              	.LASF81:
 1904 0150 45455F41 		.ascii	"EE_ALARM_ID\000"
 1904      4C41524D 
 1904      5F494400 
 1905              	.LASF6:
 1906 015c 6C6F6E67 		.ascii	"long long int\000"
 1906      206C6F6E 
 1906      6720696E 
 1906      7400
 1907              	.LASF0:
 1908 016a 7369676E 		.ascii	"signed char\000"
 1908      65642063 
 1908      68617200 
 1909              	.LASF52:
 1910 0176 45455F6F 		.ascii	"EE_oo_action_kind_type\000"
 1910      6F5F6163 
 1910      74696F6E 
 1910      5F6B696E 
 1910      645F7479 
 1911              	.LASF23:
 1912 018d 4576656E 		.ascii	"EventMaskType\000"
 1912      744D6173 
 1912      6B547970 
 1912      6500
 1913              	.LASF76:
 1914 019b 45455F45 		.ascii	"EE_EVENT_NAME\000"
 1914      56454E54 
 1914      5F4E414D 
 1914      4500
 1915              	.LASF107:
 1916 01a9 45455F61 		.ascii	"EE_alarm_ROM\000"
 1916      6C61726D 
 1916      5F524F4D 
 1916      00
 1917              	.LASF70:
 1918 01b6 45455F63 		.ascii	"EE_cortex_mx_active_tos\000"
 1918      6F727465 
 1918      785F6D78 
 1918      5F616374 
 1918      6976655F 
 1919              	.LASF35:
 1920 01ce 45455F6F 		.ascii	"EE_oo_counter_RAM_type\000"
 1920      6F5F636F 
 1920      756E7465 
 1920      725F5241 
 1920      4D5F7479 
 1921              	.LASF100:
ARM GAS  C:\Users\JASON\AppData\Local\Temp\ccL9fRGs.s 			page 37


 1922 01e5 45455F72 		.ascii	"EE_resource_oldceiling\000"
 1922      65736F75 
 1922      7263655F 
 1922      6F6C6463 
 1922      65696C69 
 1923              	.LASF80:
 1924 01fc 45455F45 		.ascii	"EE_EVENT_ID\000"
 1924      56454E54 
 1924      5F494400 
 1925              	.LASF4:
 1926 0208 6C6F6E67 		.ascii	"long int\000"
 1926      20696E74 
 1926      00
 1927              	.LASF89:
 1928 0211 45455F72 		.ascii	"EE_rq_queues_head\000"
 1928      715F7175 
 1928      65756573 
 1928      5F686561 
 1928      6400
 1929              	.LASF112:
 1930 0223 45455F6F 		.ascii	"EE_oo_IRQ_suspend_status\000"
 1930      6F5F4952 
 1930      515F7375 
 1930      7370656E 
 1930      645F7374 
 1931              	.LASF114:
 1932 023c 45455F73 		.ascii	"EE_std_endcycle_next_tid\000"
 1932      74645F65 
 1932      6E646379 
 1932      636C655F 
 1932      6E657874 
 1933              	.LASF31:
 1934 0255 6D696E63 		.ascii	"mincycle\000"
 1934      79636C65 
 1934      00
 1935              	.LASF20:
 1936 025e 45455F54 		.ascii	"EE_TID\000"
 1936      494400
 1937              	.LASF33:
 1938 0265 76616C75 		.ascii	"value\000"
 1938      6500
 1939              	.LASF8:
 1940 026b 756E7369 		.ascii	"unsigned int\000"
 1940      676E6564 
 1940      20696E74 
 1940      00
 1941              	.LASF16:
 1942 0278 45455F55 		.ascii	"EE_UREG\000"
 1942      52454700 
 1943              	.LASF60:
 1944 0280 45455F6F 		.ascii	"EE_oo_alarm_ROM_type\000"
 1944      6F5F616C 
 1944      61726D5F 
 1944      524F4D5F 
 1944      74797065 
 1945              	.LASF77:
 1946 0295 45455F41 		.ascii	"EE_ALARM_NAME\000"
ARM GAS  C:\Users\JASON\AppData\Local\Temp\ccL9fRGs.s 			page 38


 1946      4C41524D 
 1946      5F4E414D 
 1946      4500
 1947              	.LASF5:
 1948 02a3 6C6F6E67 		.ascii	"long unsigned int\000"
 1948      20756E73 
 1948      69676E65 
 1948      6420696E 
 1948      7400
 1949              	.LASF97:
 1950 02b5 45455F74 		.ascii	"EE_th_waswaiting\000"
 1950      685F7761 
 1950      73776169 
 1950      74696E67 
 1950      00
 1951              	.LASF62:
 1952 02c6 45455F6F 		.ascii	"EE_oo_autostart_task_type\000"
 1952      6F5F6175 
 1952      746F7374 
 1952      6172745F 
 1952      7461736B 
 1953              	.LASF41:
 1954 02e0 6B696E64 		.ascii	"kind\000"
 1954      00
 1955              	.LASF3:
 1956 02e5 73686F72 		.ascii	"short unsigned int\000"
 1956      7420756E 
 1956      7369676E 
 1956      65642069 
 1956      6E7400
 1957              	.LASF111:
 1958 02f8 45455F6F 		.ascii	"EE_oo_IRQ_disable_count\000"
 1958      6F5F4952 
 1958      515F6469 
 1958      7361626C 
 1958      655F636F 
 1959              	.LASF38:
 1960 0310 45455F6F 		.ascii	"EE_oo_counter_object_kind_type\000"
 1960      6F5F636F 
 1960      756E7465 
 1960      725F6F62 
 1960      6A656374 
 1961              	.LASF82:
 1962 032f 45455F74 		.ascii	"EE_th_status\000"
 1962      685F7374 
 1962      61747573 
 1962      00
 1963              	.LASF39:
 1964 033c 436F756E 		.ascii	"CounterObjectKindType\000"
 1964      7465724F 
 1964      626A6563 
 1964      744B696E 
 1964      64547970 
 1965              	.LASF117:
 1966 0352 45455F63 		.ascii	"EE_cortex_mx_stack_2\000"
 1966      6F727465 
 1966      785F6D78 
ARM GAS  C:\Users\JASON\AppData\Local\Temp\ccL9fRGs.s 			page 39


 1966      5F737461 
 1966      636B5F32 
 1967              	.LASF73:
 1968 0367 45455F74 		.ascii	"EE_th_dispatch_prio\000"
 1968      685F6469 
 1968      73706174 
 1968      63685F70 
 1968      72696F00 
 1969              	.LASF119:
 1970 037b 45455F63 		.ascii	"EE_cortex_mx_stack_4\000"
 1970      6F727465 
 1970      785F6D78 
 1970      5F737461 
 1970      636B5F34 
 1971              	.LASF120:
 1972 0390 45455F63 		.ascii	"EE_cortex_mx_stack_6\000"
 1972      6F727465 
 1972      785F6D78 
 1972      5F737461 
 1972      636B5F36 
 1973              	.LASF121:
 1974 03a5 45455F63 		.ascii	"EE_cortex_mx_stack_9\000"
 1974      6F727465 
 1974      785F6D78 
 1974      5F737461 
 1974      636B5F39 
 1975              	.LASF14:
 1976 03ba 45455F56 		.ascii	"EE_VOID_CALLBACK\000"
 1976      4F49445F 
 1976      43414C4C 
 1976      4241434B 
 1976      00
 1977              	.LASF27:
 1978 03cb 436F756E 		.ascii	"CounterType\000"
 1978      74657254 
 1978      79706500 
 1979              	.LASF105:
 1980 03d7 45455F6F 		.ascii	"EE_oo_counter_object_ROM\000"
 1980      6F5F636F 
 1980      756E7465 
 1980      725F6F62 
 1980      6A656374 
 1981              	.LASF59:
 1982 03f0 61637469 		.ascii	"action_id\000"
 1982      6F6E5F69 
 1982      6400
 1983              	.LASF113:
 1984 03fa 45455F41 		.ascii	"EE_ApplicationMode\000"
 1984      70706C69 
 1984      63617469 
 1984      6F6E4D6F 
 1984      646500
 1985              	.LASF106:
 1986 040d 45455F6F 		.ascii	"EE_oo_action_ROM\000"
 1986      6F5F6163 
 1986      74696F6E 
 1986      5F524F4D 
ARM GAS  C:\Users\JASON\AppData\Local\Temp\ccL9fRGs.s 			page 40


 1986      00
 1987              	.LASF21:
 1988 041e 45455F54 		.ascii	"EE_TYPE_RQ_MASK\000"
 1988      5950455F 
 1988      52515F4D 
 1988      41534B00 
 1989              	.LASF64:
 1990 042e 73697A65 		.ascii	"sizetype\000"
 1990      74797065 
 1990      00
 1991              	.LASF9:
 1992 0437 6C6F6E67 		.ascii	"long double\000"
 1992      20646F75 
 1992      626C6500 
 1993              	.LASF94:
 1994 0443 45455F72 		.ascii	"EE_rq_free\000"
 1994      715F6672 
 1994      656500
 1995              	.LASF88:
 1996 044e 45455F72 		.ascii	"EE_rq_link\000"
 1996      715F6C69 
 1996      6E6B00
 1997              	.LASF124:
 1998 0459 433A5C4A 		.ascii	"C:\\Jason\\EIT\\Semester_02\\01_EAA\\Lab\\Assignmen"
 1998      61736F6E 
 1998      5C454954 
 1998      5C53656D 
 1998      65737465 
 1999 0486 745F325C 		.ascii	"t_2\\ElectronicClock\\ElectronicClock.cydsn\000"
 1999      456C6563 
 1999      74726F6E 
 1999      6963436C 
 1999      6F636B5C 
 2000              	.LASF17:
 2001 04b0 45455F53 		.ascii	"EE_SREG\000"
 2001      52454700 
 2002              	.LASF30:
 2003 04b8 7469636B 		.ascii	"ticksperbase\000"
 2003      73706572 
 2003      62617365 
 2003      00
 2004              	.LASF43:
 2005 04c5 75736564 		.ascii	"used\000"
 2005      00
 2006              	.LASF47:
 2007 04ca 45455F6F 		.ascii	"EE_oo_counter_object_RAM_type\000"
 2007      6F5F636F 
 2007      756E7465 
 2007      725F6F62 
 2007      6A656374 
 2008              	.LASF104:
 2009 04e8 45455F63 		.ascii	"EE_counter_ROM\000"
 2009      6F756E74 
 2009      65725F52 
 2009      4F4D00
 2010              	.LASF58:
 2011 04f7 45455F6F 		.ascii	"EE_oo_action_ROM_type\000"
ARM GAS  C:\Users\JASON\AppData\Local\Temp\ccL9fRGs.s 			page 41


 2011      6F5F6163 
 2011      74696F6E 
 2011      5F524F4D 
 2011      5F747970 
 2012              	.LASF10:
 2013 050d 45455F55 		.ascii	"EE_UINT16\000"
 2013      494E5431 
 2013      3600
 2014              	.LASF37:
 2015 0517 45455F53 		.ascii	"EE_SCHEDULETABLE\000"
 2015      43484544 
 2015      554C4554 
 2015      41424C45 
 2015      00
 2016              	.LASF69:
 2017 0528 45455F63 		.ascii	"EE_cortex_mx_system_tos\000"
 2017      6F727465 
 2017      785F6D78 
 2017      5F737973 
 2017      74656D5F 
 2018              	.LASF1:
 2019 0540 756E7369 		.ascii	"unsigned char\000"
 2019      676E6564 
 2019      20636861 
 2019      7200
 2020              	.LASF36:
 2021 054e 45455F41 		.ascii	"EE_ALARM\000"
 2021      4C41524D 
 2021      00
 2022              	.LASF83:
 2023 0557 45455F74 		.ascii	"EE_th_next\000"
 2023      685F6E65 
 2023      787400
 2024              	.LASF68:
 2025 0562 45455F74 		.ascii	"EE_terminate_real_th_body\000"
 2025      65726D69 
 2025      6E617465 
 2025      5F726561 
 2025      6C5F7468 
 2026              	.LASF57:
 2027 057c 696E6363 		.ascii	"inccount\000"
 2027      6F756E74 
 2027      00
 2028              	.LASF2:
 2029 0585 73686F72 		.ascii	"short int\000"
 2029      7420696E 
 2029      7400
 2030              	.LASF96:
 2031 058f 45455F74 		.ascii	"EE_th_event_waitmask\000"
 2031      685F6576 
 2031      656E745F 
 2031      77616974 
 2031      6D61736B 
 2032              	.LASF110:
 2033 05a4 45455F6F 		.ascii	"EE_oo_autostart_task_data\000"
 2033      6F5F6175 
 2033      746F7374 
ARM GAS  C:\Users\JASON\AppData\Local\Temp\ccL9fRGs.s 			page 42


 2033      6172745F 
 2033      7461736B 
 2034              	.LASF118:
 2035 05be 45455F63 		.ascii	"EE_cortex_mx_stack_3\000"
 2035      6F727465 
 2035      785F6D78 
 2035      5F737461 
 2035      636B5F33 
 2036              	.LASF75:
 2037 05d3 45455F54 		.ascii	"EE_TASK_NAME\000"
 2037      41534B5F 
 2037      4E414D45 
 2037      00
 2038              	.LASF32:
 2039 05e0 45455F6F 		.ascii	"EE_oo_counter_ROM_type\000"
 2039      6F5F636F 
 2039      756E7465 
 2039      725F524F 
 2039      4D5F7479 
 2040              	.LASF122:
 2041 05f7 474E5520 		.ascii	"GNU C11 5.4.1 20160609 (release) [ARM/embedded-5-br"
 2041      43313120 
 2041      352E342E 
 2041      31203230 
 2041      31363036 
 2042 062a 616E6368 		.ascii	"anch revision 237715] -mcpu=cortex-m3 -mthumb -g -O"
 2042      20726576 
 2042      6973696F 
 2042      6E203233 
 2042      37373135 
 2043 065d 67202D66 		.ascii	"g -ffunction-sections -ffat-lto-objects\000"
 2043      66756E63 
 2043      74696F6E 
 2043      2D736563 
 2043      74696F6E 
 2044              	.LASF56:
 2045 0685 61637469 		.ascii	"action_mask\000"
 2045      6F6E5F6D 
 2045      61736B00 
 2046              	.LASF15:
 2047 0691 45455F54 		.ascii	"EE_THREAD_PTR\000"
 2047      48524541 
 2047      445F5054 
 2047      5200
 2048              	.LASF90:
 2049 069f 45455F72 		.ascii	"EE_rq_queues_tail\000"
 2049      715F7175 
 2049      65756573 
 2049      5F746169 
 2049      6C00
 2050              	.LASF66:
 2051 06b1 45455F73 		.ascii	"EE_std_thread_tos\000"
 2051      74645F74 
 2051      68726561 
 2051      645F746F 
 2051      7300
 2052              	.LASF51:
ARM GAS  C:\Users\JASON\AppData\Local\Temp\ccL9fRGs.s 			page 43


 2053 06c3 45455F41 		.ascii	"EE_ACTION_CALLBACK\000"
 2053      4354494F 
 2053      4E5F4341 
 2053      4C4C4241 
 2053      434B00
 2054              	.LASF93:
 2055 06d6 45455F72 		.ascii	"EE_rq_bitmask\000"
 2055      715F6269 
 2055      746D6173 
 2055      6B00
 2056              	.LASF103:
 2057 06e4 45455F72 		.ascii	"EE_resource_stack\000"
 2057      65736F75 
 2057      7263655F 
 2057      73746163 
 2057      6B00
 2058              	.LASF34:
 2059 06f6 66697273 		.ascii	"first\000"
 2059      7400
 2060              	.LASF25:
 2061 06fc 436F756E 		.ascii	"CounterObjectType\000"
 2061      7465724F 
 2061      626A6563 
 2061      74547970 
 2061      6500
 2062              	.LASF74:
 2063 070e 63686172 		.ascii	"char\000"
 2063      00
 2064              	.LASF48:
 2065 0713 45455F41 		.ascii	"EE_ACTION_TASK\000"
 2065      4354494F 
 2065      4E5F5441 
 2065      534B00
 2066              	.LASF71:
 2067 0722 45455F74 		.ascii	"EE_th_rnact_max\000"
 2067      685F726E 
 2067      6163745F 
 2067      6D617800 
 2068              	.LASF50:
 2069 0732 45455F41 		.ascii	"EE_ACTION_COUNTER\000"
 2069      4354494F 
 2069      4E5F434F 
 2069      554E5445 
 2069      5200
 2070              	.LASF108:
 2071 0744 45455F63 		.ascii	"EE_counter_RAM\000"
 2071      6F756E74 
 2071      65725F52 
 2071      414D00
 2072              	.LASF40:
 2073 0753 73706563 		.ascii	"spec_id\000"
 2073      5F696400 
 2074              	.LASF49:
 2075 075b 45455F41 		.ascii	"EE_ACTION_EVENT\000"
 2075      4354494F 
 2075      4E5F4556 
 2075      454E5400 
ARM GAS  C:\Users\JASON\AppData\Local\Temp\ccL9fRGs.s 			page 44


 2076              	.LASF65:
 2077 076b 45455F68 		.ascii	"EE_hal_thread_body\000"
 2077      616C5F74 
 2077      68726561 
 2077      645F626F 
 2077      647900
 2078              	.LASF87:
 2079 077e 45455F73 		.ascii	"EE_sys_ceiling\000"
 2079      79735F63 
 2079      65696C69 
 2079      6E6700
 2080              	.LASF54:
 2081 078d 61637469 		.ascii	"action_kind\000"
 2081      6F6E5F6B 
 2081      696E6400 
 2082              	.LASF63:
 2083 0799 7461736B 		.ascii	"task\000"
 2083      00
 2084              	.LASF109:
 2085 079e 45455F6F 		.ascii	"EE_oo_counter_object_RAM\000"
 2085      6F5F636F 
 2085      756E7465 
 2085      725F6F62 
 2085      6A656374 
 2086              	.LASF53:
 2087 07b7 41637469 		.ascii	"ActionKindType\000"
 2087      6F6E4B69 
 2087      6E645479 
 2087      706500
 2088              	.LASF72:
 2089 07c6 45455F74 		.ascii	"EE_th_ready_prio\000"
 2089      685F7265 
 2089      6164795F 
 2089      7072696F 
 2089      00
 2090              	.LASF84:
 2091 07d7 45455F74 		.ascii	"EE_th_rnact\000"
 2091      685F726E 
 2091      61637400 
 2092              	.LASF92:
 2093 07e3 45455F72 		.ascii	"EE_rq_pairs_tid\000"
 2093      715F7061 
 2093      6972735F 
 2093      74696400 
 2094              	.LASF115:
 2095 07f3 45455F49 		.ascii	"EE_IRQ_nesting_level\000"
 2095      52515F6E 
 2095      65737469 
 2095      6E675F6C 
 2095      6576656C 
 2096              	.LASF12:
 2097 0808 45455F55 		.ascii	"EE_UINT32\000"
 2097      494E5433 
 2097      3200
 2098              	.LASF11:
 2099 0812 45455F49 		.ascii	"EE_INT32\000"
 2099      4E543332 
ARM GAS  C:\Users\JASON\AppData\Local\Temp\ccL9fRGs.s 			page 45


 2099      00
 2100              	.LASF67:
 2101 081b 45455F74 		.ascii	"EE_terminate_data\000"
 2101      65726D69 
 2101      6E617465 
 2101      5F646174 
 2101      6100
 2102              	.LASF95:
 2103 082d 45455F74 		.ascii	"EE_th_event_active\000"
 2103      685F6576 
 2103      656E745F 
 2103      61637469 
 2103      766500
 2104              	.LASF44:
 2105 0840 636E7463 		.ascii	"cntcycle\000"
 2105      79636C65 
 2105      00
 2106              	.LASF28:
 2107 0849 5359535F 		.ascii	"SYS_tos\000"
 2107      746F7300 
 2108              	.LASF55:
 2109 0851 61637469 		.ascii	"action_task\000"
 2109      6F6E5F74 
 2109      61736B00 
 2110              	.LASF101:
 2111 085d 45455F72 		.ascii	"EE_resource_locked\000"
 2111      65736F75 
 2111      7263655F 
 2111      6C6F636B 
 2111      656400
 2112              	.LASF13:
 2113 0870 45455F41 		.ascii	"EE_ADDR\000"
 2113      44445200 
 2114              	.LASF98:
 2115 0878 45455F74 		.ascii	"EE_th_is_extended\000"
 2115      685F6973 
 2115      5F657874 
 2115      656E6465 
 2115      6400
 2116              	.LASF18:
 2117 088a 45455F46 		.ascii	"EE_FREG\000"
 2117      52454700 
 2118              	.LASF99:
 2119 0892 45455F72 		.ascii	"EE_resource_ceiling\000"
 2119      65736F75 
 2119      7263655F 
 2119      6365696C 
 2119      696E6700 
 2120              		.ident	"GCC: (GNU Tools for ARM Embedded Processors) 5.4.1 20160609 (release) [ARM/embedded-5-bran
