ARM GAS  C:\Users\JASON\AppData\Local\Temp\ccr0Eo6R.s 			page 1


   1              		.syntax unified
   2              		.cpu cortex-m3
   3              		.fpu softvfp
   4              		.eabi_attribute 20, 1
   5              		.eabi_attribute 21, 1
   6              		.eabi_attribute 23, 3
   7              		.eabi_attribute 24, 1
   8              		.eabi_attribute 25, 1
   9              		.eabi_attribute 26, 1
  10              		.eabi_attribute 30, 1
  11              		.eabi_attribute 34, 1
  12              		.eabi_attribute 18, 4
  13              		.thumb
  14              		.syntax unified
  15              		.file	"intToASCII.c"
  16              		.text
  17              	.Ltext0:
  18              		.cfi_sections	.debug_frame
  19              		.section	.text.intToASCII,"ax",%progbits
  20              		.align	2
  21              		.global	intToASCII
  22              		.thumb
  23              		.thumb_func
  24              		.type	intToASCII, %function
  25              	intToASCII:
  26              	.LFB110:
  27              		.file 1 "SourceFiles\\bsw\\intToASCII.c"
   1:SourceFiles\bsw/intToASCII.c **** /* ========================================
   2:SourceFiles\bsw/intToASCII.c ****  *
   3:SourceFiles\bsw/intToASCII.c ****  * Copyright YOUR COMPANY, THE YEAR
   4:SourceFiles\bsw/intToASCII.c ****  * All Rights Reserved
   5:SourceFiles\bsw/intToASCII.c ****  * UNPUBLISHED, LICENSED SOFTWARE.
   6:SourceFiles\bsw/intToASCII.c ****  *
   7:SourceFiles\bsw/intToASCII.c ****  * CONFIDENTIAL AND PROPRIETARY INFORMATION
   8:SourceFiles\bsw/intToASCII.c ****  * WHICH IS THE PROPERTY OF your company.
   9:SourceFiles\bsw/intToASCII.c ****  *
  10:SourceFiles\bsw/intToASCII.c ****  * ========================================
  11:SourceFiles\bsw/intToASCII.c **** */
  12:SourceFiles\bsw/intToASCII.c **** 
  13:SourceFiles\bsw/intToASCII.c **** //standard libraries
  14:SourceFiles\bsw/intToASCII.c **** #include <stdlib.h>
  15:SourceFiles\bsw/intToASCII.c **** 
  16:SourceFiles\bsw/intToASCII.c **** // Project libraries
  17:SourceFiles\bsw/intToASCII.c **** #include "project.h"
  18:SourceFiles\bsw/intToASCII.c **** #include "global.h"
  19:SourceFiles\bsw/intToASCII.c **** 
  20:SourceFiles\bsw/intToASCII.c **** // Custom libraries
  21:SourceFiles\bsw/intToASCII.c **** 
  22:SourceFiles\bsw/intToASCII.c **** // Project specific header inclusions.
  23:SourceFiles\bsw/intToASCII.c **** #include "intToASCII.h"
  24:SourceFiles\bsw/intToASCII.c **** 
  25:SourceFiles\bsw/intToASCII.c **** RC_t intToASCII(uint32_t integerNum, uint8_t* asciiEquiPtr, uint8_t noDigits)
  26:SourceFiles\bsw/intToASCII.c **** {
  28              		.loc 1 26 0
  29              		.cfi_startproc
  30              		@ args = 0, pretend = 0, frame = 0
  31              		@ frame_needed = 0, uses_anonymous_args = 0
ARM GAS  C:\Users\JASON\AppData\Local\Temp\ccr0Eo6R.s 			page 2


  32              		@ link register save eliminated.
  33              	.LVL0:
  34 0000 F0B4     		push	{r4, r5, r6, r7}
  35              		.cfi_def_cfa_offset 16
  36              		.cfi_offset 4, -16
  37              		.cfi_offset 5, -12
  38              		.cfi_offset 6, -8
  39              		.cfi_offset 7, -4
  40              	.LVL1:
  41              	.LBB2:
  27:SourceFiles\bsw/intToASCII.c ****     for (uint8_t i = 1; i <= noDigits; i++)
  42              		.loc 1 27 0
  43 0002 0124     		movs	r4, #1
  44 0004 0EE0     		b	.L2
  45              	.LVL2:
  46              	.L3:
  28:SourceFiles\bsw/intToASCII.c ****     {
  29:SourceFiles\bsw/intToASCII.c ****         *(asciiEquiPtr+noDigits-i) = 0x30+(integerNum%10);
  47              		.loc 1 29 0 discriminator 3
  48 0006 171B     		subs	r7, r2, r4
  49 0008 094B     		ldr	r3, .L5
  50 000a A3FB0053 		umull	r5, r3, r3, r0
  51 000e DB08     		lsrs	r3, r3, #3
  52 0010 1E46     		mov	r6, r3
  53 0012 03EB8303 		add	r3, r3, r3, lsl #2
  54 0016 5D00     		lsls	r5, r3, #1
  55 0018 431B     		subs	r3, r0, r5
  56 001a 3033     		adds	r3, r3, #48
  57 001c CB55     		strb	r3, [r1, r7]
  30:SourceFiles\bsw/intToASCII.c **** 
  31:SourceFiles\bsw/intToASCII.c ****         integerNum /= 10;
  58              		.loc 1 31 0 discriminator 3
  59 001e 3046     		mov	r0, r6
  60              	.LVL3:
  27:SourceFiles\bsw/intToASCII.c ****     {
  61              		.loc 1 27 0 discriminator 3
  62 0020 0134     		adds	r4, r4, #1
  63              	.LVL4:
  64 0022 E4B2     		uxtb	r4, r4
  65              	.LVL5:
  66              	.L2:
  27:SourceFiles\bsw/intToASCII.c ****     {
  67              		.loc 1 27 0 is_stmt 0 discriminator 1
  68 0024 9442     		cmp	r4, r2
  69 0026 EED9     		bls	.L3
  70              	.LBE2:
  32:SourceFiles\bsw/intToASCII.c ****     }
  33:SourceFiles\bsw/intToASCII.c **** 
  34:SourceFiles\bsw/intToASCII.c ****     *(asciiEquiPtr+noDigits) = 0;
  71              		.loc 1 34 0 is_stmt 1
  72 0028 0020     		movs	r0, #0
  73              	.LVL6:
  74 002a 8854     		strb	r0, [r1, r2]
  35:SourceFiles\bsw/intToASCII.c ****     
  36:SourceFiles\bsw/intToASCII.c ****     return RC_SUCCESS;
  37:SourceFiles\bsw/intToASCII.c **** }
  75              		.loc 1 37 0
ARM GAS  C:\Users\JASON\AppData\Local\Temp\ccr0Eo6R.s 			page 3


  76 002c F0BC     		pop	{r4, r5, r6, r7}
  77              		.cfi_restore 7
  78              		.cfi_restore 6
  79              		.cfi_restore 5
  80              		.cfi_restore 4
  81              		.cfi_def_cfa_offset 0
  82              	.LVL7:
  83 002e 7047     		bx	lr
  84              	.L6:
  85              		.align	2
  86              	.L5:
  87 0030 CDCCCCCC 		.word	-858993459
  88              		.cfi_endproc
  89              	.LFE110:
  90              		.size	intToASCII, .-intToASCII
  91              		.text
  92              	.Letext0:
  93              		.file 2 "c:\\program files (x86)\\cypress\\psoc creator\\4.4\\psoc creator\\import\\gnu\\arm\\5.4.
  94              		.file 3 "c:\\program files (x86)\\cypress\\psoc creator\\4.4\\psoc creator\\import\\gnu\\arm\\5.4.
  95              		.file 4 "Generated_Source\\PSoC5/ErikaOS_common_ee_types.inc"
  96              		.file 5 "Generated_Source\\PSoC5/ErikaOS_cortex_mx_ee_cpu.inc"
  97              		.file 6 "SourceFiles\\bsw\\global.h"
  98              		.file 7 "Generated_Source\\PSoC5/ErikaOS_ee_oo_intfunc.inc"
  99              		.file 8 "Generated_Source\\PSoC5/ErikaOS_cortex_mx_ee_context.inc"
 100              		.file 9 "Generated_Source\\PSoC5/ErikaOS_common_ee_primitives.inc"
 101              		.file 10 "Generated_Source\\PSoC5/core_cm3.h"
 102              		.section	.debug_info,"",%progbits
 103              	.Ldebug_info0:
 104 0000 60020000 		.4byte	0x260
 105 0004 0400     		.2byte	0x4
 106 0006 00000000 		.4byte	.Ldebug_abbrev0
 107 000a 04       		.byte	0x4
 108 000b 01       		.uleb128 0x1
 109 000c A1020000 		.4byte	.LASF61
 110 0010 0C       		.byte	0xc
 111 0011 00000000 		.4byte	.LASF62
 112 0015 BF030000 		.4byte	.LASF63
 113 0019 00000000 		.4byte	.Ldebug_ranges0+0
 114 001d 00000000 		.4byte	0
 115 0021 00000000 		.4byte	.Ldebug_line0
 116 0025 02       		.uleb128 0x2
 117 0026 04       		.byte	0x4
 118 0027 07       		.byte	0x7
 119 0028 46020000 		.4byte	.LASF0
 120 002c 03       		.uleb128 0x3
 121 002d 04       		.byte	0x4
 122 002e 05       		.byte	0x5
 123 002f 696E7400 		.ascii	"int\000"
 124 0033 02       		.uleb128 0x2
 125 0034 08       		.byte	0x8
 126 0035 05       		.byte	0x5
 127 0036 56010000 		.4byte	.LASF1
 128 003a 02       		.uleb128 0x2
 129 003b 08       		.byte	0x8
 130 003c 04       		.byte	0x4
 131 003d F7010000 		.4byte	.LASF2
 132 0041 02       		.uleb128 0x2
ARM GAS  C:\Users\JASON\AppData\Local\Temp\ccr0Eo6R.s 			page 4


 133 0042 01       		.byte	0x1
 134 0043 06       		.byte	0x6
 135 0044 11020000 		.4byte	.LASF3
 136 0048 04       		.uleb128 0x4
 137 0049 CA010000 		.4byte	.LASF7
 138 004d 02       		.byte	0x2
 139 004e 1D       		.byte	0x1d
 140 004f 53000000 		.4byte	0x53
 141 0053 02       		.uleb128 0x2
 142 0054 01       		.byte	0x1
 143 0055 08       		.byte	0x8
 144 0056 03020000 		.4byte	.LASF4
 145 005a 02       		.uleb128 0x2
 146 005b 02       		.byte	0x2
 147 005c 05       		.byte	0x5
 148 005d 4F000000 		.4byte	.LASF5
 149 0061 02       		.uleb128 0x2
 150 0062 02       		.byte	0x2
 151 0063 07       		.byte	0x7
 152 0064 8E020000 		.4byte	.LASF6
 153 0068 04       		.uleb128 0x4
 154 0069 AA030000 		.4byte	.LASF8
 155 006d 02       		.byte	0x2
 156 006e 3F       		.byte	0x3f
 157 006f 73000000 		.4byte	0x73
 158 0073 02       		.uleb128 0x2
 159 0074 04       		.byte	0x4
 160 0075 05       		.byte	0x5
 161 0076 A1010000 		.4byte	.LASF9
 162 007a 04       		.uleb128 0x4
 163 007b B2000000 		.4byte	.LASF10
 164 007f 02       		.byte	0x2
 165 0080 41       		.byte	0x41
 166 0081 85000000 		.4byte	0x85
 167 0085 02       		.uleb128 0x2
 168 0086 04       		.byte	0x4
 169 0087 07       		.byte	0x7
 170 0088 77030000 		.4byte	.LASF11
 171 008c 02       		.uleb128 0x2
 172 008d 08       		.byte	0x8
 173 008e 07       		.byte	0x7
 174 008f 26020000 		.4byte	.LASF12
 175 0093 02       		.uleb128 0x2
 176 0094 04       		.byte	0x4
 177 0095 07       		.byte	0x7
 178 0096 7F000000 		.4byte	.LASF13
 179 009a 02       		.uleb128 0x2
 180 009b 01       		.byte	0x1
 181 009c 08       		.byte	0x8
 182 009d 2F030000 		.4byte	.LASF14
 183 00a1 04       		.uleb128 0x4
 184 00a2 DB000000 		.4byte	.LASF15
 185 00a6 03       		.byte	0x3
 186 00a7 18       		.byte	0x18
 187 00a8 48000000 		.4byte	0x48
 188 00ac 04       		.uleb128 0x4
 189 00ad 49030000 		.4byte	.LASF16
ARM GAS  C:\Users\JASON\AppData\Local\Temp\ccr0Eo6R.s 			page 5


 190 00b1 03       		.byte	0x3
 191 00b2 2C       		.byte	0x2c
 192 00b3 68000000 		.4byte	0x68
 193 00b7 04       		.uleb128 0x4
 194 00b8 3D020000 		.4byte	.LASF17
 195 00bc 03       		.byte	0x3
 196 00bd 30       		.byte	0x30
 197 00be 7A000000 		.4byte	0x7a
 198 00c2 02       		.uleb128 0x2
 199 00c3 04       		.byte	0x4
 200 00c4 04       		.byte	0x4
 201 00c5 37010000 		.4byte	.LASF18
 202 00c9 02       		.uleb128 0x2
 203 00ca 08       		.byte	0x8
 204 00cb 04       		.byte	0x4
 205 00cc 89030000 		.4byte	.LASF19
 206 00d0 04       		.uleb128 0x4
 207 00d1 85020000 		.4byte	.LASF20
 208 00d5 04       		.byte	0x4
 209 00d6 53       		.byte	0x53
 210 00d7 2C000000 		.4byte	0x2c
 211 00db 04       		.uleb128 0x4
 212 00dc BD000000 		.4byte	.LASF21
 213 00e0 04       		.byte	0x4
 214 00e1 54       		.byte	0x54
 215 00e2 25000000 		.4byte	0x25
 216 00e6 04       		.uleb128 0x4
 217 00e7 A2030000 		.4byte	.LASF22
 218 00eb 05       		.byte	0x5
 219 00ec 4D       		.byte	0x4d
 220 00ed DB000000 		.4byte	0xdb
 221 00f1 04       		.uleb128 0x4
 222 00f2 96000000 		.4byte	.LASF23
 223 00f6 05       		.byte	0x5
 224 00f7 4F       		.byte	0x4f
 225 00f8 DB000000 		.4byte	0xdb
 226 00fc 04       		.uleb128 0x4
 227 00fd D4000000 		.4byte	.LASF24
 228 0101 05       		.byte	0x5
 229 0102 78       		.byte	0x78
 230 0103 D0000000 		.4byte	0xd0
 231 0107 05       		.uleb128 0x5
 232 0108 01       		.byte	0x1
 233 0109 41000000 		.4byte	0x41
 234 010d 06       		.byte	0x6
 235 010e CF       		.byte	0xcf
 236 010f B0010000 		.4byte	0x1b0
 237 0113 06       		.uleb128 0x6
 238 0114 30000000 		.4byte	.LASF25
 239 0118 00       		.byte	0
 240 0119 07       		.uleb128 0x7
 241 011a 40040000 		.4byte	.LASF26
 242 011e 7F       		.sleb128 -1
 243 011f 07       		.uleb128 0x7
 244 0120 61020000 		.4byte	.LASF27
 245 0124 7E       		.sleb128 -2
 246 0125 07       		.uleb128 0x7
ARM GAS  C:\Users\JASON\AppData\Local\Temp\ccr0Eo6R.s 			page 6


 247 0126 88000000 		.4byte	.LASF28
 248 012a 7D       		.sleb128 -3
 249 012b 07       		.uleb128 0x7
 250 012c 49040000 		.4byte	.LASF29
 251 0130 7C       		.sleb128 -4
 252 0131 07       		.uleb128 0x7
 253 0132 28010000 		.4byte	.LASF30
 254 0136 7B       		.sleb128 -5
 255 0137 07       		.uleb128 0x7
 256 0138 59000000 		.4byte	.LASF31
 257 013c 7A       		.sleb128 -6
 258 013d 07       		.uleb128 0x7
 259 013e AA010000 		.4byte	.LASF32
 260 0142 79       		.sleb128 -7
 261 0143 07       		.uleb128 0x7
 262 0144 34030000 		.4byte	.LASF33
 263 0148 78       		.sleb128 -8
 264 0149 07       		.uleb128 0x7
 265 014a 6F020000 		.4byte	.LASF34
 266 014e 77       		.sleb128 -9
 267 014f 07       		.uleb128 0x7
 268 0150 BC010000 		.4byte	.LASF35
 269 0154 76       		.sleb128 -10
 270 0155 07       		.uleb128 0x7
 271 0156 76040000 		.4byte	.LASF36
 272 015a 75       		.sleb128 -11
 273 015b 07       		.uleb128 0x7
 274 015c 53020000 		.4byte	.LASF37
 275 0160 74       		.sleb128 -12
 276 0161 07       		.uleb128 0x7
 277 0162 90030000 		.4byte	.LASF38
 278 0166 73       		.sleb128 -13
 279 0167 07       		.uleb128 0x7
 280 0168 1D000000 		.4byte	.LASF39
 281 016c 72       		.sleb128 -14
 282 016d 07       		.uleb128 0x7
 283 016e 3B000000 		.4byte	.LASF40
 284 0172 71       		.sleb128 -15
 285 0173 07       		.uleb128 0x7
 286 0174 D4010000 		.4byte	.LASF41
 287 0178 70       		.sleb128 -16
 288 0179 07       		.uleb128 0x7
 289 017a 9E000000 		.4byte	.LASF42
 290 017e 6F       		.sleb128 -17
 291 017f 07       		.uleb128 0x7
 292 0180 6A000000 		.4byte	.LASF43
 293 0184 6E       		.sleb128 -18
 294 0185 07       		.uleb128 0x7
 295 0186 7D010000 		.4byte	.LASF44
 296 018a 6D       		.sleb128 -19
 297 018b 07       		.uleb128 0x7
 298 018c 51030000 		.4byte	.LASF45
 299 0190 6C       		.sleb128 -20
 300 0191 07       		.uleb128 0x7
 301 0192 E5010000 		.4byte	.LASF46
 302 0196 6B       		.sleb128 -21
 303 0197 07       		.uleb128 0x7
ARM GAS  C:\Users\JASON\AppData\Local\Temp\ccr0Eo6R.s 			page 7


 304 0198 16040000 		.4byte	.LASF47
 305 019c 6A       		.sleb128 -22
 306 019d 07       		.uleb128 0x7
 307 019e E3000000 		.4byte	.LASF48
 308 01a2 69       		.sleb128 -23
 309 01a3 07       		.uleb128 0x7
 310 01a4 90010000 		.4byte	.LASF49
 311 01a8 68       		.sleb128 -24
 312 01a9 07       		.uleb128 0x7
 313 01aa 3D010000 		.4byte	.LASF50
 314 01ae 67       		.sleb128 -25
 315 01af 00       		.byte	0
 316 01b0 04       		.uleb128 0x4
 317 01b1 71040000 		.4byte	.LASF51
 318 01b5 06       		.byte	0x6
 319 01b6 EA       		.byte	0xea
 320 01b7 07010000 		.4byte	0x107
 321 01bb 08       		.uleb128 0x8
 322 01bc B4030000 		.4byte	.LASF64
 323 01c0 01       		.byte	0x1
 324 01c1 19       		.byte	0x19
 325 01c2 B0010000 		.4byte	0x1b0
 326 01c6 00000000 		.4byte	.LFB110
 327 01ca 34000000 		.4byte	.LFE110-.LFB110
 328 01ce 01       		.uleb128 0x1
 329 01cf 9C       		.byte	0x9c
 330 01d0 15020000 		.4byte	0x215
 331 01d4 09       		.uleb128 0x9
 332 01d5 28040000 		.4byte	.LASF52
 333 01d9 01       		.byte	0x1
 334 01da 19       		.byte	0x19
 335 01db B7000000 		.4byte	0xb7
 336 01df 00000000 		.4byte	.LLST0
 337 01e3 0A       		.uleb128 0xa
 338 01e4 C7000000 		.4byte	.LASF53
 339 01e8 01       		.byte	0x1
 340 01e9 19       		.byte	0x19
 341 01ea 15020000 		.4byte	0x215
 342 01ee 01       		.uleb128 0x1
 343 01ef 51       		.byte	0x51
 344 01f0 0A       		.uleb128 0xa
 345 01f1 1D020000 		.4byte	.LASF54
 346 01f5 01       		.byte	0x1
 347 01f6 19       		.byte	0x19
 348 01f7 A1000000 		.4byte	0xa1
 349 01fb 01       		.uleb128 0x1
 350 01fc 52       		.byte	0x52
 351 01fd 0B       		.uleb128 0xb
 352 01fe 02000000 		.4byte	.LBB2
 353 0202 26000000 		.4byte	.LBE2-.LBB2
 354 0206 0C       		.uleb128 0xc
 355 0207 6900     		.ascii	"i\000"
 356 0209 01       		.byte	0x1
 357 020a 1B       		.byte	0x1b
 358 020b A1000000 		.4byte	0xa1
 359 020f 1E000000 		.4byte	.LLST1
 360 0213 00       		.byte	0
ARM GAS  C:\Users\JASON\AppData\Local\Temp\ccr0Eo6R.s 			page 8


 361 0214 00       		.byte	0
 362 0215 0D       		.uleb128 0xd
 363 0216 04       		.byte	0x4
 364 0217 A1000000 		.4byte	0xa1
 365 021b 0E       		.uleb128 0xe
 366 021c 59040000 		.4byte	.LASF55
 367 0220 07       		.byte	0x7
 368 0221 40       		.byte	0x40
 369 0222 E6000000 		.4byte	0xe6
 370 0226 0E       		.uleb128 0xe
 371 0227 64010000 		.4byte	.LASF56
 372 022b 07       		.byte	0x7
 373 022c 47       		.byte	0x47
 374 022d F1000000 		.4byte	0xf1
 375 0231 0E       		.uleb128 0xe
 376 0232 64030000 		.4byte	.LASF57
 377 0236 07       		.byte	0x7
 378 0237 4A       		.byte	0x4a
 379 0238 E6000000 		.4byte	0xe6
 380 023c 0E       		.uleb128 0xe
 381 023d 0F010000 		.4byte	.LASF58
 382 0241 08       		.byte	0x8
 383 0242 48       		.byte	0x48
 384 0243 FC000000 		.4byte	0xfc
 385 0247 0E       		.uleb128 0xe
 386 0248 FA000000 		.4byte	.LASF59
 387 024c 09       		.byte	0x9
 388 024d 44       		.byte	0x44
 389 024e E6000000 		.4byte	0xe6
 390 0252 0F       		.uleb128 0xf
 391 0253 33040000 		.4byte	.LASF60
 392 0257 0A       		.byte	0xa
 393 0258 1207     		.2byte	0x712
 394 025a 5E020000 		.4byte	0x25e
 395 025e 10       		.uleb128 0x10
 396 025f AC000000 		.4byte	0xac
 397 0263 00       		.byte	0
 398              		.section	.debug_abbrev,"",%progbits
 399              	.Ldebug_abbrev0:
 400 0000 01       		.uleb128 0x1
 401 0001 11       		.uleb128 0x11
 402 0002 01       		.byte	0x1
 403 0003 25       		.uleb128 0x25
 404 0004 0E       		.uleb128 0xe
 405 0005 13       		.uleb128 0x13
 406 0006 0B       		.uleb128 0xb
 407 0007 03       		.uleb128 0x3
 408 0008 0E       		.uleb128 0xe
 409 0009 1B       		.uleb128 0x1b
 410 000a 0E       		.uleb128 0xe
 411 000b 55       		.uleb128 0x55
 412 000c 17       		.uleb128 0x17
 413 000d 11       		.uleb128 0x11
 414 000e 01       		.uleb128 0x1
 415 000f 10       		.uleb128 0x10
 416 0010 17       		.uleb128 0x17
 417 0011 00       		.byte	0
ARM GAS  C:\Users\JASON\AppData\Local\Temp\ccr0Eo6R.s 			page 9


 418 0012 00       		.byte	0
 419 0013 02       		.uleb128 0x2
 420 0014 24       		.uleb128 0x24
 421 0015 00       		.byte	0
 422 0016 0B       		.uleb128 0xb
 423 0017 0B       		.uleb128 0xb
 424 0018 3E       		.uleb128 0x3e
 425 0019 0B       		.uleb128 0xb
 426 001a 03       		.uleb128 0x3
 427 001b 0E       		.uleb128 0xe
 428 001c 00       		.byte	0
 429 001d 00       		.byte	0
 430 001e 03       		.uleb128 0x3
 431 001f 24       		.uleb128 0x24
 432 0020 00       		.byte	0
 433 0021 0B       		.uleb128 0xb
 434 0022 0B       		.uleb128 0xb
 435 0023 3E       		.uleb128 0x3e
 436 0024 0B       		.uleb128 0xb
 437 0025 03       		.uleb128 0x3
 438 0026 08       		.uleb128 0x8
 439 0027 00       		.byte	0
 440 0028 00       		.byte	0
 441 0029 04       		.uleb128 0x4
 442 002a 16       		.uleb128 0x16
 443 002b 00       		.byte	0
 444 002c 03       		.uleb128 0x3
 445 002d 0E       		.uleb128 0xe
 446 002e 3A       		.uleb128 0x3a
 447 002f 0B       		.uleb128 0xb
 448 0030 3B       		.uleb128 0x3b
 449 0031 0B       		.uleb128 0xb
 450 0032 49       		.uleb128 0x49
 451 0033 13       		.uleb128 0x13
 452 0034 00       		.byte	0
 453 0035 00       		.byte	0
 454 0036 05       		.uleb128 0x5
 455 0037 04       		.uleb128 0x4
 456 0038 01       		.byte	0x1
 457 0039 0B       		.uleb128 0xb
 458 003a 0B       		.uleb128 0xb
 459 003b 49       		.uleb128 0x49
 460 003c 13       		.uleb128 0x13
 461 003d 3A       		.uleb128 0x3a
 462 003e 0B       		.uleb128 0xb
 463 003f 3B       		.uleb128 0x3b
 464 0040 0B       		.uleb128 0xb
 465 0041 01       		.uleb128 0x1
 466 0042 13       		.uleb128 0x13
 467 0043 00       		.byte	0
 468 0044 00       		.byte	0
 469 0045 06       		.uleb128 0x6
 470 0046 28       		.uleb128 0x28
 471 0047 00       		.byte	0
 472 0048 03       		.uleb128 0x3
 473 0049 0E       		.uleb128 0xe
 474 004a 1C       		.uleb128 0x1c
ARM GAS  C:\Users\JASON\AppData\Local\Temp\ccr0Eo6R.s 			page 10


 475 004b 0B       		.uleb128 0xb
 476 004c 00       		.byte	0
 477 004d 00       		.byte	0
 478 004e 07       		.uleb128 0x7
 479 004f 28       		.uleb128 0x28
 480 0050 00       		.byte	0
 481 0051 03       		.uleb128 0x3
 482 0052 0E       		.uleb128 0xe
 483 0053 1C       		.uleb128 0x1c
 484 0054 0D       		.uleb128 0xd
 485 0055 00       		.byte	0
 486 0056 00       		.byte	0
 487 0057 08       		.uleb128 0x8
 488 0058 2E       		.uleb128 0x2e
 489 0059 01       		.byte	0x1
 490 005a 3F       		.uleb128 0x3f
 491 005b 19       		.uleb128 0x19
 492 005c 03       		.uleb128 0x3
 493 005d 0E       		.uleb128 0xe
 494 005e 3A       		.uleb128 0x3a
 495 005f 0B       		.uleb128 0xb
 496 0060 3B       		.uleb128 0x3b
 497 0061 0B       		.uleb128 0xb
 498 0062 27       		.uleb128 0x27
 499 0063 19       		.uleb128 0x19
 500 0064 49       		.uleb128 0x49
 501 0065 13       		.uleb128 0x13
 502 0066 11       		.uleb128 0x11
 503 0067 01       		.uleb128 0x1
 504 0068 12       		.uleb128 0x12
 505 0069 06       		.uleb128 0x6
 506 006a 40       		.uleb128 0x40
 507 006b 18       		.uleb128 0x18
 508 006c 9742     		.uleb128 0x2117
 509 006e 19       		.uleb128 0x19
 510 006f 01       		.uleb128 0x1
 511 0070 13       		.uleb128 0x13
 512 0071 00       		.byte	0
 513 0072 00       		.byte	0
 514 0073 09       		.uleb128 0x9
 515 0074 05       		.uleb128 0x5
 516 0075 00       		.byte	0
 517 0076 03       		.uleb128 0x3
 518 0077 0E       		.uleb128 0xe
 519 0078 3A       		.uleb128 0x3a
 520 0079 0B       		.uleb128 0xb
 521 007a 3B       		.uleb128 0x3b
 522 007b 0B       		.uleb128 0xb
 523 007c 49       		.uleb128 0x49
 524 007d 13       		.uleb128 0x13
 525 007e 02       		.uleb128 0x2
 526 007f 17       		.uleb128 0x17
 527 0080 00       		.byte	0
 528 0081 00       		.byte	0
 529 0082 0A       		.uleb128 0xa
 530 0083 05       		.uleb128 0x5
 531 0084 00       		.byte	0
ARM GAS  C:\Users\JASON\AppData\Local\Temp\ccr0Eo6R.s 			page 11


 532 0085 03       		.uleb128 0x3
 533 0086 0E       		.uleb128 0xe
 534 0087 3A       		.uleb128 0x3a
 535 0088 0B       		.uleb128 0xb
 536 0089 3B       		.uleb128 0x3b
 537 008a 0B       		.uleb128 0xb
 538 008b 49       		.uleb128 0x49
 539 008c 13       		.uleb128 0x13
 540 008d 02       		.uleb128 0x2
 541 008e 18       		.uleb128 0x18
 542 008f 00       		.byte	0
 543 0090 00       		.byte	0
 544 0091 0B       		.uleb128 0xb
 545 0092 0B       		.uleb128 0xb
 546 0093 01       		.byte	0x1
 547 0094 11       		.uleb128 0x11
 548 0095 01       		.uleb128 0x1
 549 0096 12       		.uleb128 0x12
 550 0097 06       		.uleb128 0x6
 551 0098 00       		.byte	0
 552 0099 00       		.byte	0
 553 009a 0C       		.uleb128 0xc
 554 009b 34       		.uleb128 0x34
 555 009c 00       		.byte	0
 556 009d 03       		.uleb128 0x3
 557 009e 08       		.uleb128 0x8
 558 009f 3A       		.uleb128 0x3a
 559 00a0 0B       		.uleb128 0xb
 560 00a1 3B       		.uleb128 0x3b
 561 00a2 0B       		.uleb128 0xb
 562 00a3 49       		.uleb128 0x49
 563 00a4 13       		.uleb128 0x13
 564 00a5 02       		.uleb128 0x2
 565 00a6 17       		.uleb128 0x17
 566 00a7 00       		.byte	0
 567 00a8 00       		.byte	0
 568 00a9 0D       		.uleb128 0xd
 569 00aa 0F       		.uleb128 0xf
 570 00ab 00       		.byte	0
 571 00ac 0B       		.uleb128 0xb
 572 00ad 0B       		.uleb128 0xb
 573 00ae 49       		.uleb128 0x49
 574 00af 13       		.uleb128 0x13
 575 00b0 00       		.byte	0
 576 00b1 00       		.byte	0
 577 00b2 0E       		.uleb128 0xe
 578 00b3 34       		.uleb128 0x34
 579 00b4 00       		.byte	0
 580 00b5 03       		.uleb128 0x3
 581 00b6 0E       		.uleb128 0xe
 582 00b7 3A       		.uleb128 0x3a
 583 00b8 0B       		.uleb128 0xb
 584 00b9 3B       		.uleb128 0x3b
 585 00ba 0B       		.uleb128 0xb
 586 00bb 49       		.uleb128 0x49
 587 00bc 13       		.uleb128 0x13
 588 00bd 3F       		.uleb128 0x3f
ARM GAS  C:\Users\JASON\AppData\Local\Temp\ccr0Eo6R.s 			page 12


 589 00be 19       		.uleb128 0x19
 590 00bf 3C       		.uleb128 0x3c
 591 00c0 19       		.uleb128 0x19
 592 00c1 00       		.byte	0
 593 00c2 00       		.byte	0
 594 00c3 0F       		.uleb128 0xf
 595 00c4 34       		.uleb128 0x34
 596 00c5 00       		.byte	0
 597 00c6 03       		.uleb128 0x3
 598 00c7 0E       		.uleb128 0xe
 599 00c8 3A       		.uleb128 0x3a
 600 00c9 0B       		.uleb128 0xb
 601 00ca 3B       		.uleb128 0x3b
 602 00cb 05       		.uleb128 0x5
 603 00cc 49       		.uleb128 0x49
 604 00cd 13       		.uleb128 0x13
 605 00ce 3F       		.uleb128 0x3f
 606 00cf 19       		.uleb128 0x19
 607 00d0 3C       		.uleb128 0x3c
 608 00d1 19       		.uleb128 0x19
 609 00d2 00       		.byte	0
 610 00d3 00       		.byte	0
 611 00d4 10       		.uleb128 0x10
 612 00d5 35       		.uleb128 0x35
 613 00d6 00       		.byte	0
 614 00d7 49       		.uleb128 0x49
 615 00d8 13       		.uleb128 0x13
 616 00d9 00       		.byte	0
 617 00da 00       		.byte	0
 618 00db 00       		.byte	0
 619              		.section	.debug_loc,"",%progbits
 620              	.Ldebug_loc0:
 621              	.LLST0:
 622 0000 00000000 		.4byte	.LVL0
 623 0004 20000000 		.4byte	.LVL3
 624 0008 0100     		.2byte	0x1
 625 000a 50       		.byte	0x50
 626 000b 20000000 		.4byte	.LVL3
 627 000f 2A000000 		.4byte	.LVL6
 628 0013 0100     		.2byte	0x1
 629 0015 50       		.byte	0x50
 630 0016 00000000 		.4byte	0
 631 001a 00000000 		.4byte	0
 632              	.LLST1:
 633 001e 02000000 		.4byte	.LVL1
 634 0022 06000000 		.4byte	.LVL2
 635 0026 0200     		.2byte	0x2
 636 0028 31       		.byte	0x31
 637 0029 9F       		.byte	0x9f
 638 002a 06000000 		.4byte	.LVL2
 639 002e 22000000 		.4byte	.LVL4
 640 0032 0100     		.2byte	0x1
 641 0034 54       		.byte	0x54
 642 0035 24000000 		.4byte	.LVL5
 643 0039 2E000000 		.4byte	.LVL7
 644 003d 0100     		.2byte	0x1
 645 003f 54       		.byte	0x54
ARM GAS  C:\Users\JASON\AppData\Local\Temp\ccr0Eo6R.s 			page 13


 646 0040 00000000 		.4byte	0
 647 0044 00000000 		.4byte	0
 648              		.section	.debug_aranges,"",%progbits
 649 0000 1C000000 		.4byte	0x1c
 650 0004 0200     		.2byte	0x2
 651 0006 00000000 		.4byte	.Ldebug_info0
 652 000a 04       		.byte	0x4
 653 000b 00       		.byte	0
 654 000c 0000     		.2byte	0
 655 000e 0000     		.2byte	0
 656 0010 00000000 		.4byte	.LFB110
 657 0014 34000000 		.4byte	.LFE110-.LFB110
 658 0018 00000000 		.4byte	0
 659 001c 00000000 		.4byte	0
 660              		.section	.debug_ranges,"",%progbits
 661              	.Ldebug_ranges0:
 662 0000 00000000 		.4byte	.LFB110
 663 0004 34000000 		.4byte	.LFE110
 664 0008 00000000 		.4byte	0
 665 000c 00000000 		.4byte	0
 666              		.section	.debug_line,"",%progbits
 667              	.Ldebug_line0:
 668 0000 33020000 		.section	.debug_str,"MS",%progbits,1
 668      02000502 
 668      00000201 
 668      FB0E0D00 
 668      01010101 
 669              	.LASF62:
 670 0000 536F7572 		.ascii	"SourceFiles\\bsw\\intToASCII.c\000"
 670      63654669 
 670      6C65735C 
 670      6273775C 
 670      696E7454 
 671              	.LASF39:
 672 001d 52435F45 		.ascii	"RC_ERROR_READ_ONLY\000"
 672      52524F52 
 672      5F524541 
 672      445F4F4E 
 672      4C5900
 673              	.LASF25:
 674 0030 52435F53 		.ascii	"RC_SUCCESS\000"
 674      55434345 
 674      535300
 675              	.LASF40:
 676 003b 52435F45 		.ascii	"RC_ERROR_WRITE_ONLY\000"
 676      52524F52 
 676      5F575249 
 676      54455F4F 
 676      4E4C5900 
 677              	.LASF5:
 678 004f 73686F72 		.ascii	"short int\000"
 678      7420696E 
 678      7400
 679              	.LASF31:
 680 0059 52435F45 		.ascii	"RC_ERROR_OVERRUN\000"
 680      52524F52 
 680      5F4F5645 
ARM GAS  C:\Users\JASON\AppData\Local\Temp\ccr0Eo6R.s 			page 14


 680      5252554E 
 680      00
 681              	.LASF43:
 682 006a 52435F45 		.ascii	"RC_ERROR_WRITE_FAILS\000"
 682      52524F52 
 682      5F575249 
 682      54455F46 
 682      41494C53 
 683              	.LASF13:
 684 007f 73697A65 		.ascii	"sizetype\000"
 684      74797065 
 684      00
 685              	.LASF28:
 686 0088 52435F45 		.ascii	"RC_ERROR_ZERO\000"
 686      52524F52 
 686      5F5A4552 
 686      4F00
 687              	.LASF23:
 688 0096 45455F46 		.ascii	"EE_FREG\000"
 688      52454700 
 689              	.LASF42:
 690 009e 52435F45 		.ascii	"RC_ERROR_READ_FAILS\000"
 690      52524F52 
 690      5F524541 
 690      445F4641 
 690      494C5300 
 691              	.LASF10:
 692 00b2 5F5F7569 		.ascii	"__uint32_t\000"
 692      6E743332 
 692      5F7400
 693              	.LASF21:
 694 00bd 45455F55 		.ascii	"EE_UINT32\000"
 694      494E5433 
 694      3200
 695              	.LASF53:
 696 00c7 61736369 		.ascii	"asciiEquiPtr\000"
 696      69457175 
 696      69507472 
 696      00
 697              	.LASF24:
 698 00d4 45455F54 		.ascii	"EE_TID\000"
 698      494400
 699              	.LASF15:
 700 00db 75696E74 		.ascii	"uint8_t\000"
 700      385F7400 
 701              	.LASF48:
 702 00e3 52435F45 		.ascii	"RC_ERROR_INVALID_STATE\000"
 702      52524F52 
 702      5F494E56 
 702      414C4944 
 702      5F535441 
 703              	.LASF59:
 704 00fa 45455F49 		.ascii	"EE_IRQ_nesting_level\000"
 704      52515F6E 
 704      65737469 
 704      6E675F6C 
 704      6576656C 
ARM GAS  C:\Users\JASON\AppData\Local\Temp\ccr0Eo6R.s 			page 15


 705              	.LASF58:
 706 010f 45455F73 		.ascii	"EE_std_endcycle_next_tid\000"
 706      74645F65 
 706      6E646379 
 706      636C655F 
 706      6E657874 
 707              	.LASF30:
 708 0128 52435F45 		.ascii	"RC_ERROR_RANGE\000"
 708      52524F52 
 708      5F52414E 
 708      474500
 709              	.LASF18:
 710 0137 666C6F61 		.ascii	"float\000"
 710      7400
 711              	.LASF50:
 712 013d 52435F45 		.ascii	"RC_ERROR_NOT_IMPLEMENTED\000"
 712      52524F52 
 712      5F4E4F54 
 712      5F494D50 
 712      4C454D45 
 713              	.LASF1:
 714 0156 6C6F6E67 		.ascii	"long long int\000"
 714      206C6F6E 
 714      6720696E 
 714      7400
 715              	.LASF56:
 716 0164 45455F6F 		.ascii	"EE_oo_IRQ_suspend_status\000"
 716      6F5F4952 
 716      515F7375 
 716      7370656E 
 716      645F7374 
 717              	.LASF44:
 718 017d 52435F45 		.ascii	"RC_ERROR_NOT_MATCH\000"
 718      52524F52 
 718      5F4E4F54 
 718      5F4D4154 
 718      434800
 719              	.LASF49:
 720 0190 52435F45 		.ascii	"RC_ERROR_UNKNOWN\000"
 720      52524F52 
 720      5F554E4B 
 720      4E4F574E 
 720      00
 721              	.LASF9:
 722 01a1 6C6F6E67 		.ascii	"long int\000"
 722      20696E74 
 722      00
 723              	.LASF32:
 724 01aa 52435F45 		.ascii	"RC_ERROR_UNDERRUN\000"
 724      52524F52 
 724      5F554E44 
 724      45525255 
 724      4E00
 725              	.LASF35:
 726 01bc 52435F45 		.ascii	"RC_ERROR_BUSY\000"
 726      52524F52 
 726      5F425553 
ARM GAS  C:\Users\JASON\AppData\Local\Temp\ccr0Eo6R.s 			page 16


 726      5900
 727              	.LASF7:
 728 01ca 5F5F7569 		.ascii	"__uint8_t\000"
 728      6E74385F 
 728      7400
 729              	.LASF41:
 730 01d4 52435F45 		.ascii	"RC_ERROR_INVALID\000"
 730      52524F52 
 730      5F494E56 
 730      414C4944 
 730      00
 731              	.LASF46:
 732 01e5 52435F45 		.ascii	"RC_ERROR_BAD_DATA\000"
 732      52524F52 
 732      5F424144 
 732      5F444154 
 732      4100
 733              	.LASF2:
 734 01f7 6C6F6E67 		.ascii	"long double\000"
 734      20646F75 
 734      626C6500 
 735              	.LASF4:
 736 0203 756E7369 		.ascii	"unsigned char\000"
 736      676E6564 
 736      20636861 
 736      7200
 737              	.LASF3:
 738 0211 7369676E 		.ascii	"signed char\000"
 738      65642063 
 738      68617200 
 739              	.LASF54:
 740 021d 6E6F4469 		.ascii	"noDigits\000"
 740      67697473 
 740      00
 741              	.LASF12:
 742 0226 6C6F6E67 		.ascii	"long long unsigned int\000"
 742      206C6F6E 
 742      6720756E 
 742      7369676E 
 742      65642069 
 743              	.LASF17:
 744 023d 75696E74 		.ascii	"uint32_t\000"
 744      33325F74 
 744      00
 745              	.LASF0:
 746 0246 756E7369 		.ascii	"unsigned int\000"
 746      676E6564 
 746      20696E74 
 746      00
 747              	.LASF37:
 748 0253 52435F45 		.ascii	"RC_ERROR_OPEN\000"
 748      52524F52 
 748      5F4F5045 
 748      4E00
 749              	.LASF27:
 750 0261 52435F45 		.ascii	"RC_ERROR_NULL\000"
 750      52524F52 
ARM GAS  C:\Users\JASON\AppData\Local\Temp\ccr0Eo6R.s 			page 17


 750      5F4E554C 
 750      4C00
 751              	.LASF34:
 752 026f 52435F45 		.ascii	"RC_ERROR_BUFFER_EMTPY\000"
 752      52524F52 
 752      5F425546 
 752      4645525F 
 752      454D5450 
 753              	.LASF20:
 754 0285 45455F49 		.ascii	"EE_INT32\000"
 754      4E543332 
 754      00
 755              	.LASF6:
 756 028e 73686F72 		.ascii	"short unsigned int\000"
 756      7420756E 
 756      7369676E 
 756      65642069 
 756      6E7400
 757              	.LASF61:
 758 02a1 474E5520 		.ascii	"GNU C11 5.4.1 20160609 (release) [ARM/embedded-5-br"
 758      43313120 
 758      352E342E 
 758      31203230 
 758      31363036 
 759 02d4 616E6368 		.ascii	"anch revision 237715] -mcpu=cortex-m3 -mthumb -g -O"
 759      20726576 
 759      6973696F 
 759      6E203233 
 759      37373135 
 760 0307 67202D66 		.ascii	"g -ffunction-sections -ffat-lto-objects\000"
 760      66756E63 
 760      74696F6E 
 760      2D736563 
 760      74696F6E 
 761              	.LASF14:
 762 032f 63686172 		.ascii	"char\000"
 762      00
 763              	.LASF33:
 764 0334 52435F45 		.ascii	"RC_ERROR_BUFFER_FULL\000"
 764      52524F52 
 764      5F425546 
 764      4645525F 
 764      46554C4C 
 765              	.LASF16:
 766 0349 696E7433 		.ascii	"int32_t\000"
 766      325F7400 
 767              	.LASF45:
 768 0351 52435F45 		.ascii	"RC_ERROR_BAD_PARAM\000"
 768      52524F52 
 768      5F424144 
 768      5F504152 
 768      414D00
 769              	.LASF57:
 770 0364 45455F41 		.ascii	"EE_ApplicationMode\000"
 770      70706C69 
 770      63617469 
 770      6F6E4D6F 
ARM GAS  C:\Users\JASON\AppData\Local\Temp\ccr0Eo6R.s 			page 18


 770      646500
 771              	.LASF11:
 772 0377 6C6F6E67 		.ascii	"long unsigned int\000"
 772      20756E73 
 772      69676E65 
 772      6420696E 
 772      7400
 773              	.LASF19:
 774 0389 646F7562 		.ascii	"double\000"
 774      6C6500
 775              	.LASF38:
 776 0390 52435F45 		.ascii	"RC_ERROR_CHECKSUM\000"
 776      52524F52 
 776      5F434845 
 776      434B5355 
 776      4D00
 777              	.LASF22:
 778 03a2 45455F55 		.ascii	"EE_UREG\000"
 778      52454700 
 779              	.LASF8:
 780 03aa 5F5F696E 		.ascii	"__int32_t\000"
 780      7433325F 
 780      7400
 781              	.LASF64:
 782 03b4 696E7454 		.ascii	"intToASCII\000"
 782      6F415343 
 782      494900
 783              	.LASF63:
 784 03bf 433A5C4A 		.ascii	"C:\\Jason\\EIT\\Semester_02\\01_EAA\\Lab\\Assignmen"
 784      61736F6E 
 784      5C454954 
 784      5C53656D 
 784      65737465 
 785 03ec 745F325C 		.ascii	"t_2\\ElectronicClock\\ElectronicClock.cydsn\000"
 785      456C6563 
 785      74726F6E 
 785      6963436C 
 785      6F636B5C 
 786              	.LASF47:
 787 0416 52435F45 		.ascii	"RC_ERROR_CANCELED\000"
 787      52524F52 
 787      5F43414E 
 787      43454C45 
 787      4400
 788              	.LASF52:
 789 0428 696E7465 		.ascii	"integerNum\000"
 789      6765724E 
 789      756D00
 790              	.LASF60:
 791 0433 49544D5F 		.ascii	"ITM_RxBuffer\000"
 791      52784275 
 791      66666572 
 791      00
 792              	.LASF26:
 793 0440 52435F45 		.ascii	"RC_ERROR\000"
 793      52524F52 
 793      00
ARM GAS  C:\Users\JASON\AppData\Local\Temp\ccr0Eo6R.s 			page 19


 794              	.LASF29:
 795 0449 52435F45 		.ascii	"RC_ERROR_MEMORY\000"
 795      52524F52 
 795      5F4D454D 
 795      4F525900 
 796              	.LASF55:
 797 0459 45455F6F 		.ascii	"EE_oo_IRQ_disable_count\000"
 797      6F5F4952 
 797      515F6469 
 797      7361626C 
 797      655F636F 
 798              	.LASF51:
 799 0471 52435F74 		.ascii	"RC_t\000"
 799      00
 800              	.LASF36:
 801 0476 52435F45 		.ascii	"RC_ERROR_TIME_OUT\000"
 801      52524F52 
 801      5F54494D 
 801      455F4F55 
 801      5400
 802              		.ident	"GCC: (GNU Tools for ARM Embedded Processors) 5.4.1 20160609 (release) [ARM/embedded-5-bran
