ARM GAS  C:\Users\JASON\AppData\Local\Temp\ccbc8PX4.s 			page 1


   1              		.syntax unified
   2              		.cpu cortex-m3
   3              		.fpu softvfp
   4              		.eabi_attribute 20, 1
   5              		.eabi_attribute 21, 1
   6              		.eabi_attribute 23, 3
   7              		.eabi_attribute 24, 1
   8              		.eabi_attribute 25, 1
   9              		.eabi_attribute 26, 1
  10              		.eabi_attribute 30, 1
  11              		.eabi_attribute 34, 1
  12              		.eabi_attribute 18, 4
  13              		.thumb
  14              		.syntax unified
  15              		.file	"sc_button_type.c"
  16              		.text
  17              	.Ltext0:
  18              		.cfi_sections	.debug_frame
  19              		.section	.text.SC_BUTTON_driverIn,"ax",%progbits
  20              		.align	2
  21              		.global	SC_BUTTON_driverIn
  22              		.thumb
  23              		.thumb_func
  24              		.type	SC_BUTTON_driverIn, %function
  25              	SC_BUTTON_driverIn:
  26              	.LFB110:
  27              		.file 1 "SourceFiles\\rte\\sc_button_type.c"
   1:SourceFiles\rte/sc_button_type.c **** 
   2:SourceFiles\rte/sc_button_type.c **** 
   3:SourceFiles\rte/sc_button_type.c **** /*
   4:SourceFiles\rte/sc_button_type.c ****  * Filename: sc_button_type.c
   5:SourceFiles\rte/sc_button_type.c ****  *
   6:SourceFiles\rte/sc_button_type.c ****  * Author: Autogenerated by H-DA RTE Generator, (c) Prof. Fromm
   7:SourceFiles\rte/sc_button_type.c ****  */
   8:SourceFiles\rte/sc_button_type.c **** 
   9:SourceFiles\rte/sc_button_type.c **** #include "project.h"
  10:SourceFiles\rte/sc_button_type.c **** #include "global.h"
  11:SourceFiles\rte/sc_button_type.c **** #include "rte.h"
  12:SourceFiles\rte/sc_button_type.c **** #include "rte_types.h"
  13:SourceFiles\rte/sc_button_type.c **** #include "sc_button_type.h"
  14:SourceFiles\rte/sc_button_type.c **** 
  15:SourceFiles\rte/sc_button_type.c **** 
  16:SourceFiles\rte/sc_button_type.c **** 
  17:SourceFiles\rte/sc_button_type.c **** /* USER CODE START SC_BUTTON_INCLUDE */
  18:SourceFiles\rte/sc_button_type.c **** 
  19:SourceFiles\rte/sc_button_type.c **** /* USER CODE END SC_BUTTON_INCLUDE */
  20:SourceFiles\rte/sc_button_type.c **** 
  21:SourceFiles\rte/sc_button_type.c **** 
  22:SourceFiles\rte/sc_button_type.c **** /*
  23:SourceFiles\rte/sc_button_type.c **** * description: Signalclass of the Button.
  24:SourceFiles\rte/sc_button_type.c **** * name: sc_BUTTON
  25:SourceFiles\rte/sc_button_type.c **** * shortname: BUTTON
  26:SourceFiles\rte/sc_button_type.c **** */
  27:SourceFiles\rte/sc_button_type.c **** 
  28:SourceFiles\rte/sc_button_type.c **** /* USER CODE START SC_BUTTON_USERDEFINITIONS */
  29:SourceFiles\rte/sc_button_type.c **** 
  30:SourceFiles\rte/sc_button_type.c **** /* USER CODE END SC_BUTTON_USERDEFINITIONS */
ARM GAS  C:\Users\JASON\AppData\Local\Temp\ccbc8PX4.s 			page 2


  31:SourceFiles\rte/sc_button_type.c **** 
  32:SourceFiles\rte/sc_button_type.c **** 
  33:SourceFiles\rte/sc_button_type.c **** /*****************************************************************************************
  34:SourceFiles\rte/sc_button_type.c ****  *************** Port Wrapper Implementation for SC_BUTTON signal  ****************
  35:SourceFiles\rte/sc_button_type.c ****  *****************************************************************************************/
  36:SourceFiles\rte/sc_button_type.c ****  
  37:SourceFiles\rte/sc_button_type.c ****  
  38:SourceFiles\rte/sc_button_type.c **** 
  39:SourceFiles\rte/sc_button_type.c **** /**
  40:SourceFiles\rte/sc_button_type.c ****  * Default IN driver API
  41:SourceFiles\rte/sc_button_type.c ****  */
  42:SourceFiles\rte/sc_button_type.c **** inline RC_t SC_BUTTON_driverIn(SC_BUTTON_data_t *const data)
  43:SourceFiles\rte/sc_button_type.c **** {
  28              		.loc 1 43 0
  29              		.cfi_startproc
  30              		@ args = 0, pretend = 0, frame = 0
  31              		@ frame_needed = 0, uses_anonymous_args = 0
  32              		@ link register save eliminated.
  33              	.LVL0:
  44:SourceFiles\rte/sc_button_type.c **** 	/* USER CODE START driverInSC_BUTTON */
  45:SourceFiles\rte/sc_button_type.c ****     //TODO:
  46:SourceFiles\rte/sc_button_type.c **** 
  47:SourceFiles\rte/sc_button_type.c **** 	//Read data from the MCAL driver
  48:SourceFiles\rte/sc_button_type.c **** 
  49:SourceFiles\rte/sc_button_type.c **** 	//Scale it to the application type
  50:SourceFiles\rte/sc_button_type.c **** 
  51:SourceFiles\rte/sc_button_type.c **** 	return RC_SUCCESS;
  52:SourceFiles\rte/sc_button_type.c **** 	/* USER CODE END driverInSC_BUTTON */
  53:SourceFiles\rte/sc_button_type.c **** }
  34              		.loc 1 53 0
  35 0000 0020     		movs	r0, #0
  36              	.LVL1:
  37 0002 7047     		bx	lr
  38              		.cfi_endproc
  39              	.LFE110:
  40              		.size	SC_BUTTON_driverIn, .-SC_BUTTON_driverIn
  41              		.text
  42              	.Letext0:
  43              		.file 2 "c:\\program files (x86)\\cypress\\psoc creator\\4.4\\psoc creator\\import\\gnu\\arm\\5.4.
  44              		.file 3 "c:\\program files (x86)\\cypress\\psoc creator\\4.4\\psoc creator\\import\\gnu\\arm\\5.4.
  45              		.file 4 "Generated_Source\\PSoC5/ErikaOS_common_ee_types.inc"
  46              		.file 5 "Generated_Source\\PSoC5/ErikaOS_cortex_mx_ee_cpu.inc"
  47              		.file 6 ".\\SourceFiles\\bsw/global.h"
  48              		.file 7 "SourceFiles\\rte\\sc_button_type.h"
  49              		.file 8 "Generated_Source\\PSoC5/ErikaOS_ee_oo_intfunc.inc"
  50              		.file 9 "Generated_Source\\PSoC5/ErikaOS_cortex_mx_ee_context.inc"
  51              		.file 10 "Generated_Source\\PSoC5/ErikaOS_common_ee_primitives.inc"
  52              		.file 11 "Generated_Source\\PSoC5/core_cm3.h"
  53              		.section	.debug_info,"",%progbits
  54              	.Ldebug_info0:
  55 0000 3E020000 		.4byte	0x23e
  56 0004 0400     		.2byte	0x4
  57 0006 00000000 		.4byte	.Ldebug_abbrev0
  58 000a 04       		.byte	0x4
  59 000b 01       		.uleb128 0x1
  60 000c A1020000 		.4byte	.LASF57
  61 0010 0C       		.byte	0xc
ARM GAS  C:\Users\JASON\AppData\Local\Temp\ccbc8PX4.s 			page 3


  62 0011 89000000 		.4byte	.LASF58
  63 0015 C0030000 		.4byte	.LASF59
  64 0019 00000000 		.4byte	.Ldebug_ranges0+0
  65 001d 00000000 		.4byte	0
  66 0021 00000000 		.4byte	.Ldebug_line0
  67 0025 02       		.uleb128 0x2
  68 0026 01       		.byte	0x1
  69 0027 06       		.byte	0x6
  70 0028 23020000 		.4byte	.LASF0
  71 002c 03       		.uleb128 0x3
  72 002d DC010000 		.4byte	.LASF4
  73 0031 02       		.byte	0x2
  74 0032 1D       		.byte	0x1d
  75 0033 37000000 		.4byte	0x37
  76 0037 02       		.uleb128 0x2
  77 0038 01       		.byte	0x1
  78 0039 08       		.byte	0x8
  79 003a 15020000 		.4byte	.LASF1
  80 003e 02       		.uleb128 0x2
  81 003f 02       		.byte	0x2
  82 0040 05       		.byte	0x5
  83 0041 50000000 		.4byte	.LASF2
  84 0045 02       		.uleb128 0x2
  85 0046 02       		.byte	0x2
  86 0047 07       		.byte	0x7
  87 0048 8E020000 		.4byte	.LASF3
  88 004c 03       		.uleb128 0x3
  89 004d B6030000 		.4byte	.LASF5
  90 0051 02       		.byte	0x2
  91 0052 3F       		.byte	0x3f
  92 0053 57000000 		.4byte	0x57
  93 0057 02       		.uleb128 0x2
  94 0058 04       		.byte	0x4
  95 0059 05       		.byte	0x5
  96 005a B3010000 		.4byte	.LASF6
  97 005e 02       		.uleb128 0x2
  98 005f 04       		.byte	0x4
  99 0060 07       		.byte	0x7
 100 0061 78030000 		.4byte	.LASF7
 101 0065 02       		.uleb128 0x2
 102 0066 08       		.byte	0x8
 103 0067 05       		.byte	0x5
 104 0068 68010000 		.4byte	.LASF8
 105 006c 02       		.uleb128 0x2
 106 006d 08       		.byte	0x8
 107 006e 07       		.byte	0x7
 108 006f 2F020000 		.4byte	.LASF9
 109 0073 04       		.uleb128 0x4
 110 0074 04       		.byte	0x4
 111 0075 05       		.byte	0x5
 112 0076 696E7400 		.ascii	"int\000"
 113 007a 02       		.uleb128 0x2
 114 007b 04       		.byte	0x4
 115 007c 07       		.byte	0x7
 116 007d 46020000 		.4byte	.LASF10
 117 0081 03       		.uleb128 0x3
 118 0082 E5000000 		.4byte	.LASF11
ARM GAS  C:\Users\JASON\AppData\Local\Temp\ccbc8PX4.s 			page 4


 119 0086 03       		.byte	0x3
 120 0087 18       		.byte	0x18
 121 0088 2C000000 		.4byte	0x2c
 122 008c 03       		.uleb128 0x3
 123 008d 45030000 		.4byte	.LASF12
 124 0091 03       		.byte	0x3
 125 0092 2C       		.byte	0x2c
 126 0093 4C000000 		.4byte	0x4c
 127 0097 02       		.uleb128 0x2
 128 0098 04       		.byte	0x4
 129 0099 04       		.byte	0x4
 130 009a 49010000 		.4byte	.LASF13
 131 009e 02       		.uleb128 0x2
 132 009f 08       		.byte	0x8
 133 00a0 04       		.byte	0x4
 134 00a1 8A030000 		.4byte	.LASF14
 135 00a5 02       		.uleb128 0x2
 136 00a6 01       		.byte	0x1
 137 00a7 08       		.byte	0x8
 138 00a8 2F030000 		.4byte	.LASF15
 139 00ac 02       		.uleb128 0x2
 140 00ad 08       		.byte	0x8
 141 00ae 04       		.byte	0x4
 142 00af 09020000 		.4byte	.LASF16
 143 00b3 03       		.uleb128 0x3
 144 00b4 85020000 		.4byte	.LASF17
 145 00b8 04       		.byte	0x4
 146 00b9 53       		.byte	0x53
 147 00ba 73000000 		.4byte	0x73
 148 00be 03       		.uleb128 0x3
 149 00bf D4000000 		.4byte	.LASF18
 150 00c3 04       		.byte	0x4
 151 00c4 54       		.byte	0x54
 152 00c5 7A000000 		.4byte	0x7a
 153 00c9 03       		.uleb128 0x3
 154 00ca 41010000 		.4byte	.LASF19
 155 00ce 05       		.byte	0x5
 156 00cf 4D       		.byte	0x4d
 157 00d0 BE000000 		.4byte	0xbe
 158 00d4 03       		.uleb128 0x3
 159 00d5 B8000000 		.4byte	.LASF20
 160 00d9 05       		.byte	0x5
 161 00da 4F       		.byte	0x4f
 162 00db BE000000 		.4byte	0xbe
 163 00df 03       		.uleb128 0x3
 164 00e0 DE000000 		.4byte	.LASF21
 165 00e4 05       		.byte	0x5
 166 00e5 78       		.byte	0x78
 167 00e6 B3000000 		.4byte	0xb3
 168 00ea 02       		.uleb128 0x2
 169 00eb 04       		.byte	0x4
 170 00ec 07       		.byte	0x7
 171 00ed 80000000 		.4byte	.LASF22
 172 00f1 05       		.uleb128 0x5
 173 00f2 01       		.byte	0x1
 174 00f3 25000000 		.4byte	0x25
 175 00f7 06       		.byte	0x6
ARM GAS  C:\Users\JASON\AppData\Local\Temp\ccbc8PX4.s 			page 5


 176 00f8 CF       		.byte	0xcf
 177 00f9 9A010000 		.4byte	0x19a
 178 00fd 06       		.uleb128 0x6
 179 00fe 31000000 		.4byte	.LASF23
 180 0102 00       		.byte	0
 181 0103 07       		.uleb128 0x7
 182 0104 36040000 		.4byte	.LASF24
 183 0108 7F       		.sleb128 -1
 184 0109 07       		.uleb128 0x7
 185 010a 61020000 		.4byte	.LASF25
 186 010e 7E       		.sleb128 -2
 187 010f 07       		.uleb128 0x7
 188 0110 AA000000 		.4byte	.LASF26
 189 0114 7D       		.sleb128 -3
 190 0115 07       		.uleb128 0x7
 191 0116 3F040000 		.4byte	.LASF27
 192 011a 7C       		.sleb128 -4
 193 011b 07       		.uleb128 0x7
 194 011c 32010000 		.4byte	.LASF28
 195 0120 7B       		.sleb128 -5
 196 0121 07       		.uleb128 0x7
 197 0122 5A000000 		.4byte	.LASF29
 198 0126 7A       		.sleb128 -6
 199 0127 07       		.uleb128 0x7
 200 0128 BC010000 		.4byte	.LASF30
 201 012c 79       		.sleb128 -7
 202 012d 07       		.uleb128 0x7
 203 012e 09000000 		.4byte	.LASF31
 204 0132 78       		.sleb128 -8
 205 0133 07       		.uleb128 0x7
 206 0134 6F020000 		.4byte	.LASF32
 207 0138 77       		.sleb128 -9
 208 0139 07       		.uleb128 0x7
 209 013a CE010000 		.4byte	.LASF33
 210 013e 76       		.sleb128 -10
 211 013f 07       		.uleb128 0x7
 212 0140 6C040000 		.4byte	.LASF34
 213 0144 75       		.sleb128 -11
 214 0145 07       		.uleb128 0x7
 215 0146 53020000 		.4byte	.LASF35
 216 014a 74       		.sleb128 -12
 217 014b 07       		.uleb128 0x7
 218 014c 91030000 		.4byte	.LASF36
 219 0150 73       		.sleb128 -13
 220 0151 07       		.uleb128 0x7
 221 0152 1E000000 		.4byte	.LASF37
 222 0156 72       		.sleb128 -14
 223 0157 07       		.uleb128 0x7
 224 0158 3C000000 		.4byte	.LASF38
 225 015c 71       		.sleb128 -15
 226 015d 07       		.uleb128 0x7
 227 015e E6010000 		.4byte	.LASF39
 228 0162 70       		.sleb128 -16
 229 0163 07       		.uleb128 0x7
 230 0164 C0000000 		.4byte	.LASF40
 231 0168 6F       		.sleb128 -17
 232 0169 07       		.uleb128 0x7
ARM GAS  C:\Users\JASON\AppData\Local\Temp\ccbc8PX4.s 			page 6


 233 016a 6B000000 		.4byte	.LASF41
 234 016e 6E       		.sleb128 -18
 235 016f 07       		.uleb128 0x7
 236 0170 8F010000 		.4byte	.LASF42
 237 0174 6D       		.sleb128 -19
 238 0175 07       		.uleb128 0x7
 239 0176 4D030000 		.4byte	.LASF43
 240 017a 6C       		.sleb128 -20
 241 017b 07       		.uleb128 0x7
 242 017c F7010000 		.4byte	.LASF44
 243 0180 6B       		.sleb128 -21
 244 0181 07       		.uleb128 0x7
 245 0182 17040000 		.4byte	.LASF45
 246 0186 6A       		.sleb128 -22
 247 0187 07       		.uleb128 0x7
 248 0188 ED000000 		.4byte	.LASF46
 249 018c 69       		.sleb128 -23
 250 018d 07       		.uleb128 0x7
 251 018e A2010000 		.4byte	.LASF47
 252 0192 68       		.sleb128 -24
 253 0193 07       		.uleb128 0x7
 254 0194 4F010000 		.4byte	.LASF48
 255 0198 67       		.sleb128 -25
 256 0199 00       		.byte	0
 257 019a 03       		.uleb128 0x3
 258 019b 67040000 		.4byte	.LASF49
 259 019f 06       		.byte	0x6
 260 01a0 EA       		.byte	0xea
 261 01a1 F1000000 		.4byte	0xf1
 262 01a5 08       		.uleb128 0x8
 263 01a6 01       		.byte	0x1
 264 01a7 07       		.byte	0x7
 265 01a8 1F       		.byte	0x1f
 266 01a9 BA010000 		.4byte	0x1ba
 267 01ad 09       		.uleb128 0x9
 268 01ae 00000000 		.4byte	.LASF60
 269 01b2 07       		.byte	0x7
 270 01b3 21       		.byte	0x21
 271 01b4 81000000 		.4byte	0x81
 272 01b8 00       		.byte	0
 273 01b9 00       		.byte	0
 274 01ba 03       		.uleb128 0x3
 275 01bb 34030000 		.4byte	.LASF50
 276 01bf 07       		.byte	0x7
 277 01c0 24       		.byte	0x24
 278 01c1 A5010000 		.4byte	0x1a5
 279 01c5 0A       		.uleb128 0xa
 280 01c6 A3030000 		.4byte	.LASF61
 281 01ca 01       		.byte	0x1
 282 01cb 2A       		.byte	0x2a
 283 01cc 9A010000 		.4byte	0x19a
 284 01d0 00000000 		.4byte	.LFB110
 285 01d4 04000000 		.4byte	.LFE110-.LFB110
 286 01d8 01       		.uleb128 0x1
 287 01d9 9C       		.byte	0x9c
 288 01da EE010000 		.4byte	0x1ee
 289 01de 0B       		.uleb128 0xb
ARM GAS  C:\Users\JASON\AppData\Local\Temp\ccbc8PX4.s 			page 7


 290 01df 60030000 		.4byte	.LASF62
 291 01e3 01       		.byte	0x1
 292 01e4 2A       		.byte	0x2a
 293 01e5 F4010000 		.4byte	0x1f4
 294 01e9 00000000 		.4byte	.LLST0
 295 01ed 00       		.byte	0
 296 01ee 0C       		.uleb128 0xc
 297 01ef 04       		.byte	0x4
 298 01f0 BA010000 		.4byte	0x1ba
 299 01f4 0D       		.uleb128 0xd
 300 01f5 EE010000 		.4byte	0x1ee
 301 01f9 0E       		.uleb128 0xe
 302 01fa 4F040000 		.4byte	.LASF51
 303 01fe 08       		.byte	0x8
 304 01ff 40       		.byte	0x40
 305 0200 C9000000 		.4byte	0xc9
 306 0204 0E       		.uleb128 0xe
 307 0205 76010000 		.4byte	.LASF52
 308 0209 08       		.byte	0x8
 309 020a 47       		.byte	0x47
 310 020b D4000000 		.4byte	0xd4
 311 020f 0E       		.uleb128 0xe
 312 0210 65030000 		.4byte	.LASF53
 313 0214 08       		.byte	0x8
 314 0215 4A       		.byte	0x4a
 315 0216 C9000000 		.4byte	0xc9
 316 021a 0E       		.uleb128 0xe
 317 021b 19010000 		.4byte	.LASF54
 318 021f 09       		.byte	0x9
 319 0220 48       		.byte	0x48
 320 0221 DF000000 		.4byte	0xdf
 321 0225 0E       		.uleb128 0xe
 322 0226 04010000 		.4byte	.LASF55
 323 022a 0A       		.byte	0xa
 324 022b 44       		.byte	0x44
 325 022c C9000000 		.4byte	0xc9
 326 0230 0F       		.uleb128 0xf
 327 0231 29040000 		.4byte	.LASF56
 328 0235 0B       		.byte	0xb
 329 0236 1207     		.2byte	0x712
 330 0238 3C020000 		.4byte	0x23c
 331 023c 10       		.uleb128 0x10
 332 023d 8C000000 		.4byte	0x8c
 333 0241 00       		.byte	0
 334              		.section	.debug_abbrev,"",%progbits
 335              	.Ldebug_abbrev0:
 336 0000 01       		.uleb128 0x1
 337 0001 11       		.uleb128 0x11
 338 0002 01       		.byte	0x1
 339 0003 25       		.uleb128 0x25
 340 0004 0E       		.uleb128 0xe
 341 0005 13       		.uleb128 0x13
 342 0006 0B       		.uleb128 0xb
 343 0007 03       		.uleb128 0x3
 344 0008 0E       		.uleb128 0xe
 345 0009 1B       		.uleb128 0x1b
 346 000a 0E       		.uleb128 0xe
ARM GAS  C:\Users\JASON\AppData\Local\Temp\ccbc8PX4.s 			page 8


 347 000b 55       		.uleb128 0x55
 348 000c 17       		.uleb128 0x17
 349 000d 11       		.uleb128 0x11
 350 000e 01       		.uleb128 0x1
 351 000f 10       		.uleb128 0x10
 352 0010 17       		.uleb128 0x17
 353 0011 00       		.byte	0
 354 0012 00       		.byte	0
 355 0013 02       		.uleb128 0x2
 356 0014 24       		.uleb128 0x24
 357 0015 00       		.byte	0
 358 0016 0B       		.uleb128 0xb
 359 0017 0B       		.uleb128 0xb
 360 0018 3E       		.uleb128 0x3e
 361 0019 0B       		.uleb128 0xb
 362 001a 03       		.uleb128 0x3
 363 001b 0E       		.uleb128 0xe
 364 001c 00       		.byte	0
 365 001d 00       		.byte	0
 366 001e 03       		.uleb128 0x3
 367 001f 16       		.uleb128 0x16
 368 0020 00       		.byte	0
 369 0021 03       		.uleb128 0x3
 370 0022 0E       		.uleb128 0xe
 371 0023 3A       		.uleb128 0x3a
 372 0024 0B       		.uleb128 0xb
 373 0025 3B       		.uleb128 0x3b
 374 0026 0B       		.uleb128 0xb
 375 0027 49       		.uleb128 0x49
 376 0028 13       		.uleb128 0x13
 377 0029 00       		.byte	0
 378 002a 00       		.byte	0
 379 002b 04       		.uleb128 0x4
 380 002c 24       		.uleb128 0x24
 381 002d 00       		.byte	0
 382 002e 0B       		.uleb128 0xb
 383 002f 0B       		.uleb128 0xb
 384 0030 3E       		.uleb128 0x3e
 385 0031 0B       		.uleb128 0xb
 386 0032 03       		.uleb128 0x3
 387 0033 08       		.uleb128 0x8
 388 0034 00       		.byte	0
 389 0035 00       		.byte	0
 390 0036 05       		.uleb128 0x5
 391 0037 04       		.uleb128 0x4
 392 0038 01       		.byte	0x1
 393 0039 0B       		.uleb128 0xb
 394 003a 0B       		.uleb128 0xb
 395 003b 49       		.uleb128 0x49
 396 003c 13       		.uleb128 0x13
 397 003d 3A       		.uleb128 0x3a
 398 003e 0B       		.uleb128 0xb
 399 003f 3B       		.uleb128 0x3b
 400 0040 0B       		.uleb128 0xb
 401 0041 01       		.uleb128 0x1
 402 0042 13       		.uleb128 0x13
 403 0043 00       		.byte	0
ARM GAS  C:\Users\JASON\AppData\Local\Temp\ccbc8PX4.s 			page 9


 404 0044 00       		.byte	0
 405 0045 06       		.uleb128 0x6
 406 0046 28       		.uleb128 0x28
 407 0047 00       		.byte	0
 408 0048 03       		.uleb128 0x3
 409 0049 0E       		.uleb128 0xe
 410 004a 1C       		.uleb128 0x1c
 411 004b 0B       		.uleb128 0xb
 412 004c 00       		.byte	0
 413 004d 00       		.byte	0
 414 004e 07       		.uleb128 0x7
 415 004f 28       		.uleb128 0x28
 416 0050 00       		.byte	0
 417 0051 03       		.uleb128 0x3
 418 0052 0E       		.uleb128 0xe
 419 0053 1C       		.uleb128 0x1c
 420 0054 0D       		.uleb128 0xd
 421 0055 00       		.byte	0
 422 0056 00       		.byte	0
 423 0057 08       		.uleb128 0x8
 424 0058 13       		.uleb128 0x13
 425 0059 01       		.byte	0x1
 426 005a 0B       		.uleb128 0xb
 427 005b 0B       		.uleb128 0xb
 428 005c 3A       		.uleb128 0x3a
 429 005d 0B       		.uleb128 0xb
 430 005e 3B       		.uleb128 0x3b
 431 005f 0B       		.uleb128 0xb
 432 0060 01       		.uleb128 0x1
 433 0061 13       		.uleb128 0x13
 434 0062 00       		.byte	0
 435 0063 00       		.byte	0
 436 0064 09       		.uleb128 0x9
 437 0065 0D       		.uleb128 0xd
 438 0066 00       		.byte	0
 439 0067 03       		.uleb128 0x3
 440 0068 0E       		.uleb128 0xe
 441 0069 3A       		.uleb128 0x3a
 442 006a 0B       		.uleb128 0xb
 443 006b 3B       		.uleb128 0x3b
 444 006c 0B       		.uleb128 0xb
 445 006d 49       		.uleb128 0x49
 446 006e 13       		.uleb128 0x13
 447 006f 38       		.uleb128 0x38
 448 0070 0B       		.uleb128 0xb
 449 0071 00       		.byte	0
 450 0072 00       		.byte	0
 451 0073 0A       		.uleb128 0xa
 452 0074 2E       		.uleb128 0x2e
 453 0075 01       		.byte	0x1
 454 0076 3F       		.uleb128 0x3f
 455 0077 19       		.uleb128 0x19
 456 0078 03       		.uleb128 0x3
 457 0079 0E       		.uleb128 0xe
 458 007a 3A       		.uleb128 0x3a
 459 007b 0B       		.uleb128 0xb
 460 007c 3B       		.uleb128 0x3b
ARM GAS  C:\Users\JASON\AppData\Local\Temp\ccbc8PX4.s 			page 10


 461 007d 0B       		.uleb128 0xb
 462 007e 27       		.uleb128 0x27
 463 007f 19       		.uleb128 0x19
 464 0080 49       		.uleb128 0x49
 465 0081 13       		.uleb128 0x13
 466 0082 11       		.uleb128 0x11
 467 0083 01       		.uleb128 0x1
 468 0084 12       		.uleb128 0x12
 469 0085 06       		.uleb128 0x6
 470 0086 40       		.uleb128 0x40
 471 0087 18       		.uleb128 0x18
 472 0088 9742     		.uleb128 0x2117
 473 008a 19       		.uleb128 0x19
 474 008b 01       		.uleb128 0x1
 475 008c 13       		.uleb128 0x13
 476 008d 00       		.byte	0
 477 008e 00       		.byte	0
 478 008f 0B       		.uleb128 0xb
 479 0090 05       		.uleb128 0x5
 480 0091 00       		.byte	0
 481 0092 03       		.uleb128 0x3
 482 0093 0E       		.uleb128 0xe
 483 0094 3A       		.uleb128 0x3a
 484 0095 0B       		.uleb128 0xb
 485 0096 3B       		.uleb128 0x3b
 486 0097 0B       		.uleb128 0xb
 487 0098 49       		.uleb128 0x49
 488 0099 13       		.uleb128 0x13
 489 009a 02       		.uleb128 0x2
 490 009b 17       		.uleb128 0x17
 491 009c 00       		.byte	0
 492 009d 00       		.byte	0
 493 009e 0C       		.uleb128 0xc
 494 009f 0F       		.uleb128 0xf
 495 00a0 00       		.byte	0
 496 00a1 0B       		.uleb128 0xb
 497 00a2 0B       		.uleb128 0xb
 498 00a3 49       		.uleb128 0x49
 499 00a4 13       		.uleb128 0x13
 500 00a5 00       		.byte	0
 501 00a6 00       		.byte	0
 502 00a7 0D       		.uleb128 0xd
 503 00a8 26       		.uleb128 0x26
 504 00a9 00       		.byte	0
 505 00aa 49       		.uleb128 0x49
 506 00ab 13       		.uleb128 0x13
 507 00ac 00       		.byte	0
 508 00ad 00       		.byte	0
 509 00ae 0E       		.uleb128 0xe
 510 00af 34       		.uleb128 0x34
 511 00b0 00       		.byte	0
 512 00b1 03       		.uleb128 0x3
 513 00b2 0E       		.uleb128 0xe
 514 00b3 3A       		.uleb128 0x3a
 515 00b4 0B       		.uleb128 0xb
 516 00b5 3B       		.uleb128 0x3b
 517 00b6 0B       		.uleb128 0xb
ARM GAS  C:\Users\JASON\AppData\Local\Temp\ccbc8PX4.s 			page 11


 518 00b7 49       		.uleb128 0x49
 519 00b8 13       		.uleb128 0x13
 520 00b9 3F       		.uleb128 0x3f
 521 00ba 19       		.uleb128 0x19
 522 00bb 3C       		.uleb128 0x3c
 523 00bc 19       		.uleb128 0x19
 524 00bd 00       		.byte	0
 525 00be 00       		.byte	0
 526 00bf 0F       		.uleb128 0xf
 527 00c0 34       		.uleb128 0x34
 528 00c1 00       		.byte	0
 529 00c2 03       		.uleb128 0x3
 530 00c3 0E       		.uleb128 0xe
 531 00c4 3A       		.uleb128 0x3a
 532 00c5 0B       		.uleb128 0xb
 533 00c6 3B       		.uleb128 0x3b
 534 00c7 05       		.uleb128 0x5
 535 00c8 49       		.uleb128 0x49
 536 00c9 13       		.uleb128 0x13
 537 00ca 3F       		.uleb128 0x3f
 538 00cb 19       		.uleb128 0x19
 539 00cc 3C       		.uleb128 0x3c
 540 00cd 19       		.uleb128 0x19
 541 00ce 00       		.byte	0
 542 00cf 00       		.byte	0
 543 00d0 10       		.uleb128 0x10
 544 00d1 35       		.uleb128 0x35
 545 00d2 00       		.byte	0
 546 00d3 49       		.uleb128 0x49
 547 00d4 13       		.uleb128 0x13
 548 00d5 00       		.byte	0
 549 00d6 00       		.byte	0
 550 00d7 00       		.byte	0
 551              		.section	.debug_loc,"",%progbits
 552              	.Ldebug_loc0:
 553              	.LLST0:
 554 0000 00000000 		.4byte	.LVL0
 555 0004 02000000 		.4byte	.LVL1
 556 0008 0100     		.2byte	0x1
 557 000a 50       		.byte	0x50
 558 000b 02000000 		.4byte	.LVL1
 559 000f 04000000 		.4byte	.LFE110
 560 0013 0400     		.2byte	0x4
 561 0015 F3       		.byte	0xf3
 562 0016 01       		.uleb128 0x1
 563 0017 50       		.byte	0x50
 564 0018 9F       		.byte	0x9f
 565 0019 00000000 		.4byte	0
 566 001d 00000000 		.4byte	0
 567              		.section	.debug_aranges,"",%progbits
 568 0000 1C000000 		.4byte	0x1c
 569 0004 0200     		.2byte	0x2
 570 0006 00000000 		.4byte	.Ldebug_info0
 571 000a 04       		.byte	0x4
 572 000b 00       		.byte	0
 573 000c 0000     		.2byte	0
 574 000e 0000     		.2byte	0
ARM GAS  C:\Users\JASON\AppData\Local\Temp\ccbc8PX4.s 			page 12


 575 0010 00000000 		.4byte	.LFB110
 576 0014 04000000 		.4byte	.LFE110-.LFB110
 577 0018 00000000 		.4byte	0
 578 001c 00000000 		.4byte	0
 579              		.section	.debug_ranges,"",%progbits
 580              	.Ldebug_ranges0:
 581 0000 00000000 		.4byte	.LFB110
 582 0004 04000000 		.4byte	.LFE110
 583 0008 00000000 		.4byte	0
 584 000c 00000000 		.4byte	0
 585              		.section	.debug_line,"",%progbits
 586              	.Ldebug_line0:
 587 0000 47020000 		.section	.debug_str,"MS",%progbits,1
 587      02002F02 
 587      00000201 
 587      FB0E0D00 
 587      01010101 
 588              	.LASF60:
 589 0000 62757474 		.ascii	"buttonID\000"
 589      6F6E4944 
 589      00
 590              	.LASF31:
 591 0009 52435F45 		.ascii	"RC_ERROR_BUFFER_FULL\000"
 591      52524F52 
 591      5F425546 
 591      4645525F 
 591      46554C4C 
 592              	.LASF37:
 593 001e 52435F45 		.ascii	"RC_ERROR_READ_ONLY\000"
 593      52524F52 
 593      5F524541 
 593      445F4F4E 
 593      4C5900
 594              	.LASF23:
 595 0031 52435F53 		.ascii	"RC_SUCCESS\000"
 595      55434345 
 595      535300
 596              	.LASF38:
 597 003c 52435F45 		.ascii	"RC_ERROR_WRITE_ONLY\000"
 597      52524F52 
 597      5F575249 
 597      54455F4F 
 597      4E4C5900 
 598              	.LASF2:
 599 0050 73686F72 		.ascii	"short int\000"
 599      7420696E 
 599      7400
 600              	.LASF29:
 601 005a 52435F45 		.ascii	"RC_ERROR_OVERRUN\000"
 601      52524F52 
 601      5F4F5645 
 601      5252554E 
 601      00
 602              	.LASF41:
 603 006b 52435F45 		.ascii	"RC_ERROR_WRITE_FAILS\000"
 603      52524F52 
 603      5F575249 
ARM GAS  C:\Users\JASON\AppData\Local\Temp\ccbc8PX4.s 			page 13


 603      54455F46 
 603      41494C53 
 604              	.LASF22:
 605 0080 73697A65 		.ascii	"sizetype\000"
 605      74797065 
 605      00
 606              	.LASF58:
 607 0089 536F7572 		.ascii	"SourceFiles\\rte\\sc_button_type.c\000"
 607      63654669 
 607      6C65735C 
 607      7274655C 
 607      73635F62 
 608              	.LASF26:
 609 00aa 52435F45 		.ascii	"RC_ERROR_ZERO\000"
 609      52524F52 
 609      5F5A4552 
 609      4F00
 610              	.LASF20:
 611 00b8 45455F46 		.ascii	"EE_FREG\000"
 611      52454700 
 612              	.LASF40:
 613 00c0 52435F45 		.ascii	"RC_ERROR_READ_FAILS\000"
 613      52524F52 
 613      5F524541 
 613      445F4641 
 613      494C5300 
 614              	.LASF18:
 615 00d4 45455F55 		.ascii	"EE_UINT32\000"
 615      494E5433 
 615      3200
 616              	.LASF21:
 617 00de 45455F54 		.ascii	"EE_TID\000"
 617      494400
 618              	.LASF11:
 619 00e5 75696E74 		.ascii	"uint8_t\000"
 619      385F7400 
 620              	.LASF46:
 621 00ed 52435F45 		.ascii	"RC_ERROR_INVALID_STATE\000"
 621      52524F52 
 621      5F494E56 
 621      414C4944 
 621      5F535441 
 622              	.LASF55:
 623 0104 45455F49 		.ascii	"EE_IRQ_nesting_level\000"
 623      52515F6E 
 623      65737469 
 623      6E675F6C 
 623      6576656C 
 624              	.LASF54:
 625 0119 45455F73 		.ascii	"EE_std_endcycle_next_tid\000"
 625      74645F65 
 625      6E646379 
 625      636C655F 
 625      6E657874 
 626              	.LASF28:
 627 0132 52435F45 		.ascii	"RC_ERROR_RANGE\000"
 627      52524F52 
ARM GAS  C:\Users\JASON\AppData\Local\Temp\ccbc8PX4.s 			page 14


 627      5F52414E 
 627      474500
 628              	.LASF19:
 629 0141 45455F55 		.ascii	"EE_UREG\000"
 629      52454700 
 630              	.LASF13:
 631 0149 666C6F61 		.ascii	"float\000"
 631      7400
 632              	.LASF48:
 633 014f 52435F45 		.ascii	"RC_ERROR_NOT_IMPLEMENTED\000"
 633      52524F52 
 633      5F4E4F54 
 633      5F494D50 
 633      4C454D45 
 634              	.LASF8:
 635 0168 6C6F6E67 		.ascii	"long long int\000"
 635      206C6F6E 
 635      6720696E 
 635      7400
 636              	.LASF52:
 637 0176 45455F6F 		.ascii	"EE_oo_IRQ_suspend_status\000"
 637      6F5F4952 
 637      515F7375 
 637      7370656E 
 637      645F7374 
 638              	.LASF42:
 639 018f 52435F45 		.ascii	"RC_ERROR_NOT_MATCH\000"
 639      52524F52 
 639      5F4E4F54 
 639      5F4D4154 
 639      434800
 640              	.LASF47:
 641 01a2 52435F45 		.ascii	"RC_ERROR_UNKNOWN\000"
 641      52524F52 
 641      5F554E4B 
 641      4E4F574E 
 641      00
 642              	.LASF6:
 643 01b3 6C6F6E67 		.ascii	"long int\000"
 643      20696E74 
 643      00
 644              	.LASF30:
 645 01bc 52435F45 		.ascii	"RC_ERROR_UNDERRUN\000"
 645      52524F52 
 645      5F554E44 
 645      45525255 
 645      4E00
 646              	.LASF33:
 647 01ce 52435F45 		.ascii	"RC_ERROR_BUSY\000"
 647      52524F52 
 647      5F425553 
 647      5900
 648              	.LASF4:
 649 01dc 5F5F7569 		.ascii	"__uint8_t\000"
 649      6E74385F 
 649      7400
 650              	.LASF39:
ARM GAS  C:\Users\JASON\AppData\Local\Temp\ccbc8PX4.s 			page 15


 651 01e6 52435F45 		.ascii	"RC_ERROR_INVALID\000"
 651      52524F52 
 651      5F494E56 
 651      414C4944 
 651      00
 652              	.LASF44:
 653 01f7 52435F45 		.ascii	"RC_ERROR_BAD_DATA\000"
 653      52524F52 
 653      5F424144 
 653      5F444154 
 653      4100
 654              	.LASF16:
 655 0209 6C6F6E67 		.ascii	"long double\000"
 655      20646F75 
 655      626C6500 
 656              	.LASF1:
 657 0215 756E7369 		.ascii	"unsigned char\000"
 657      676E6564 
 657      20636861 
 657      7200
 658              	.LASF0:
 659 0223 7369676E 		.ascii	"signed char\000"
 659      65642063 
 659      68617200 
 660              	.LASF9:
 661 022f 6C6F6E67 		.ascii	"long long unsigned int\000"
 661      206C6F6E 
 661      6720756E 
 661      7369676E 
 661      65642069 
 662              	.LASF10:
 663 0246 756E7369 		.ascii	"unsigned int\000"
 663      676E6564 
 663      20696E74 
 663      00
 664              	.LASF35:
 665 0253 52435F45 		.ascii	"RC_ERROR_OPEN\000"
 665      52524F52 
 665      5F4F5045 
 665      4E00
 666              	.LASF25:
 667 0261 52435F45 		.ascii	"RC_ERROR_NULL\000"
 667      52524F52 
 667      5F4E554C 
 667      4C00
 668              	.LASF32:
 669 026f 52435F45 		.ascii	"RC_ERROR_BUFFER_EMTPY\000"
 669      52524F52 
 669      5F425546 
 669      4645525F 
 669      454D5450 
 670              	.LASF17:
 671 0285 45455F49 		.ascii	"EE_INT32\000"
 671      4E543332 
 671      00
 672              	.LASF3:
 673 028e 73686F72 		.ascii	"short unsigned int\000"
ARM GAS  C:\Users\JASON\AppData\Local\Temp\ccbc8PX4.s 			page 16


 673      7420756E 
 673      7369676E 
 673      65642069 
 673      6E7400
 674              	.LASF57:
 675 02a1 474E5520 		.ascii	"GNU C11 5.4.1 20160609 (release) [ARM/embedded-5-br"
 675      43313120 
 675      352E342E 
 675      31203230 
 675      31363036 
 676 02d4 616E6368 		.ascii	"anch revision 237715] -mcpu=cortex-m3 -mthumb -g -O"
 676      20726576 
 676      6973696F 
 676      6E203233 
 676      37373135 
 677 0307 67202D66 		.ascii	"g -ffunction-sections -ffat-lto-objects\000"
 677      66756E63 
 677      74696F6E 
 677      2D736563 
 677      74696F6E 
 678              	.LASF15:
 679 032f 63686172 		.ascii	"char\000"
 679      00
 680              	.LASF50:
 681 0334 53435F42 		.ascii	"SC_BUTTON_data_t\000"
 681      5554544F 
 681      4E5F6461 
 681      74615F74 
 681      00
 682              	.LASF12:
 683 0345 696E7433 		.ascii	"int32_t\000"
 683      325F7400 
 684              	.LASF43:
 685 034d 52435F45 		.ascii	"RC_ERROR_BAD_PARAM\000"
 685      52524F52 
 685      5F424144 
 685      5F504152 
 685      414D00
 686              	.LASF62:
 687 0360 64617461 		.ascii	"data\000"
 687      00
 688              	.LASF53:
 689 0365 45455F41 		.ascii	"EE_ApplicationMode\000"
 689      70706C69 
 689      63617469 
 689      6F6E4D6F 
 689      646500
 690              	.LASF7:
 691 0378 6C6F6E67 		.ascii	"long unsigned int\000"
 691      20756E73 
 691      69676E65 
 691      6420696E 
 691      7400
 692              	.LASF14:
 693 038a 646F7562 		.ascii	"double\000"
 693      6C6500
 694              	.LASF36:
ARM GAS  C:\Users\JASON\AppData\Local\Temp\ccbc8PX4.s 			page 17


 695 0391 52435F45 		.ascii	"RC_ERROR_CHECKSUM\000"
 695      52524F52 
 695      5F434845 
 695      434B5355 
 695      4D00
 696              	.LASF61:
 697 03a3 53435F42 		.ascii	"SC_BUTTON_driverIn\000"
 697      5554544F 
 697      4E5F6472 
 697      69766572 
 697      496E00
 698              	.LASF5:
 699 03b6 5F5F696E 		.ascii	"__int32_t\000"
 699      7433325F 
 699      7400
 700              	.LASF59:
 701 03c0 433A5C4A 		.ascii	"C:\\Jason\\EIT\\Semester_02\\01_EAA\\Lab\\Assignmen"
 701      61736F6E 
 701      5C454954 
 701      5C53656D 
 701      65737465 
 702 03ed 745F325C 		.ascii	"t_2\\ElectronicClock\\ElectronicClock.cydsn\000"
 702      456C6563 
 702      74726F6E 
 702      6963436C 
 702      6F636B5C 
 703              	.LASF45:
 704 0417 52435F45 		.ascii	"RC_ERROR_CANCELED\000"
 704      52524F52 
 704      5F43414E 
 704      43454C45 
 704      4400
 705              	.LASF56:
 706 0429 49544D5F 		.ascii	"ITM_RxBuffer\000"
 706      52784275 
 706      66666572 
 706      00
 707              	.LASF24:
 708 0436 52435F45 		.ascii	"RC_ERROR\000"
 708      52524F52 
 708      00
 709              	.LASF27:
 710 043f 52435F45 		.ascii	"RC_ERROR_MEMORY\000"
 710      52524F52 
 710      5F4D454D 
 710      4F525900 
 711              	.LASF51:
 712 044f 45455F6F 		.ascii	"EE_oo_IRQ_disable_count\000"
 712      6F5F4952 
 712      515F6469 
 712      7361626C 
 712      655F636F 
 713              	.LASF49:
 714 0467 52435F74 		.ascii	"RC_t\000"
 714      00
 715              	.LASF34:
 716 046c 52435F45 		.ascii	"RC_ERROR_TIME_OUT\000"
ARM GAS  C:\Users\JASON\AppData\Local\Temp\ccbc8PX4.s 			page 18


 716      52524F52 
 716      5F54494D 
 716      455F4F55 
 716      5400
 717              		.ident	"GCC: (GNU Tools for ARM Embedded Processors) 5.4.1 20160609 (release) [ARM/embedded-5-bran
