ARM GAS  C:\Users\JASON\AppData\Local\Temp\ccCL6GUx.s 			page 1


   1              		.syntax unified
   2              		.cpu cortex-m3
   3              		.fpu softvfp
   4              		.eabi_attribute 20, 1
   5              		.eabi_attribute 21, 1
   6              		.eabi_attribute 23, 3
   7              		.eabi_attribute 24, 1
   8              		.eabi_attribute 25, 1
   9              		.eabi_attribute 26, 1
  10              		.eabi_attribute 30, 1
  11              		.eabi_attribute 34, 1
  12              		.eabi_attribute 18, 4
  13              		.thumb
  14              		.syntax unified
  15              		.file	"sc_clock_type.c"
  16              		.text
  17              	.Ltext0:
  18              		.cfi_sections	.debug_frame
  19              		.section	.text.SC_CLOCK_driverOut,"ax",%progbits
  20              		.align	2
  21              		.global	SC_CLOCK_driverOut
  22              		.thumb
  23              		.thumb_func
  24              		.type	SC_CLOCK_driverOut, %function
  25              	SC_CLOCK_driverOut:
  26              	.LFB111:
  27              		.file 1 "SourceFiles\\rte\\sc_clock_type.c"
   1:SourceFiles\rte/sc_clock_type.c **** 
   2:SourceFiles\rte/sc_clock_type.c **** 
   3:SourceFiles\rte/sc_clock_type.c **** /*
   4:SourceFiles\rte/sc_clock_type.c ****  * Filename: sc_clock_type.c
   5:SourceFiles\rte/sc_clock_type.c ****  *
   6:SourceFiles\rte/sc_clock_type.c ****  * Author: Autogenerated by H-DA RTE Generator, (c) Prof. Fromm
   7:SourceFiles\rte/sc_clock_type.c ****  */
   8:SourceFiles\rte/sc_clock_type.c **** 
   9:SourceFiles\rte/sc_clock_type.c **** #include "project.h"
  10:SourceFiles\rte/sc_clock_type.c **** #include "global.h"
  11:SourceFiles\rte/sc_clock_type.c **** #include "rte.h"
  12:SourceFiles\rte/sc_clock_type.c **** #include "rte_types.h"
  13:SourceFiles\rte/sc_clock_type.c **** #include "sc_clock_type.h"
  14:SourceFiles\rte/sc_clock_type.c **** 
  15:SourceFiles\rte/sc_clock_type.c **** 
  16:SourceFiles\rte/sc_clock_type.c **** 
  17:SourceFiles\rte/sc_clock_type.c **** /* USER CODE START SC_CLOCK_INCLUDE */
  18:SourceFiles\rte/sc_clock_type.c **** 
  19:SourceFiles\rte/sc_clock_type.c **** /* USER CODE END SC_CLOCK_INCLUDE */
  20:SourceFiles\rte/sc_clock_type.c **** 
  21:SourceFiles\rte/sc_clock_type.c **** 
  22:SourceFiles\rte/sc_clock_type.c **** /*
  23:SourceFiles\rte/sc_clock_type.c **** * description: Signalclass of the clock containig the hours and minutes.
  24:SourceFiles\rte/sc_clock_type.c **** * name: sc_CLOCK
  25:SourceFiles\rte/sc_clock_type.c **** * shortname: CLOCK
  26:SourceFiles\rte/sc_clock_type.c **** */
  27:SourceFiles\rte/sc_clock_type.c **** 
  28:SourceFiles\rte/sc_clock_type.c **** /* USER CODE START SC_CLOCK_USERDEFINITIONS */
  29:SourceFiles\rte/sc_clock_type.c **** 
  30:SourceFiles\rte/sc_clock_type.c **** /* USER CODE END SC_CLOCK_USERDEFINITIONS */
ARM GAS  C:\Users\JASON\AppData\Local\Temp\ccCL6GUx.s 			page 2


  31:SourceFiles\rte/sc_clock_type.c **** 
  32:SourceFiles\rte/sc_clock_type.c **** 
  33:SourceFiles\rte/sc_clock_type.c **** /*****************************************************************************************
  34:SourceFiles\rte/sc_clock_type.c ****  *************** Port Wrapper Implementation for SC_CLOCK signal  ****************
  35:SourceFiles\rte/sc_clock_type.c ****  *****************************************************************************************/
  36:SourceFiles\rte/sc_clock_type.c ****  
  37:SourceFiles\rte/sc_clock_type.c ****  
  38:SourceFiles\rte/sc_clock_type.c **** /**
  39:SourceFiles\rte/sc_clock_type.c ****  * Default OUT driver API
  40:SourceFiles\rte/sc_clock_type.c ****  */
  41:SourceFiles\rte/sc_clock_type.c **** inline RC_t SC_CLOCK_driverOut(const SC_CLOCK_data_t  *const data)
  42:SourceFiles\rte/sc_clock_type.c **** {
  28              		.loc 1 42 0
  29              		.cfi_startproc
  30              		@ args = 0, pretend = 0, frame = 0
  31              		@ frame_needed = 0, uses_anonymous_args = 0
  32              		@ link register save eliminated.
  33              	.LVL0:
  43:SourceFiles\rte/sc_clock_type.c **** 	/* USER CODE START driverOutSC_CLOCK */
  44:SourceFiles\rte/sc_clock_type.c **** 
  45:SourceFiles\rte/sc_clock_type.c **** 	//Scale application data to drive format
  46:SourceFiles\rte/sc_clock_type.c **** 
  47:SourceFiles\rte/sc_clock_type.c **** 	//Write scaled data to driver
  48:SourceFiles\rte/sc_clock_type.c **** 
  49:SourceFiles\rte/sc_clock_type.c **** 	return RC_SUCCESS;
  50:SourceFiles\rte/sc_clock_type.c **** 	/* USER CODE END driverOutSC_CLOCK */
  51:SourceFiles\rte/sc_clock_type.c **** }
  34              		.loc 1 51 0
  35 0000 0020     		movs	r0, #0
  36              	.LVL1:
  37 0002 7047     		bx	lr
  38              		.cfi_endproc
  39              	.LFE111:
  40              		.size	SC_CLOCK_driverOut, .-SC_CLOCK_driverOut
  41              		.text
  42              	.Letext0:
  43              		.file 2 "c:\\program files (x86)\\cypress\\psoc creator\\4.4\\psoc creator\\import\\gnu\\arm\\5.4.
  44              		.file 3 "c:\\program files (x86)\\cypress\\psoc creator\\4.4\\psoc creator\\import\\gnu\\arm\\5.4.
  45              		.file 4 "Generated_Source\\PSoC5/ErikaOS_common_ee_types.inc"
  46              		.file 5 "Generated_Source\\PSoC5/ErikaOS_cortex_mx_ee_cpu.inc"
  47              		.file 6 ".\\SourceFiles\\bsw/global.h"
  48              		.file 7 ".\\SourceFiles\\bsw\\tft/tft.h"
  49              		.file 8 ".\\SourceFiles\\asw/clock_statemachine_cfg.h"
  50              		.file 9 ".\\SourceFiles\\asw/clock_statemachine.h"
  51              		.file 10 "SourceFiles\\rte\\sc_clock_type.h"
  52              		.file 11 "Generated_Source\\PSoC5/ErikaOS_ee_oo_intfunc.inc"
  53              		.file 12 "Generated_Source\\PSoC5/ErikaOS_cortex_mx_ee_context.inc"
  54              		.file 13 "Generated_Source\\PSoC5/ErikaOS_common_ee_primitives.inc"
  55              		.file 14 "Generated_Source\\PSoC5/core_cm3.h"
  56              		.section	.debug_info,"",%progbits
  57              	.Ldebug_info0:
  58 0000 A9050000 		.4byte	0x5a9
  59 0004 0400     		.2byte	0x4
  60 0006 00000000 		.4byte	.Ldebug_abbrev0
  61 000a 04       		.byte	0x4
  62 000b 01       		.uleb128 0x1
  63 000c A6050000 		.4byte	.LASF130
ARM GAS  C:\Users\JASON\AppData\Local\Temp\ccCL6GUx.s 			page 3


  64 0010 0C       		.byte	0xc
  65 0011 C4060000 		.4byte	.LASF131
  66 0015 9F040000 		.4byte	.LASF132
  67 0019 00000000 		.4byte	.Ldebug_ranges0+0
  68 001d 00000000 		.4byte	0
  69 0021 00000000 		.4byte	.Ldebug_line0
  70 0025 02       		.uleb128 0x2
  71 0026 01       		.byte	0x1
  72 0027 06       		.byte	0x6
  73 0028 1B010000 		.4byte	.LASF0
  74 002c 02       		.uleb128 0x2
  75 002d 01       		.byte	0x1
  76 002e 08       		.byte	0x8
  77 002f 5E050000 		.4byte	.LASF1
  78 0033 02       		.uleb128 0x2
  79 0034 02       		.byte	0x2
  80 0035 05       		.byte	0x5
  81 0036 8E050000 		.4byte	.LASF2
  82 003a 03       		.uleb128 0x3
  83 003b E8010000 		.4byte	.LASF4
  84 003f 02       		.byte	0x2
  85 0040 2B       		.byte	0x2b
  86 0041 45000000 		.4byte	0x45
  87 0045 02       		.uleb128 0x2
  88 0046 02       		.byte	0x2
  89 0047 07       		.byte	0x7
  90 0048 4C030000 		.4byte	.LASF3
  91 004c 03       		.uleb128 0x3
  92 004d D1030000 		.4byte	.LASF5
  93 0051 02       		.byte	0x2
  94 0052 3F       		.byte	0x3f
  95 0053 57000000 		.4byte	0x57
  96 0057 02       		.uleb128 0x2
  97 0058 04       		.byte	0x4
  98 0059 05       		.byte	0x5
  99 005a 7A010000 		.4byte	.LASF6
 100 005e 02       		.uleb128 0x2
 101 005f 04       		.byte	0x4
 102 0060 07       		.byte	0x7
 103 0061 C1020000 		.4byte	.LASF7
 104 0065 02       		.uleb128 0x2
 105 0066 08       		.byte	0x8
 106 0067 05       		.byte	0x5
 107 0068 0D010000 		.4byte	.LASF8
 108 006c 02       		.uleb128 0x2
 109 006d 08       		.byte	0x8
 110 006e 07       		.byte	0x7
 111 006f 2A030000 		.4byte	.LASF9
 112 0073 04       		.uleb128 0x4
 113 0074 04       		.byte	0x4
 114 0075 05       		.byte	0x5
 115 0076 696E7400 		.ascii	"int\000"
 116 007a 02       		.uleb128 0x2
 117 007b 04       		.byte	0x4
 118 007c 07       		.byte	0x7
 119 007d B7060000 		.4byte	.LASF10
 120 0081 03       		.uleb128 0x3
ARM GAS  C:\Users\JASON\AppData\Local\Temp\ccCL6GUx.s 			page 4


 121 0082 7D020000 		.4byte	.LASF11
 122 0086 03       		.byte	0x3
 123 0087 24       		.byte	0x24
 124 0088 3A000000 		.4byte	0x3a
 125 008c 03       		.uleb128 0x3
 126 008d 56050000 		.4byte	.LASF12
 127 0091 03       		.byte	0x3
 128 0092 2C       		.byte	0x2c
 129 0093 4C000000 		.4byte	0x4c
 130 0097 02       		.uleb128 0x2
 131 0098 04       		.byte	0x4
 132 0099 04       		.byte	0x4
 133 009a 33050000 		.4byte	.LASF13
 134 009e 02       		.uleb128 0x2
 135 009f 08       		.byte	0x8
 136 00a0 04       		.byte	0x4
 137 00a1 C0010000 		.4byte	.LASF14
 138 00a5 02       		.uleb128 0x2
 139 00a6 01       		.byte	0x1
 140 00a7 08       		.byte	0x8
 141 00a8 AC060000 		.4byte	.LASF15
 142 00ac 02       		.uleb128 0x2
 143 00ad 08       		.byte	0x8
 144 00ae 04       		.byte	0x4
 145 00af 95060000 		.4byte	.LASF16
 146 00b3 03       		.uleb128 0x3
 147 00b4 CE070000 		.4byte	.LASF17
 148 00b8 04       		.byte	0x4
 149 00b9 53       		.byte	0x53
 150 00ba 73000000 		.4byte	0x73
 151 00be 03       		.uleb128 0x3
 152 00bf B5070000 		.4byte	.LASF18
 153 00c3 04       		.byte	0x4
 154 00c4 54       		.byte	0x54
 155 00c5 7A000000 		.4byte	0x7a
 156 00c9 03       		.uleb128 0x3
 157 00ca A7020000 		.4byte	.LASF19
 158 00ce 05       		.byte	0x5
 159 00cf 4D       		.byte	0x4d
 160 00d0 BE000000 		.4byte	0xbe
 161 00d4 03       		.uleb128 0x3
 162 00d5 2C080000 		.4byte	.LASF20
 163 00d9 05       		.byte	0x5
 164 00da 4F       		.byte	0x4f
 165 00db BE000000 		.4byte	0xbe
 166 00df 03       		.uleb128 0x3
 167 00e0 41020000 		.4byte	.LASF21
 168 00e4 05       		.byte	0x5
 169 00e5 78       		.byte	0x78
 170 00e6 B3000000 		.4byte	0xb3
 171 00ea 02       		.uleb128 0x2
 172 00eb 04       		.byte	0x4
 173 00ec 07       		.byte	0x7
 174 00ed 1C040000 		.4byte	.LASF22
 175 00f1 03       		.uleb128 0x3
 176 00f2 25040000 		.4byte	.LASF23
 177 00f6 06       		.byte	0x6
ARM GAS  C:\Users\JASON\AppData\Local\Temp\ccCL6GUx.s 			page 5


 178 00f7 9C       		.byte	0x9c
 179 00f8 2C000000 		.4byte	0x2c
 180 00fc 05       		.uleb128 0x5
 181 00fd 01       		.byte	0x1
 182 00fe 25000000 		.4byte	0x25
 183 0102 06       		.byte	0x6
 184 0103 CF       		.byte	0xcf
 185 0104 A5010000 		.4byte	0x1a5
 186 0108 06       		.uleb128 0x6
 187 0109 E1020000 		.4byte	.LASF24
 188 010d 00       		.byte	0
 189 010e 07       		.uleb128 0x7
 190 010f 25050000 		.4byte	.LASF25
 191 0113 7F       		.sleb128 -1
 192 0114 07       		.uleb128 0x7
 193 0115 D3020000 		.4byte	.LASF26
 194 0119 7E       		.sleb128 -2
 195 011a 07       		.uleb128 0x7
 196 011b 98050000 		.4byte	.LASF27
 197 011f 7D       		.sleb128 -3
 198 0120 07       		.uleb128 0x7
 199 0121 27010000 		.4byte	.LASF28
 200 0125 7C       		.sleb128 -4
 201 0126 07       		.uleb128 0x7
 202 0127 BF070000 		.4byte	.LASF29
 203 012b 7B       		.sleb128 -5
 204 012c 07       		.uleb128 0x7
 205 012d 2A070000 		.4byte	.LASF30
 206 0131 7A       		.sleb128 -6
 207 0132 07       		.uleb128 0x7
 208 0133 F6040000 		.4byte	.LASF31
 209 0137 79       		.sleb128 -7
 210 0138 07       		.uleb128 0x7
 211 0139 77030000 		.4byte	.LASF32
 212 013d 78       		.sleb128 -8
 213 013e 07       		.uleb128 0x7
 214 013f 4D010000 		.4byte	.LASF33
 215 0143 77       		.sleb128 -9
 216 0144 07       		.uleb128 0x7
 217 0145 39050000 		.4byte	.LASF34
 218 0149 76       		.sleb128 -10
 219 014a 07       		.uleb128 0x7
 220 014b B9000000 		.4byte	.LASF35
 221 014f 75       		.sleb128 -11
 222 0150 07       		.uleb128 0x7
 223 0151 A9010000 		.4byte	.LASF36
 224 0155 74       		.sleb128 -12
 225 0156 07       		.uleb128 0x7
 226 0157 AF020000 		.4byte	.LASF37
 227 015b 73       		.sleb128 -13
 228 015c 07       		.uleb128 0x7
 229 015d 82060000 		.4byte	.LASF38
 230 0161 72       		.sleb128 -14
 231 0162 07       		.uleb128 0x7
 232 0163 7D000000 		.4byte	.LASF39
 233 0167 71       		.sleb128 -15
 234 0168 07       		.uleb128 0x7
ARM GAS  C:\Users\JASON\AppData\Local\Temp\ccCL6GUx.s 			page 6


 235 0169 4C040000 		.4byte	.LASF40
 236 016d 70       		.sleb128 -16
 237 016e 07       		.uleb128 0x7
 238 016f 08050000 		.4byte	.LASF41
 239 0173 6F       		.sleb128 -17
 240 0174 07       		.uleb128 0x7
 241 0175 A9030000 		.4byte	.LASF42
 242 0179 6E       		.sleb128 -18
 243 017a 07       		.uleb128 0x7
 244 017b BE030000 		.4byte	.LASF43
 245 017f 6D       		.sleb128 -19
 246 0180 07       		.uleb128 0x7
 247 0181 6F060000 		.4byte	.LASF44
 248 0185 6C       		.sleb128 -20
 249 0186 07       		.uleb128 0x7
 250 0187 A7000000 		.4byte	.LASF45
 251 018b 6B       		.sleb128 -21
 252 018c 07       		.uleb128 0x7
 253 018d 8D040000 		.4byte	.LASF46
 254 0191 6A       		.sleb128 -22
 255 0192 07       		.uleb128 0x7
 256 0193 2B000000 		.4byte	.LASF47
 257 0197 69       		.sleb128 -23
 258 0198 07       		.uleb128 0x7
 259 0199 96020000 		.4byte	.LASF48
 260 019d 68       		.sleb128 -24
 261 019e 07       		.uleb128 0x7
 262 019f 11070000 		.4byte	.LASF49
 263 01a3 67       		.sleb128 -25
 264 01a4 00       		.byte	0
 265 01a5 03       		.uleb128 0x3
 266 01a6 78000000 		.4byte	.LASF50
 267 01aa 06       		.byte	0x6
 268 01ab EA       		.byte	0xea
 269 01ac FC000000 		.4byte	0xfc
 270 01b0 05       		.uleb128 0x5
 271 01b1 02       		.byte	0x2
 272 01b2 45000000 		.4byte	0x45
 273 01b6 07       		.byte	0x7
 274 01b7 5C       		.byte	0x5c
 275 01b8 4E020000 		.4byte	0x24e
 276 01bc 08       		.uleb128 0x8
 277 01bd F2000000 		.4byte	.LASF51
 278 01c1 FFFF     		.2byte	0xffff
 279 01c3 06       		.uleb128 0x6
 280 01c4 B1060000 		.4byte	.LASF52
 281 01c8 00       		.byte	0
 282 01c9 08       		.uleb128 0x8
 283 01ca F7060000 		.4byte	.LASF53
 284 01ce 00F8     		.2byte	0xf800
 285 01d0 08       		.uleb128 0x8
 286 01d1 2E050000 		.4byte	.LASF54
 287 01d5 1FF8     		.2byte	0xf81f
 288 01d7 08       		.uleb128 0x8
 289 01d8 4A000000 		.4byte	.LASF55
 290 01dc FF07     		.2byte	0x7ff
 291 01de 08       		.uleb128 0x8
ARM GAS  C:\Users\JASON\AppData\Local\Temp\ccCL6GUx.s 			page 7


 292 01df 24030000 		.4byte	.LASF56
 293 01e3 E0FF     		.2byte	0xffe0
 294 01e5 09       		.uleb128 0x9
 295 01e6 52454400 		.ascii	"RED\000"
 296 01ea 1F       		.byte	0x1f
 297 01eb 08       		.uleb128 0x8
 298 01ec 42000000 		.4byte	.LASF57
 299 01f0 1FF8     		.2byte	0xf81f
 300 01f2 08       		.uleb128 0x8
 301 01f3 0B070000 		.4byte	.LASF58
 302 01f7 E007     		.2byte	0x7e0
 303 01f9 08       		.uleb128 0x8
 304 01fa 34060000 		.4byte	.LASF59
 305 01fe E0FF     		.2byte	0xffe0
 306 0200 08       		.uleb128 0x8
 307 0201 A2010000 		.4byte	.LASF60
 308 0205 FF07     		.2byte	0x7ff
 309 0207 08       		.uleb128 0x8
 310 0208 83010000 		.4byte	.LASF61
 311 020c 3D02     		.2byte	0x23d
 312 020e 08       		.uleb128 0x8
 313 020f 24020000 		.4byte	.LASF62
 314 0213 3FE0     		.2byte	0xe03f
 315 0215 08       		.uleb128 0x8
 316 0216 30020000 		.4byte	.LASF63
 317 021a 210C     		.2byte	0xc21
 318 021c 08       		.uleb128 0x8
 319 021d 1C050000 		.4byte	.LASF64
 320 0221 89F3     		.2byte	0xf389
 321 0223 08       		.uleb128 0x8
 322 0224 DB030000 		.4byte	.LASF65
 323 0228 BE3E     		.2byte	0x3ebe
 324 022a 08       		.uleb128 0x8
 325 022b 05080000 		.4byte	.LASF66
 326 022f 2A1A     		.2byte	0x1a2a
 327 0231 08       		.uleb128 0x8
 328 0232 3B070000 		.4byte	.LASF67
 329 0236 21F8     		.2byte	0xf821
 330 0238 08       		.uleb128 0x8
 331 0239 2A020000 		.4byte	.LASF68
 332 023d 6318     		.2byte	0x1863
 333 023f 08       		.uleb128 0x8
 334 0240 9F030000 		.4byte	.LASF69
 335 0244 658A     		.2byte	0x8a65
 336 0246 08       		.uleb128 0x8
 337 0247 8C030000 		.4byte	.LASF70
 338 024b D448     		.2byte	0x48d4
 339 024d 00       		.byte	0
 340 024e 03       		.uleb128 0x3
 341 024f F8000000 		.4byte	.LASF71
 342 0253 07       		.byte	0x7
 343 0254 72       		.byte	0x72
 344 0255 B0010000 		.4byte	0x1b0
 345 0259 05       		.uleb128 0x5
 346 025a 01       		.byte	0x1
 347 025b 2C000000 		.4byte	0x2c
 348 025f 08       		.byte	0x8
ARM GAS  C:\Users\JASON\AppData\Local\Temp\ccCL6GUx.s 			page 8


 349 0260 0F       		.byte	0xf
 350 0261 8A020000 		.4byte	0x28a
 351 0265 06       		.uleb128 0x6
 352 0266 5A020000 		.4byte	.LASF72
 353 026a 00       		.byte	0
 354 026b 06       		.uleb128 0x6
 355 026c E5030000 		.4byte	.LASF73
 356 0270 01       		.byte	0x1
 357 0271 06       		.uleb128 0x6
 358 0272 39060000 		.4byte	.LASF74
 359 0276 02       		.byte	0x2
 360 0277 06       		.uleb128 0x6
 361 0278 5D000000 		.4byte	.LASF75
 362 027c 03       		.byte	0x3
 363 027d 06       		.uleb128 0x6
 364 027e 0C020000 		.4byte	.LASF76
 365 0282 04       		.byte	0x4
 366 0283 06       		.uleb128 0x6
 367 0284 5C070000 		.4byte	.LASF77
 368 0288 05       		.byte	0x5
 369 0289 00       		.byte	0
 370 028a 03       		.uleb128 0x3
 371 028b 4F000000 		.4byte	.LASF78
 372 028f 08       		.byte	0x8
 373 0290 16       		.byte	0x16
 374 0291 59020000 		.4byte	0x259
 375 0295 05       		.uleb128 0x5
 376 0296 01       		.byte	0x1
 377 0297 2C000000 		.4byte	0x2c
 378 029b 08       		.byte	0x8
 379 029c 19       		.byte	0x19
 380 029d CC020000 		.4byte	0x2cc
 381 02a1 06       		.uleb128 0x6
 382 02a2 98070000 		.4byte	.LASF79
 383 02a6 00       		.byte	0
 384 02a7 06       		.uleb128 0x6
 385 02a8 07000000 		.4byte	.LASF80
 386 02ac 01       		.byte	0x1
 387 02ad 06       		.uleb128 0x6
 388 02ae 35020000 		.4byte	.LASF81
 389 02b2 02       		.byte	0x2
 390 02b3 06       		.uleb128 0x6
 391 02b4 F0070000 		.4byte	.LASF82
 392 02b8 03       		.byte	0x3
 393 02b9 06       		.uleb128 0x6
 394 02ba B7010000 		.4byte	.LASF83
 395 02be 04       		.byte	0x4
 396 02bf 06       		.uleb128 0x6
 397 02c0 75020000 		.4byte	.LASF84
 398 02c4 05       		.byte	0x5
 399 02c5 06       		.uleb128 0x6
 400 02c6 CB000000 		.4byte	.LASF85
 401 02ca 06       		.byte	0x6
 402 02cb 00       		.byte	0
 403 02cc 03       		.uleb128 0x3
 404 02cd 14040000 		.4byte	.LASF86
 405 02d1 08       		.byte	0x8
ARM GAS  C:\Users\JASON\AppData\Local\Temp\ccCL6GUx.s 			page 9


 406 02d2 21       		.byte	0x21
 407 02d3 95020000 		.4byte	0x295
 408 02d7 03       		.uleb128 0x3
 409 02d8 94010000 		.4byte	.LASF87
 410 02dc 08       		.byte	0x8
 411 02dd 25       		.byte	0x25
 412 02de 8A020000 		.4byte	0x28a
 413 02e2 03       		.uleb128 0x3
 414 02e3 61060000 		.4byte	.LASF88
 415 02e7 08       		.byte	0x8
 416 02e8 26       		.byte	0x26
 417 02e9 CC020000 		.4byte	0x2cc
 418 02ed 03       		.uleb128 0x3
 419 02ee 48020000 		.4byte	.LASF89
 420 02f2 09       		.byte	0x9
 421 02f3 17       		.byte	0x17
 422 02f4 F8020000 		.4byte	0x2f8
 423 02f8 0A       		.uleb128 0xa
 424 02f9 04       		.byte	0x4
 425 02fa FE020000 		.4byte	0x2fe
 426 02fe 0B       		.uleb128 0xb
 427 02ff 05030000 		.4byte	0x305
 428 0303 0C       		.uleb128 0xc
 429 0304 00       		.byte	0
 430 0305 03       		.uleb128 0x3
 431 0306 69010000 		.4byte	.LASF90
 432 030a 09       		.byte	0x9
 433 030b 1A       		.byte	0x1a
 434 030c 10030000 		.4byte	0x310
 435 0310 0A       		.uleb128 0xa
 436 0311 04       		.byte	0x4
 437 0312 16030000 		.4byte	0x316
 438 0316 0D       		.uleb128 0xd
 439 0317 F1000000 		.4byte	0xf1
 440 031b 21030000 		.4byte	0x321
 441 031f 0C       		.uleb128 0xc
 442 0320 00       		.byte	0
 443 0321 0E       		.uleb128 0xe
 444 0322 0C       		.byte	0xc
 445 0323 09       		.byte	0x9
 446 0324 1F       		.byte	0x1f
 447 0325 5A030000 		.4byte	0x35a
 448 0329 0F       		.uleb128 0xf
 449 032a 41030000 		.4byte	.LASF91
 450 032e 09       		.byte	0x9
 451 032f 21       		.byte	0x21
 452 0330 E2020000 		.4byte	0x2e2
 453 0334 00       		.byte	0
 454 0335 0F       		.uleb128 0xf
 455 0336 91000000 		.4byte	.LASF92
 456 033a 09       		.byte	0x9
 457 033b 22       		.byte	0x22
 458 033c D7020000 		.4byte	0x2d7
 459 0340 01       		.byte	0x1
 460 0341 0F       		.uleb128 0xf
 461 0342 1B080000 		.4byte	.LASF93
 462 0346 09       		.byte	0x9
ARM GAS  C:\Users\JASON\AppData\Local\Temp\ccCL6GUx.s 			page 10


 463 0347 23       		.byte	0x23
 464 0348 05030000 		.4byte	0x305
 465 034c 04       		.byte	0x4
 466 034d 0F       		.uleb128 0xf
 467 034e 4B070000 		.4byte	.LASF94
 468 0352 09       		.byte	0x9
 469 0353 24       		.byte	0x24
 470 0354 ED020000 		.4byte	0x2ed
 471 0358 08       		.byte	0x8
 472 0359 00       		.byte	0
 473 035a 03       		.uleb128 0x3
 474 035b 2F040000 		.4byte	.LASF95
 475 035f 09       		.byte	0x9
 476 0360 25       		.byte	0x25
 477 0361 21030000 		.4byte	0x321
 478 0365 03       		.uleb128 0x3
 479 0366 6C050000 		.4byte	.LASF96
 480 036a 09       		.byte	0x9
 481 036b 27       		.byte	0x27
 482 036c 70030000 		.4byte	0x370
 483 0370 10       		.uleb128 0x10
 484 0371 5A030000 		.4byte	0x35a
 485 0375 7B030000 		.4byte	0x37b
 486 0379 11       		.uleb128 0x11
 487 037a 00       		.byte	0
 488 037b 0E       		.uleb128 0xe
 489 037c 0C       		.byte	0xc
 490 037d 09       		.byte	0x9
 491 037e 2A       		.byte	0x2a
 492 037f A8030000 		.4byte	0x3a8
 493 0383 0F       		.uleb128 0xf
 494 0384 21000000 		.4byte	.LASF97
 495 0388 09       		.byte	0x9
 496 0389 2C       		.byte	0x2c
 497 038a D7020000 		.4byte	0x2d7
 498 038e 00       		.byte	0
 499 038f 0F       		.uleb128 0xf
 500 0390 37010000 		.4byte	.LASF98
 501 0394 09       		.byte	0x9
 502 0395 2D       		.byte	0x2d
 503 0396 AE030000 		.4byte	0x3ae
 504 039a 04       		.byte	0x4
 505 039b 0F       		.uleb128 0xf
 506 039c 47030000 		.4byte	.LASF99
 507 03a0 09       		.byte	0x9
 508 03a1 2E       		.byte	0x2e
 509 03a2 B3030000 		.4byte	0x3b3
 510 03a6 08       		.byte	0x8
 511 03a7 00       		.byte	0
 512 03a8 0A       		.uleb128 0xa
 513 03a9 04       		.byte	0x4
 514 03aa 70030000 		.4byte	0x370
 515 03ae 12       		.uleb128 0x12
 516 03af A8030000 		.4byte	0x3a8
 517 03b3 12       		.uleb128 0x12
 518 03b4 81000000 		.4byte	0x81
 519 03b8 03       		.uleb128 0x3
ARM GAS  C:\Users\JASON\AppData\Local\Temp\ccCL6GUx.s 			page 11


 520 03b9 5D040000 		.4byte	.LASF100
 521 03bd 09       		.byte	0x9
 522 03be 2F       		.byte	0x2f
 523 03bf 7B030000 		.4byte	0x37b
 524 03c3 03       		.uleb128 0x3
 525 03c4 02030000 		.4byte	.LASF101
 526 03c8 09       		.byte	0x9
 527 03c9 31       		.byte	0x31
 528 03ca CE030000 		.4byte	0x3ce
 529 03ce 10       		.uleb128 0x10
 530 03cf B8030000 		.4byte	0x3b8
 531 03d3 D9030000 		.4byte	0x3d9
 532 03d7 11       		.uleb128 0x11
 533 03d8 00       		.byte	0
 534 03d9 0E       		.uleb128 0xe
 535 03da 0C       		.byte	0xc
 536 03db 09       		.byte	0x9
 537 03dc 34       		.byte	0x34
 538 03dd 06040000 		.4byte	0x406
 539 03e1 0F       		.uleb128 0xf
 540 03e2 63010000 		.4byte	.LASF102
 541 03e6 09       		.byte	0x9
 542 03e7 36       		.byte	0x36
 543 03e8 D7020000 		.4byte	0x2d7
 544 03ec 00       		.byte	0
 545 03ed 0F       		.uleb128 0xf
 546 03ee 93030000 		.4byte	.LASF103
 547 03f2 09       		.byte	0x9
 548 03f3 37       		.byte	0x37
 549 03f4 ED020000 		.4byte	0x2ed
 550 03f8 04       		.byte	0x4
 551 03f9 0F       		.uleb128 0xf
 552 03fa 89010000 		.4byte	.LASF104
 553 03fe 09       		.byte	0x9
 554 03ff 38       		.byte	0x38
 555 0400 ED020000 		.4byte	0x2ed
 556 0404 08       		.byte	0x8
 557 0405 00       		.byte	0
 558 0406 03       		.uleb128 0x3
 559 0407 84070000 		.4byte	.LASF105
 560 040b 09       		.byte	0x9
 561 040c 39       		.byte	0x39
 562 040d D9030000 		.4byte	0x3d9
 563 0411 05       		.uleb128 0x5
 564 0412 01       		.byte	0x1
 565 0413 2C000000 		.4byte	0x2c
 566 0417 0A       		.byte	0xa
 567 0418 21       		.byte	0x21
 568 0419 30040000 		.4byte	0x430
 569 041d 06       		.uleb128 0x6
 570 041e 56060000 		.4byte	.LASF106
 571 0422 00       		.byte	0
 572 0423 06       		.uleb128 0x6
 573 0424 D4000000 		.4byte	.LASF107
 574 0428 01       		.byte	0x1
 575 0429 06       		.uleb128 0x6
 576 042a 04040000 		.4byte	.LASF108
ARM GAS  C:\Users\JASON\AppData\Local\Temp\ccCL6GUx.s 			page 12


 577 042e 02       		.byte	0x2
 578 042f 00       		.byte	0
 579 0430 03       		.uleb128 0x3
 580 0431 EC020000 		.4byte	.LASF109
 581 0435 0A       		.byte	0xa
 582 0436 25       		.byte	0x25
 583 0437 11040000 		.4byte	0x411
 584 043b 0E       		.uleb128 0xe
 585 043c 04       		.byte	0x4
 586 043d 0A       		.byte	0xa
 587 043e 2A       		.byte	0x2a
 588 043f 5C040000 		.4byte	0x45c
 589 0443 0F       		.uleb128 0xf
 590 0444 A1060000 		.4byte	.LASF110
 591 0448 0A       		.byte	0xa
 592 0449 2C       		.byte	0x2c
 593 044a 4E020000 		.4byte	0x24e
 594 044e 00       		.byte	0
 595 044f 0F       		.uleb128 0xf
 596 0450 21080000 		.4byte	.LASF111
 597 0454 0A       		.byte	0xa
 598 0455 2D       		.byte	0x2d
 599 0456 4E020000 		.4byte	0x24e
 600 045a 02       		.byte	0x2
 601 045b 00       		.byte	0
 602 045c 03       		.uleb128 0x3
 603 045d 0E080000 		.4byte	.LASF112
 604 0461 0A       		.byte	0xa
 605 0462 2E       		.byte	0x2e
 606 0463 3B040000 		.4byte	0x43b
 607 0467 0E       		.uleb128 0xe
 608 0468 14       		.byte	0x14
 609 0469 0A       		.byte	0xa
 610 046a 33       		.byte	0x33
 611 046b AC040000 		.4byte	0x4ac
 612 046f 0F       		.uleb128 0xf
 613 0470 05010000 		.4byte	.LASF113
 614 0474 0A       		.byte	0xa
 615 0475 35       		.byte	0x35
 616 0476 8A020000 		.4byte	0x28a
 617 047a 00       		.byte	0
 618 047b 0F       		.uleb128 0xf
 619 047c 99000000 		.4byte	.LASF114
 620 0480 0A       		.byte	0xa
 621 0481 36       		.byte	0x36
 622 0482 AC040000 		.4byte	0x4ac
 623 0486 04       		.byte	0x4
 624 0487 0F       		.uleb128 0xf
 625 0488 47050000 		.4byte	.LASF115
 626 048c 0A       		.byte	0xa
 627 048d 37       		.byte	0x37
 628 048e B2040000 		.4byte	0x4b2
 629 0492 08       		.byte	0x8
 630 0493 0F       		.uleb128 0xf
 631 0494 C7010000 		.4byte	.LASF116
 632 0498 0A       		.byte	0xa
 633 0499 38       		.byte	0x38
ARM GAS  C:\Users\JASON\AppData\Local\Temp\ccCL6GUx.s 			page 13


 634 049a 81000000 		.4byte	0x81
 635 049e 0C       		.byte	0xc
 636 049f 0F       		.uleb128 0xf
 637 04a0 00000000 		.4byte	.LASF117
 638 04a4 0A       		.byte	0xa
 639 04a5 39       		.byte	0x39
 640 04a6 5C040000 		.4byte	0x45c
 641 04aa 0E       		.byte	0xe
 642 04ab 00       		.byte	0
 643 04ac 0A       		.uleb128 0xa
 644 04ad 04       		.byte	0x4
 645 04ae 65030000 		.4byte	0x365
 646 04b2 0A       		.uleb128 0xa
 647 04b3 04       		.byte	0x4
 648 04b4 06040000 		.4byte	0x406
 649 04b8 03       		.uleb128 0x3
 650 04b9 12000000 		.4byte	.LASF118
 651 04bd 0A       		.byte	0xa
 652 04be 3A       		.byte	0x3a
 653 04bf 67040000 		.4byte	0x467
 654 04c3 0E       		.uleb128 0xe
 655 04c4 38       		.byte	0x38
 656 04c5 0A       		.byte	0xa
 657 04c6 40       		.byte	0x40
 658 04c7 14050000 		.4byte	0x514
 659 04cb 0F       		.uleb128 0xf
 660 04cc DF070000 		.4byte	.LASF119
 661 04d0 0A       		.byte	0xa
 662 04d1 42       		.byte	0x42
 663 04d2 8A020000 		.4byte	0x28a
 664 04d6 00       		.byte	0
 665 04d7 0F       		.uleb128 0xf
 666 04d8 99000000 		.4byte	.LASF114
 667 04dc 0A       		.byte	0xa
 668 04dd 43       		.byte	0x43
 669 04de 14050000 		.4byte	0x514
 670 04e2 04       		.byte	0x4
 671 04e3 0F       		.uleb128 0xf
 672 04e4 47050000 		.4byte	.LASF115
 673 04e8 0A       		.byte	0xa
 674 04e9 44       		.byte	0x44
 675 04ea 1A050000 		.4byte	0x51a
 676 04ee 08       		.byte	0x8
 677 04ef 0F       		.uleb128 0xf
 678 04f0 FC060000 		.4byte	.LASF120
 679 04f4 0A       		.byte	0xa
 680 04f5 45       		.byte	0x45
 681 04f6 30040000 		.4byte	0x430
 682 04fa 0C       		.byte	0xc
 683 04fb 0F       		.uleb128 0xf
 684 04fc D7070000 		.4byte	.LASF121
 685 0500 0A       		.byte	0xa
 686 0501 46       		.byte	0x46
 687 0502 B8040000 		.4byte	0x4b8
 688 0506 10       		.byte	0x10
 689 0507 0F       		.uleb128 0xf
 690 0508 7A070000 		.4byte	.LASF122
ARM GAS  C:\Users\JASON\AppData\Local\Temp\ccCL6GUx.s 			page 14


 691 050c 0A       		.byte	0xa
 692 050d 47       		.byte	0x47
 693 050e B8040000 		.4byte	0x4b8
 694 0512 24       		.byte	0x24
 695 0513 00       		.byte	0
 696 0514 0A       		.uleb128 0xa
 697 0515 04       		.byte	0x4
 698 0516 C3030000 		.4byte	0x3c3
 699 051a 0A       		.uleb128 0xa
 700 051b 04       		.byte	0x4
 701 051c ED020000 		.4byte	0x2ed
 702 0520 03       		.uleb128 0x3
 703 0521 86020000 		.4byte	.LASF123
 704 0525 0A       		.byte	0xa
 705 0526 4A       		.byte	0x4a
 706 0527 C3040000 		.4byte	0x4c3
 707 052b 13       		.uleb128 0x13
 708 052c E4060000 		.4byte	.LASF133
 709 0530 01       		.byte	0x1
 710 0531 29       		.byte	0x29
 711 0532 A5010000 		.4byte	0x1a5
 712 0536 00000000 		.4byte	.LFB111
 713 053a 04000000 		.4byte	.LFE111-.LFB111
 714 053e 01       		.uleb128 0x1
 715 053f 9C       		.byte	0x9c
 716 0540 54050000 		.4byte	0x554
 717 0544 14       		.uleb128 0x14
 718 0545 46070000 		.4byte	.LASF134
 719 0549 01       		.byte	0x1
 720 054a 29       		.byte	0x29
 721 054b 5F050000 		.4byte	0x55f
 722 054f 00000000 		.4byte	.LLST0
 723 0553 00       		.byte	0
 724 0554 0A       		.uleb128 0xa
 725 0555 04       		.byte	0x4
 726 0556 5A050000 		.4byte	0x55a
 727 055a 12       		.uleb128 0x12
 728 055b 20050000 		.4byte	0x520
 729 055f 12       		.uleb128 0x12
 730 0560 54050000 		.4byte	0x554
 731 0564 15       		.uleb128 0x15
 732 0565 5F030000 		.4byte	.LASF124
 733 0569 0B       		.byte	0xb
 734 056a 40       		.byte	0x40
 735 056b C9000000 		.4byte	0xc9
 736 056f 15       		.uleb128 0x15
 737 0570 CF010000 		.4byte	.LASF125
 738 0574 0B       		.byte	0xb
 739 0575 47       		.byte	0x47
 740 0576 D4000000 		.4byte	0xd4
 741 057a 15       		.uleb128 0x15
 742 057b 7A040000 		.4byte	.LASF126
 743 057f 0B       		.byte	0xb
 744 0580 4A       		.byte	0x4a
 745 0581 C9000000 		.4byte	0xc9
 746 0585 15       		.uleb128 0x15
 747 0586 F3010000 		.4byte	.LASF127
ARM GAS  C:\Users\JASON\AppData\Local\Temp\ccCL6GUx.s 			page 15


 748 058a 0C       		.byte	0xc
 749 058b 48       		.byte	0x48
 750 058c DF000000 		.4byte	0xdf
 751 0590 15       		.uleb128 0x15
 752 0591 A0070000 		.4byte	.LASF128
 753 0595 0D       		.byte	0xd
 754 0596 44       		.byte	0x44
 755 0597 C9000000 		.4byte	0xc9
 756 059b 16       		.uleb128 0x16
 757 059c E5000000 		.4byte	.LASF129
 758 05a0 0E       		.byte	0xe
 759 05a1 1207     		.2byte	0x712
 760 05a3 A7050000 		.4byte	0x5a7
 761 05a7 17       		.uleb128 0x17
 762 05a8 8C000000 		.4byte	0x8c
 763 05ac 00       		.byte	0
 764              		.section	.debug_abbrev,"",%progbits
 765              	.Ldebug_abbrev0:
 766 0000 01       		.uleb128 0x1
 767 0001 11       		.uleb128 0x11
 768 0002 01       		.byte	0x1
 769 0003 25       		.uleb128 0x25
 770 0004 0E       		.uleb128 0xe
 771 0005 13       		.uleb128 0x13
 772 0006 0B       		.uleb128 0xb
 773 0007 03       		.uleb128 0x3
 774 0008 0E       		.uleb128 0xe
 775 0009 1B       		.uleb128 0x1b
 776 000a 0E       		.uleb128 0xe
 777 000b 55       		.uleb128 0x55
 778 000c 17       		.uleb128 0x17
 779 000d 11       		.uleb128 0x11
 780 000e 01       		.uleb128 0x1
 781 000f 10       		.uleb128 0x10
 782 0010 17       		.uleb128 0x17
 783 0011 00       		.byte	0
 784 0012 00       		.byte	0
 785 0013 02       		.uleb128 0x2
 786 0014 24       		.uleb128 0x24
 787 0015 00       		.byte	0
 788 0016 0B       		.uleb128 0xb
 789 0017 0B       		.uleb128 0xb
 790 0018 3E       		.uleb128 0x3e
 791 0019 0B       		.uleb128 0xb
 792 001a 03       		.uleb128 0x3
 793 001b 0E       		.uleb128 0xe
 794 001c 00       		.byte	0
 795 001d 00       		.byte	0
 796 001e 03       		.uleb128 0x3
 797 001f 16       		.uleb128 0x16
 798 0020 00       		.byte	0
 799 0021 03       		.uleb128 0x3
 800 0022 0E       		.uleb128 0xe
 801 0023 3A       		.uleb128 0x3a
 802 0024 0B       		.uleb128 0xb
 803 0025 3B       		.uleb128 0x3b
 804 0026 0B       		.uleb128 0xb
ARM GAS  C:\Users\JASON\AppData\Local\Temp\ccCL6GUx.s 			page 16


 805 0027 49       		.uleb128 0x49
 806 0028 13       		.uleb128 0x13
 807 0029 00       		.byte	0
 808 002a 00       		.byte	0
 809 002b 04       		.uleb128 0x4
 810 002c 24       		.uleb128 0x24
 811 002d 00       		.byte	0
 812 002e 0B       		.uleb128 0xb
 813 002f 0B       		.uleb128 0xb
 814 0030 3E       		.uleb128 0x3e
 815 0031 0B       		.uleb128 0xb
 816 0032 03       		.uleb128 0x3
 817 0033 08       		.uleb128 0x8
 818 0034 00       		.byte	0
 819 0035 00       		.byte	0
 820 0036 05       		.uleb128 0x5
 821 0037 04       		.uleb128 0x4
 822 0038 01       		.byte	0x1
 823 0039 0B       		.uleb128 0xb
 824 003a 0B       		.uleb128 0xb
 825 003b 49       		.uleb128 0x49
 826 003c 13       		.uleb128 0x13
 827 003d 3A       		.uleb128 0x3a
 828 003e 0B       		.uleb128 0xb
 829 003f 3B       		.uleb128 0x3b
 830 0040 0B       		.uleb128 0xb
 831 0041 01       		.uleb128 0x1
 832 0042 13       		.uleb128 0x13
 833 0043 00       		.byte	0
 834 0044 00       		.byte	0
 835 0045 06       		.uleb128 0x6
 836 0046 28       		.uleb128 0x28
 837 0047 00       		.byte	0
 838 0048 03       		.uleb128 0x3
 839 0049 0E       		.uleb128 0xe
 840 004a 1C       		.uleb128 0x1c
 841 004b 0B       		.uleb128 0xb
 842 004c 00       		.byte	0
 843 004d 00       		.byte	0
 844 004e 07       		.uleb128 0x7
 845 004f 28       		.uleb128 0x28
 846 0050 00       		.byte	0
 847 0051 03       		.uleb128 0x3
 848 0052 0E       		.uleb128 0xe
 849 0053 1C       		.uleb128 0x1c
 850 0054 0D       		.uleb128 0xd
 851 0055 00       		.byte	0
 852 0056 00       		.byte	0
 853 0057 08       		.uleb128 0x8
 854 0058 28       		.uleb128 0x28
 855 0059 00       		.byte	0
 856 005a 03       		.uleb128 0x3
 857 005b 0E       		.uleb128 0xe
 858 005c 1C       		.uleb128 0x1c
 859 005d 05       		.uleb128 0x5
 860 005e 00       		.byte	0
 861 005f 00       		.byte	0
ARM GAS  C:\Users\JASON\AppData\Local\Temp\ccCL6GUx.s 			page 17


 862 0060 09       		.uleb128 0x9
 863 0061 28       		.uleb128 0x28
 864 0062 00       		.byte	0
 865 0063 03       		.uleb128 0x3
 866 0064 08       		.uleb128 0x8
 867 0065 1C       		.uleb128 0x1c
 868 0066 0B       		.uleb128 0xb
 869 0067 00       		.byte	0
 870 0068 00       		.byte	0
 871 0069 0A       		.uleb128 0xa
 872 006a 0F       		.uleb128 0xf
 873 006b 00       		.byte	0
 874 006c 0B       		.uleb128 0xb
 875 006d 0B       		.uleb128 0xb
 876 006e 49       		.uleb128 0x49
 877 006f 13       		.uleb128 0x13
 878 0070 00       		.byte	0
 879 0071 00       		.byte	0
 880 0072 0B       		.uleb128 0xb
 881 0073 15       		.uleb128 0x15
 882 0074 01       		.byte	0x1
 883 0075 01       		.uleb128 0x1
 884 0076 13       		.uleb128 0x13
 885 0077 00       		.byte	0
 886 0078 00       		.byte	0
 887 0079 0C       		.uleb128 0xc
 888 007a 18       		.uleb128 0x18
 889 007b 00       		.byte	0
 890 007c 00       		.byte	0
 891 007d 00       		.byte	0
 892 007e 0D       		.uleb128 0xd
 893 007f 15       		.uleb128 0x15
 894 0080 01       		.byte	0x1
 895 0081 49       		.uleb128 0x49
 896 0082 13       		.uleb128 0x13
 897 0083 01       		.uleb128 0x1
 898 0084 13       		.uleb128 0x13
 899 0085 00       		.byte	0
 900 0086 00       		.byte	0
 901 0087 0E       		.uleb128 0xe
 902 0088 13       		.uleb128 0x13
 903 0089 01       		.byte	0x1
 904 008a 0B       		.uleb128 0xb
 905 008b 0B       		.uleb128 0xb
 906 008c 3A       		.uleb128 0x3a
 907 008d 0B       		.uleb128 0xb
 908 008e 3B       		.uleb128 0x3b
 909 008f 0B       		.uleb128 0xb
 910 0090 01       		.uleb128 0x1
 911 0091 13       		.uleb128 0x13
 912 0092 00       		.byte	0
 913 0093 00       		.byte	0
 914 0094 0F       		.uleb128 0xf
 915 0095 0D       		.uleb128 0xd
 916 0096 00       		.byte	0
 917 0097 03       		.uleb128 0x3
 918 0098 0E       		.uleb128 0xe
ARM GAS  C:\Users\JASON\AppData\Local\Temp\ccCL6GUx.s 			page 18


 919 0099 3A       		.uleb128 0x3a
 920 009a 0B       		.uleb128 0xb
 921 009b 3B       		.uleb128 0x3b
 922 009c 0B       		.uleb128 0xb
 923 009d 49       		.uleb128 0x49
 924 009e 13       		.uleb128 0x13
 925 009f 38       		.uleb128 0x38
 926 00a0 0B       		.uleb128 0xb
 927 00a1 00       		.byte	0
 928 00a2 00       		.byte	0
 929 00a3 10       		.uleb128 0x10
 930 00a4 01       		.uleb128 0x1
 931 00a5 01       		.byte	0x1
 932 00a6 49       		.uleb128 0x49
 933 00a7 13       		.uleb128 0x13
 934 00a8 01       		.uleb128 0x1
 935 00a9 13       		.uleb128 0x13
 936 00aa 00       		.byte	0
 937 00ab 00       		.byte	0
 938 00ac 11       		.uleb128 0x11
 939 00ad 21       		.uleb128 0x21
 940 00ae 00       		.byte	0
 941 00af 00       		.byte	0
 942 00b0 00       		.byte	0
 943 00b1 12       		.uleb128 0x12
 944 00b2 26       		.uleb128 0x26
 945 00b3 00       		.byte	0
 946 00b4 49       		.uleb128 0x49
 947 00b5 13       		.uleb128 0x13
 948 00b6 00       		.byte	0
 949 00b7 00       		.byte	0
 950 00b8 13       		.uleb128 0x13
 951 00b9 2E       		.uleb128 0x2e
 952 00ba 01       		.byte	0x1
 953 00bb 3F       		.uleb128 0x3f
 954 00bc 19       		.uleb128 0x19
 955 00bd 03       		.uleb128 0x3
 956 00be 0E       		.uleb128 0xe
 957 00bf 3A       		.uleb128 0x3a
 958 00c0 0B       		.uleb128 0xb
 959 00c1 3B       		.uleb128 0x3b
 960 00c2 0B       		.uleb128 0xb
 961 00c3 27       		.uleb128 0x27
 962 00c4 19       		.uleb128 0x19
 963 00c5 49       		.uleb128 0x49
 964 00c6 13       		.uleb128 0x13
 965 00c7 11       		.uleb128 0x11
 966 00c8 01       		.uleb128 0x1
 967 00c9 12       		.uleb128 0x12
 968 00ca 06       		.uleb128 0x6
 969 00cb 40       		.uleb128 0x40
 970 00cc 18       		.uleb128 0x18
 971 00cd 9742     		.uleb128 0x2117
 972 00cf 19       		.uleb128 0x19
 973 00d0 01       		.uleb128 0x1
 974 00d1 13       		.uleb128 0x13
 975 00d2 00       		.byte	0
ARM GAS  C:\Users\JASON\AppData\Local\Temp\ccCL6GUx.s 			page 19


 976 00d3 00       		.byte	0
 977 00d4 14       		.uleb128 0x14
 978 00d5 05       		.uleb128 0x5
 979 00d6 00       		.byte	0
 980 00d7 03       		.uleb128 0x3
 981 00d8 0E       		.uleb128 0xe
 982 00d9 3A       		.uleb128 0x3a
 983 00da 0B       		.uleb128 0xb
 984 00db 3B       		.uleb128 0x3b
 985 00dc 0B       		.uleb128 0xb
 986 00dd 49       		.uleb128 0x49
 987 00de 13       		.uleb128 0x13
 988 00df 02       		.uleb128 0x2
 989 00e0 17       		.uleb128 0x17
 990 00e1 00       		.byte	0
 991 00e2 00       		.byte	0
 992 00e3 15       		.uleb128 0x15
 993 00e4 34       		.uleb128 0x34
 994 00e5 00       		.byte	0
 995 00e6 03       		.uleb128 0x3
 996 00e7 0E       		.uleb128 0xe
 997 00e8 3A       		.uleb128 0x3a
 998 00e9 0B       		.uleb128 0xb
 999 00ea 3B       		.uleb128 0x3b
 1000 00eb 0B       		.uleb128 0xb
 1001 00ec 49       		.uleb128 0x49
 1002 00ed 13       		.uleb128 0x13
 1003 00ee 3F       		.uleb128 0x3f
 1004 00ef 19       		.uleb128 0x19
 1005 00f0 3C       		.uleb128 0x3c
 1006 00f1 19       		.uleb128 0x19
 1007 00f2 00       		.byte	0
 1008 00f3 00       		.byte	0
 1009 00f4 16       		.uleb128 0x16
 1010 00f5 34       		.uleb128 0x34
 1011 00f6 00       		.byte	0
 1012 00f7 03       		.uleb128 0x3
 1013 00f8 0E       		.uleb128 0xe
 1014 00f9 3A       		.uleb128 0x3a
 1015 00fa 0B       		.uleb128 0xb
 1016 00fb 3B       		.uleb128 0x3b
 1017 00fc 05       		.uleb128 0x5
 1018 00fd 49       		.uleb128 0x49
 1019 00fe 13       		.uleb128 0x13
 1020 00ff 3F       		.uleb128 0x3f
 1021 0100 19       		.uleb128 0x19
 1022 0101 3C       		.uleb128 0x3c
 1023 0102 19       		.uleb128 0x19
 1024 0103 00       		.byte	0
 1025 0104 00       		.byte	0
 1026 0105 17       		.uleb128 0x17
 1027 0106 35       		.uleb128 0x35
 1028 0107 00       		.byte	0
 1029 0108 49       		.uleb128 0x49
 1030 0109 13       		.uleb128 0x13
 1031 010a 00       		.byte	0
 1032 010b 00       		.byte	0
ARM GAS  C:\Users\JASON\AppData\Local\Temp\ccCL6GUx.s 			page 20


 1033 010c 00       		.byte	0
 1034              		.section	.debug_loc,"",%progbits
 1035              	.Ldebug_loc0:
 1036              	.LLST0:
 1037 0000 00000000 		.4byte	.LVL0
 1038 0004 02000000 		.4byte	.LVL1
 1039 0008 0100     		.2byte	0x1
 1040 000a 50       		.byte	0x50
 1041 000b 02000000 		.4byte	.LVL1
 1042 000f 04000000 		.4byte	.LFE111
 1043 0013 0400     		.2byte	0x4
 1044 0015 F3       		.byte	0xf3
 1045 0016 01       		.uleb128 0x1
 1046 0017 50       		.byte	0x50
 1047 0018 9F       		.byte	0x9f
 1048 0019 00000000 		.4byte	0
 1049 001d 00000000 		.4byte	0
 1050              		.section	.debug_aranges,"",%progbits
 1051 0000 1C000000 		.4byte	0x1c
 1052 0004 0200     		.2byte	0x2
 1053 0006 00000000 		.4byte	.Ldebug_info0
 1054 000a 04       		.byte	0x4
 1055 000b 00       		.byte	0
 1056 000c 0000     		.2byte	0
 1057 000e 0000     		.2byte	0
 1058 0010 00000000 		.4byte	.LFB111
 1059 0014 04000000 		.4byte	.LFE111-.LFB111
 1060 0018 00000000 		.4byte	0
 1061 001c 00000000 		.4byte	0
 1062              		.section	.debug_ranges,"",%progbits
 1063              	.Ldebug_ranges0:
 1064 0000 00000000 		.4byte	.LFB111
 1065 0004 04000000 		.4byte	.LFE111
 1066 0008 00000000 		.4byte	0
 1067 000c 00000000 		.4byte	0
 1068              		.section	.debug_line,"",%progbits
 1069              	.Ldebug_line0:
 1070 0000 AA020000 		.section	.debug_str,"MS",%progbits,1
 1070      02009202 
 1070      00000201 
 1070      FB0E0D00 
 1070      01010101 
 1071              	.LASF117:
 1072 0000 6D5F666F 		.ascii	"m_font\000"
 1072      6E7400
 1073              	.LASF80:
 1074 0007 45565F4B 		.ascii	"EV_KEYLEFT\000"
 1074      45594C45 
 1074      465400
 1075              	.LASF118:
 1076 0012 434C4F43 		.ascii	"CLOCK_widget_t\000"
 1076      4B5F7769 
 1076      64676574 
 1076      5F7400
 1077              	.LASF97:
 1078 0021 66726F6D 		.ascii	"fromState\000"
 1078      53746174 
ARM GAS  C:\Users\JASON\AppData\Local\Temp\ccCL6GUx.s 			page 21


 1078      6500
 1079              	.LASF47:
 1080 002b 52435F45 		.ascii	"RC_ERROR_INVALID_STATE\000"
 1080      52524F52 
 1080      5F494E56 
 1080      414C4944 
 1080      5F535441 
 1081              	.LASF57:
 1082 0042 4D414745 		.ascii	"MAGENTA\000"
 1082      4E544100 
 1083              	.LASF55:
 1084 004a 47524544 		.ascii	"GRED\000"
 1084      00
 1085              	.LASF78:
 1086 004f 434C4F43 		.ascii	"CLOCK_State_t\000"
 1086      4B5F5374 
 1086      6174655F 
 1086      7400
 1087              	.LASF75:
 1088 005d 53544154 		.ascii	"STATE_CLOCK_W_ISDISPLAYING\000"
 1088      455F434C 
 1088      4F434B5F 
 1088      575F4953 
 1088      44495350 
 1089              	.LASF50:
 1090 0078 52435F74 		.ascii	"RC_t\000"
 1090      00
 1091              	.LASF39:
 1092 007d 52435F45 		.ascii	"RC_ERROR_WRITE_ONLY\000"
 1092      52524F52 
 1092      5F575249 
 1092      54455F4F 
 1092      4E4C5900 
 1093              	.LASF92:
 1094 0091 746F5374 		.ascii	"toState\000"
 1094      61746500 
 1095              	.LASF114:
 1096 0099 6D5F7472 		.ascii	"m_transitions\000"
 1096      616E7369 
 1096      74696F6E 
 1096      7300
 1097              	.LASF45:
 1098 00a7 52435F45 		.ascii	"RC_ERROR_BAD_DATA\000"
 1098      52524F52 
 1098      5F424144 
 1098      5F444154 
 1098      4100
 1099              	.LASF35:
 1100 00b9 52435F45 		.ascii	"RC_ERROR_TIME_OUT\000"
 1100      52524F52 
 1100      5F54494D 
 1100      455F4F55 
 1100      5400
 1101              	.LASF85:
 1102 00cb 45565F45 		.ascii	"EV_ERROR\000"
 1102      52524F52 
 1102      00
ARM GAS  C:\Users\JASON\AppData\Local\Temp\ccCL6GUx.s 			page 22


 1103              	.LASF107:
 1104 00d4 434C4F43 		.ascii	"CLOCK_HOURWIDGET\000"
 1104      4B5F484F 
 1104      55525749 
 1104      44474554 
 1104      00
 1105              	.LASF129:
 1106 00e5 49544D5F 		.ascii	"ITM_RxBuffer\000"
 1106      52784275 
 1106      66666572 
 1106      00
 1107              	.LASF51:
 1108 00f2 57484954 		.ascii	"WHITE\000"
 1108      4500
 1109              	.LASF71:
 1110 00f8 5446545F 		.ascii	"TFT_colors_t\000"
 1110      636F6C6F 
 1110      72735F74 
 1110      00
 1111              	.LASF113:
 1112 0105 6D5F7374 		.ascii	"m_state\000"
 1112      61746500 
 1113              	.LASF8:
 1114 010d 6C6F6E67 		.ascii	"long long int\000"
 1114      206C6F6E 
 1114      6720696E 
 1114      7400
 1115              	.LASF0:
 1116 011b 7369676E 		.ascii	"signed char\000"
 1116      65642063 
 1116      68617200 
 1117              	.LASF28:
 1118 0127 52435F45 		.ascii	"RC_ERROR_MEMORY\000"
 1118      52524F52 
 1118      5F4D454D 
 1118      4F525900 
 1119              	.LASF98:
 1120 0137 70496E6E 		.ascii	"pInnerTransitionTable\000"
 1120      65725472 
 1120      616E7369 
 1120      74696F6E 
 1120      5461626C 
 1121              	.LASF33:
 1122 014d 52435F45 		.ascii	"RC_ERROR_BUFFER_EMTPY\000"
 1122      52524F52 
 1122      5F425546 
 1122      4645525F 
 1122      454D5450 
 1123              	.LASF102:
 1124 0163 73746174 		.ascii	"state\000"
 1124      6500
 1125              	.LASF90:
 1126 0169 53544154 		.ascii	"STATE_GuardPtr_t\000"
 1126      455F4775 
 1126      61726450 
 1126      74725F74 
 1126      00
ARM GAS  C:\Users\JASON\AppData\Local\Temp\ccCL6GUx.s 			page 23


 1127              	.LASF6:
 1128 017a 6C6F6E67 		.ascii	"long int\000"
 1128      20696E74 
 1128      00
 1129              	.LASF61:
 1130 0183 42524F57 		.ascii	"BROWN\000"
 1130      4E00
 1131              	.LASF104:
 1132 0189 61637469 		.ascii	"actionExit\000"
 1132      6F6E4578 
 1132      697400
 1133              	.LASF87:
 1134 0194 53544154 		.ascii	"STATE_State_t\000"
 1134      455F5374 
 1134      6174655F 
 1134      7400
 1135              	.LASF60:
 1136 01a2 59454C4C 		.ascii	"YELLOW\000"
 1136      4F5700
 1137              	.LASF36:
 1138 01a9 52435F45 		.ascii	"RC_ERROR_OPEN\000"
 1138      52524F52 
 1138      5F4F5045 
 1138      4E00
 1139              	.LASF83:
 1140 01b7 45565F32 		.ascii	"EV_250MS\000"
 1140      35304D53 
 1140      00
 1141              	.LASF14:
 1142 01c0 646F7562 		.ascii	"double\000"
 1142      6C6500
 1143              	.LASF116:
 1144 01c7 6D5F7661 		.ascii	"m_value\000"
 1144      6C756500 
 1145              	.LASF125:
 1146 01cf 45455F6F 		.ascii	"EE_oo_IRQ_suspend_status\000"
 1146      6F5F4952 
 1146      515F7375 
 1146      7370656E 
 1146      645F7374 
 1147              	.LASF4:
 1148 01e8 5F5F7569 		.ascii	"__uint16_t\000"
 1148      6E743136 
 1148      5F7400
 1149              	.LASF127:
 1150 01f3 45455F73 		.ascii	"EE_std_endcycle_next_tid\000"
 1150      74645F65 
 1150      6E646379 
 1150      636C655F 
 1150      6E657874 
 1151              	.LASF76:
 1152 020c 53544154 		.ascii	"STATE_CLOCK_W_ISEDITING\000"
 1152      455F434C 
 1152      4F434B5F 
 1152      575F4953 
 1152      45444954 
 1153              	.LASF62:
ARM GAS  C:\Users\JASON\AppData\Local\Temp\ccCL6GUx.s 			page 24


 1154 0224 42525245 		.ascii	"BRRED\000"
 1154      4400
 1155              	.LASF68:
 1156 022a 4C475241 		.ascii	"LGRAY\000"
 1156      5900
 1157              	.LASF63:
 1158 0230 47524159 		.ascii	"GRAY\000"
 1158      00
 1159              	.LASF81:
 1160 0235 45565F4B 		.ascii	"EV_KEYRIGHT\000"
 1160      45595249 
 1160      47485400 
 1161              	.LASF21:
 1162 0241 45455F54 		.ascii	"EE_TID\000"
 1162      494400
 1163              	.LASF89:
 1164 0248 53544154 		.ascii	"STATE_ActionPtr_t\000"
 1164      455F4163 
 1164      74696F6E 
 1164      5074725F 
 1164      7400
 1165              	.LASF72:
 1166 025a 53544154 		.ascii	"STATE_CLOCK_C_ISDISPLAYING\000"
 1166      455F434C 
 1166      4F434B5F 
 1166      435F4953 
 1166      44495350 
 1167              	.LASF84:
 1168 0275 45565F31 		.ascii	"EV_1MIN\000"
 1168      4D494E00 
 1169              	.LASF11:
 1170 027d 75696E74 		.ascii	"uint16_t\000"
 1170      31365F74 
 1170      00
 1171              	.LASF123:
 1172 0286 53435F43 		.ascii	"SC_CLOCK_data_t\000"
 1172      4C4F434B 
 1172      5F646174 
 1172      615F7400 
 1173              	.LASF48:
 1174 0296 52435F45 		.ascii	"RC_ERROR_UNKNOWN\000"
 1174      52524F52 
 1174      5F554E4B 
 1174      4E4F574E 
 1174      00
 1175              	.LASF19:
 1176 02a7 45455F55 		.ascii	"EE_UREG\000"
 1176      52454700 
 1177              	.LASF37:
 1178 02af 52435F45 		.ascii	"RC_ERROR_CHECKSUM\000"
 1178      52524F52 
 1178      5F434845 
 1178      434B5355 
 1178      4D00
 1179              	.LASF7:
 1180 02c1 6C6F6E67 		.ascii	"long unsigned int\000"
 1180      20756E73 
ARM GAS  C:\Users\JASON\AppData\Local\Temp\ccCL6GUx.s 			page 25


 1180      69676E65 
 1180      6420696E 
 1180      7400
 1181              	.LASF26:
 1182 02d3 52435F45 		.ascii	"RC_ERROR_NULL\000"
 1182      52524F52 
 1182      5F4E554C 
 1182      4C00
 1183              	.LASF24:
 1184 02e1 52435F53 		.ascii	"RC_SUCCESS\000"
 1184      55434345 
 1184      535300
 1185              	.LASF109:
 1186 02ec 434C4F43 		.ascii	"CLOCK_active_widget_t\000"
 1186      4B5F6163 
 1186      74697665 
 1186      5F776964 
 1186      6765745F 
 1187              	.LASF101:
 1188 0302 53544154 		.ascii	"STATE_stateOuterTransitionTable_t\000"
 1188      455F7374 
 1188      6174654F 
 1188      75746572 
 1188      5472616E 
 1189              	.LASF56:
 1190 0324 47424C55 		.ascii	"GBLUE\000"
 1190      4500
 1191              	.LASF9:
 1192 032a 6C6F6E67 		.ascii	"long long unsigned int\000"
 1192      206C6F6E 
 1192      6720756E 
 1192      7369676E 
 1192      65642069 
 1193              	.LASF91:
 1194 0341 6576656E 		.ascii	"event\000"
 1194      7400
 1195              	.LASF99:
 1196 0347 73697A65 		.ascii	"size\000"
 1196      00
 1197              	.LASF3:
 1198 034c 73686F72 		.ascii	"short unsigned int\000"
 1198      7420756E 
 1198      7369676E 
 1198      65642069 
 1198      6E7400
 1199              	.LASF124:
 1200 035f 45455F6F 		.ascii	"EE_oo_IRQ_disable_count\000"
 1200      6F5F4952 
 1200      515F6469 
 1200      7361626C 
 1200      655F636F 
 1201              	.LASF32:
 1202 0377 52435F45 		.ascii	"RC_ERROR_BUFFER_FULL\000"
 1202      52524F52 
 1202      5F425546 
 1202      4645525F 
 1202      46554C4C 
ARM GAS  C:\Users\JASON\AppData\Local\Temp\ccCL6GUx.s 			page 26


 1203              	.LASF70:
 1204 038c 4C42424C 		.ascii	"LBBLUE\000"
 1204      554500
 1205              	.LASF103:
 1206 0393 61637469 		.ascii	"actionEntry\000"
 1206      6F6E456E 
 1206      74727900 
 1207              	.LASF69:
 1208 039f 4C475241 		.ascii	"LGRAYBLUE\000"
 1208      59424C55 
 1208      4500
 1209              	.LASF42:
 1210 03a9 52435F45 		.ascii	"RC_ERROR_WRITE_FAILS\000"
 1210      52524F52 
 1210      5F575249 
 1210      54455F46 
 1210      41494C53 
 1211              	.LASF43:
 1212 03be 52435F45 		.ascii	"RC_ERROR_NOT_MATCH\000"
 1212      52524F52 
 1212      5F4E4F54 
 1212      5F4D4154 
 1212      434800
 1213              	.LASF5:
 1214 03d1 5F5F696E 		.ascii	"__int32_t\000"
 1214      7433325F 
 1214      7400
 1215              	.LASF65:
 1216 03db 4C494748 		.ascii	"LIGHTBLUE\000"
 1216      54424C55 
 1216      4500
 1217              	.LASF73:
 1218 03e5 53544154 		.ascii	"STATE_CLOCK_C_ISEDITINGMINUTES\000"
 1218      455F434C 
 1218      4F434B5F 
 1218      435F4953 
 1218      45444954 
 1219              	.LASF108:
 1220 0404 434C4F43 		.ascii	"CLOCK_MINWIDGET\000"
 1220      4B5F4D49 
 1220      4E574944 
 1220      47455400 
 1221              	.LASF86:
 1222 0414 4556454E 		.ascii	"EVENT_t\000"
 1222      545F7400 
 1223              	.LASF22:
 1224 041c 73697A65 		.ascii	"sizetype\000"
 1224      74797065 
 1224      00
 1225              	.LASF23:
 1226 0425 626F6F6C 		.ascii	"boolean_t\000"
 1226      65616E5F 
 1226      7400
 1227              	.LASF95:
 1228 042f 53544154 		.ascii	"STATE_stateInnerTransition_t\000"
 1228      455F7374 
 1228      61746549 
ARM GAS  C:\Users\JASON\AppData\Local\Temp\ccCL6GUx.s 			page 27


 1228      6E6E6572 
 1228      5472616E 
 1229              	.LASF40:
 1230 044c 52435F45 		.ascii	"RC_ERROR_INVALID\000"
 1230      52524F52 
 1230      5F494E56 
 1230      414C4944 
 1230      00
 1231              	.LASF100:
 1232 045d 53544154 		.ascii	"STATE_stateOuterTransition_t\000"
 1232      455F7374 
 1232      6174654F 
 1232      75746572 
 1232      5472616E 
 1233              	.LASF126:
 1234 047a 45455F41 		.ascii	"EE_ApplicationMode\000"
 1234      70706C69 
 1234      63617469 
 1234      6F6E4D6F 
 1234      646500
 1235              	.LASF46:
 1236 048d 52435F45 		.ascii	"RC_ERROR_CANCELED\000"
 1236      52524F52 
 1236      5F43414E 
 1236      43454C45 
 1236      4400
 1237              	.LASF132:
 1238 049f 433A5C4A 		.ascii	"C:\\Jason\\EIT\\Semester_02\\01_EAA\\Lab\\Assignmen"
 1238      61736F6E 
 1238      5C454954 
 1238      5C53656D 
 1238      65737465 
 1239 04cc 745F325C 		.ascii	"t_2\\ElectronicClock\\ElectronicClock.cydsn\000"
 1239      456C6563 
 1239      74726F6E 
 1239      6963436C 
 1239      6F636B5C 
 1240              	.LASF31:
 1241 04f6 52435F45 		.ascii	"RC_ERROR_UNDERRUN\000"
 1241      52524F52 
 1241      5F554E44 
 1241      45525255 
 1241      4E00
 1242              	.LASF41:
 1243 0508 52435F45 		.ascii	"RC_ERROR_READ_FAILS\000"
 1243      52524F52 
 1243      5F524541 
 1243      445F4641 
 1243      494C5300 
 1244              	.LASF64:
 1245 051c 4441524B 		.ascii	"DARKBLUE\000"
 1245      424C5545 
 1245      00
 1246              	.LASF25:
 1247 0525 52435F45 		.ascii	"RC_ERROR\000"
 1247      52524F52 
 1247      00
ARM GAS  C:\Users\JASON\AppData\Local\Temp\ccCL6GUx.s 			page 28


 1248              	.LASF54:
 1249 052e 42524544 		.ascii	"BRED\000"
 1249      00
 1250              	.LASF13:
 1251 0533 666C6F61 		.ascii	"float\000"
 1251      7400
 1252              	.LASF34:
 1253 0539 52435F45 		.ascii	"RC_ERROR_BUSY\000"
 1253      52524F52 
 1253      5F425553 
 1253      5900
 1254              	.LASF115:
 1255 0547 6D5F7374 		.ascii	"m_stateActions\000"
 1255      61746541 
 1255      6374696F 
 1255      6E7300
 1256              	.LASF12:
 1257 0556 696E7433 		.ascii	"int32_t\000"
 1257      325F7400 
 1258              	.LASF1:
 1259 055e 756E7369 		.ascii	"unsigned char\000"
 1259      676E6564 
 1259      20636861 
 1259      7200
 1260              	.LASF96:
 1261 056c 53544154 		.ascii	"STATE_stateInnerTransitionTable_t\000"
 1261      455F7374 
 1261      61746549 
 1261      6E6E6572 
 1261      5472616E 
 1262              	.LASF2:
 1263 058e 73686F72 		.ascii	"short int\000"
 1263      7420696E 
 1263      7400
 1264              	.LASF27:
 1265 0598 52435F45 		.ascii	"RC_ERROR_ZERO\000"
 1265      52524F52 
 1265      5F5A4552 
 1265      4F00
 1266              	.LASF130:
 1267 05a6 474E5520 		.ascii	"GNU C11 5.4.1 20160609 (release) [ARM/embedded-5-br"
 1267      43313120 
 1267      352E342E 
 1267      31203230 
 1267      31363036 
 1268 05d9 616E6368 		.ascii	"anch revision 237715] -mcpu=cortex-m3 -mthumb -g -O"
 1268      20726576 
 1268      6973696F 
 1268      6E203233 
 1268      37373135 
 1269 060c 67202D66 		.ascii	"g -ffunction-sections -ffat-lto-objects\000"
 1269      66756E63 
 1269      74696F6E 
 1269      2D736563 
 1269      74696F6E 
 1270              	.LASF59:
 1271 0634 4359414E 		.ascii	"CYAN\000"
ARM GAS  C:\Users\JASON\AppData\Local\Temp\ccCL6GUx.s 			page 29


 1271      00
 1272              	.LASF74:
 1273 0639 53544154 		.ascii	"STATE_CLOCK_C_ISEDITINGHOURS\000"
 1273      455F434C 
 1273      4F434B5F 
 1273      435F4953 
 1273      45444954 
 1274              	.LASF106:
 1275 0656 434C4F43 		.ascii	"CLOCK_NONE\000"
 1275      4B5F4E4F 
 1275      4E4500
 1276              	.LASF88:
 1277 0661 53544154 		.ascii	"STATE_Event_t\000"
 1277      455F4576 
 1277      656E745F 
 1277      7400
 1278              	.LASF44:
 1279 066f 52435F45 		.ascii	"RC_ERROR_BAD_PARAM\000"
 1279      52524F52 
 1279      5F424144 
 1279      5F504152 
 1279      414D00
 1280              	.LASF38:
 1281 0682 52435F45 		.ascii	"RC_ERROR_READ_ONLY\000"
 1281      52524F52 
 1281      5F524541 
 1281      445F4F4E 
 1281      4C5900
 1282              	.LASF16:
 1283 0695 6C6F6E67 		.ascii	"long double\000"
 1283      20646F75 
 1283      626C6500 
 1284              	.LASF110:
 1285 06a1 666F7265 		.ascii	"foreground\000"
 1285      67726F75 
 1285      6E6400
 1286              	.LASF15:
 1287 06ac 63686172 		.ascii	"char\000"
 1287      00
 1288              	.LASF52:
 1289 06b1 424C4143 		.ascii	"BLACK\000"
 1289      4B00
 1290              	.LASF10:
 1291 06b7 756E7369 		.ascii	"unsigned int\000"
 1291      676E6564 
 1291      20696E74 
 1291      00
 1292              	.LASF131:
 1293 06c4 536F7572 		.ascii	"SourceFiles\\rte\\sc_clock_type.c\000"
 1293      63654669 
 1293      6C65735C 
 1293      7274655C 
 1293      73635F63 
 1294              	.LASF133:
 1295 06e4 53435F43 		.ascii	"SC_CLOCK_driverOut\000"
 1295      4C4F434B 
 1295      5F647269 
ARM GAS  C:\Users\JASON\AppData\Local\Temp\ccCL6GUx.s 			page 30


 1295      7665724F 
 1295      757400
 1296              	.LASF53:
 1297 06f7 424C5545 		.ascii	"BLUE\000"
 1297      00
 1298              	.LASF120:
 1299 06fc 6D5F6163 		.ascii	"m_activeWidget\000"
 1299      74697665 
 1299      57696467 
 1299      657400
 1300              	.LASF58:
 1301 070b 47524545 		.ascii	"GREEN\000"
 1301      4E00
 1302              	.LASF49:
 1303 0711 52435F45 		.ascii	"RC_ERROR_NOT_IMPLEMENTED\000"
 1303      52524F52 
 1303      5F4E4F54 
 1303      5F494D50 
 1303      4C454D45 
 1304              	.LASF30:
 1305 072a 52435F45 		.ascii	"RC_ERROR_OVERRUN\000"
 1305      52524F52 
 1305      5F4F5645 
 1305      5252554E 
 1305      00
 1306              	.LASF67:
 1307 073b 4C494748 		.ascii	"LIGHTGREEN\000"
 1307      54475245 
 1307      454E00
 1308              	.LASF134:
 1309 0746 64617461 		.ascii	"data\000"
 1309      00
 1310              	.LASF94:
 1311 074b 61637469 		.ascii	"actionTransition\000"
 1311      6F6E5472 
 1311      616E7369 
 1311      74696F6E 
 1311      00
 1312              	.LASF77:
 1313 075c 53544154 		.ascii	"STATE_CLOCK_W_ISAUTOINCREMENT\000"
 1313      455F434C 
 1313      4F434B5F 
 1313      575F4953 
 1313      4155544F 
 1314              	.LASF122:
 1315 077a 6D5F6D69 		.ascii	"m_minutes\000"
 1315      6E757465 
 1315      7300
 1316              	.LASF105:
 1317 0784 53544154 		.ascii	"STATE_stateAction_t\000"
 1317      455F7374 
 1317      61746541 
 1317      6374696F 
 1317      6E5F7400 
 1318              	.LASF79:
 1319 0798 45565F4E 		.ascii	"EV_NONE\000"
 1319      4F4E4500 
ARM GAS  C:\Users\JASON\AppData\Local\Temp\ccCL6GUx.s 			page 31


 1320              	.LASF128:
 1321 07a0 45455F49 		.ascii	"EE_IRQ_nesting_level\000"
 1321      52515F6E 
 1321      65737469 
 1321      6E675F6C 
 1321      6576656C 
 1322              	.LASF18:
 1323 07b5 45455F55 		.ascii	"EE_UINT32\000"
 1323      494E5433 
 1323      3200
 1324              	.LASF29:
 1325 07bf 52435F45 		.ascii	"RC_ERROR_RANGE\000"
 1325      52524F52 
 1325      5F52414E 
 1325      474500
 1326              	.LASF17:
 1327 07ce 45455F49 		.ascii	"EE_INT32\000"
 1327      4E543332 
 1327      00
 1328              	.LASF121:
 1329 07d7 6D5F686F 		.ascii	"m_hours\000"
 1329      75727300 
 1330              	.LASF119:
 1331 07df 6D5F636F 		.ascii	"m_containerState\000"
 1331      6E746169 
 1331      6E657253 
 1331      74617465 
 1331      00
 1332              	.LASF82:
 1333 07f0 45565F4B 		.ascii	"EV_KEYRIGHTLONGPRESS\000"
 1333      45595249 
 1333      4748544C 
 1333      4F4E4750 
 1333      52455353 
 1334              	.LASF66:
 1335 0805 47524159 		.ascii	"GRAYBLUE\000"
 1335      424C5545 
 1335      00
 1336              	.LASF112:
 1337 080e 434C4F43 		.ascii	"CLOCK_font_t\000"
 1337      4B5F666F 
 1337      6E745F74 
 1337      00
 1338              	.LASF93:
 1339 081b 67756172 		.ascii	"guard\000"
 1339      6400
 1340              	.LASF111:
 1341 0821 6261636B 		.ascii	"background\000"
 1341      67726F75 
 1341      6E6400
 1342              	.LASF20:
 1343 082c 45455F46 		.ascii	"EE_FREG\000"
 1343      52454700 
 1344              		.ident	"GCC: (GNU Tools for ARM Embedded Processors) 5.4.1 20160609 (release) [ARM/embedded-5-bran
