ARM GAS  C:\Users\JASON\AppData\Local\Temp\ccylZJSc.s 			page 1


   1              		.syntax unified
   2              		.cpu cortex-m3
   3              		.fpu softvfp
   4              		.eabi_attribute 20, 1
   5              		.eabi_attribute 21, 1
   6              		.eabi_attribute 23, 3
   7              		.eabi_attribute 24, 1
   8              		.eabi_attribute 25, 1
   9              		.eabi_attribute 26, 1
  10              		.eabi_attribute 30, 1
  11              		.eabi_attribute 34, 1
  12              		.eabi_attribute 18, 4
  13              		.thumb
  14              		.syntax unified
  15              		.file	"sc_event_type.c"
  16              		.text
  17              	.Ltext0:
  18              		.cfi_sections	.debug_frame
  19              		.section	.text.SC_EVENT_driverIn,"ax",%progbits
  20              		.align	2
  21              		.global	SC_EVENT_driverIn
  22              		.thumb
  23              		.thumb_func
  24              		.type	SC_EVENT_driverIn, %function
  25              	SC_EVENT_driverIn:
  26              	.LFB110:
  27              		.file 1 "SourceFiles\\rte\\sc_event_type.c"
   1:SourceFiles\rte/sc_event_type.c **** 
   2:SourceFiles\rte/sc_event_type.c **** 
   3:SourceFiles\rte/sc_event_type.c **** /*
   4:SourceFiles\rte/sc_event_type.c ****  * Filename: sc_event_type.c
   5:SourceFiles\rte/sc_event_type.c ****  *
   6:SourceFiles\rte/sc_event_type.c ****  * Author: Autogenerated by H-DA RTE Generator, (c) Prof. Fromm
   7:SourceFiles\rte/sc_event_type.c ****  */
   8:SourceFiles\rte/sc_event_type.c **** 
   9:SourceFiles\rte/sc_event_type.c **** #include "project.h"
  10:SourceFiles\rte/sc_event_type.c **** #include "global.h"
  11:SourceFiles\rte/sc_event_type.c **** #include "rte.h"
  12:SourceFiles\rte/sc_event_type.c **** #include "rte_types.h"
  13:SourceFiles\rte/sc_event_type.c **** #include "sc_event_type.h"
  14:SourceFiles\rte/sc_event_type.c **** 
  15:SourceFiles\rte/sc_event_type.c **** 
  16:SourceFiles\rte/sc_event_type.c **** 
  17:SourceFiles\rte/sc_event_type.c **** /* USER CODE START SC_EVENT_INCLUDE */
  18:SourceFiles\rte/sc_event_type.c **** 
  19:SourceFiles\rte/sc_event_type.c **** /* USER CODE END SC_EVENT_INCLUDE */
  20:SourceFiles\rte/sc_event_type.c **** 
  21:SourceFiles\rte/sc_event_type.c **** 
  22:SourceFiles\rte/sc_event_type.c **** /*
  23:SourceFiles\rte/sc_event_type.c **** * description: Signalclass of the Events.
  24:SourceFiles\rte/sc_event_type.c **** * name: sc_EVENT
  25:SourceFiles\rte/sc_event_type.c **** * shortname: EVENT
  26:SourceFiles\rte/sc_event_type.c **** */
  27:SourceFiles\rte/sc_event_type.c **** 
  28:SourceFiles\rte/sc_event_type.c **** /* USER CODE START SC_EVENT_USERDEFINITIONS */
  29:SourceFiles\rte/sc_event_type.c **** 
  30:SourceFiles\rte/sc_event_type.c **** /* USER CODE END SC_EVENT_USERDEFINITIONS */
ARM GAS  C:\Users\JASON\AppData\Local\Temp\ccylZJSc.s 			page 2


  31:SourceFiles\rte/sc_event_type.c **** 
  32:SourceFiles\rte/sc_event_type.c **** 
  33:SourceFiles\rte/sc_event_type.c **** /*****************************************************************************************
  34:SourceFiles\rte/sc_event_type.c ****  *************** Port Wrapper Implementation for SC_EVENT signal  ****************
  35:SourceFiles\rte/sc_event_type.c ****  *****************************************************************************************/
  36:SourceFiles\rte/sc_event_type.c ****  
  37:SourceFiles\rte/sc_event_type.c ****  
  38:SourceFiles\rte/sc_event_type.c **** 
  39:SourceFiles\rte/sc_event_type.c **** /**
  40:SourceFiles\rte/sc_event_type.c ****  * Default IN driver API
  41:SourceFiles\rte/sc_event_type.c ****  */
  42:SourceFiles\rte/sc_event_type.c **** inline RC_t SC_EVENT_driverIn(SC_EVENT_data_t *const data)
  43:SourceFiles\rte/sc_event_type.c **** {
  28              		.loc 1 43 0
  29              		.cfi_startproc
  30              		@ args = 0, pretend = 0, frame = 0
  31              		@ frame_needed = 0, uses_anonymous_args = 0
  32              		@ link register save eliminated.
  33              	.LVL0:
  44:SourceFiles\rte/sc_event_type.c **** 	/* USER CODE START driverInSC_EVENT */
  45:SourceFiles\rte/sc_event_type.c **** 
  46:SourceFiles\rte/sc_event_type.c **** 	//Read data from the MCAL driver
  47:SourceFiles\rte/sc_event_type.c **** 
  48:SourceFiles\rte/sc_event_type.c **** 	//Scale it to the application type
  49:SourceFiles\rte/sc_event_type.c **** 
  50:SourceFiles\rte/sc_event_type.c **** 	return RC_SUCCESS;
  51:SourceFiles\rte/sc_event_type.c **** 	/* USER CODE END driverInSC_EVENT */
  52:SourceFiles\rte/sc_event_type.c **** }
  34              		.loc 1 52 0
  35 0000 0020     		movs	r0, #0
  36              	.LVL1:
  37 0002 7047     		bx	lr
  38              		.cfi_endproc
  39              	.LFE110:
  40              		.size	SC_EVENT_driverIn, .-SC_EVENT_driverIn
  41              		.text
  42              	.Letext0:
  43              		.file 2 "c:\\program files (x86)\\cypress\\psoc creator\\4.4\\psoc creator\\import\\gnu\\arm\\5.4.
  44              		.file 3 "c:\\program files (x86)\\cypress\\psoc creator\\4.4\\psoc creator\\import\\gnu\\arm\\5.4.
  45              		.file 4 "Generated_Source\\PSoC5/ErikaOS_common_ee_types.inc"
  46              		.file 5 "Generated_Source\\PSoC5/ErikaOS_cortex_mx_ee_cpu.inc"
  47              		.file 6 ".\\SourceFiles\\bsw/global.h"
  48              		.file 7 ".\\SourceFiles\\asw/clock_statemachine_cfg.h"
  49              		.file 8 "SourceFiles\\rte\\sc_event_type.h"
  50              		.file 9 "Generated_Source\\PSoC5/ErikaOS_ee_oo_intfunc.inc"
  51              		.file 10 "Generated_Source\\PSoC5/ErikaOS_cortex_mx_ee_context.inc"
  52              		.file 11 "Generated_Source\\PSoC5/ErikaOS_common_ee_primitives.inc"
  53              		.file 12 "Generated_Source\\PSoC5/core_cm3.h"
  54              		.section	.debug_info,"",%progbits
  55              	.Ldebug_info0:
  56 0000 6A020000 		.4byte	0x26a
  57 0004 0400     		.2byte	0x4
  58 0006 00000000 		.4byte	.Ldebug_abbrev0
  59 000a 04       		.byte	0x4
  60 000b 01       		.uleb128 0x1
  61 000c 82020000 		.4byte	.LASF63
  62 0010 0C       		.byte	0xc
ARM GAS  C:\Users\JASON\AppData\Local\Temp\ccylZJSc.s 			page 3


  63 0011 32030000 		.4byte	.LASF64
  64 0015 FD030000 		.4byte	.LASF65
  65 0019 00000000 		.4byte	.Ldebug_ranges0+0
  66 001d 00000000 		.4byte	0
  67 0021 00000000 		.4byte	.Ldebug_line0
  68 0025 02       		.uleb128 0x2
  69 0026 01       		.byte	0x1
  70 0027 06       		.byte	0x6
  71 0028 04020000 		.4byte	.LASF0
  72 002c 02       		.uleb128 0x2
  73 002d 01       		.byte	0x1
  74 002e 08       		.byte	0x8
  75 002f DE010000 		.4byte	.LASF1
  76 0033 02       		.uleb128 0x2
  77 0034 02       		.byte	0x2
  78 0035 05       		.byte	0x5
  79 0036 47000000 		.4byte	.LASF2
  80 003a 02       		.uleb128 0x2
  81 003b 02       		.byte	0x2
  82 003c 07       		.byte	0x7
  83 003d 6F020000 		.4byte	.LASF3
  84 0041 03       		.uleb128 0x3
  85 0042 CB030000 		.4byte	.LASF9
  86 0046 02       		.byte	0x2
  87 0047 3F       		.byte	0x3f
  88 0048 4C000000 		.4byte	0x4c
  89 004c 02       		.uleb128 0x2
  90 004d 04       		.byte	0x4
  91 004e 05       		.byte	0x5
  92 004f 86010000 		.4byte	.LASF4
  93 0053 02       		.uleb128 0x2
  94 0054 04       		.byte	0x4
  95 0055 07       		.byte	0x7
  96 0056 8F030000 		.4byte	.LASF5
  97 005a 02       		.uleb128 0x2
  98 005b 08       		.byte	0x8
  99 005c 05       		.byte	0x5
 100 005d 36010000 		.4byte	.LASF6
 101 0061 02       		.uleb128 0x2
 102 0062 08       		.byte	0x8
 103 0063 07       		.byte	0x7
 104 0064 10020000 		.4byte	.LASF7
 105 0068 04       		.uleb128 0x4
 106 0069 04       		.byte	0x4
 107 006a 05       		.byte	0x5
 108 006b 696E7400 		.ascii	"int\000"
 109 006f 02       		.uleb128 0x2
 110 0070 04       		.byte	0x4
 111 0071 07       		.byte	0x7
 112 0072 27020000 		.4byte	.LASF8
 113 0076 03       		.uleb128 0x3
 114 0077 2A030000 		.4byte	.LASF10
 115 007b 03       		.byte	0x3
 116 007c 2C       		.byte	0x2c
 117 007d 41000000 		.4byte	0x41
 118 0081 02       		.uleb128 0x2
 119 0082 04       		.byte	0x4
ARM GAS  C:\Users\JASON\AppData\Local\Temp\ccylZJSc.s 			page 4


 120 0083 04       		.byte	0x4
 121 0084 17010000 		.4byte	.LASF11
 122 0088 02       		.uleb128 0x2
 123 0089 08       		.byte	0x8
 124 008a 04       		.byte	0x4
 125 008b A1030000 		.4byte	.LASF12
 126 008f 02       		.uleb128 0x2
 127 0090 01       		.byte	0x1
 128 0091 08       		.byte	0x8
 129 0092 10030000 		.4byte	.LASF13
 130 0096 02       		.uleb128 0x2
 131 0097 08       		.byte	0x8
 132 0098 04       		.byte	0x4
 133 0099 D2010000 		.4byte	.LASF14
 134 009d 03       		.uleb128 0x3
 135 009e 66020000 		.4byte	.LASF15
 136 00a2 04       		.byte	0x4
 137 00a3 53       		.byte	0x53
 138 00a4 68000000 		.4byte	0x68
 139 00a8 03       		.uleb128 0x3
 140 00a9 AA000000 		.4byte	.LASF16
 141 00ad 04       		.byte	0x4
 142 00ae 54       		.byte	0x54
 143 00af 6F000000 		.4byte	0x6f
 144 00b3 03       		.uleb128 0x3
 145 00b4 C3030000 		.4byte	.LASF17
 146 00b8 05       		.byte	0x5
 147 00b9 4D       		.byte	0x4d
 148 00ba A8000000 		.4byte	0xa8
 149 00be 03       		.uleb128 0x3
 150 00bf 8E000000 		.4byte	.LASF18
 151 00c3 05       		.byte	0x5
 152 00c4 4F       		.byte	0x4f
 153 00c5 A8000000 		.4byte	0xa8
 154 00c9 03       		.uleb128 0x3
 155 00ca B4000000 		.4byte	.LASF19
 156 00ce 05       		.byte	0x5
 157 00cf 78       		.byte	0x78
 158 00d0 9D000000 		.4byte	0x9d
 159 00d4 02       		.uleb128 0x2
 160 00d5 04       		.byte	0x4
 161 00d6 07       		.byte	0x7
 162 00d7 77000000 		.4byte	.LASF20
 163 00db 05       		.uleb128 0x5
 164 00dc 01       		.byte	0x1
 165 00dd 25000000 		.4byte	0x25
 166 00e1 06       		.byte	0x6
 167 00e2 CF       		.byte	0xcf
 168 00e3 84010000 		.4byte	0x184
 169 00e7 06       		.uleb128 0x6
 170 00e8 1C000000 		.4byte	.LASF21
 171 00ec 00       		.byte	0
 172 00ed 07       		.uleb128 0x7
 173 00ee 73040000 		.4byte	.LASF22
 174 00f2 7F       		.sleb128 -1
 175 00f3 07       		.uleb128 0x7
 176 00f4 42020000 		.4byte	.LASF23
ARM GAS  C:\Users\JASON\AppData\Local\Temp\ccylZJSc.s 			page 5


 177 00f8 7E       		.sleb128 -2
 178 00f9 07       		.uleb128 0x7
 179 00fa 80000000 		.4byte	.LASF24
 180 00fe 7D       		.sleb128 -3
 181 00ff 07       		.uleb128 0x7
 182 0100 7C040000 		.4byte	.LASF25
 183 0104 7C       		.sleb128 -4
 184 0105 07       		.uleb128 0x7
 185 0106 08010000 		.4byte	.LASF26
 186 010a 7B       		.sleb128 -5
 187 010b 07       		.uleb128 0x7
 188 010c 51000000 		.4byte	.LASF27
 189 0110 7A       		.sleb128 -6
 190 0111 07       		.uleb128 0x7
 191 0112 8F010000 		.4byte	.LASF28
 192 0116 79       		.sleb128 -7
 193 0117 07       		.uleb128 0x7
 194 0118 15030000 		.4byte	.LASF29
 195 011c 78       		.sleb128 -8
 196 011d 07       		.uleb128 0x7
 197 011e 50020000 		.4byte	.LASF30
 198 0122 77       		.sleb128 -9
 199 0123 07       		.uleb128 0x7
 200 0124 A1010000 		.4byte	.LASF31
 201 0128 76       		.sleb128 -10
 202 0129 07       		.uleb128 0x7
 203 012a A9040000 		.4byte	.LASF32
 204 012e 75       		.sleb128 -11
 205 012f 07       		.uleb128 0x7
 206 0130 34020000 		.4byte	.LASF33
 207 0134 74       		.sleb128 -12
 208 0135 07       		.uleb128 0x7
 209 0136 B1030000 		.4byte	.LASF34
 210 013a 73       		.sleb128 -13
 211 013b 07       		.uleb128 0x7
 212 013c 09000000 		.4byte	.LASF35
 213 0140 72       		.sleb128 -14
 214 0141 07       		.uleb128 0x7
 215 0142 33000000 		.4byte	.LASF36
 216 0146 71       		.sleb128 -15
 217 0147 07       		.uleb128 0x7
 218 0148 AF010000 		.4byte	.LASF37
 219 014c 70       		.sleb128 -16
 220 014d 07       		.uleb128 0x7
 221 014e 96000000 		.4byte	.LASF38
 222 0152 6F       		.sleb128 -17
 223 0153 07       		.uleb128 0x7
 224 0154 62000000 		.4byte	.LASF39
 225 0158 6E       		.sleb128 -18
 226 0159 07       		.uleb128 0x7
 227 015a 62010000 		.4byte	.LASF40
 228 015e 6D       		.sleb128 -19
 229 015f 07       		.uleb128 0x7
 230 0160 52030000 		.4byte	.LASF41
 231 0164 6C       		.sleb128 -20
 232 0165 07       		.uleb128 0x7
 233 0166 C0010000 		.4byte	.LASF42
ARM GAS  C:\Users\JASON\AppData\Local\Temp\ccylZJSc.s 			page 6


 234 016a 6B       		.sleb128 -21
 235 016b 07       		.uleb128 0x7
 236 016c 54040000 		.4byte	.LASF43
 237 0170 6A       		.sleb128 -22
 238 0171 07       		.uleb128 0x7
 239 0172 BB000000 		.4byte	.LASF44
 240 0176 69       		.sleb128 -23
 241 0177 07       		.uleb128 0x7
 242 0178 75010000 		.4byte	.LASF45
 243 017c 68       		.sleb128 -24
 244 017d 07       		.uleb128 0x7
 245 017e 1D010000 		.4byte	.LASF46
 246 0182 67       		.sleb128 -25
 247 0183 00       		.byte	0
 248 0184 03       		.uleb128 0x3
 249 0185 A4040000 		.4byte	.LASF47
 250 0189 06       		.byte	0x6
 251 018a EA       		.byte	0xea
 252 018b DB000000 		.4byte	0xdb
 253 018f 05       		.uleb128 0x5
 254 0190 01       		.byte	0x1
 255 0191 2C000000 		.4byte	0x2c
 256 0195 07       		.byte	0x7
 257 0196 19       		.byte	0x19
 258 0197 C6010000 		.4byte	0x1c6
 259 019b 06       		.uleb128 0x6
 260 019c D5030000 		.4byte	.LASF48
 261 01a0 00       		.byte	0
 262 01a1 06       		.uleb128 0x6
 263 01a2 F2030000 		.4byte	.LASF49
 264 01a6 01       		.byte	0x1
 265 01a7 06       		.uleb128 0x6
 266 01a8 27000000 		.4byte	.LASF50
 267 01ac 02       		.byte	0x2
 268 01ad 06       		.uleb128 0x6
 269 01ae DD030000 		.4byte	.LASF51
 270 01b2 03       		.byte	0x3
 271 01b3 06       		.uleb128 0x6
 272 01b4 00000000 		.4byte	.LASF52
 273 01b8 04       		.byte	0x4
 274 01b9 06       		.uleb128 0x6
 275 01ba E7000000 		.4byte	.LASF53
 276 01be 05       		.byte	0x5
 277 01bf 06       		.uleb128 0x6
 278 01c0 A8030000 		.4byte	.LASF54
 279 01c4 06       		.byte	0x6
 280 01c5 00       		.byte	0
 281 01c6 03       		.uleb128 0x3
 282 01c7 EC010000 		.4byte	.LASF55
 283 01cb 07       		.byte	0x7
 284 01cc 21       		.byte	0x21
 285 01cd 8F010000 		.4byte	0x18f
 286 01d1 08       		.uleb128 0x8
 287 01d2 01       		.byte	0x1
 288 01d3 08       		.byte	0x8
 289 01d4 1F       		.byte	0x1f
 290 01d5 E6010000 		.4byte	0x1e6
ARM GAS  C:\Users\JASON\AppData\Local\Temp\ccylZJSc.s 			page 7


 291 01d9 09       		.uleb128 0x9
 292 01da 5D010000 		.4byte	.LASF66
 293 01de 08       		.byte	0x8
 294 01df 21       		.byte	0x21
 295 01e0 C6010000 		.4byte	0x1c6
 296 01e4 00       		.byte	0
 297 01e5 00       		.byte	0
 298 01e6 03       		.uleb128 0x3
 299 01e7 F4010000 		.4byte	.LASF56
 300 01eb 08       		.byte	0x8
 301 01ec 24       		.byte	0x24
 302 01ed D1010000 		.4byte	0x1d1
 303 01f1 0A       		.uleb128 0xa
 304 01f2 65030000 		.4byte	.LASF67
 305 01f6 01       		.byte	0x1
 306 01f7 2A       		.byte	0x2a
 307 01f8 84010000 		.4byte	0x184
 308 01fc 00000000 		.4byte	.LFB110
 309 0200 04000000 		.4byte	.LFE110-.LFB110
 310 0204 01       		.uleb128 0x1
 311 0205 9C       		.byte	0x9c
 312 0206 1A020000 		.4byte	0x21a
 313 020a 0B       		.uleb128 0xb
 314 020b 77030000 		.4byte	.LASF68
 315 020f 01       		.byte	0x1
 316 0210 2A       		.byte	0x2a
 317 0211 20020000 		.4byte	0x220
 318 0215 00000000 		.4byte	.LLST0
 319 0219 00       		.byte	0
 320 021a 0C       		.uleb128 0xc
 321 021b 04       		.byte	0x4
 322 021c E6010000 		.4byte	0x1e6
 323 0220 0D       		.uleb128 0xd
 324 0221 1A020000 		.4byte	0x21a
 325 0225 0E       		.uleb128 0xe
 326 0226 8C040000 		.4byte	.LASF57
 327 022a 09       		.byte	0x9
 328 022b 40       		.byte	0x40
 329 022c B3000000 		.4byte	0xb3
 330 0230 0E       		.uleb128 0xe
 331 0231 44010000 		.4byte	.LASF58
 332 0235 09       		.byte	0x9
 333 0236 47       		.byte	0x47
 334 0237 BE000000 		.4byte	0xbe
 335 023b 0E       		.uleb128 0xe
 336 023c 7C030000 		.4byte	.LASF59
 337 0240 09       		.byte	0x9
 338 0241 4A       		.byte	0x4a
 339 0242 B3000000 		.4byte	0xb3
 340 0246 0E       		.uleb128 0xe
 341 0247 EF000000 		.4byte	.LASF60
 342 024b 0A       		.byte	0xa
 343 024c 48       		.byte	0x48
 344 024d C9000000 		.4byte	0xc9
 345 0251 0E       		.uleb128 0xe
 346 0252 D2000000 		.4byte	.LASF61
 347 0256 0B       		.byte	0xb
ARM GAS  C:\Users\JASON\AppData\Local\Temp\ccylZJSc.s 			page 8


 348 0257 44       		.byte	0x44
 349 0258 B3000000 		.4byte	0xb3
 350 025c 0F       		.uleb128 0xf
 351 025d 66040000 		.4byte	.LASF62
 352 0261 0C       		.byte	0xc
 353 0262 1207     		.2byte	0x712
 354 0264 68020000 		.4byte	0x268
 355 0268 10       		.uleb128 0x10
 356 0269 76000000 		.4byte	0x76
 357 026d 00       		.byte	0
 358              		.section	.debug_abbrev,"",%progbits
 359              	.Ldebug_abbrev0:
 360 0000 01       		.uleb128 0x1
 361 0001 11       		.uleb128 0x11
 362 0002 01       		.byte	0x1
 363 0003 25       		.uleb128 0x25
 364 0004 0E       		.uleb128 0xe
 365 0005 13       		.uleb128 0x13
 366 0006 0B       		.uleb128 0xb
 367 0007 03       		.uleb128 0x3
 368 0008 0E       		.uleb128 0xe
 369 0009 1B       		.uleb128 0x1b
 370 000a 0E       		.uleb128 0xe
 371 000b 55       		.uleb128 0x55
 372 000c 17       		.uleb128 0x17
 373 000d 11       		.uleb128 0x11
 374 000e 01       		.uleb128 0x1
 375 000f 10       		.uleb128 0x10
 376 0010 17       		.uleb128 0x17
 377 0011 00       		.byte	0
 378 0012 00       		.byte	0
 379 0013 02       		.uleb128 0x2
 380 0014 24       		.uleb128 0x24
 381 0015 00       		.byte	0
 382 0016 0B       		.uleb128 0xb
 383 0017 0B       		.uleb128 0xb
 384 0018 3E       		.uleb128 0x3e
 385 0019 0B       		.uleb128 0xb
 386 001a 03       		.uleb128 0x3
 387 001b 0E       		.uleb128 0xe
 388 001c 00       		.byte	0
 389 001d 00       		.byte	0
 390 001e 03       		.uleb128 0x3
 391 001f 16       		.uleb128 0x16
 392 0020 00       		.byte	0
 393 0021 03       		.uleb128 0x3
 394 0022 0E       		.uleb128 0xe
 395 0023 3A       		.uleb128 0x3a
 396 0024 0B       		.uleb128 0xb
 397 0025 3B       		.uleb128 0x3b
 398 0026 0B       		.uleb128 0xb
 399 0027 49       		.uleb128 0x49
 400 0028 13       		.uleb128 0x13
 401 0029 00       		.byte	0
 402 002a 00       		.byte	0
 403 002b 04       		.uleb128 0x4
 404 002c 24       		.uleb128 0x24
ARM GAS  C:\Users\JASON\AppData\Local\Temp\ccylZJSc.s 			page 9


 405 002d 00       		.byte	0
 406 002e 0B       		.uleb128 0xb
 407 002f 0B       		.uleb128 0xb
 408 0030 3E       		.uleb128 0x3e
 409 0031 0B       		.uleb128 0xb
 410 0032 03       		.uleb128 0x3
 411 0033 08       		.uleb128 0x8
 412 0034 00       		.byte	0
 413 0035 00       		.byte	0
 414 0036 05       		.uleb128 0x5
 415 0037 04       		.uleb128 0x4
 416 0038 01       		.byte	0x1
 417 0039 0B       		.uleb128 0xb
 418 003a 0B       		.uleb128 0xb
 419 003b 49       		.uleb128 0x49
 420 003c 13       		.uleb128 0x13
 421 003d 3A       		.uleb128 0x3a
 422 003e 0B       		.uleb128 0xb
 423 003f 3B       		.uleb128 0x3b
 424 0040 0B       		.uleb128 0xb
 425 0041 01       		.uleb128 0x1
 426 0042 13       		.uleb128 0x13
 427 0043 00       		.byte	0
 428 0044 00       		.byte	0
 429 0045 06       		.uleb128 0x6
 430 0046 28       		.uleb128 0x28
 431 0047 00       		.byte	0
 432 0048 03       		.uleb128 0x3
 433 0049 0E       		.uleb128 0xe
 434 004a 1C       		.uleb128 0x1c
 435 004b 0B       		.uleb128 0xb
 436 004c 00       		.byte	0
 437 004d 00       		.byte	0
 438 004e 07       		.uleb128 0x7
 439 004f 28       		.uleb128 0x28
 440 0050 00       		.byte	0
 441 0051 03       		.uleb128 0x3
 442 0052 0E       		.uleb128 0xe
 443 0053 1C       		.uleb128 0x1c
 444 0054 0D       		.uleb128 0xd
 445 0055 00       		.byte	0
 446 0056 00       		.byte	0
 447 0057 08       		.uleb128 0x8
 448 0058 13       		.uleb128 0x13
 449 0059 01       		.byte	0x1
 450 005a 0B       		.uleb128 0xb
 451 005b 0B       		.uleb128 0xb
 452 005c 3A       		.uleb128 0x3a
 453 005d 0B       		.uleb128 0xb
 454 005e 3B       		.uleb128 0x3b
 455 005f 0B       		.uleb128 0xb
 456 0060 01       		.uleb128 0x1
 457 0061 13       		.uleb128 0x13
 458 0062 00       		.byte	0
 459 0063 00       		.byte	0
 460 0064 09       		.uleb128 0x9
 461 0065 0D       		.uleb128 0xd
ARM GAS  C:\Users\JASON\AppData\Local\Temp\ccylZJSc.s 			page 10


 462 0066 00       		.byte	0
 463 0067 03       		.uleb128 0x3
 464 0068 0E       		.uleb128 0xe
 465 0069 3A       		.uleb128 0x3a
 466 006a 0B       		.uleb128 0xb
 467 006b 3B       		.uleb128 0x3b
 468 006c 0B       		.uleb128 0xb
 469 006d 49       		.uleb128 0x49
 470 006e 13       		.uleb128 0x13
 471 006f 38       		.uleb128 0x38
 472 0070 0B       		.uleb128 0xb
 473 0071 00       		.byte	0
 474 0072 00       		.byte	0
 475 0073 0A       		.uleb128 0xa
 476 0074 2E       		.uleb128 0x2e
 477 0075 01       		.byte	0x1
 478 0076 3F       		.uleb128 0x3f
 479 0077 19       		.uleb128 0x19
 480 0078 03       		.uleb128 0x3
 481 0079 0E       		.uleb128 0xe
 482 007a 3A       		.uleb128 0x3a
 483 007b 0B       		.uleb128 0xb
 484 007c 3B       		.uleb128 0x3b
 485 007d 0B       		.uleb128 0xb
 486 007e 27       		.uleb128 0x27
 487 007f 19       		.uleb128 0x19
 488 0080 49       		.uleb128 0x49
 489 0081 13       		.uleb128 0x13
 490 0082 11       		.uleb128 0x11
 491 0083 01       		.uleb128 0x1
 492 0084 12       		.uleb128 0x12
 493 0085 06       		.uleb128 0x6
 494 0086 40       		.uleb128 0x40
 495 0087 18       		.uleb128 0x18
 496 0088 9742     		.uleb128 0x2117
 497 008a 19       		.uleb128 0x19
 498 008b 01       		.uleb128 0x1
 499 008c 13       		.uleb128 0x13
 500 008d 00       		.byte	0
 501 008e 00       		.byte	0
 502 008f 0B       		.uleb128 0xb
 503 0090 05       		.uleb128 0x5
 504 0091 00       		.byte	0
 505 0092 03       		.uleb128 0x3
 506 0093 0E       		.uleb128 0xe
 507 0094 3A       		.uleb128 0x3a
 508 0095 0B       		.uleb128 0xb
 509 0096 3B       		.uleb128 0x3b
 510 0097 0B       		.uleb128 0xb
 511 0098 49       		.uleb128 0x49
 512 0099 13       		.uleb128 0x13
 513 009a 02       		.uleb128 0x2
 514 009b 17       		.uleb128 0x17
 515 009c 00       		.byte	0
 516 009d 00       		.byte	0
 517 009e 0C       		.uleb128 0xc
 518 009f 0F       		.uleb128 0xf
ARM GAS  C:\Users\JASON\AppData\Local\Temp\ccylZJSc.s 			page 11


 519 00a0 00       		.byte	0
 520 00a1 0B       		.uleb128 0xb
 521 00a2 0B       		.uleb128 0xb
 522 00a3 49       		.uleb128 0x49
 523 00a4 13       		.uleb128 0x13
 524 00a5 00       		.byte	0
 525 00a6 00       		.byte	0
 526 00a7 0D       		.uleb128 0xd
 527 00a8 26       		.uleb128 0x26
 528 00a9 00       		.byte	0
 529 00aa 49       		.uleb128 0x49
 530 00ab 13       		.uleb128 0x13
 531 00ac 00       		.byte	0
 532 00ad 00       		.byte	0
 533 00ae 0E       		.uleb128 0xe
 534 00af 34       		.uleb128 0x34
 535 00b0 00       		.byte	0
 536 00b1 03       		.uleb128 0x3
 537 00b2 0E       		.uleb128 0xe
 538 00b3 3A       		.uleb128 0x3a
 539 00b4 0B       		.uleb128 0xb
 540 00b5 3B       		.uleb128 0x3b
 541 00b6 0B       		.uleb128 0xb
 542 00b7 49       		.uleb128 0x49
 543 00b8 13       		.uleb128 0x13
 544 00b9 3F       		.uleb128 0x3f
 545 00ba 19       		.uleb128 0x19
 546 00bb 3C       		.uleb128 0x3c
 547 00bc 19       		.uleb128 0x19
 548 00bd 00       		.byte	0
 549 00be 00       		.byte	0
 550 00bf 0F       		.uleb128 0xf
 551 00c0 34       		.uleb128 0x34
 552 00c1 00       		.byte	0
 553 00c2 03       		.uleb128 0x3
 554 00c3 0E       		.uleb128 0xe
 555 00c4 3A       		.uleb128 0x3a
 556 00c5 0B       		.uleb128 0xb
 557 00c6 3B       		.uleb128 0x3b
 558 00c7 05       		.uleb128 0x5
 559 00c8 49       		.uleb128 0x49
 560 00c9 13       		.uleb128 0x13
 561 00ca 3F       		.uleb128 0x3f
 562 00cb 19       		.uleb128 0x19
 563 00cc 3C       		.uleb128 0x3c
 564 00cd 19       		.uleb128 0x19
 565 00ce 00       		.byte	0
 566 00cf 00       		.byte	0
 567 00d0 10       		.uleb128 0x10
 568 00d1 35       		.uleb128 0x35
 569 00d2 00       		.byte	0
 570 00d3 49       		.uleb128 0x49
 571 00d4 13       		.uleb128 0x13
 572 00d5 00       		.byte	0
 573 00d6 00       		.byte	0
 574 00d7 00       		.byte	0
 575              		.section	.debug_loc,"",%progbits
ARM GAS  C:\Users\JASON\AppData\Local\Temp\ccylZJSc.s 			page 12


 576              	.Ldebug_loc0:
 577              	.LLST0:
 578 0000 00000000 		.4byte	.LVL0
 579 0004 02000000 		.4byte	.LVL1
 580 0008 0100     		.2byte	0x1
 581 000a 50       		.byte	0x50
 582 000b 02000000 		.4byte	.LVL1
 583 000f 04000000 		.4byte	.LFE110
 584 0013 0400     		.2byte	0x4
 585 0015 F3       		.byte	0xf3
 586 0016 01       		.uleb128 0x1
 587 0017 50       		.byte	0x50
 588 0018 9F       		.byte	0x9f
 589 0019 00000000 		.4byte	0
 590 001d 00000000 		.4byte	0
 591              		.section	.debug_aranges,"",%progbits
 592 0000 1C000000 		.4byte	0x1c
 593 0004 0200     		.2byte	0x2
 594 0006 00000000 		.4byte	.Ldebug_info0
 595 000a 04       		.byte	0x4
 596 000b 00       		.byte	0
 597 000c 0000     		.2byte	0
 598 000e 0000     		.2byte	0
 599 0010 00000000 		.4byte	.LFB110
 600 0014 04000000 		.4byte	.LFE110-.LFB110
 601 0018 00000000 		.4byte	0
 602 001c 00000000 		.4byte	0
 603              		.section	.debug_ranges,"",%progbits
 604              	.Ldebug_ranges0:
 605 0000 00000000 		.4byte	.LFB110
 606 0004 04000000 		.4byte	.LFE110
 607 0008 00000000 		.4byte	0
 608 000c 00000000 		.4byte	0
 609              		.section	.debug_line,"",%progbits
 610              	.Ldebug_line0:
 611 0000 73020000 		.section	.debug_str,"MS",%progbits,1
 611      02005B02 
 611      00000201 
 611      FB0E0D00 
 611      01010101 
 612              	.LASF52:
 613 0000 45565F32 		.ascii	"EV_250MS\000"
 613      35304D53 
 613      00
 614              	.LASF35:
 615 0009 52435F45 		.ascii	"RC_ERROR_READ_ONLY\000"
 615      52524F52 
 615      5F524541 
 615      445F4F4E 
 615      4C5900
 616              	.LASF21:
 617 001c 52435F53 		.ascii	"RC_SUCCESS\000"
 617      55434345 
 617      535300
 618              	.LASF50:
 619 0027 45565F4B 		.ascii	"EV_KEYRIGHT\000"
 619      45595249 
ARM GAS  C:\Users\JASON\AppData\Local\Temp\ccylZJSc.s 			page 13


 619      47485400 
 620              	.LASF36:
 621 0033 52435F45 		.ascii	"RC_ERROR_WRITE_ONLY\000"
 621      52524F52 
 621      5F575249 
 621      54455F4F 
 621      4E4C5900 
 622              	.LASF2:
 623 0047 73686F72 		.ascii	"short int\000"
 623      7420696E 
 623      7400
 624              	.LASF27:
 625 0051 52435F45 		.ascii	"RC_ERROR_OVERRUN\000"
 625      52524F52 
 625      5F4F5645 
 625      5252554E 
 625      00
 626              	.LASF39:
 627 0062 52435F45 		.ascii	"RC_ERROR_WRITE_FAILS\000"
 627      52524F52 
 627      5F575249 
 627      54455F46 
 627      41494C53 
 628              	.LASF20:
 629 0077 73697A65 		.ascii	"sizetype\000"
 629      74797065 
 629      00
 630              	.LASF24:
 631 0080 52435F45 		.ascii	"RC_ERROR_ZERO\000"
 631      52524F52 
 631      5F5A4552 
 631      4F00
 632              	.LASF18:
 633 008e 45455F46 		.ascii	"EE_FREG\000"
 633      52454700 
 634              	.LASF38:
 635 0096 52435F45 		.ascii	"RC_ERROR_READ_FAILS\000"
 635      52524F52 
 635      5F524541 
 635      445F4641 
 635      494C5300 
 636              	.LASF16:
 637 00aa 45455F55 		.ascii	"EE_UINT32\000"
 637      494E5433 
 637      3200
 638              	.LASF19:
 639 00b4 45455F54 		.ascii	"EE_TID\000"
 639      494400
 640              	.LASF44:
 641 00bb 52435F45 		.ascii	"RC_ERROR_INVALID_STATE\000"
 641      52524F52 
 641      5F494E56 
 641      414C4944 
 641      5F535441 
 642              	.LASF61:
 643 00d2 45455F49 		.ascii	"EE_IRQ_nesting_level\000"
 643      52515F6E 
ARM GAS  C:\Users\JASON\AppData\Local\Temp\ccylZJSc.s 			page 14


 643      65737469 
 643      6E675F6C 
 643      6576656C 
 644              	.LASF53:
 645 00e7 45565F31 		.ascii	"EV_1MIN\000"
 645      4D494E00 
 646              	.LASF60:
 647 00ef 45455F73 		.ascii	"EE_std_endcycle_next_tid\000"
 647      74645F65 
 647      6E646379 
 647      636C655F 
 647      6E657874 
 648              	.LASF26:
 649 0108 52435F45 		.ascii	"RC_ERROR_RANGE\000"
 649      52524F52 
 649      5F52414E 
 649      474500
 650              	.LASF11:
 651 0117 666C6F61 		.ascii	"float\000"
 651      7400
 652              	.LASF46:
 653 011d 52435F45 		.ascii	"RC_ERROR_NOT_IMPLEMENTED\000"
 653      52524F52 
 653      5F4E4F54 
 653      5F494D50 
 653      4C454D45 
 654              	.LASF6:
 655 0136 6C6F6E67 		.ascii	"long long int\000"
 655      206C6F6E 
 655      6720696E 
 655      7400
 656              	.LASF58:
 657 0144 45455F6F 		.ascii	"EE_oo_IRQ_suspend_status\000"
 657      6F5F4952 
 657      515F7375 
 657      7370656E 
 657      645F7374 
 658              	.LASF66:
 659 015d 6D5F6576 		.ascii	"m_ev\000"
 659      00
 660              	.LASF40:
 661 0162 52435F45 		.ascii	"RC_ERROR_NOT_MATCH\000"
 661      52524F52 
 661      5F4E4F54 
 661      5F4D4154 
 661      434800
 662              	.LASF45:
 663 0175 52435F45 		.ascii	"RC_ERROR_UNKNOWN\000"
 663      52524F52 
 663      5F554E4B 
 663      4E4F574E 
 663      00
 664              	.LASF4:
 665 0186 6C6F6E67 		.ascii	"long int\000"
 665      20696E74 
 665      00
 666              	.LASF28:
ARM GAS  C:\Users\JASON\AppData\Local\Temp\ccylZJSc.s 			page 15


 667 018f 52435F45 		.ascii	"RC_ERROR_UNDERRUN\000"
 667      52524F52 
 667      5F554E44 
 667      45525255 
 667      4E00
 668              	.LASF31:
 669 01a1 52435F45 		.ascii	"RC_ERROR_BUSY\000"
 669      52524F52 
 669      5F425553 
 669      5900
 670              	.LASF37:
 671 01af 52435F45 		.ascii	"RC_ERROR_INVALID\000"
 671      52524F52 
 671      5F494E56 
 671      414C4944 
 671      00
 672              	.LASF42:
 673 01c0 52435F45 		.ascii	"RC_ERROR_BAD_DATA\000"
 673      52524F52 
 673      5F424144 
 673      5F444154 
 673      4100
 674              	.LASF14:
 675 01d2 6C6F6E67 		.ascii	"long double\000"
 675      20646F75 
 675      626C6500 
 676              	.LASF1:
 677 01de 756E7369 		.ascii	"unsigned char\000"
 677      676E6564 
 677      20636861 
 677      7200
 678              	.LASF55:
 679 01ec 4556454E 		.ascii	"EVENT_t\000"
 679      545F7400 
 680              	.LASF56:
 681 01f4 53435F45 		.ascii	"SC_EVENT_data_t\000"
 681      56454E54 
 681      5F646174 
 681      615F7400 
 682              	.LASF0:
 683 0204 7369676E 		.ascii	"signed char\000"
 683      65642063 
 683      68617200 
 684              	.LASF7:
 685 0210 6C6F6E67 		.ascii	"long long unsigned int\000"
 685      206C6F6E 
 685      6720756E 
 685      7369676E 
 685      65642069 
 686              	.LASF8:
 687 0227 756E7369 		.ascii	"unsigned int\000"
 687      676E6564 
 687      20696E74 
 687      00
 688              	.LASF33:
 689 0234 52435F45 		.ascii	"RC_ERROR_OPEN\000"
 689      52524F52 
ARM GAS  C:\Users\JASON\AppData\Local\Temp\ccylZJSc.s 			page 16


 689      5F4F5045 
 689      4E00
 690              	.LASF23:
 691 0242 52435F45 		.ascii	"RC_ERROR_NULL\000"
 691      52524F52 
 691      5F4E554C 
 691      4C00
 692              	.LASF30:
 693 0250 52435F45 		.ascii	"RC_ERROR_BUFFER_EMTPY\000"
 693      52524F52 
 693      5F425546 
 693      4645525F 
 693      454D5450 
 694              	.LASF15:
 695 0266 45455F49 		.ascii	"EE_INT32\000"
 695      4E543332 
 695      00
 696              	.LASF3:
 697 026f 73686F72 		.ascii	"short unsigned int\000"
 697      7420756E 
 697      7369676E 
 697      65642069 
 697      6E7400
 698              	.LASF63:
 699 0282 474E5520 		.ascii	"GNU C11 5.4.1 20160609 (release) [ARM/embedded-5-br"
 699      43313120 
 699      352E342E 
 699      31203230 
 699      31363036 
 700 02b5 616E6368 		.ascii	"anch revision 237715] -mcpu=cortex-m3 -mthumb -g -O"
 700      20726576 
 700      6973696F 
 700      6E203233 
 700      37373135 
 701 02e8 67202D66 		.ascii	"g -ffunction-sections -ffat-lto-objects\000"
 701      66756E63 
 701      74696F6E 
 701      2D736563 
 701      74696F6E 
 702              	.LASF13:
 703 0310 63686172 		.ascii	"char\000"
 703      00
 704              	.LASF29:
 705 0315 52435F45 		.ascii	"RC_ERROR_BUFFER_FULL\000"
 705      52524F52 
 705      5F425546 
 705      4645525F 
 705      46554C4C 
 706              	.LASF10:
 707 032a 696E7433 		.ascii	"int32_t\000"
 707      325F7400 
 708              	.LASF64:
 709 0332 536F7572 		.ascii	"SourceFiles\\rte\\sc_event_type.c\000"
 709      63654669 
 709      6C65735C 
 709      7274655C 
 709      73635F65 
ARM GAS  C:\Users\JASON\AppData\Local\Temp\ccylZJSc.s 			page 17


 710              	.LASF41:
 711 0352 52435F45 		.ascii	"RC_ERROR_BAD_PARAM\000"
 711      52524F52 
 711      5F424144 
 711      5F504152 
 711      414D00
 712              	.LASF67:
 713 0365 53435F45 		.ascii	"SC_EVENT_driverIn\000"
 713      56454E54 
 713      5F647269 
 713      76657249 
 713      6E00
 714              	.LASF68:
 715 0377 64617461 		.ascii	"data\000"
 715      00
 716              	.LASF59:
 717 037c 45455F41 		.ascii	"EE_ApplicationMode\000"
 717      70706C69 
 717      63617469 
 717      6F6E4D6F 
 717      646500
 718              	.LASF5:
 719 038f 6C6F6E67 		.ascii	"long unsigned int\000"
 719      20756E73 
 719      69676E65 
 719      6420696E 
 719      7400
 720              	.LASF12:
 721 03a1 646F7562 		.ascii	"double\000"
 721      6C6500
 722              	.LASF54:
 723 03a8 45565F45 		.ascii	"EV_ERROR\000"
 723      52524F52 
 723      00
 724              	.LASF34:
 725 03b1 52435F45 		.ascii	"RC_ERROR_CHECKSUM\000"
 725      52524F52 
 725      5F434845 
 725      434B5355 
 725      4D00
 726              	.LASF17:
 727 03c3 45455F55 		.ascii	"EE_UREG\000"
 727      52454700 
 728              	.LASF9:
 729 03cb 5F5F696E 		.ascii	"__int32_t\000"
 729      7433325F 
 729      7400
 730              	.LASF48:
 731 03d5 45565F4E 		.ascii	"EV_NONE\000"
 731      4F4E4500 
 732              	.LASF51:
 733 03dd 45565F4B 		.ascii	"EV_KEYRIGHTLONGPRESS\000"
 733      45595249 
 733      4748544C 
 733      4F4E4750 
 733      52455353 
 734              	.LASF49:
ARM GAS  C:\Users\JASON\AppData\Local\Temp\ccylZJSc.s 			page 18


 735 03f2 45565F4B 		.ascii	"EV_KEYLEFT\000"
 735      45594C45 
 735      465400
 736              	.LASF65:
 737 03fd 433A5C4A 		.ascii	"C:\\Jason\\EIT\\Semester_02\\01_EAA\\Lab\\Assignmen"
 737      61736F6E 
 737      5C454954 
 737      5C53656D 
 737      65737465 
 738 042a 745F325C 		.ascii	"t_2\\ElectronicClock\\ElectronicClock.cydsn\000"
 738      456C6563 
 738      74726F6E 
 738      6963436C 
 738      6F636B5C 
 739              	.LASF43:
 740 0454 52435F45 		.ascii	"RC_ERROR_CANCELED\000"
 740      52524F52 
 740      5F43414E 
 740      43454C45 
 740      4400
 741              	.LASF62:
 742 0466 49544D5F 		.ascii	"ITM_RxBuffer\000"
 742      52784275 
 742      66666572 
 742      00
 743              	.LASF22:
 744 0473 52435F45 		.ascii	"RC_ERROR\000"
 744      52524F52 
 744      00
 745              	.LASF25:
 746 047c 52435F45 		.ascii	"RC_ERROR_MEMORY\000"
 746      52524F52 
 746      5F4D454D 
 746      4F525900 
 747              	.LASF57:
 748 048c 45455F6F 		.ascii	"EE_oo_IRQ_disable_count\000"
 748      6F5F4952 
 748      515F6469 
 748      7361626C 
 748      655F636F 
 749              	.LASF47:
 750 04a4 52435F74 		.ascii	"RC_t\000"
 750      00
 751              	.LASF32:
 752 04a9 52435F45 		.ascii	"RC_ERROR_TIME_OUT\000"
 752      52524F52 
 752      5F54494D 
 752      455F4F55 
 752      5400
 753              		.ident	"GCC: (GNU Tools for ARM Embedded Processors) 5.4.1 20160609 (release) [ARM/embedded-5-bran
