ARM GAS  C:\Users\JASON\AppData\Local\Temp\cchWPZzk.s 			page 1


   1              		.syntax unified
   2              		.cpu cortex-m3
   3              		.fpu softvfp
   4              		.eabi_attribute 20, 1
   5              		.eabi_attribute 21, 1
   6              		.eabi_attribute 23, 3
   7              		.eabi_attribute 24, 1
   8              		.eabi_attribute 25, 1
   9              		.eabi_attribute 26, 1
  10              		.eabi_attribute 30, 1
  11              		.eabi_attribute 34, 1
  12              		.eabi_attribute 18, 4
  13              		.thumb
  14              		.syntax unified
  15              		.file	"swc_clock_input.c"
  16              		.text
  17              	.Ltext0:
  18              		.cfi_sections	.debug_frame
  19              		.section	.text.CLOCK_INPUT__run,"ax",%progbits
  20              		.align	2
  21              		.global	CLOCK_INPUT__run
  22              		.thumb
  23              		.thumb_func
  24              		.type	CLOCK_INPUT__run, %function
  25              	CLOCK_INPUT__run:
  26              	.LFB131:
  27              		.file 1 "SourceFiles\\asw\\swc_clock_input.c"
   1:SourceFiles\asw/swc_clock_input.c **** 
   2:SourceFiles\asw/swc_clock_input.c **** 
   3:SourceFiles\asw/swc_clock_input.c **** /*
   4:SourceFiles\asw/swc_clock_input.c ****  * Filename: swc_clock_input.c
   5:SourceFiles\asw/swc_clock_input.c ****  *
   6:SourceFiles\asw/swc_clock_input.c ****  * Author: Autogenerated by H-DA RTE Generator, (c) Prof. Fromm
   7:SourceFiles\asw/swc_clock_input.c ****  */
   8:SourceFiles\asw/swc_clock_input.c **** 
   9:SourceFiles\asw/swc_clock_input.c **** #include "project.h"
  10:SourceFiles\asw/swc_clock_input.c **** #include "global.h"
  11:SourceFiles\asw/swc_clock_input.c **** #include "rte.h"
  12:SourceFiles\asw/swc_clock_input.c **** #include "rte_types.h"
  13:SourceFiles\asw/swc_clock_input.c **** #include "swc_clock_input.h"
  14:SourceFiles\asw/swc_clock_input.c **** 
  15:SourceFiles\asw/swc_clock_input.c **** 
  16:SourceFiles\asw/swc_clock_input.c **** 
  17:SourceFiles\asw/swc_clock_input.c **** /* USER CODE START SWC_CLOCK_INPUT_INCLUDE */
  18:SourceFiles\asw/swc_clock_input.c **** #include "sc_event_type.h"
  19:SourceFiles\asw/swc_clock_input.c **** /* USER CODE END SWC_CLOCK_INPUT_INCLUDE */
  20:SourceFiles\asw/swc_clock_input.c **** 
  21:SourceFiles\asw/swc_clock_input.c **** 
  22:SourceFiles\asw/swc_clock_input.c **** #include "sp_common.h"
  23:SourceFiles\asw/swc_clock_input.c **** 
  24:SourceFiles\asw/swc_clock_input.c **** /* USER CODE START SWC_CLOCK_INPUT_USERDEFINITIONS */
  25:SourceFiles\asw/swc_clock_input.c **** 
  26:SourceFiles\asw/swc_clock_input.c **** /* USER CODE END SWC_CLOCK_INPUT_USERDEFINITIONS */
  27:SourceFiles\asw/swc_clock_input.c **** 
  28:SourceFiles\asw/swc_clock_input.c **** 
  29:SourceFiles\asw/swc_clock_input.c **** 
  30:SourceFiles\asw/swc_clock_input.c **** /*
ARM GAS  C:\Users\JASON\AppData\Local\Temp\cchWPZzk.s 			page 2


  31:SourceFiles\asw/swc_clock_input.c **** * component: swc_CLOCK_input
  32:SourceFiles\asw/swc_clock_input.c **** * cycletime: 50
  33:SourceFiles\asw/swc_clock_input.c **** * description: Runnable for clock input.
  34:SourceFiles\asw/swc_clock_input.c **** * events: 
  35:SourceFiles\asw/swc_clock_input.c **** * name: CLOCK_INPUT__run
  36:SourceFiles\asw/swc_clock_input.c **** * shortname: 
  37:SourceFiles\asw/swc_clock_input.c **** * signalIN: 
  38:SourceFiles\asw/swc_clock_input.c **** * signalOUT: so_EVENT
  39:SourceFiles\asw/swc_clock_input.c **** * task: tsk_input
  40:SourceFiles\asw/swc_clock_input.c **** */
  41:SourceFiles\asw/swc_clock_input.c **** void CLOCK_INPUT__run(RTE_event ev){
  28              		.loc 1 41 0
  29              		.cfi_startproc
  30              		@ args = 0, pretend = 0, frame = 0
  31              		@ frame_needed = 0, uses_anonymous_args = 0
  32              	.LVL0:
  33 0000 38B5     		push	{r3, r4, r5, lr}
  34              		.cfi_def_cfa_offset 16
  35              		.cfi_offset 3, -16
  36              		.cfi_offset 4, -12
  37              		.cfi_offset 5, -8
  38              		.cfi_offset 14, -4
  42:SourceFiles\asw/swc_clock_input.c **** 	
  43:SourceFiles\asw/swc_clock_input.c **** 	/* USER CODE START CLOCK_INPUT__run */
  44:SourceFiles\asw/swc_clock_input.c ****     /**
  45:SourceFiles\asw/swc_clock_input.c **** 	 * @brief counter to check if button is pressed longer than 1 second.
  46:SourceFiles\asw/swc_clock_input.c **** 	 */
  47:SourceFiles\asw/swc_clock_input.c **** 	static uint32_t timer_1s = 0;
  48:SourceFiles\asw/swc_clock_input.c ****     
  49:SourceFiles\asw/swc_clock_input.c ****     if(TRUE == button_2_Read())
  39              		.loc 1 49 0
  40 0002 FFF7FEFF 		bl	button_2_Read
  41              	.LVL1:
  42 0006 0128     		cmp	r0, #1
  43 0008 04D1     		bne	.L2
  50:SourceFiles\asw/swc_clock_input.c ****     {
  51:SourceFiles\asw/swc_clock_input.c ****         timer_1s =  timer_1s + 50;
  44              		.loc 1 51 0
  45 000a 1E4A     		ldr	r2, .L12
  46 000c 1368     		ldr	r3, [r2]
  47 000e 3233     		adds	r3, r3, #50
  48 0010 1360     		str	r3, [r2]
  49 0012 02E0     		b	.L3
  50              	.L2:
  52:SourceFiles\asw/swc_clock_input.c ****     }
  53:SourceFiles\asw/swc_clock_input.c ****     else
  54:SourceFiles\asw/swc_clock_input.c ****     {
  55:SourceFiles\asw/swc_clock_input.c ****         timer_1s =  0;
  51              		.loc 1 55 0
  52 0014 0022     		movs	r2, #0
  53 0016 1B4B     		ldr	r3, .L12
  54 0018 1A60     		str	r2, [r3]
  55              	.L3:
  56:SourceFiles\asw/swc_clock_input.c ****     }
  57:SourceFiles\asw/swc_clock_input.c ****     
  58:SourceFiles\asw/swc_clock_input.c **** 	// If right key was pressed for longer than 1 second then set the event associated with long key p
  59:SourceFiles\asw/swc_clock_input.c ****     if(timer_1s == 1000)
ARM GAS  C:\Users\JASON\AppData\Local\Temp\cchWPZzk.s 			page 3


  56              		.loc 1 59 0
  57 001a 1A4B     		ldr	r3, .L12
  58 001c 1B68     		ldr	r3, [r3]
  59 001e B3F57A7F 		cmp	r3, #1000
  60 0022 2ED1     		bne	.L1
  61              	.LBB6:
  60:SourceFiles\asw/swc_clock_input.c ****     {
  61:SourceFiles\asw/swc_clock_input.c ****         timer_1s = 0;
  62              		.loc 1 61 0
  63 0024 0022     		movs	r2, #0
  64 0026 174B     		ldr	r3, .L12
  65 0028 1A60     		str	r2, [r3]
  66              	.LVL2:
  67              	.LBB7:
  68              	.LBB8:
  69              		.file 2 ".\\SourceFiles\\rte/sc_event.h"
   1:.\SourceFiles\rte/sc_event.h **** 
   2:.\SourceFiles\rte/sc_event.h **** 
   3:.\SourceFiles\rte/sc_event.h **** /**
   4:.\SourceFiles\rte/sc_event.h **** *  file    SC_EVENT_signal.h
   5:.\SourceFiles\rte/sc_event.h **** *
   6:.\SourceFiles\rte/sc_event.h **** *  brief   signal base class for signal sc_event
   7:.\SourceFiles\rte/sc_event.h **** *
   8:.\SourceFiles\rte/sc_event.h **** *  author  Autogenerated, Peter Fromm       <peter.fromm@h-da.de>
   9:.\SourceFiles\rte/sc_event.h **** *
  10:.\SourceFiles\rte/sc_event.h **** *
  11:.\SourceFiles\rte/sc_event.h **** */
  12:.\SourceFiles\rte/sc_event.h **** 
  13:.\SourceFiles\rte/sc_event.h **** /*
  14:.\SourceFiles\rte/sc_event.h **** * description: Signalclass of the Events.
  15:.\SourceFiles\rte/sc_event.h **** * name: sc_EVENT
  16:.\SourceFiles\rte/sc_event.h **** * shortname: EVENT
  17:.\SourceFiles\rte/sc_event.h **** */
  18:.\SourceFiles\rte/sc_event.h **** 
  19:.\SourceFiles\rte/sc_event.h **** #ifndef SC_EVENT_SIGNAL_H_INCLUDED
  20:.\SourceFiles\rte/sc_event.h **** #define SC_EVENT_SIGNAL_H_INCLUDED
  21:.\SourceFiles\rte/sc_event.h **** 
  22:.\SourceFiles\rte/sc_event.h **** /*================================================[ public includes  ]=============================
  23:.\SourceFiles\rte/sc_event.h **** #include "global.h"
  24:.\SourceFiles\rte/sc_event.h **** #include "project.h"
  25:.\SourceFiles\rte/sc_event.h **** #include "rte.h"
  26:.\SourceFiles\rte/sc_event.h **** #include "rte_types.h"
  27:.\SourceFiles\rte/sc_event.h **** 
  28:.\SourceFiles\rte/sc_event.h **** #include "sc_event_type.h"
  29:.\SourceFiles\rte/sc_event.h **** 
  30:.\SourceFiles\rte/sc_event.h **** 
  31:.\SourceFiles\rte/sc_event.h **** /**************************************************************************************************
  32:.\SourceFiles\rte/sc_event.h **** /* The driver API block																						*/
  33:.\SourceFiles\rte/sc_event.h **** /**************************************************************************************************
  34:.\SourceFiles\rte/sc_event.h ****                                                                                                    
  35:.\SourceFiles\rte/sc_event.h **** /**
  36:.\SourceFiles\rte/sc_event.h ****  *  Definition of function types for driver interfaces.
  37:.\SourceFiles\rte/sc_event.h ****  *  I-Port
  38:.\SourceFiles\rte/sc_event.h ****  */
  39:.\SourceFiles\rte/sc_event.h **** typedef RC_t (*SC_EVENT_driverIn_t)(SC_EVENT_data_t * const);
  40:.\SourceFiles\rte/sc_event.h **** 
  41:.\SourceFiles\rte/sc_event.h **** /**
ARM GAS  C:\Users\JASON\AppData\Local\Temp\cchWPZzk.s 			page 4


  42:.\SourceFiles\rte/sc_event.h ****  *  Definition of function types for driver interfaces.
  43:.\SourceFiles\rte/sc_event.h ****  *  O-Port
  44:.\SourceFiles\rte/sc_event.h ****  */
  45:.\SourceFiles\rte/sc_event.h **** typedef RC_t (*SC_EVENT_driverOut_t)( const SC_EVENT_data_t * const);
  46:.\SourceFiles\rte/sc_event.h **** 
  47:.\SourceFiles\rte/sc_event.h **** 
  48:.\SourceFiles\rte/sc_event.h **** /**************************************************************************************************
  49:.\SourceFiles\rte/sc_event.h **** /* The signal configuration API block																				*/
  50:.\SourceFiles\rte/sc_event.h **** /**************************************************************************************************
  51:.\SourceFiles\rte/sc_event.h **** 
  52:.\SourceFiles\rte/sc_event.h **** /**
  53:.\SourceFiles\rte/sc_event.h ****  * Instances of the struct SC_EVENT_cfg_t represent the signal object configuration.
  54:.\SourceFiles\rte/sc_event.h ****  */
  55:.\SourceFiles\rte/sc_event.h **** struct SC_EVENT_cfg_s
  56:.\SourceFiles\rte/sc_event.h **** {
  57:.\SourceFiles\rte/sc_event.h ****     /**
  58:.\SourceFiles\rte/sc_event.h ****      * Function pointer to the input driver
  59:.\SourceFiles\rte/sc_event.h ****      */
  60:.\SourceFiles\rte/sc_event.h ****     SC_EVENT_driverIn_t const inDriver;
  61:.\SourceFiles\rte/sc_event.h **** 
  62:.\SourceFiles\rte/sc_event.h ****     /**
  63:.\SourceFiles\rte/sc_event.h ****      * Function pointer to the output driver table
  64:.\SourceFiles\rte/sc_event.h ****      */
  65:.\SourceFiles\rte/sc_event.h ****    SC_EVENT_driverOut_t const outDriver;
  66:.\SourceFiles\rte/sc_event.h ****    
  67:.\SourceFiles\rte/sc_event.h ****     /**
  68:.\SourceFiles\rte/sc_event.h ****      * Event onUpdate
  69:.\SourceFiles\rte/sc_event.h ****      */
  70:.\SourceFiles\rte/sc_event.h ****     EventMaskType const evOnUpdate;
  71:.\SourceFiles\rte/sc_event.h ****     
  72:.\SourceFiles\rte/sc_event.h ****     
  73:.\SourceFiles\rte/sc_event.h ****     /**
  74:.\SourceFiles\rte/sc_event.h ****      * Event onError
  75:.\SourceFiles\rte/sc_event.h ****      */
  76:.\SourceFiles\rte/sc_event.h ****     EventMaskType const evOnError;
  77:.\SourceFiles\rte/sc_event.h ****     
  78:.\SourceFiles\rte/sc_event.h ****     /**
  79:.\SourceFiles\rte/sc_event.h ****      * Task Count onUpdate
  80:.\SourceFiles\rte/sc_event.h ****      */
  81:.\SourceFiles\rte/sc_event.h ****     size_t const onUpdateTaskCount;
  82:.\SourceFiles\rte/sc_event.h **** 
  83:.\SourceFiles\rte/sc_event.h ****     /**
  84:.\SourceFiles\rte/sc_event.h ****      * Task List onUpdate
  85:.\SourceFiles\rte/sc_event.h ****      */
  86:.\SourceFiles\rte/sc_event.h ****     TaskTypeArray* const onUpdateTasks;
  87:.\SourceFiles\rte/sc_event.h ****     
  88:.\SourceFiles\rte/sc_event.h ****     /**
  89:.\SourceFiles\rte/sc_event.h ****      * Task Count onError
  90:.\SourceFiles\rte/sc_event.h ****      */
  91:.\SourceFiles\rte/sc_event.h ****     size_t const onErrorTaskCount;
  92:.\SourceFiles\rte/sc_event.h **** 
  93:.\SourceFiles\rte/sc_event.h ****     /**
  94:.\SourceFiles\rte/sc_event.h ****      * Task List onError
  95:.\SourceFiles\rte/sc_event.h ****      */
  96:.\SourceFiles\rte/sc_event.h ****     TaskTypeArray* const onErrorTasks;
  97:.\SourceFiles\rte/sc_event.h **** 	
  98:.\SourceFiles\rte/sc_event.h **** 	
ARM GAS  C:\Users\JASON\AppData\Local\Temp\cchWPZzk.s 			page 5


  99:.\SourceFiles\rte/sc_event.h **** 	/**
 100:.\SourceFiles\rte/sc_event.h **** 	 * Ressourse is active? We need an additional boolean as a ressource value 0 is valid.
 101:.\SourceFiles\rte/sc_event.h **** 	 */
 102:.\SourceFiles\rte/sc_event.h **** 	 boolean_t const resourceActive;
 103:.\SourceFiles\rte/sc_event.h **** 	 
 104:.\SourceFiles\rte/sc_event.h **** 	/**
 105:.\SourceFiles\rte/sc_event.h **** 	 * Ressourse 
 106:.\SourceFiles\rte/sc_event.h **** 	 */
 107:.\SourceFiles\rte/sc_event.h **** 	 ResourceType const resource;
 108:.\SourceFiles\rte/sc_event.h **** 
 109:.\SourceFiles\rte/sc_event.h **** };                                                                                                 
 110:.\SourceFiles\rte/sc_event.h **** typedef const struct SC_EVENT_cfg_s SC_EVENT_cfg_t;
 111:.\SourceFiles\rte/sc_event.h ****                               
 112:.\SourceFiles\rte/sc_event.h **** /**************************************************************************************************
 113:.\SourceFiles\rte/sc_event.h **** /* The data interface block																							*/
 114:.\SourceFiles\rte/sc_event.h **** /**************************************************************************************************
 115:.\SourceFiles\rte/sc_event.h **** 
 116:.\SourceFiles\rte/sc_event.h ****                                                                                                    
 117:.\SourceFiles\rte/sc_event.h **** 							  
 118:.\SourceFiles\rte/sc_event.h **** /**
 119:.\SourceFiles\rte/sc_event.h ****  * Instances of the struct SC_EVENT_t represent the signal objects.
 120:.\SourceFiles\rte/sc_event.h ****  * A signal object contains the current application value 'value' as well as relevant meta data.
 121:.\SourceFiles\rte/sc_event.h ****  */
 122:.\SourceFiles\rte/sc_event.h **** struct SC_EVENT_s
 123:.\SourceFiles\rte/sc_event.h **** {                                                                                                  
 124:.\SourceFiles\rte/sc_event.h **** 
 125:.\SourceFiles\rte/sc_event.h **** 	/**
 126:.\SourceFiles\rte/sc_event.h **** 	 * Data buffer for the application value
 127:.\SourceFiles\rte/sc_event.h **** 	 */
 128:.\SourceFiles\rte/sc_event.h ****     SC_EVENT_data_t value;
 129:.\SourceFiles\rte/sc_event.h **** 
 130:.\SourceFiles\rte/sc_event.h ****     /**
 131:.\SourceFiles\rte/sc_event.h ****      * Current signal status
 132:.\SourceFiles\rte/sc_event.h ****      */
 133:.\SourceFiles\rte/sc_event.h ****     RTE_signalStatus_t status;
 134:.\SourceFiles\rte/sc_event.h **** 
 135:.\SourceFiles\rte/sc_event.h ****     /**
 136:.\SourceFiles\rte/sc_event.h ****      * Current age of the signal (in calling cycles)
 137:.\SourceFiles\rte/sc_event.h ****      */
 138:.\SourceFiles\rte/sc_event.h ****     uint32_t age;
 139:.\SourceFiles\rte/sc_event.h **** 
 140:.\SourceFiles\rte/sc_event.h ****     /**
 141:.\SourceFiles\rte/sc_event.h ****      * Pointer to the signal configuration
 142:.\SourceFiles\rte/sc_event.h ****      */
 143:.\SourceFiles\rte/sc_event.h **** 	const SC_EVENT_cfg_t * const    pSigCfg;
 144:.\SourceFiles\rte/sc_event.h **** 
 145:.\SourceFiles\rte/sc_event.h **** };                                                                                                 
 146:.\SourceFiles\rte/sc_event.h **** typedef struct SC_EVENT_s SC_EVENT_t;
 147:.\SourceFiles\rte/sc_event.h **** 
 148:.\SourceFiles\rte/sc_event.h **** /**************************************************************************************************
 149:.\SourceFiles\rte/sc_event.h **** /* Signal initialisation   																							*/
 150:.\SourceFiles\rte/sc_event.h **** /**************************************************************************************************
 151:.\SourceFiles\rte/sc_event.h **** 
 152:.\SourceFiles\rte/sc_event.h **** /**
 153:.\SourceFiles\rte/sc_event.h ****  * Initializes a signal instance with a passed init value.
 154:.\SourceFiles\rte/sc_event.h ****  * Depending on the configured conversion or scaling function the raw_value will be calculated.
 155:.\SourceFiles\rte/sc_event.h ****  * Signal status will change from RTE_SIGNALSTATUS_STARTUP to RTE_SIGNALSTATUS_INITIALIZED.
ARM GAS  C:\Users\JASON\AppData\Local\Temp\cchWPZzk.s 			page 6


 156:.\SourceFiles\rte/sc_event.h ****  *
 157:.\SourceFiles\rte/sc_event.h ****  * @param  SC_EVENT_t * const signal: Pointer to the signal object which will be initialised
 158:.\SourceFiles\rte/sc_event.h ****  * @param const sc_event_data_t * const value: Pointer to initial value of the application data
 159:.\SourceFiles\rte/sc_event.h ****  * @return RC_t: standard return code, currently only RC_SUCCESS
 160:.\SourceFiles\rte/sc_event.h ****  *
 161:.\SourceFiles\rte/sc_event.h ****  **/
 162:.\SourceFiles\rte/sc_event.h **** inline RC_t RTE_SC_EVENT_init( SC_EVENT_t * const signal, const SC_EVENT_data_t * const value )
 163:.\SourceFiles\rte/sc_event.h **** {                                                                                                  
 164:.\SourceFiles\rte/sc_event.h **** 
 165:.\SourceFiles\rte/sc_event.h ****    RC_t ret = RC_SUCCESS;
 166:.\SourceFiles\rte/sc_event.h **** 
 167:.\SourceFiles\rte/sc_event.h ****    //Set value and raw value
 168:.\SourceFiles\rte/sc_event.h ****    signal->value  = *value;
 169:.\SourceFiles\rte/sc_event.h ****    signal->age    = 0;
 170:.\SourceFiles\rte/sc_event.h ****    signal->status = RTE_SIGNALSTATUS_INITIALIZED;
 171:.\SourceFiles\rte/sc_event.h **** 
 172:.\SourceFiles\rte/sc_event.h ****    return ret;
 173:.\SourceFiles\rte/sc_event.h **** }
 174:.\SourceFiles\rte/sc_event.h **** 
 175:.\SourceFiles\rte/sc_event.h **** /**************************************************************************************************
 176:.\SourceFiles\rte/sc_event.h **** /* Status and timeout control																						*/
 177:.\SourceFiles\rte/sc_event.h **** /**************************************************************************************************
 178:.\SourceFiles\rte/sc_event.h **** 
 179:.\SourceFiles\rte/sc_event.h **** /**
 180:.\SourceFiles\rte/sc_event.h ****  *  Returns the current signal status of the passed signal instance.
 181:.\SourceFiles\rte/sc_event.h ****  *
 182:.\SourceFiles\rte/sc_event.h ****  * @param  SC_EVENT_t * const signal: Pointer to the signal object
 183:.\SourceFiles\rte/sc_event.h ****  * @return  sig_status_t: The current signal status
 184:.\SourceFiles\rte/sc_event.h ****  *
 185:.\SourceFiles\rte/sc_event.h ****  **/
 186:.\SourceFiles\rte/sc_event.h **** inline RTE_signalStatus_t RTE_SC_EVENT_getStatus( const SC_EVENT_t * const signal )
 187:.\SourceFiles\rte/sc_event.h **** {
 188:.\SourceFiles\rte/sc_event.h ****    return signal->status;
 189:.\SourceFiles\rte/sc_event.h **** }
 190:.\SourceFiles\rte/sc_event.h **** 
 191:.\SourceFiles\rte/sc_event.h **** 
 192:.\SourceFiles\rte/sc_event.h **** /**
 193:.\SourceFiles\rte/sc_event.h ****  *  Sets a new signal status of the passed signal instance by passing the new status.
 194:.\SourceFiles\rte/sc_event.h ****  *
 195:.\SourceFiles\rte/sc_event.h ****  * @param  SC_EVENT_t * const signal: Pointer to the signal object
 196:.\SourceFiles\rte/sc_event.h ****  * @param  const sig_status_t status: New signal status
 197:.\SourceFiles\rte/sc_event.h ****  * @return RC_t: standard return code, currently only RC_SUCCESS
 198:.\SourceFiles\rte/sc_event.h ****  *
 199:.\SourceFiles\rte/sc_event.h ****  */
 200:.\SourceFiles\rte/sc_event.h **** inline RC_t RTE_SC_EVENT_setStatus( SC_EVENT_t * const signal, const RTE_signalStatus_t status )
 201:.\SourceFiles\rte/sc_event.h **** {
 202:.\SourceFiles\rte/sc_event.h ****    signal->status = status;
 203:.\SourceFiles\rte/sc_event.h ****    size_t taskNum=0;
 204:.\SourceFiles\rte/sc_event.h ****    
 205:.\SourceFiles\rte/sc_event.h ****    //Fire error events in case of invalid state
 206:.\SourceFiles\rte/sc_event.h ****    if (signal->status == RTE_SIGNALSTATUS_INVALID)
 207:.\SourceFiles\rte/sc_event.h ****    {
 208:.\SourceFiles\rte/sc_event.h **** 	    //Pointer to the Taskarray, containing the tasks receiving the onUpdate events
 209:.\SourceFiles\rte/sc_event.h **** 		TaskTypeArray* pTaskArray = signal->pSigCfg->onErrorTasks;
 210:.\SourceFiles\rte/sc_event.h **** 
 211:.\SourceFiles\rte/sc_event.h **** 		if (NULL!=signal->pSigCfg->evOnError && NULL != pTaskArray){
 212:.\SourceFiles\rte/sc_event.h **** 			for( taskNum=0 ; taskNum < signal->pSigCfg->onErrorTaskCount ;taskNum++){
ARM GAS  C:\Users\JASON\AppData\Local\Temp\cchWPZzk.s 			page 7


 213:.\SourceFiles\rte/sc_event.h **** 				TaskType task = (*pTaskArray)[taskNum];
 214:.\SourceFiles\rte/sc_event.h **** 				SetEvent( task, signal->pSigCfg->evOnError);
 215:.\SourceFiles\rte/sc_event.h **** 			}
 216:.\SourceFiles\rte/sc_event.h **** 		}
 217:.\SourceFiles\rte/sc_event.h ****    }
 218:.\SourceFiles\rte/sc_event.h ****    
 219:.\SourceFiles\rte/sc_event.h ****    return RC_SUCCESS;
 220:.\SourceFiles\rte/sc_event.h **** }
 221:.\SourceFiles\rte/sc_event.h **** 
 222:.\SourceFiles\rte/sc_event.h **** 
 223:.\SourceFiles\rte/sc_event.h **** /**
 224:.\SourceFiles\rte/sc_event.h ****  * Returns the count of refreshing trials (refresh, set or set_raw) that failed.
 225:.\SourceFiles\rte/sc_event.h ****  * Prerquisite: The signal is refreshed cyclically
 226:.\SourceFiles\rte/sc_event.h ****  *
 227:.\SourceFiles\rte/sc_event.h ****  * @param  SC_EVENT_t * const signal: Pointer to the signal object
 228:.\SourceFiles\rte/sc_event.h ****  * @return uint32_t: Number of cycles since the signal has been updated for the last time
 229:.\SourceFiles\rte/sc_event.h ****  */
 230:.\SourceFiles\rte/sc_event.h **** inline uint32_t RTE_SC_EVENT_getAge( const SC_EVENT_t * const signal )
 231:.\SourceFiles\rte/sc_event.h **** {
 232:.\SourceFiles\rte/sc_event.h ****    return signal->age;
 233:.\SourceFiles\rte/sc_event.h **** }
 234:.\SourceFiles\rte/sc_event.h **** 
 235:.\SourceFiles\rte/sc_event.h **** /**
 236:.\SourceFiles\rte/sc_event.h ****  * Should be called by application or driver if no new value can be provided.
 237:.\SourceFiles\rte/sc_event.h ****  * @param  SC_EVENT_t * const signal: Pointer to the signal object
 238:.\SourceFiles\rte/sc_event.h ****  * @param uint32_t increment: incrementvalue, typically in [ms]
 239:.\SourceFiles\rte/sc_event.h ****  * @return void
 240:.\SourceFiles\rte/sc_event.h ****  */
 241:.\SourceFiles\rte/sc_event.h **** inline void RTE_SC_EVENT_incAge(  SC_EVENT_t * const signal , uint32_t increment)
 242:.\SourceFiles\rte/sc_event.h **** {
 243:.\SourceFiles\rte/sc_event.h **** 	   //Hack....
 244:.\SourceFiles\rte/sc_event.h **** 	   if ( 0xFFFF0000 > (signal->age + increment) )
 245:.\SourceFiles\rte/sc_event.h **** 	   {
 246:.\SourceFiles\rte/sc_event.h **** 	      signal->age += increment;
 247:.\SourceFiles\rte/sc_event.h **** 	   }
 248:.\SourceFiles\rte/sc_event.h **** }
 249:.\SourceFiles\rte/sc_event.h **** 
 250:.\SourceFiles\rte/sc_event.h **** 
 251:.\SourceFiles\rte/sc_event.h **** /**************************************************************************************************
 252:.\SourceFiles\rte/sc_event.h **** /* Application Data read/write Interface																			*/
 253:.\SourceFiles\rte/sc_event.h **** /**************************************************************************************************
 254:.\SourceFiles\rte/sc_event.h **** 
 255:.\SourceFiles\rte/sc_event.h **** /**
 256:.\SourceFiles\rte/sc_event.h ****  * Returns the current application value of the passed signal instance.
 257:.\SourceFiles\rte/sc_event.h ****  *
 258:.\SourceFiles\rte/sc_event.h ****  * @param  SC_EVENT_t * const signal: Pointer to the signal object
 259:.\SourceFiles\rte/sc_event.h ****  * @return sc_event_data_t: current value of the application data buffer
 260:.\SourceFiles\rte/sc_event.h ****  *
 261:.\SourceFiles\rte/sc_event.h ****  **/
 262:.\SourceFiles\rte/sc_event.h **** inline SC_EVENT_data_t RTE_SC_EVENT_get( const SC_EVENT_t * const signal )
 263:.\SourceFiles\rte/sc_event.h **** {               
 264:.\SourceFiles\rte/sc_event.h ****    //Todo: Critical region cannot be protected using return values																						
 265:.\SourceFiles\rte/sc_event.h ****    return signal->value;                                                                           
 266:.\SourceFiles\rte/sc_event.h **** }                                                                                                  
 267:.\SourceFiles\rte/sc_event.h ****                                                                                                    
 268:.\SourceFiles\rte/sc_event.h **** /**
 269:.\SourceFiles\rte/sc_event.h ****  * Returns the current application value of the passed signal instance threadsafe.
ARM GAS  C:\Users\JASON\AppData\Local\Temp\cchWPZzk.s 			page 8


 270:.\SourceFiles\rte/sc_event.h ****  *
 271:.\SourceFiles\rte/sc_event.h ****  * @param  SC_EVENT_t * const signal: Pointer to the signal object
 272:.\SourceFiles\rte/sc_event.h ****  * @param  SC_EVENT_data_t* data: Pointer to the return data Pointer to the signal object
 273:.\SourceFiles\rte/sc_event.h ****  * @return RC_SUCCESS
 274:.\SourceFiles\rte/sc_event.h ****  *
 275:.\SourceFiles\rte/sc_event.h ****  **/
 276:.\SourceFiles\rte/sc_event.h **** inline RC_t RTE_SC_EVENT_getThreadSafe( const SC_EVENT_t * const signal, SC_EVENT_data_t * const da
 277:.\SourceFiles\rte/sc_event.h **** {    
 278:.\SourceFiles\rte/sc_event.h ****    if (TRUE == signal->pSigCfg->resourceActive) GetResource(signal->pSigCfg->resource);
 279:.\SourceFiles\rte/sc_event.h ****    *data = signal->value;
 280:.\SourceFiles\rte/sc_event.h ****    if (TRUE == signal->pSigCfg->resourceActive) ReleaseResource(signal->pSigCfg->resource);        
 281:.\SourceFiles\rte/sc_event.h **** 
 282:.\SourceFiles\rte/sc_event.h ****    return RC_SUCCESS;                                                                   
 283:.\SourceFiles\rte/sc_event.h ****    
 284:.\SourceFiles\rte/sc_event.h **** }                                                                                                  
 285:.\SourceFiles\rte/sc_event.h ****                                                                                                    
 286:.\SourceFiles\rte/sc_event.h **** /**
 287:.\SourceFiles\rte/sc_event.h ****  * Sets a new application value to the passed signal instance by passing the new value.
 288:.\SourceFiles\rte/sc_event.h ****  * The corresponding driver raw value will be calculated immediately by using the default conversio
 289:.\SourceFiles\rte/sc_event.h ****  * signal specific scaling function.
 290:.\SourceFiles\rte/sc_event.h ****  * The signal age will be set to 0 and the new status will be 'RTE_SIGNALSTATUS_VALID'.
 291:.\SourceFiles\rte/sc_event.h ****  *
 292:.\SourceFiles\rte/sc_event.h ****  * @param  SC_EVENT_t * const signal: Pointer to the signal object
 293:.\SourceFiles\rte/sc_event.h ****  * @param  sc_event_data_t const value: value for the application data buffer
 294:.\SourceFiles\rte/sc_event.h ****  * @return RC_t: standard return code, currently only RC_SUCCESS
 295:.\SourceFiles\rte/sc_event.h ****  *
 296:.\SourceFiles\rte/sc_event.h ****  **/
 297:.\SourceFiles\rte/sc_event.h **** inline RC_t RTE_SC_EVENT_set(SC_EVENT_t * const signal, const SC_EVENT_data_t value  )
 298:.\SourceFiles\rte/sc_event.h **** {
 299:.\SourceFiles\rte/sc_event.h **** 
 300:.\SourceFiles\rte/sc_event.h ****    RC_t ret = RC_SUCCESS;
 301:.\SourceFiles\rte/sc_event.h ****    size_t taskNum=0;
 302:.\SourceFiles\rte/sc_event.h **** 
 303:.\SourceFiles\rte/sc_event.h **** 
 304:.\SourceFiles\rte/sc_event.h ****    if (TRUE == signal->pSigCfg->resourceActive) GetResource(signal->pSigCfg->resource);
  70              		.loc 2 304 0
  71 002a 174B     		ldr	r3, .L12+4
  72 002c 9B68     		ldr	r3, [r3, #8]
  73 002e 93F82020 		ldrb	r2, [r3, #32]	@ zero_extendqisi2
  74 0032 012A     		cmp	r2, #1
  75 0034 02D1     		bne	.L5
  76 0036 586A     		ldr	r0, [r3, #36]
  77 0038 FFF7FEFF 		bl	EE_oo_GetResource
  78              	.LVL3:
  79              	.L5:
 305:.\SourceFiles\rte/sc_event.h ****    signal->value  = value;
  80              		.loc 2 305 0
  81 003c 124B     		ldr	r3, .L12+4
  82 003e 0322     		movs	r2, #3
  83 0040 1A70     		strb	r2, [r3]
 306:.\SourceFiles\rte/sc_event.h ****    signal->age    = 0;
  84              		.loc 2 306 0
  85 0042 0022     		movs	r2, #0
  86 0044 5A60     		str	r2, [r3, #4]
 307:.\SourceFiles\rte/sc_event.h ****    signal->status = RTE_SIGNALSTATUS_VALID;
  87              		.loc 2 307 0
  88 0046 0222     		movs	r2, #2
ARM GAS  C:\Users\JASON\AppData\Local\Temp\cchWPZzk.s 			page 9


  89 0048 5A70     		strb	r2, [r3, #1]
 308:.\SourceFiles\rte/sc_event.h ****    if (TRUE == signal->pSigCfg->resourceActive) ReleaseResource(signal->pSigCfg->resource);
  90              		.loc 2 308 0
  91 004a 9B68     		ldr	r3, [r3, #8]
  92 004c 93F82020 		ldrb	r2, [r3, #32]	@ zero_extendqisi2
  93 0050 012A     		cmp	r2, #1
  94 0052 02D1     		bne	.L6
  95 0054 586A     		ldr	r0, [r3, #36]
  96 0056 FFF7FEFF 		bl	EE_oo_ReleaseResource
  97              	.LVL4:
  98              	.L6:
 309:.\SourceFiles\rte/sc_event.h **** 
 310:.\SourceFiles\rte/sc_event.h ****    //Pointer to the Taskarray, containing the tasks receiving the onUpdate events
 311:.\SourceFiles\rte/sc_event.h ****    TaskTypeArray* pTaskArray = signal->pSigCfg->onUpdateTasks;
  99              		.loc 2 311 0
 100 005a 0B4B     		ldr	r3, .L12+4
 101 005c 9B68     		ldr	r3, [r3, #8]
 102 005e 5D69     		ldr	r5, [r3, #20]
 103              	.LVL5:
 312:.\SourceFiles\rte/sc_event.h **** 
 313:.\SourceFiles\rte/sc_event.h ****    if (NULL!=signal->pSigCfg->evOnUpdate && NULL != pTaskArray){
 104              		.loc 2 313 0
 105 0060 9B68     		ldr	r3, [r3, #8]
 106 0062 73B1     		cbz	r3, .L1
 107 0064 3DB9     		cbnz	r5, .L10
 108 0066 38BD     		pop	{r3, r4, r5, pc}
 109              	.LVL6:
 110              	.L9:
 111              	.LBB9:
 314:.\SourceFiles\rte/sc_event.h ****       for( taskNum=0 ; taskNum < signal->pSigCfg->onUpdateTaskCount ;taskNum++){
 315:.\SourceFiles\rte/sc_event.h **** 		  
 316:.\SourceFiles\rte/sc_event.h ****           TaskType task = (*pTaskArray)[taskNum];
 317:.\SourceFiles\rte/sc_event.h **** 	      SetEvent( task, signal->pSigCfg->evOnUpdate);
 112              		.loc 2 317 0
 113 0068 9968     		ldr	r1, [r3, #8]
 114 006a 55F82400 		ldr	r0, [r5, r4, lsl #2]
 115 006e FFF7FEFF 		bl	EE_oo_SetEvent
 116              	.LVL7:
 117              	.LBE9:
 314:.\SourceFiles\rte/sc_event.h ****       for( taskNum=0 ; taskNum < signal->pSigCfg->onUpdateTaskCount ;taskNum++){
 118              		.loc 2 314 0
 119 0072 0134     		adds	r4, r4, #1
 120              	.LVL8:
 121 0074 00E0     		b	.L8
 122              	.LVL9:
 123              	.L10:
 313:.\SourceFiles\rte/sc_event.h ****       for( taskNum=0 ; taskNum < signal->pSigCfg->onUpdateTaskCount ;taskNum++){
 124              		.loc 2 313 0
 125 0076 0024     		movs	r4, #0
 126              	.LVL10:
 127              	.L8:
 314:.\SourceFiles\rte/sc_event.h ****       for( taskNum=0 ; taskNum < signal->pSigCfg->onUpdateTaskCount ;taskNum++){
 128              		.loc 2 314 0
 129 0078 034B     		ldr	r3, .L12+4
 130 007a 9B68     		ldr	r3, [r3, #8]
 131 007c 1A69     		ldr	r2, [r3, #16]
 132 007e 9442     		cmp	r4, r2
ARM GAS  C:\Users\JASON\AppData\Local\Temp\cchWPZzk.s 			page 10


 133 0080 F2D3     		bcc	.L9
 134              	.LVL11:
 135              	.L1:
 136 0082 38BD     		pop	{r3, r4, r5, pc}
 137              	.L13:
 138              		.align	2
 139              	.L12:
 140 0084 00000000 		.word	.LANCHOR0
 141 0088 00000000 		.word	SO_EVENT_signal
 142              	.LBE8:
 143              	.LBE7:
 144              	.LBE6:
 145              		.cfi_endproc
 146              	.LFE131:
 147              		.size	CLOCK_INPUT__run, .-CLOCK_INPUT__run
 148              		.bss
 149              		.align	2
 150              		.set	.LANCHOR0,. + 0
 151              		.type	timer_1s.7654, %object
 152              		.size	timer_1s.7654, 4
 153              	timer_1s.7654:
 154 0000 00000000 		.space	4
 155              		.text
 156              	.Letext0:
 157              		.file 3 "c:\\program files (x86)\\cypress\\psoc creator\\4.4\\psoc creator\\import\\gnu\\arm\\5.4.
 158              		.file 4 "c:\\program files (x86)\\cypress\\psoc creator\\4.4\\psoc creator\\import\\gnu\\arm\\5.4.
 159              		.file 5 "c:\\program files (x86)\\cypress\\psoc creator\\4.4\\psoc creator\\import\\gnu\\arm\\5.4.
 160              		.file 6 "Generated_Source\\PSoC5/ErikaOS_common_ee_types.inc"
 161              		.file 7 "Generated_Source\\PSoC5/ErikaOS_cortex_mx_ee_cpu.inc"
 162              		.file 8 "Generated_Source\\PSoC5/ErikaOS_ee_oo_common.inc"
 163              		.file 9 ".\\SourceFiles\\bsw/global.h"
 164              		.file 10 ".\\SourceFiles\\rte/rte_types.h"
 165              		.file 11 ".\\SourceFiles\\rte/rte.h"
 166              		.file 12 ".\\SourceFiles\\asw/clock_statemachine_cfg.h"
 167              		.file 13 ".\\SourceFiles\\rte/sc_event_type.h"
 168              		.file 14 "Generated_Source\\PSoC5/ErikaOS_ee_oo_intfunc.inc"
 169              		.file 15 "Generated_Source\\PSoC5/ErikaOS_cortex_mx_ee_context.inc"
 170              		.file 16 "Generated_Source\\PSoC5/ErikaOS_common_ee_primitives.inc"
 171              		.file 17 "Generated_Source\\PSoC5/core_cm3.h"
 172              		.file 18 ".\\SourceFiles\\rte/sp_common.h"
 173              		.file 19 "Generated_Source\\PSoC5/ErikaOS_ee_oo_kernel.inc"
 174              		.file 20 "Generated_Source\\PSoC5/button_2.h"
 175              		.section	.debug_info,"",%progbits
 176              	.Ldebug_info0:
 177 0000 AC050000 		.4byte	0x5ac
 178 0004 0400     		.2byte	0x4
 179 0006 00000000 		.4byte	.Ldebug_abbrev0
 180 000a 04       		.byte	0x4
 181 000b 01       		.uleb128 0x1
 182 000c 24060000 		.4byte	.LASF107
 183 0010 0C       		.byte	0xc
 184 0011 8D030000 		.4byte	.LASF108
 185 0015 C3010000 		.4byte	.LASF109
 186 0019 00000000 		.4byte	.Ldebug_ranges0+0
 187 001d 00000000 		.4byte	0
 188 0021 00000000 		.4byte	.Ldebug_line0
 189 0025 02       		.uleb128 0x2
ARM GAS  C:\Users\JASON\AppData\Local\Temp\cchWPZzk.s 			page 11


 190 0026 01       		.byte	0x1
 191 0027 06       		.byte	0x6
 192 0028 6A030000 		.4byte	.LASF0
 193 002c 02       		.uleb128 0x2
 194 002d 01       		.byte	0x1
 195 002e 08       		.byte	0x8
 196 002f 2C030000 		.4byte	.LASF1
 197 0033 02       		.uleb128 0x2
 198 0034 02       		.byte	0x2
 199 0035 05       		.byte	0x5
 200 0036 6E000000 		.4byte	.LASF2
 201 003a 02       		.uleb128 0x2
 202 003b 02       		.byte	0x2
 203 003c 07       		.byte	0x7
 204 003d 97040000 		.4byte	.LASF3
 205 0041 03       		.uleb128 0x3
 206 0042 58050000 		.4byte	.LASF5
 207 0046 03       		.byte	0x3
 208 0047 3F       		.byte	0x3f
 209 0048 4C000000 		.4byte	0x4c
 210 004c 02       		.uleb128 0x2
 211 004d 04       		.byte	0x4
 212 004e 05       		.byte	0x5
 213 004f 78020000 		.4byte	.LASF4
 214 0053 03       		.uleb128 0x3
 215 0054 E2000000 		.4byte	.LASF6
 216 0058 03       		.byte	0x3
 217 0059 41       		.byte	0x41
 218 005a 5E000000 		.4byte	0x5e
 219 005e 02       		.uleb128 0x2
 220 005f 04       		.byte	0x4
 221 0060 07       		.byte	0x7
 222 0061 03050000 		.4byte	.LASF7
 223 0065 02       		.uleb128 0x2
 224 0066 08       		.byte	0x8
 225 0067 05       		.byte	0x5
 226 0068 D4000000 		.4byte	.LASF8
 227 006c 02       		.uleb128 0x2
 228 006d 08       		.byte	0x8
 229 006e 07       		.byte	0x7
 230 006f 76030000 		.4byte	.LASF9
 231 0073 04       		.uleb128 0x4
 232 0074 04       		.byte	0x4
 233 0075 05       		.byte	0x5
 234 0076 696E7400 		.ascii	"int\000"
 235 007a 02       		.uleb128 0x2
 236 007b 04       		.byte	0x4
 237 007c 07       		.byte	0x7
 238 007d B8030000 		.4byte	.LASF10
 239 0081 03       		.uleb128 0x3
 240 0082 8F040000 		.4byte	.LASF11
 241 0086 04       		.byte	0x4
 242 0087 2C       		.byte	0x2c
 243 0088 41000000 		.4byte	0x41
 244 008c 03       		.uleb128 0x3
 245 008d AF030000 		.4byte	.LASF12
 246 0091 04       		.byte	0x4
ARM GAS  C:\Users\JASON\AppData\Local\Temp\cchWPZzk.s 			page 12


 247 0092 30       		.byte	0x30
 248 0093 53000000 		.4byte	0x53
 249 0097 02       		.uleb128 0x2
 250 0098 04       		.byte	0x4
 251 0099 04       		.byte	0x4
 252 009a 90010000 		.4byte	.LASF13
 253 009e 02       		.uleb128 0x2
 254 009f 08       		.byte	0x8
 255 00a0 04       		.byte	0x4
 256 00a1 E9050000 		.4byte	.LASF14
 257 00a5 02       		.uleb128 0x2
 258 00a6 01       		.byte	0x1
 259 00a7 08       		.byte	0x8
 260 00a8 4D040000 		.4byte	.LASF15
 261 00ac 03       		.uleb128 0x3
 262 00ad 78000000 		.4byte	.LASF16
 263 00b1 05       		.byte	0x5
 264 00b2 D8       		.byte	0xd8
 265 00b3 7A000000 		.4byte	0x7a
 266 00b7 02       		.uleb128 0x2
 267 00b8 08       		.byte	0x8
 268 00b9 04       		.byte	0x4
 269 00ba 06030000 		.4byte	.LASF17
 270 00be 03       		.uleb128 0x3
 271 00bf 1A040000 		.4byte	.LASF18
 272 00c3 06       		.byte	0x6
 273 00c4 53       		.byte	0x53
 274 00c5 73000000 		.4byte	0x73
 275 00c9 03       		.uleb128 0x3
 276 00ca 60030000 		.4byte	.LASF19
 277 00ce 06       		.byte	0x6
 278 00cf 54       		.byte	0x54
 279 00d0 7A000000 		.4byte	0x7a
 280 00d4 03       		.uleb128 0x3
 281 00d5 2F000000 		.4byte	.LASF20
 282 00d9 07       		.byte	0x7
 283 00da 4D       		.byte	0x4d
 284 00db C9000000 		.4byte	0xc9
 285 00df 03       		.uleb128 0x3
 286 00e0 CC000000 		.4byte	.LASF21
 287 00e4 07       		.byte	0x7
 288 00e5 4F       		.byte	0x4f
 289 00e6 C9000000 		.4byte	0xc9
 290 00ea 03       		.uleb128 0x3
 291 00eb F3000000 		.4byte	.LASF22
 292 00ef 07       		.byte	0x7
 293 00f0 78       		.byte	0x78
 294 00f1 BE000000 		.4byte	0xbe
 295 00f5 05       		.uleb128 0x5
 296 00f6 23030000 		.4byte	.LASF23
 297 00fa 08       		.byte	0x8
 298 00fb F701     		.2byte	0x1f7
 299 00fd EA000000 		.4byte	0xea
 300 0101 05       		.uleb128 0x5
 301 0102 DC050000 		.4byte	.LASF24
 302 0106 08       		.byte	0x8
 303 0107 2102     		.2byte	0x221
ARM GAS  C:\Users\JASON\AppData\Local\Temp\cchWPZzk.s 			page 13


 304 0109 D4000000 		.4byte	0xd4
 305 010d 05       		.uleb128 0x5
 306 010e 4C000000 		.4byte	.LASF25
 307 0112 08       		.byte	0x8
 308 0113 2C02     		.2byte	0x22c
 309 0115 D4000000 		.4byte	0xd4
 310 0119 02       		.uleb128 0x2
 311 011a 04       		.byte	0x4
 312 011b 07       		.byte	0x7
 313 011c 94000000 		.4byte	.LASF26
 314 0120 03       		.uleb128 0x3
 315 0121 E9020000 		.4byte	.LASF27
 316 0125 09       		.byte	0x9
 317 0126 9C       		.byte	0x9c
 318 0127 2C000000 		.4byte	0x2c
 319 012b 06       		.uleb128 0x6
 320 012c 01       		.byte	0x1
 321 012d 25000000 		.4byte	0x25
 322 0131 09       		.byte	0x9
 323 0132 CF       		.byte	0xcf
 324 0133 D4010000 		.4byte	0x1d4
 325 0137 07       		.uleb128 0x7
 326 0138 37000000 		.4byte	.LASF28
 327 013c 00       		.byte	0
 328 013d 08       		.uleb128 0x8
 329 013e 12030000 		.4byte	.LASF29
 330 0142 7F       		.sleb128 -1
 331 0143 08       		.uleb128 0x8
 332 0144 F3030000 		.4byte	.LASF30
 333 0148 7E       		.sleb128 -2
 334 0149 08       		.uleb128 0x8
 335 014a 6A020000 		.4byte	.LASF31
 336 014e 7D       		.sleb128 -3
 337 014f 08       		.uleb128 0x8
 338 0150 B2060000 		.4byte	.LASF32
 339 0154 7C       		.sleb128 -4
 340 0155 08       		.uleb128 0x8
 341 0156 81010000 		.4byte	.LASF33
 342 015a 7B       		.sleb128 -5
 343 015b 08       		.uleb128 0x8
 344 015c 47050000 		.4byte	.LASF34
 345 0160 7A       		.sleb128 -6
 346 0161 08       		.uleb128 0x8
 347 0162 81020000 		.4byte	.LASF35
 348 0166 79       		.sleb128 -7
 349 0167 08       		.uleb128 0x8
 350 0168 09000000 		.4byte	.LASF36
 351 016c 78       		.sleb128 -8
 352 016d 08       		.uleb128 0x8
 353 016e E8060000 		.4byte	.LASF37
 354 0172 77       		.sleb128 -9
 355 0173 08       		.uleb128 0x8
 356 0174 93020000 		.4byte	.LASF38
 357 0178 76       		.sleb128 -10
 358 0179 08       		.uleb128 0x8
 359 017a 03070000 		.4byte	.LASF39
 360 017e 75       		.sleb128 -11
ARM GAS  C:\Users\JASON\AppData\Local\Temp\cchWPZzk.s 			page 14


 361 017f 08       		.uleb128 0x8
 362 0180 C5030000 		.4byte	.LASF40
 363 0184 74       		.sleb128 -12
 364 0185 08       		.uleb128 0x8
 365 0186 35050000 		.4byte	.LASF41
 366 018a 73       		.sleb128 -13
 367 018b 08       		.uleb128 0x8
 368 018c F3020000 		.4byte	.LASF42
 369 0190 72       		.sleb128 -14
 370 0191 08       		.uleb128 0x8
 371 0192 96010000 		.4byte	.LASF43
 372 0196 71       		.sleb128 -15
 373 0197 08       		.uleb128 0x8
 374 0198 BA020000 		.4byte	.LASF44
 375 019c 70       		.sleb128 -16
 376 019d 08       		.uleb128 0x8
 377 019e AA040000 		.4byte	.LASF45
 378 01a2 6F       		.sleb128 -17
 379 01a3 08       		.uleb128 0x8
 380 01a4 7F000000 		.4byte	.LASF46
 381 01a8 6E       		.sleb128 -18
 382 01a9 08       		.uleb128 0x8
 383 01aa 46020000 		.4byte	.LASF47
 384 01ae 6D       		.sleb128 -19
 385 01af 08       		.uleb128 0x8
 386 01b0 BE040000 		.4byte	.LASF48
 387 01b4 6C       		.sleb128 -20
 388 01b5 08       		.uleb128 0x8
 389 01b6 D7020000 		.4byte	.LASF49
 390 01ba 6B       		.sleb128 -21
 391 01bb 08       		.uleb128 0x8
 392 01bc CA050000 		.4byte	.LASF50
 393 01c0 6A       		.sleb128 -22
 394 01c1 08       		.uleb128 0x8
 395 01c2 D3030000 		.4byte	.LASF51
 396 01c6 69       		.sleb128 -23
 397 01c7 08       		.uleb128 0x8
 398 01c8 59020000 		.4byte	.LASF52
 399 01cc 68       		.sleb128 -24
 400 01cd 08       		.uleb128 0x8
 401 01ce AA010000 		.4byte	.LASF53
 402 01d2 67       		.sleb128 -25
 403 01d3 00       		.byte	0
 404 01d4 03       		.uleb128 0x3
 405 01d5 FE060000 		.4byte	.LASF54
 406 01d9 09       		.byte	0x9
 407 01da EA       		.byte	0xea
 408 01db 2B010000 		.4byte	0x12b
 409 01df 03       		.uleb128 0x3
 410 01e0 DA060000 		.4byte	.LASF55
 411 01e4 0A       		.byte	0xa
 412 01e5 19       		.byte	0x19
 413 01e6 EA010000 		.4byte	0x1ea
 414 01ea 09       		.uleb128 0x9
 415 01eb F5000000 		.4byte	0xf5
 416 01ef F5010000 		.4byte	0x1f5
 417 01f3 0A       		.uleb128 0xa
ARM GAS  C:\Users\JASON\AppData\Local\Temp\cchWPZzk.s 			page 15


 418 01f4 00       		.byte	0
 419 01f5 03       		.uleb128 0x3
 420 01f6 00010000 		.4byte	.LASF56
 421 01fa 0A       		.byte	0xa
 422 01fb 21       		.byte	0x21
 423 01fc 0D010000 		.4byte	0x10d
 424 0200 06       		.uleb128 0x6
 425 0201 01       		.byte	0x1
 426 0202 2C000000 		.4byte	0x2c
 427 0206 0B       		.byte	0xb
 428 0207 59       		.byte	0x59
 429 0208 25020000 		.4byte	0x225
 430 020c 07       		.uleb128 0x7
 431 020d A1020000 		.4byte	.LASF57
 432 0211 00       		.byte	0
 433 0212 07       		.uleb128 0x7
 434 0213 72040000 		.4byte	.LASF58
 435 0217 01       		.byte	0x1
 436 0218 07       		.uleb128 0x7
 437 0219 B5000000 		.4byte	.LASF59
 438 021d 02       		.byte	0x2
 439 021e 07       		.uleb128 0x7
 440 021f 59040000 		.4byte	.LASF60
 441 0223 03       		.byte	0x3
 442 0224 00       		.byte	0
 443 0225 03       		.uleb128 0x3
 444 0226 A2000000 		.4byte	.LASF61
 445 022a 0B       		.byte	0xb
 446 022b 5E       		.byte	0x5e
 447 022c 00020000 		.4byte	0x200
 448 0230 06       		.uleb128 0x6
 449 0231 01       		.byte	0x1
 450 0232 2C000000 		.4byte	0x2c
 451 0236 0C       		.byte	0xc
 452 0237 19       		.byte	0x19
 453 0238 67020000 		.4byte	0x267
 454 023c 07       		.uleb128 0x7
 455 023d 62050000 		.4byte	.LASF62
 456 0241 00       		.byte	0
 457 0242 07       		.uleb128 0x7
 458 0243 7F050000 		.4byte	.LASF63
 459 0247 01       		.byte	0x1
 460 0248 07       		.uleb128 0x7
 461 0249 CB020000 		.4byte	.LASF64
 462 024d 02       		.byte	0x2
 463 024e 07       		.uleb128 0x7
 464 024f 6A050000 		.4byte	.LASF65
 465 0253 03       		.byte	0x3
 466 0254 07       		.uleb128 0x7
 467 0255 EA030000 		.4byte	.LASF66
 468 0259 04       		.byte	0x4
 469 025a 07       		.uleb128 0x7
 470 025b 46010000 		.4byte	.LASF67
 471 025f 05       		.byte	0x5
 472 0260 07       		.uleb128 0x7
 473 0261 2C050000 		.4byte	.LASF68
 474 0265 06       		.byte	0x6
ARM GAS  C:\Users\JASON\AppData\Local\Temp\cchWPZzk.s 			page 16


 475 0266 00       		.byte	0
 476 0267 03       		.uleb128 0x3
 477 0268 C2050000 		.4byte	.LASF69
 478 026c 0C       		.byte	0xc
 479 026d 21       		.byte	0x21
 480 026e 30020000 		.4byte	0x230
 481 0272 0B       		.uleb128 0xb
 482 0273 01       		.byte	0x1
 483 0274 0D       		.byte	0xd
 484 0275 1F       		.byte	0x1f
 485 0276 87020000 		.4byte	0x287
 486 027a 0C       		.uleb128 0xc
 487 027b 41020000 		.4byte	.LASF73
 488 027f 0D       		.byte	0xd
 489 0280 21       		.byte	0x21
 490 0281 67020000 		.4byte	0x267
 491 0285 00       		.byte	0
 492 0286 00       		.byte	0
 493 0287 03       		.uleb128 0x3
 494 0288 50030000 		.4byte	.LASF70
 495 028c 0D       		.byte	0xd
 496 028d 24       		.byte	0x24
 497 028e 72020000 		.4byte	0x272
 498 0292 0D       		.uleb128 0xd
 499 0293 0D010000 		.4byte	0x10d
 500 0297 0D       		.uleb128 0xd
 501 0298 AC000000 		.4byte	0xac
 502 029c 0E       		.uleb128 0xe
 503 029d 04       		.byte	0x4
 504 029e DF010000 		.4byte	0x1df
 505 02a2 0D       		.uleb128 0xd
 506 02a3 9C020000 		.4byte	0x29c
 507 02a7 0D       		.uleb128 0xd
 508 02a8 20010000 		.4byte	0x120
 509 02ac 0D       		.uleb128 0xd
 510 02ad 01010000 		.4byte	0x101
 511 02b1 03       		.uleb128 0x3
 512 02b2 5A000000 		.4byte	.LASF71
 513 02b6 02       		.byte	0x2
 514 02b7 27       		.byte	0x27
 515 02b8 BC020000 		.4byte	0x2bc
 516 02bc 0E       		.uleb128 0xe
 517 02bd 04       		.byte	0x4
 518 02be C2020000 		.4byte	0x2c2
 519 02c2 0F       		.uleb128 0xf
 520 02c3 D4010000 		.4byte	0x1d4
 521 02c7 D1020000 		.4byte	0x2d1
 522 02cb 10       		.uleb128 0x10
 523 02cc D7020000 		.4byte	0x2d7
 524 02d0 00       		.byte	0
 525 02d1 0E       		.uleb128 0xe
 526 02d2 04       		.byte	0x4
 527 02d3 87020000 		.4byte	0x287
 528 02d7 0D       		.uleb128 0xd
 529 02d8 D1020000 		.4byte	0x2d1
 530 02dc 03       		.uleb128 0x3
 531 02dd 4E010000 		.4byte	.LASF72
ARM GAS  C:\Users\JASON\AppData\Local\Temp\cchWPZzk.s 			page 17


 532 02e1 02       		.byte	0x2
 533 02e2 2D       		.byte	0x2d
 534 02e3 E7020000 		.4byte	0x2e7
 535 02e7 0E       		.uleb128 0xe
 536 02e8 04       		.byte	0x4
 537 02e9 ED020000 		.4byte	0x2ed
 538 02ed 0F       		.uleb128 0xf
 539 02ee D4010000 		.4byte	0x1d4
 540 02f2 FC020000 		.4byte	0x2fc
 541 02f6 10       		.uleb128 0x10
 542 02f7 07030000 		.4byte	0x307
 543 02fb 00       		.byte	0
 544 02fc 0E       		.uleb128 0xe
 545 02fd 04       		.byte	0x4
 546 02fe 02030000 		.4byte	0x302
 547 0302 0D       		.uleb128 0xd
 548 0303 87020000 		.4byte	0x287
 549 0307 0D       		.uleb128 0xd
 550 0308 FC020000 		.4byte	0x2fc
 551 030c 11       		.uleb128 0x11
 552 030d 63010000 		.4byte	.LASF85
 553 0311 28       		.byte	0x28
 554 0312 02       		.byte	0x2
 555 0313 37       		.byte	0x37
 556 0314 91030000 		.4byte	0x391
 557 0318 0C       		.uleb128 0xc
 558 0319 0E060000 		.4byte	.LASF74
 559 031d 02       		.byte	0x2
 560 031e 3C       		.byte	0x3c
 561 031f 91030000 		.4byte	0x391
 562 0323 00       		.byte	0
 563 0324 0C       		.uleb128 0xc
 564 0325 0A010000 		.4byte	.LASF75
 565 0329 02       		.byte	0x2
 566 032a 41       		.byte	0x41
 567 032b 96030000 		.4byte	0x396
 568 032f 04       		.byte	0x4
 569 0330 0C       		.uleb128 0xc
 570 0331 3B040000 		.4byte	.LASF76
 571 0335 02       		.byte	0x2
 572 0336 46       		.byte	0x46
 573 0337 92020000 		.4byte	0x292
 574 033b 08       		.byte	0x8
 575 033c 0C       		.uleb128 0xc
 576 033d 42000000 		.4byte	.LASF77
 577 0341 02       		.byte	0x2
 578 0342 4C       		.byte	0x4c
 579 0343 92020000 		.4byte	0x292
 580 0347 0C       		.byte	0xc
 581 0348 0C       		.uleb128 0xc
 582 0349 DE040000 		.4byte	.LASF78
 583 034d 02       		.byte	0x2
 584 034e 51       		.byte	0x51
 585 034f 97020000 		.4byte	0x297
 586 0353 10       		.byte	0x10
 587 0354 0C       		.uleb128 0xc
 588 0355 15050000 		.4byte	.LASF79
ARM GAS  C:\Users\JASON\AppData\Local\Temp\cchWPZzk.s 			page 18


 589 0359 02       		.byte	0x2
 590 035a 56       		.byte	0x56
 591 035b A2020000 		.4byte	0x2a2
 592 035f 14       		.byte	0x14
 593 0360 0C       		.uleb128 0xc
 594 0361 1E000000 		.4byte	.LASF80
 595 0365 02       		.byte	0x2
 596 0366 5B       		.byte	0x5b
 597 0367 97020000 		.4byte	0x297
 598 036b 18       		.byte	0x18
 599 036c 0C       		.uleb128 0xc
 600 036d D1040000 		.4byte	.LASF81
 601 0371 02       		.byte	0x2
 602 0372 60       		.byte	0x60
 603 0373 A2020000 		.4byte	0x2a2
 604 0377 1C       		.byte	0x1c
 605 0378 0C       		.uleb128 0xc
 606 0379 F0050000 		.4byte	.LASF82
 607 037d 02       		.byte	0x2
 608 037e 66       		.byte	0x66
 609 037f A7020000 		.4byte	0x2a7
 610 0383 20       		.byte	0x20
 611 0384 0C       		.uleb128 0xc
 612 0385 00000000 		.4byte	.LASF83
 613 0389 02       		.byte	0x2
 614 038a 6B       		.byte	0x6b
 615 038b AC020000 		.4byte	0x2ac
 616 038f 24       		.byte	0x24
 617 0390 00       		.byte	0
 618 0391 0D       		.uleb128 0xd
 619 0392 B1020000 		.4byte	0x2b1
 620 0396 0D       		.uleb128 0xd
 621 0397 DC020000 		.4byte	0x2dc
 622 039b 03       		.uleb128 0x3
 623 039c 72010000 		.4byte	.LASF84
 624 03a0 02       		.byte	0x2
 625 03a1 6E       		.byte	0x6e
 626 03a2 A6030000 		.4byte	0x3a6
 627 03a6 0D       		.uleb128 0xd
 628 03a7 0C030000 		.4byte	0x30c
 629 03ab 11       		.uleb128 0x11
 630 03ac 3A030000 		.4byte	.LASF86
 631 03b0 0C       		.byte	0xc
 632 03b1 02       		.byte	0x2
 633 03b2 7A       		.byte	0x7a
 634 03b3 E8030000 		.4byte	0x3e8
 635 03b7 0C       		.uleb128 0xc
 636 03b8 FA000000 		.4byte	.LASF87
 637 03bc 02       		.byte	0x2
 638 03bd 80       		.byte	0x80
 639 03be 87020000 		.4byte	0x287
 640 03c2 00       		.byte	0
 641 03c3 0C       		.uleb128 0xc
 642 03c4 46040000 		.4byte	.LASF88
 643 03c8 02       		.byte	0x2
 644 03c9 85       		.byte	0x85
 645 03ca 25020000 		.4byte	0x225
ARM GAS  C:\Users\JASON\AppData\Local\Temp\cchWPZzk.s 			page 19


 646 03ce 01       		.byte	0x1
 647 03cf 12       		.uleb128 0x12
 648 03d0 61676500 		.ascii	"age\000"
 649 03d4 02       		.byte	0x2
 650 03d5 8A       		.byte	0x8a
 651 03d6 8C000000 		.4byte	0x8c
 652 03da 04       		.byte	0x4
 653 03db 0C       		.uleb128 0xc
 654 03dc 33040000 		.4byte	.LASF89
 655 03e0 02       		.byte	0x2
 656 03e1 8F       		.byte	0x8f
 657 03e2 EE030000 		.4byte	0x3ee
 658 03e6 08       		.byte	0x8
 659 03e7 00       		.byte	0
 660 03e8 0E       		.uleb128 0xe
 661 03e9 04       		.byte	0x4
 662 03ea 9B030000 		.4byte	0x39b
 663 03ee 0D       		.uleb128 0xd
 664 03ef E8030000 		.4byte	0x3e8
 665 03f3 03       		.uleb128 0x3
 666 03f4 45030000 		.4byte	.LASF90
 667 03f8 02       		.byte	0x2
 668 03f9 92       		.byte	0x92
 669 03fa AB030000 		.4byte	0x3ab
 670 03fe 13       		.uleb128 0x13
 671 03ff 8A050000 		.4byte	.LASF110
 672 0403 02       		.byte	0x2
 673 0404 2901     		.2byte	0x129
 674 0406 D4010000 		.4byte	0x1d4
 675 040a 03       		.byte	0x3
 676 040b 5A040000 		.4byte	0x45a
 677 040f 14       		.uleb128 0x14
 678 0410 52040000 		.4byte	.LASF91
 679 0414 02       		.byte	0x2
 680 0415 2901     		.2byte	0x129
 681 0417 60040000 		.4byte	0x460
 682 041b 14       		.uleb128 0x14
 683 041c FA000000 		.4byte	.LASF87
 684 0420 02       		.byte	0x2
 685 0421 2901     		.2byte	0x129
 686 0423 02030000 		.4byte	0x302
 687 0427 15       		.uleb128 0x15
 688 0428 72657400 		.ascii	"ret\000"
 689 042c 02       		.byte	0x2
 690 042d 2C01     		.2byte	0x12c
 691 042f D4010000 		.4byte	0x1d4
 692 0433 16       		.uleb128 0x16
 693 0434 1B030000 		.4byte	.LASF92
 694 0438 02       		.byte	0x2
 695 0439 2D01     		.2byte	0x12d
 696 043b AC000000 		.4byte	0xac
 697 043f 16       		.uleb128 0x16
 698 0440 26010000 		.4byte	.LASF93
 699 0444 02       		.byte	0x2
 700 0445 3701     		.2byte	0x137
 701 0447 9C020000 		.4byte	0x29c
 702 044b 17       		.uleb128 0x17
ARM GAS  C:\Users\JASON\AppData\Local\Temp\cchWPZzk.s 			page 20


 703 044c 16       		.uleb128 0x16
 704 044d 9D000000 		.4byte	.LASF94
 705 0451 02       		.byte	0x2
 706 0452 3C01     		.2byte	0x13c
 707 0454 F5000000 		.4byte	0xf5
 708 0458 00       		.byte	0
 709 0459 00       		.byte	0
 710 045a 0E       		.uleb128 0xe
 711 045b 04       		.byte	0x4
 712 045c F3030000 		.4byte	0x3f3
 713 0460 0D       		.uleb128 0xd
 714 0461 5A040000 		.4byte	0x45a
 715 0465 18       		.uleb128 0x18
 716 0466 9B050000 		.4byte	.LASF111
 717 046a 01       		.byte	0x1
 718 046b 29       		.byte	0x29
 719 046c 00000000 		.4byte	.LFB131
 720 0470 8C000000 		.4byte	.LFE131-.LFB131
 721 0474 01       		.uleb128 0x1
 722 0475 9C       		.byte	0x9c
 723 0476 2D050000 		.4byte	0x52d
 724 047a 19       		.uleb128 0x19
 725 047b 657600   		.ascii	"ev\000"
 726 047e 01       		.byte	0x1
 727 047f 29       		.byte	0x29
 728 0480 F5010000 		.4byte	0x1f5
 729 0484 00000000 		.4byte	.LLST0
 730 0488 1A       		.uleb128 0x1a
 731 0489 23050000 		.4byte	.LASF112
 732 048d 01       		.byte	0x1
 733 048e 2F       		.byte	0x2f
 734 048f 8C000000 		.4byte	0x8c
 735 0493 05       		.uleb128 0x5
 736 0494 03       		.byte	0x3
 737 0495 00000000 		.4byte	timer_1s.7654
 738 0499 1B       		.uleb128 0x1b
 739 049a 24000000 		.4byte	.LBB6
 740 049e 68000000 		.4byte	.LBE6-.LBB6
 741 04a2 23050000 		.4byte	0x523
 742 04a6 1C       		.uleb128 0x1c
 743 04a7 ED000000 		.4byte	.LASF95
 744 04ab 01       		.byte	0x1
 745 04ac 3E       		.byte	0x3e
 746 04ad 87020000 		.4byte	0x287
 747 04b1 1D       		.uleb128 0x1d
 748 04b2 FE030000 		.4byte	0x3fe
 749 04b6 2A000000 		.4byte	.LBB7
 750 04ba 62000000 		.4byte	.LBE7-.LBB7
 751 04be 01       		.byte	0x1
 752 04bf 3F       		.byte	0x3f
 753 04c0 1E       		.uleb128 0x1e
 754 04c1 1B040000 		.4byte	0x41b
 755 04c5 1E       		.uleb128 0x1e
 756 04c6 0F040000 		.4byte	0x40f
 757 04ca 1F       		.uleb128 0x1f
 758 04cb 2A000000 		.4byte	.LBB8
 759 04cf 62000000 		.4byte	.LBE8-.LBB8
ARM GAS  C:\Users\JASON\AppData\Local\Temp\cchWPZzk.s 			page 21


 760 04d3 20       		.uleb128 0x20
 761 04d4 27040000 		.4byte	0x427
 762 04d8 21000000 		.4byte	.LLST1
 763 04dc 20       		.uleb128 0x20
 764 04dd 33040000 		.4byte	0x433
 765 04e1 35000000 		.4byte	.LLST2
 766 04e5 20       		.uleb128 0x20
 767 04e6 3F040000 		.4byte	0x43f
 768 04ea 6B000000 		.4byte	.LLST3
 769 04ee 1B       		.uleb128 0x1b
 770 04ef 68000000 		.4byte	.LBB9
 771 04f3 0A000000 		.4byte	.LBE9-.LBB9
 772 04f7 0E050000 		.4byte	0x50e
 773 04fb 20       		.uleb128 0x20
 774 04fc 4C040000 		.4byte	0x44c
 775 0500 7E000000 		.4byte	.LLST4
 776 0504 21       		.uleb128 0x21
 777 0505 72000000 		.4byte	.LVL7
 778 0509 80050000 		.4byte	0x580
 779 050d 00       		.byte	0
 780 050e 21       		.uleb128 0x21
 781 050f 3C000000 		.4byte	.LVL3
 782 0513 8C050000 		.4byte	0x58c
 783 0517 21       		.uleb128 0x21
 784 0518 5A000000 		.4byte	.LVL4
 785 051c 98050000 		.4byte	0x598
 786 0520 00       		.byte	0
 787 0521 00       		.byte	0
 788 0522 00       		.byte	0
 789 0523 21       		.uleb128 0x21
 790 0524 06000000 		.4byte	.LVL1
 791 0528 A4050000 		.4byte	0x5a4
 792 052c 00       		.byte	0
 793 052d 22       		.uleb128 0x22
 794 052e C2060000 		.4byte	.LASF96
 795 0532 0E       		.byte	0xe
 796 0533 40       		.byte	0x40
 797 0534 D4000000 		.4byte	0xd4
 798 0538 22       		.uleb128 0x22
 799 0539 28020000 		.4byte	.LASF97
 800 053d 0E       		.byte	0xe
 801 053e 47       		.byte	0x47
 802 053f DF000000 		.4byte	0xdf
 803 0543 22       		.uleb128 0x22
 804 0544 F0040000 		.4byte	.LASF98
 805 0548 0E       		.byte	0xe
 806 0549 4A       		.byte	0x4a
 807 054a D4000000 		.4byte	0xd4
 808 054e 22       		.uleb128 0x22
 809 054f 01040000 		.4byte	.LASF99
 810 0553 0F       		.byte	0xf
 811 0554 48       		.byte	0x48
 812 0555 EA000000 		.4byte	0xea
 813 0559 22       		.uleb128 0x22
 814 055a 31010000 		.4byte	.LASF100
 815 055e 10       		.byte	0x10
 816 055f 44       		.byte	0x44
ARM GAS  C:\Users\JASON\AppData\Local\Temp\cchWPZzk.s 			page 22


 817 0560 D4000000 		.4byte	0xd4
 818 0564 23       		.uleb128 0x23
 819 0565 17060000 		.4byte	.LASF101
 820 0569 11       		.byte	0x11
 821 056a 1207     		.2byte	0x712
 822 056c 70050000 		.4byte	0x570
 823 0570 24       		.uleb128 0x24
 824 0571 81000000 		.4byte	0x81
 825 0575 22       		.uleb128 0x22
 826 0576 23040000 		.4byte	.LASF102
 827 057a 12       		.byte	0x12
 828 057b 35       		.byte	0x35
 829 057c F3030000 		.4byte	0x3f3
 830 0580 25       		.uleb128 0x25
 831 0581 FF050000 		.4byte	.LASF103
 832 0585 FF050000 		.4byte	.LASF103
 833 0589 13       		.byte	0x13
 834 058a 4A01     		.2byte	0x14a
 835 058c 25       		.uleb128 0x25
 836 058d 14010000 		.4byte	.LASF104
 837 0591 14010000 		.4byte	.LASF104
 838 0595 13       		.byte	0x13
 839 0596 1901     		.2byte	0x119
 840 0598 25       		.uleb128 0x25
 841 0599 AC050000 		.4byte	.LASF105
 842 059d AC050000 		.4byte	.LASF105
 843 05a1 13       		.byte	0x13
 844 05a2 1E01     		.2byte	0x11e
 845 05a4 26       		.uleb128 0x26
 846 05a5 1A020000 		.4byte	.LASF106
 847 05a9 1A020000 		.4byte	.LASF106
 848 05ad 14       		.byte	0x14
 849 05ae 29       		.byte	0x29
 850 05af 00       		.byte	0
 851              		.section	.debug_abbrev,"",%progbits
 852              	.Ldebug_abbrev0:
 853 0000 01       		.uleb128 0x1
 854 0001 11       		.uleb128 0x11
 855 0002 01       		.byte	0x1
 856 0003 25       		.uleb128 0x25
 857 0004 0E       		.uleb128 0xe
 858 0005 13       		.uleb128 0x13
 859 0006 0B       		.uleb128 0xb
 860 0007 03       		.uleb128 0x3
 861 0008 0E       		.uleb128 0xe
 862 0009 1B       		.uleb128 0x1b
 863 000a 0E       		.uleb128 0xe
 864 000b 55       		.uleb128 0x55
 865 000c 17       		.uleb128 0x17
 866 000d 11       		.uleb128 0x11
 867 000e 01       		.uleb128 0x1
 868 000f 10       		.uleb128 0x10
 869 0010 17       		.uleb128 0x17
 870 0011 00       		.byte	0
 871 0012 00       		.byte	0
 872 0013 02       		.uleb128 0x2
 873 0014 24       		.uleb128 0x24
ARM GAS  C:\Users\JASON\AppData\Local\Temp\cchWPZzk.s 			page 23


 874 0015 00       		.byte	0
 875 0016 0B       		.uleb128 0xb
 876 0017 0B       		.uleb128 0xb
 877 0018 3E       		.uleb128 0x3e
 878 0019 0B       		.uleb128 0xb
 879 001a 03       		.uleb128 0x3
 880 001b 0E       		.uleb128 0xe
 881 001c 00       		.byte	0
 882 001d 00       		.byte	0
 883 001e 03       		.uleb128 0x3
 884 001f 16       		.uleb128 0x16
 885 0020 00       		.byte	0
 886 0021 03       		.uleb128 0x3
 887 0022 0E       		.uleb128 0xe
 888 0023 3A       		.uleb128 0x3a
 889 0024 0B       		.uleb128 0xb
 890 0025 3B       		.uleb128 0x3b
 891 0026 0B       		.uleb128 0xb
 892 0027 49       		.uleb128 0x49
 893 0028 13       		.uleb128 0x13
 894 0029 00       		.byte	0
 895 002a 00       		.byte	0
 896 002b 04       		.uleb128 0x4
 897 002c 24       		.uleb128 0x24
 898 002d 00       		.byte	0
 899 002e 0B       		.uleb128 0xb
 900 002f 0B       		.uleb128 0xb
 901 0030 3E       		.uleb128 0x3e
 902 0031 0B       		.uleb128 0xb
 903 0032 03       		.uleb128 0x3
 904 0033 08       		.uleb128 0x8
 905 0034 00       		.byte	0
 906 0035 00       		.byte	0
 907 0036 05       		.uleb128 0x5
 908 0037 16       		.uleb128 0x16
 909 0038 00       		.byte	0
 910 0039 03       		.uleb128 0x3
 911 003a 0E       		.uleb128 0xe
 912 003b 3A       		.uleb128 0x3a
 913 003c 0B       		.uleb128 0xb
 914 003d 3B       		.uleb128 0x3b
 915 003e 05       		.uleb128 0x5
 916 003f 49       		.uleb128 0x49
 917 0040 13       		.uleb128 0x13
 918 0041 00       		.byte	0
 919 0042 00       		.byte	0
 920 0043 06       		.uleb128 0x6
 921 0044 04       		.uleb128 0x4
 922 0045 01       		.byte	0x1
 923 0046 0B       		.uleb128 0xb
 924 0047 0B       		.uleb128 0xb
 925 0048 49       		.uleb128 0x49
 926 0049 13       		.uleb128 0x13
 927 004a 3A       		.uleb128 0x3a
 928 004b 0B       		.uleb128 0xb
 929 004c 3B       		.uleb128 0x3b
 930 004d 0B       		.uleb128 0xb
ARM GAS  C:\Users\JASON\AppData\Local\Temp\cchWPZzk.s 			page 24


 931 004e 01       		.uleb128 0x1
 932 004f 13       		.uleb128 0x13
 933 0050 00       		.byte	0
 934 0051 00       		.byte	0
 935 0052 07       		.uleb128 0x7
 936 0053 28       		.uleb128 0x28
 937 0054 00       		.byte	0
 938 0055 03       		.uleb128 0x3
 939 0056 0E       		.uleb128 0xe
 940 0057 1C       		.uleb128 0x1c
 941 0058 0B       		.uleb128 0xb
 942 0059 00       		.byte	0
 943 005a 00       		.byte	0
 944 005b 08       		.uleb128 0x8
 945 005c 28       		.uleb128 0x28
 946 005d 00       		.byte	0
 947 005e 03       		.uleb128 0x3
 948 005f 0E       		.uleb128 0xe
 949 0060 1C       		.uleb128 0x1c
 950 0061 0D       		.uleb128 0xd
 951 0062 00       		.byte	0
 952 0063 00       		.byte	0
 953 0064 09       		.uleb128 0x9
 954 0065 01       		.uleb128 0x1
 955 0066 01       		.byte	0x1
 956 0067 49       		.uleb128 0x49
 957 0068 13       		.uleb128 0x13
 958 0069 01       		.uleb128 0x1
 959 006a 13       		.uleb128 0x13
 960 006b 00       		.byte	0
 961 006c 00       		.byte	0
 962 006d 0A       		.uleb128 0xa
 963 006e 21       		.uleb128 0x21
 964 006f 00       		.byte	0
 965 0070 00       		.byte	0
 966 0071 00       		.byte	0
 967 0072 0B       		.uleb128 0xb
 968 0073 13       		.uleb128 0x13
 969 0074 01       		.byte	0x1
 970 0075 0B       		.uleb128 0xb
 971 0076 0B       		.uleb128 0xb
 972 0077 3A       		.uleb128 0x3a
 973 0078 0B       		.uleb128 0xb
 974 0079 3B       		.uleb128 0x3b
 975 007a 0B       		.uleb128 0xb
 976 007b 01       		.uleb128 0x1
 977 007c 13       		.uleb128 0x13
 978 007d 00       		.byte	0
 979 007e 00       		.byte	0
 980 007f 0C       		.uleb128 0xc
 981 0080 0D       		.uleb128 0xd
 982 0081 00       		.byte	0
 983 0082 03       		.uleb128 0x3
 984 0083 0E       		.uleb128 0xe
 985 0084 3A       		.uleb128 0x3a
 986 0085 0B       		.uleb128 0xb
 987 0086 3B       		.uleb128 0x3b
ARM GAS  C:\Users\JASON\AppData\Local\Temp\cchWPZzk.s 			page 25


 988 0087 0B       		.uleb128 0xb
 989 0088 49       		.uleb128 0x49
 990 0089 13       		.uleb128 0x13
 991 008a 38       		.uleb128 0x38
 992 008b 0B       		.uleb128 0xb
 993 008c 00       		.byte	0
 994 008d 00       		.byte	0
 995 008e 0D       		.uleb128 0xd
 996 008f 26       		.uleb128 0x26
 997 0090 00       		.byte	0
 998 0091 49       		.uleb128 0x49
 999 0092 13       		.uleb128 0x13
 1000 0093 00       		.byte	0
 1001 0094 00       		.byte	0
 1002 0095 0E       		.uleb128 0xe
 1003 0096 0F       		.uleb128 0xf
 1004 0097 00       		.byte	0
 1005 0098 0B       		.uleb128 0xb
 1006 0099 0B       		.uleb128 0xb
 1007 009a 49       		.uleb128 0x49
 1008 009b 13       		.uleb128 0x13
 1009 009c 00       		.byte	0
 1010 009d 00       		.byte	0
 1011 009e 0F       		.uleb128 0xf
 1012 009f 15       		.uleb128 0x15
 1013 00a0 01       		.byte	0x1
 1014 00a1 27       		.uleb128 0x27
 1015 00a2 19       		.uleb128 0x19
 1016 00a3 49       		.uleb128 0x49
 1017 00a4 13       		.uleb128 0x13
 1018 00a5 01       		.uleb128 0x1
 1019 00a6 13       		.uleb128 0x13
 1020 00a7 00       		.byte	0
 1021 00a8 00       		.byte	0
 1022 00a9 10       		.uleb128 0x10
 1023 00aa 05       		.uleb128 0x5
 1024 00ab 00       		.byte	0
 1025 00ac 49       		.uleb128 0x49
 1026 00ad 13       		.uleb128 0x13
 1027 00ae 00       		.byte	0
 1028 00af 00       		.byte	0
 1029 00b0 11       		.uleb128 0x11
 1030 00b1 13       		.uleb128 0x13
 1031 00b2 01       		.byte	0x1
 1032 00b3 03       		.uleb128 0x3
 1033 00b4 0E       		.uleb128 0xe
 1034 00b5 0B       		.uleb128 0xb
 1035 00b6 0B       		.uleb128 0xb
 1036 00b7 3A       		.uleb128 0x3a
 1037 00b8 0B       		.uleb128 0xb
 1038 00b9 3B       		.uleb128 0x3b
 1039 00ba 0B       		.uleb128 0xb
 1040 00bb 01       		.uleb128 0x1
 1041 00bc 13       		.uleb128 0x13
 1042 00bd 00       		.byte	0
 1043 00be 00       		.byte	0
 1044 00bf 12       		.uleb128 0x12
ARM GAS  C:\Users\JASON\AppData\Local\Temp\cchWPZzk.s 			page 26


 1045 00c0 0D       		.uleb128 0xd
 1046 00c1 00       		.byte	0
 1047 00c2 03       		.uleb128 0x3
 1048 00c3 08       		.uleb128 0x8
 1049 00c4 3A       		.uleb128 0x3a
 1050 00c5 0B       		.uleb128 0xb
 1051 00c6 3B       		.uleb128 0x3b
 1052 00c7 0B       		.uleb128 0xb
 1053 00c8 49       		.uleb128 0x49
 1054 00c9 13       		.uleb128 0x13
 1055 00ca 38       		.uleb128 0x38
 1056 00cb 0B       		.uleb128 0xb
 1057 00cc 00       		.byte	0
 1058 00cd 00       		.byte	0
 1059 00ce 13       		.uleb128 0x13
 1060 00cf 2E       		.uleb128 0x2e
 1061 00d0 01       		.byte	0x1
 1062 00d1 3F       		.uleb128 0x3f
 1063 00d2 19       		.uleb128 0x19
 1064 00d3 03       		.uleb128 0x3
 1065 00d4 0E       		.uleb128 0xe
 1066 00d5 3A       		.uleb128 0x3a
 1067 00d6 0B       		.uleb128 0xb
 1068 00d7 3B       		.uleb128 0x3b
 1069 00d8 05       		.uleb128 0x5
 1070 00d9 27       		.uleb128 0x27
 1071 00da 19       		.uleb128 0x19
 1072 00db 49       		.uleb128 0x49
 1073 00dc 13       		.uleb128 0x13
 1074 00dd 20       		.uleb128 0x20
 1075 00de 0B       		.uleb128 0xb
 1076 00df 01       		.uleb128 0x1
 1077 00e0 13       		.uleb128 0x13
 1078 00e1 00       		.byte	0
 1079 00e2 00       		.byte	0
 1080 00e3 14       		.uleb128 0x14
 1081 00e4 05       		.uleb128 0x5
 1082 00e5 00       		.byte	0
 1083 00e6 03       		.uleb128 0x3
 1084 00e7 0E       		.uleb128 0xe
 1085 00e8 3A       		.uleb128 0x3a
 1086 00e9 0B       		.uleb128 0xb
 1087 00ea 3B       		.uleb128 0x3b
 1088 00eb 05       		.uleb128 0x5
 1089 00ec 49       		.uleb128 0x49
 1090 00ed 13       		.uleb128 0x13
 1091 00ee 00       		.byte	0
 1092 00ef 00       		.byte	0
 1093 00f0 15       		.uleb128 0x15
 1094 00f1 34       		.uleb128 0x34
 1095 00f2 00       		.byte	0
 1096 00f3 03       		.uleb128 0x3
 1097 00f4 08       		.uleb128 0x8
 1098 00f5 3A       		.uleb128 0x3a
 1099 00f6 0B       		.uleb128 0xb
 1100 00f7 3B       		.uleb128 0x3b
 1101 00f8 05       		.uleb128 0x5
ARM GAS  C:\Users\JASON\AppData\Local\Temp\cchWPZzk.s 			page 27


 1102 00f9 49       		.uleb128 0x49
 1103 00fa 13       		.uleb128 0x13
 1104 00fb 00       		.byte	0
 1105 00fc 00       		.byte	0
 1106 00fd 16       		.uleb128 0x16
 1107 00fe 34       		.uleb128 0x34
 1108 00ff 00       		.byte	0
 1109 0100 03       		.uleb128 0x3
 1110 0101 0E       		.uleb128 0xe
 1111 0102 3A       		.uleb128 0x3a
 1112 0103 0B       		.uleb128 0xb
 1113 0104 3B       		.uleb128 0x3b
 1114 0105 05       		.uleb128 0x5
 1115 0106 49       		.uleb128 0x49
 1116 0107 13       		.uleb128 0x13
 1117 0108 00       		.byte	0
 1118 0109 00       		.byte	0
 1119 010a 17       		.uleb128 0x17
 1120 010b 0B       		.uleb128 0xb
 1121 010c 01       		.byte	0x1
 1122 010d 00       		.byte	0
 1123 010e 00       		.byte	0
 1124 010f 18       		.uleb128 0x18
 1125 0110 2E       		.uleb128 0x2e
 1126 0111 01       		.byte	0x1
 1127 0112 3F       		.uleb128 0x3f
 1128 0113 19       		.uleb128 0x19
 1129 0114 03       		.uleb128 0x3
 1130 0115 0E       		.uleb128 0xe
 1131 0116 3A       		.uleb128 0x3a
 1132 0117 0B       		.uleb128 0xb
 1133 0118 3B       		.uleb128 0x3b
 1134 0119 0B       		.uleb128 0xb
 1135 011a 27       		.uleb128 0x27
 1136 011b 19       		.uleb128 0x19
 1137 011c 11       		.uleb128 0x11
 1138 011d 01       		.uleb128 0x1
 1139 011e 12       		.uleb128 0x12
 1140 011f 06       		.uleb128 0x6
 1141 0120 40       		.uleb128 0x40
 1142 0121 18       		.uleb128 0x18
 1143 0122 9742     		.uleb128 0x2117
 1144 0124 19       		.uleb128 0x19
 1145 0125 01       		.uleb128 0x1
 1146 0126 13       		.uleb128 0x13
 1147 0127 00       		.byte	0
 1148 0128 00       		.byte	0
 1149 0129 19       		.uleb128 0x19
 1150 012a 05       		.uleb128 0x5
 1151 012b 00       		.byte	0
 1152 012c 03       		.uleb128 0x3
 1153 012d 08       		.uleb128 0x8
 1154 012e 3A       		.uleb128 0x3a
 1155 012f 0B       		.uleb128 0xb
 1156 0130 3B       		.uleb128 0x3b
 1157 0131 0B       		.uleb128 0xb
 1158 0132 49       		.uleb128 0x49
ARM GAS  C:\Users\JASON\AppData\Local\Temp\cchWPZzk.s 			page 28


 1159 0133 13       		.uleb128 0x13
 1160 0134 02       		.uleb128 0x2
 1161 0135 17       		.uleb128 0x17
 1162 0136 00       		.byte	0
 1163 0137 00       		.byte	0
 1164 0138 1A       		.uleb128 0x1a
 1165 0139 34       		.uleb128 0x34
 1166 013a 00       		.byte	0
 1167 013b 03       		.uleb128 0x3
 1168 013c 0E       		.uleb128 0xe
 1169 013d 3A       		.uleb128 0x3a
 1170 013e 0B       		.uleb128 0xb
 1171 013f 3B       		.uleb128 0x3b
 1172 0140 0B       		.uleb128 0xb
 1173 0141 49       		.uleb128 0x49
 1174 0142 13       		.uleb128 0x13
 1175 0143 02       		.uleb128 0x2
 1176 0144 18       		.uleb128 0x18
 1177 0145 00       		.byte	0
 1178 0146 00       		.byte	0
 1179 0147 1B       		.uleb128 0x1b
 1180 0148 0B       		.uleb128 0xb
 1181 0149 01       		.byte	0x1
 1182 014a 11       		.uleb128 0x11
 1183 014b 01       		.uleb128 0x1
 1184 014c 12       		.uleb128 0x12
 1185 014d 06       		.uleb128 0x6
 1186 014e 01       		.uleb128 0x1
 1187 014f 13       		.uleb128 0x13
 1188 0150 00       		.byte	0
 1189 0151 00       		.byte	0
 1190 0152 1C       		.uleb128 0x1c
 1191 0153 34       		.uleb128 0x34
 1192 0154 00       		.byte	0
 1193 0155 03       		.uleb128 0x3
 1194 0156 0E       		.uleb128 0xe
 1195 0157 3A       		.uleb128 0x3a
 1196 0158 0B       		.uleb128 0xb
 1197 0159 3B       		.uleb128 0x3b
 1198 015a 0B       		.uleb128 0xb
 1199 015b 49       		.uleb128 0x49
 1200 015c 13       		.uleb128 0x13
 1201 015d 00       		.byte	0
 1202 015e 00       		.byte	0
 1203 015f 1D       		.uleb128 0x1d
 1204 0160 1D       		.uleb128 0x1d
 1205 0161 01       		.byte	0x1
 1206 0162 31       		.uleb128 0x31
 1207 0163 13       		.uleb128 0x13
 1208 0164 11       		.uleb128 0x11
 1209 0165 01       		.uleb128 0x1
 1210 0166 12       		.uleb128 0x12
 1211 0167 06       		.uleb128 0x6
 1212 0168 58       		.uleb128 0x58
 1213 0169 0B       		.uleb128 0xb
 1214 016a 59       		.uleb128 0x59
 1215 016b 0B       		.uleb128 0xb
ARM GAS  C:\Users\JASON\AppData\Local\Temp\cchWPZzk.s 			page 29


 1216 016c 00       		.byte	0
 1217 016d 00       		.byte	0
 1218 016e 1E       		.uleb128 0x1e
 1219 016f 05       		.uleb128 0x5
 1220 0170 00       		.byte	0
 1221 0171 31       		.uleb128 0x31
 1222 0172 13       		.uleb128 0x13
 1223 0173 00       		.byte	0
 1224 0174 00       		.byte	0
 1225 0175 1F       		.uleb128 0x1f
 1226 0176 0B       		.uleb128 0xb
 1227 0177 01       		.byte	0x1
 1228 0178 11       		.uleb128 0x11
 1229 0179 01       		.uleb128 0x1
 1230 017a 12       		.uleb128 0x12
 1231 017b 06       		.uleb128 0x6
 1232 017c 00       		.byte	0
 1233 017d 00       		.byte	0
 1234 017e 20       		.uleb128 0x20
 1235 017f 34       		.uleb128 0x34
 1236 0180 00       		.byte	0
 1237 0181 31       		.uleb128 0x31
 1238 0182 13       		.uleb128 0x13
 1239 0183 02       		.uleb128 0x2
 1240 0184 17       		.uleb128 0x17
 1241 0185 00       		.byte	0
 1242 0186 00       		.byte	0
 1243 0187 21       		.uleb128 0x21
 1244 0188 898201   		.uleb128 0x4109
 1245 018b 00       		.byte	0
 1246 018c 11       		.uleb128 0x11
 1247 018d 01       		.uleb128 0x1
 1248 018e 31       		.uleb128 0x31
 1249 018f 13       		.uleb128 0x13
 1250 0190 00       		.byte	0
 1251 0191 00       		.byte	0
 1252 0192 22       		.uleb128 0x22
 1253 0193 34       		.uleb128 0x34
 1254 0194 00       		.byte	0
 1255 0195 03       		.uleb128 0x3
 1256 0196 0E       		.uleb128 0xe
 1257 0197 3A       		.uleb128 0x3a
 1258 0198 0B       		.uleb128 0xb
 1259 0199 3B       		.uleb128 0x3b
 1260 019a 0B       		.uleb128 0xb
 1261 019b 49       		.uleb128 0x49
 1262 019c 13       		.uleb128 0x13
 1263 019d 3F       		.uleb128 0x3f
 1264 019e 19       		.uleb128 0x19
 1265 019f 3C       		.uleb128 0x3c
 1266 01a0 19       		.uleb128 0x19
 1267 01a1 00       		.byte	0
 1268 01a2 00       		.byte	0
 1269 01a3 23       		.uleb128 0x23
 1270 01a4 34       		.uleb128 0x34
 1271 01a5 00       		.byte	0
 1272 01a6 03       		.uleb128 0x3
ARM GAS  C:\Users\JASON\AppData\Local\Temp\cchWPZzk.s 			page 30


 1273 01a7 0E       		.uleb128 0xe
 1274 01a8 3A       		.uleb128 0x3a
 1275 01a9 0B       		.uleb128 0xb
 1276 01aa 3B       		.uleb128 0x3b
 1277 01ab 05       		.uleb128 0x5
 1278 01ac 49       		.uleb128 0x49
 1279 01ad 13       		.uleb128 0x13
 1280 01ae 3F       		.uleb128 0x3f
 1281 01af 19       		.uleb128 0x19
 1282 01b0 3C       		.uleb128 0x3c
 1283 01b1 19       		.uleb128 0x19
 1284 01b2 00       		.byte	0
 1285 01b3 00       		.byte	0
 1286 01b4 24       		.uleb128 0x24
 1287 01b5 35       		.uleb128 0x35
 1288 01b6 00       		.byte	0
 1289 01b7 49       		.uleb128 0x49
 1290 01b8 13       		.uleb128 0x13
 1291 01b9 00       		.byte	0
 1292 01ba 00       		.byte	0
 1293 01bb 25       		.uleb128 0x25
 1294 01bc 2E       		.uleb128 0x2e
 1295 01bd 00       		.byte	0
 1296 01be 3F       		.uleb128 0x3f
 1297 01bf 19       		.uleb128 0x19
 1298 01c0 3C       		.uleb128 0x3c
 1299 01c1 19       		.uleb128 0x19
 1300 01c2 6E       		.uleb128 0x6e
 1301 01c3 0E       		.uleb128 0xe
 1302 01c4 03       		.uleb128 0x3
 1303 01c5 0E       		.uleb128 0xe
 1304 01c6 3A       		.uleb128 0x3a
 1305 01c7 0B       		.uleb128 0xb
 1306 01c8 3B       		.uleb128 0x3b
 1307 01c9 05       		.uleb128 0x5
 1308 01ca 00       		.byte	0
 1309 01cb 00       		.byte	0
 1310 01cc 26       		.uleb128 0x26
 1311 01cd 2E       		.uleb128 0x2e
 1312 01ce 00       		.byte	0
 1313 01cf 3F       		.uleb128 0x3f
 1314 01d0 19       		.uleb128 0x19
 1315 01d1 3C       		.uleb128 0x3c
 1316 01d2 19       		.uleb128 0x19
 1317 01d3 6E       		.uleb128 0x6e
 1318 01d4 0E       		.uleb128 0xe
 1319 01d5 03       		.uleb128 0x3
 1320 01d6 0E       		.uleb128 0xe
 1321 01d7 3A       		.uleb128 0x3a
 1322 01d8 0B       		.uleb128 0xb
 1323 01d9 3B       		.uleb128 0x3b
 1324 01da 0B       		.uleb128 0xb
 1325 01db 00       		.byte	0
 1326 01dc 00       		.byte	0
 1327 01dd 00       		.byte	0
 1328              		.section	.debug_loc,"",%progbits
 1329              	.Ldebug_loc0:
ARM GAS  C:\Users\JASON\AppData\Local\Temp\cchWPZzk.s 			page 31


 1330              	.LLST0:
 1331 0000 00000000 		.4byte	.LVL0
 1332 0004 05000000 		.4byte	.LVL1-1
 1333 0008 0100     		.2byte	0x1
 1334 000a 50       		.byte	0x50
 1335 000b 05000000 		.4byte	.LVL1-1
 1336 000f 8C000000 		.4byte	.LFE131
 1337 0013 0400     		.2byte	0x4
 1338 0015 F3       		.byte	0xf3
 1339 0016 01       		.uleb128 0x1
 1340 0017 50       		.byte	0x50
 1341 0018 9F       		.byte	0x9f
 1342 0019 00000000 		.4byte	0
 1343 001d 00000000 		.4byte	0
 1344              	.LLST1:
 1345 0021 2A000000 		.4byte	.LVL2
 1346 0025 82000000 		.4byte	.LVL11
 1347 0029 0200     		.2byte	0x2
 1348 002b 30       		.byte	0x30
 1349 002c 9F       		.byte	0x9f
 1350 002d 00000000 		.4byte	0
 1351 0031 00000000 		.4byte	0
 1352              	.LLST2:
 1353 0035 2A000000 		.4byte	.LVL2
 1354 0039 68000000 		.4byte	.LVL6
 1355 003d 0200     		.2byte	0x2
 1356 003f 30       		.byte	0x30
 1357 0040 9F       		.byte	0x9f
 1358 0041 68000000 		.4byte	.LVL6
 1359 0045 76000000 		.4byte	.LVL9
 1360 0049 0100     		.2byte	0x1
 1361 004b 54       		.byte	0x54
 1362 004c 76000000 		.4byte	.LVL9
 1363 0050 78000000 		.4byte	.LVL10
 1364 0054 0200     		.2byte	0x2
 1365 0056 30       		.byte	0x30
 1366 0057 9F       		.byte	0x9f
 1367 0058 78000000 		.4byte	.LVL10
 1368 005c 82000000 		.4byte	.LVL11
 1369 0060 0100     		.2byte	0x1
 1370 0062 54       		.byte	0x54
 1371 0063 00000000 		.4byte	0
 1372 0067 00000000 		.4byte	0
 1373              	.LLST3:
 1374 006b 60000000 		.4byte	.LVL5
 1375 006f 82000000 		.4byte	.LVL11
 1376 0073 0100     		.2byte	0x1
 1377 0075 55       		.byte	0x55
 1378 0076 00000000 		.4byte	0
 1379 007a 00000000 		.4byte	0
 1380              	.LLST4:
 1381 007e 68000000 		.4byte	.LVL6
 1382 0082 71000000 		.4byte	.LVL7-1
 1383 0086 0700     		.2byte	0x7
 1384 0088 74       		.byte	0x74
 1385 0089 00       		.sleb128 0
 1386 008a 32       		.byte	0x32
ARM GAS  C:\Users\JASON\AppData\Local\Temp\cchWPZzk.s 			page 32


 1387 008b 24       		.byte	0x24
 1388 008c 75       		.byte	0x75
 1389 008d 00       		.sleb128 0
 1390 008e 22       		.byte	0x22
 1391 008f 00000000 		.4byte	0
 1392 0093 00000000 		.4byte	0
 1393              		.section	.debug_aranges,"",%progbits
 1394 0000 1C000000 		.4byte	0x1c
 1395 0004 0200     		.2byte	0x2
 1396 0006 00000000 		.4byte	.Ldebug_info0
 1397 000a 04       		.byte	0x4
 1398 000b 00       		.byte	0
 1399 000c 0000     		.2byte	0
 1400 000e 0000     		.2byte	0
 1401 0010 00000000 		.4byte	.LFB131
 1402 0014 8C000000 		.4byte	.LFE131-.LFB131
 1403 0018 00000000 		.4byte	0
 1404 001c 00000000 		.4byte	0
 1405              		.section	.debug_ranges,"",%progbits
 1406              	.Ldebug_ranges0:
 1407 0000 00000000 		.4byte	.LFB131
 1408 0004 8C000000 		.4byte	.LFE131
 1409 0008 00000000 		.4byte	0
 1410 000c 00000000 		.4byte	0
 1411              		.section	.debug_line,"",%progbits
 1412              	.Ldebug_line0:
 1413 0000 96030000 		.section	.debug_str,"MS",%progbits,1
 1413      02006C03 
 1413      00000201 
 1413      FB0E0D00 
 1413      01010101 
 1414              	.LASF83:
 1415 0000 7265736F 		.ascii	"resource\000"
 1415      75726365 
 1415      00
 1416              	.LASF36:
 1417 0009 52435F45 		.ascii	"RC_ERROR_BUFFER_FULL\000"
 1417      52524F52 
 1417      5F425546 
 1417      4645525F 
 1417      46554C4C 
 1418              	.LASF80:
 1419 001e 6F6E4572 		.ascii	"onErrorTaskCount\000"
 1419      726F7254 
 1419      61736B43 
 1419      6F756E74 
 1419      00
 1420              	.LASF20:
 1421 002f 45455F55 		.ascii	"EE_UREG\000"
 1421      52454700 
 1422              	.LASF28:
 1423 0037 52435F53 		.ascii	"RC_SUCCESS\000"
 1423      55434345 
 1423      535300
 1424              	.LASF77:
 1425 0042 65764F6E 		.ascii	"evOnError\000"
 1425      4572726F 
ARM GAS  C:\Users\JASON\AppData\Local\Temp\cchWPZzk.s 			page 33


 1425      7200
 1426              	.LASF25:
 1427 004c 4576656E 		.ascii	"EventMaskType\000"
 1427      744D6173 
 1427      6B547970 
 1427      6500
 1428              	.LASF71:
 1429 005a 53435F45 		.ascii	"SC_EVENT_driverIn_t\000"
 1429      56454E54 
 1429      5F647269 
 1429      76657249 
 1429      6E5F7400 
 1430              	.LASF2:
 1431 006e 73686F72 		.ascii	"short int\000"
 1431      7420696E 
 1431      7400
 1432              	.LASF16:
 1433 0078 73697A65 		.ascii	"size_t\000"
 1433      5F7400
 1434              	.LASF46:
 1435 007f 52435F45 		.ascii	"RC_ERROR_WRITE_FAILS\000"
 1435      52524F52 
 1435      5F575249 
 1435      54455F46 
 1435      41494C53 
 1436              	.LASF26:
 1437 0094 73697A65 		.ascii	"sizetype\000"
 1437      74797065 
 1437      00
 1438              	.LASF94:
 1439 009d 7461736B 		.ascii	"task\000"
 1439      00
 1440              	.LASF61:
 1441 00a2 5254455F 		.ascii	"RTE_signalStatus_t\000"
 1441      7369676E 
 1441      616C5374 
 1441      61747573 
 1441      5F7400
 1442              	.LASF59:
 1443 00b5 5254455F 		.ascii	"RTE_SIGNALSTATUS_VALID\000"
 1443      5349474E 
 1443      414C5354 
 1443      41545553 
 1443      5F56414C 
 1444              	.LASF21:
 1445 00cc 45455F46 		.ascii	"EE_FREG\000"
 1445      52454700 
 1446              	.LASF8:
 1447 00d4 6C6F6E67 		.ascii	"long long int\000"
 1447      206C6F6E 
 1447      6720696E 
 1447      7400
 1448              	.LASF6:
 1449 00e2 5F5F7569 		.ascii	"__uint32_t\000"
 1449      6E743332 
 1449      5F7400
 1450              	.LASF95:
ARM GAS  C:\Users\JASON\AppData\Local\Temp\cchWPZzk.s 			page 34


 1451 00ed 6576656E 		.ascii	"event\000"
 1451      7400
 1452              	.LASF22:
 1453 00f3 45455F54 		.ascii	"EE_TID\000"
 1453      494400
 1454              	.LASF87:
 1455 00fa 76616C75 		.ascii	"value\000"
 1455      6500
 1456              	.LASF56:
 1457 0100 5254455F 		.ascii	"RTE_event\000"
 1457      6576656E 
 1457      7400
 1458              	.LASF75:
 1459 010a 6F757444 		.ascii	"outDriver\000"
 1459      72697665 
 1459      7200
 1460              	.LASF104:
 1461 0114 45455F6F 		.ascii	"EE_oo_GetResource\000"
 1461      6F5F4765 
 1461      74526573 
 1461      6F757263 
 1461      6500
 1462              	.LASF93:
 1463 0126 70546173 		.ascii	"pTaskArray\000"
 1463      6B417272 
 1463      617900
 1464              	.LASF100:
 1465 0131 45455F49 		.ascii	"EE_IRQ_nesting_level\000"
 1465      52515F6E 
 1465      65737469 
 1465      6E675F6C 
 1465      6576656C 
 1466              	.LASF67:
 1467 0146 45565F31 		.ascii	"EV_1MIN\000"
 1467      4D494E00 
 1468              	.LASF72:
 1469 014e 53435F45 		.ascii	"SC_EVENT_driverOut_t\000"
 1469      56454E54 
 1469      5F647269 
 1469      7665724F 
 1469      75745F74 
 1470              	.LASF85:
 1471 0163 53435F45 		.ascii	"SC_EVENT_cfg_s\000"
 1471      56454E54 
 1471      5F636667 
 1471      5F7300
 1472              	.LASF84:
 1473 0172 53435F45 		.ascii	"SC_EVENT_cfg_t\000"
 1473      56454E54 
 1473      5F636667 
 1473      5F7400
 1474              	.LASF33:
 1475 0181 52435F45 		.ascii	"RC_ERROR_RANGE\000"
 1475      52524F52 
 1475      5F52414E 
 1475      474500
 1476              	.LASF13:
ARM GAS  C:\Users\JASON\AppData\Local\Temp\cchWPZzk.s 			page 35


 1477 0190 666C6F61 		.ascii	"float\000"
 1477      7400
 1478              	.LASF43:
 1479 0196 52435F45 		.ascii	"RC_ERROR_WRITE_ONLY\000"
 1479      52524F52 
 1479      5F575249 
 1479      54455F4F 
 1479      4E4C5900 
 1480              	.LASF53:
 1481 01aa 52435F45 		.ascii	"RC_ERROR_NOT_IMPLEMENTED\000"
 1481      52524F52 
 1481      5F4E4F54 
 1481      5F494D50 
 1481      4C454D45 
 1482              	.LASF109:
 1483 01c3 433A5C4A 		.ascii	"C:\\Jason\\EIT\\Semester_02\\01_EAA\\Lab\\Assignmen"
 1483      61736F6E 
 1483      5C454954 
 1483      5C53656D 
 1483      65737465 
 1484 01f0 745F325C 		.ascii	"t_2\\ElectronicClock\\ElectronicClock.cydsn\000"
 1484      456C6563 
 1484      74726F6E 
 1484      6963436C 
 1484      6F636B5C 
 1485              	.LASF106:
 1486 021a 62757474 		.ascii	"button_2_Read\000"
 1486      6F6E5F32 
 1486      5F526561 
 1486      6400
 1487              	.LASF97:
 1488 0228 45455F6F 		.ascii	"EE_oo_IRQ_suspend_status\000"
 1488      6F5F4952 
 1488      515F7375 
 1488      7370656E 
 1488      645F7374 
 1489              	.LASF73:
 1490 0241 6D5F6576 		.ascii	"m_ev\000"
 1490      00
 1491              	.LASF47:
 1492 0246 52435F45 		.ascii	"RC_ERROR_NOT_MATCH\000"
 1492      52524F52 
 1492      5F4E4F54 
 1492      5F4D4154 
 1492      434800
 1493              	.LASF52:
 1494 0259 52435F45 		.ascii	"RC_ERROR_UNKNOWN\000"
 1494      52524F52 
 1494      5F554E4B 
 1494      4E4F574E 
 1494      00
 1495              	.LASF31:
 1496 026a 52435F45 		.ascii	"RC_ERROR_ZERO\000"
 1496      52524F52 
 1496      5F5A4552 
 1496      4F00
 1497              	.LASF4:
ARM GAS  C:\Users\JASON\AppData\Local\Temp\cchWPZzk.s 			page 36


 1498 0278 6C6F6E67 		.ascii	"long int\000"
 1498      20696E74 
 1498      00
 1499              	.LASF35:
 1500 0281 52435F45 		.ascii	"RC_ERROR_UNDERRUN\000"
 1500      52524F52 
 1500      5F554E44 
 1500      45525255 
 1500      4E00
 1501              	.LASF38:
 1502 0293 52435F45 		.ascii	"RC_ERROR_BUSY\000"
 1502      52524F52 
 1502      5F425553 
 1502      5900
 1503              	.LASF57:
 1504 02a1 5254455F 		.ascii	"RTE_SIGNALSTATUS_STARTUP\000"
 1504      5349474E 
 1504      414C5354 
 1504      41545553 
 1504      5F535441 
 1505              	.LASF44:
 1506 02ba 52435F45 		.ascii	"RC_ERROR_INVALID\000"
 1506      52524F52 
 1506      5F494E56 
 1506      414C4944 
 1506      00
 1507              	.LASF64:
 1508 02cb 45565F4B 		.ascii	"EV_KEYRIGHT\000"
 1508      45595249 
 1508      47485400 
 1509              	.LASF49:
 1510 02d7 52435F45 		.ascii	"RC_ERROR_BAD_DATA\000"
 1510      52524F52 
 1510      5F424144 
 1510      5F444154 
 1510      4100
 1511              	.LASF27:
 1512 02e9 626F6F6C 		.ascii	"boolean_t\000"
 1512      65616E5F 
 1512      7400
 1513              	.LASF42:
 1514 02f3 52435F45 		.ascii	"RC_ERROR_READ_ONLY\000"
 1514      52524F52 
 1514      5F524541 
 1514      445F4F4E 
 1514      4C5900
 1515              	.LASF17:
 1516 0306 6C6F6E67 		.ascii	"long double\000"
 1516      20646F75 
 1516      626C6500 
 1517              	.LASF29:
 1518 0312 52435F45 		.ascii	"RC_ERROR\000"
 1518      52524F52 
 1518      00
 1519              	.LASF92:
 1520 031b 7461736B 		.ascii	"taskNum\000"
 1520      4E756D00 
ARM GAS  C:\Users\JASON\AppData\Local\Temp\cchWPZzk.s 			page 37


 1521              	.LASF23:
 1522 0323 5461736B 		.ascii	"TaskType\000"
 1522      54797065 
 1522      00
 1523              	.LASF1:
 1524 032c 756E7369 		.ascii	"unsigned char\000"
 1524      676E6564 
 1524      20636861 
 1524      7200
 1525              	.LASF86:
 1526 033a 53435F45 		.ascii	"SC_EVENT_s\000"
 1526      56454E54 
 1526      5F7300
 1527              	.LASF90:
 1528 0345 53435F45 		.ascii	"SC_EVENT_t\000"
 1528      56454E54 
 1528      5F7400
 1529              	.LASF70:
 1530 0350 53435F45 		.ascii	"SC_EVENT_data_t\000"
 1530      56454E54 
 1530      5F646174 
 1530      615F7400 
 1531              	.LASF19:
 1532 0360 45455F55 		.ascii	"EE_UINT32\000"
 1532      494E5433 
 1532      3200
 1533              	.LASF0:
 1534 036a 7369676E 		.ascii	"signed char\000"
 1534      65642063 
 1534      68617200 
 1535              	.LASF9:
 1536 0376 6C6F6E67 		.ascii	"long long unsigned int\000"
 1536      206C6F6E 
 1536      6720756E 
 1536      7369676E 
 1536      65642069 
 1537              	.LASF108:
 1538 038d 536F7572 		.ascii	"SourceFiles\\asw\\swc_clock_input.c\000"
 1538      63654669 
 1538      6C65735C 
 1538      6173775C 
 1538      7377635F 
 1539              	.LASF12:
 1540 03af 75696E74 		.ascii	"uint32_t\000"
 1540      33325F74 
 1540      00
 1541              	.LASF10:
 1542 03b8 756E7369 		.ascii	"unsigned int\000"
 1542      676E6564 
 1542      20696E74 
 1542      00
 1543              	.LASF40:
 1544 03c5 52435F45 		.ascii	"RC_ERROR_OPEN\000"
 1544      52524F52 
 1544      5F4F5045 
 1544      4E00
 1545              	.LASF51:
ARM GAS  C:\Users\JASON\AppData\Local\Temp\cchWPZzk.s 			page 38


 1546 03d3 52435F45 		.ascii	"RC_ERROR_INVALID_STATE\000"
 1546      52524F52 
 1546      5F494E56 
 1546      414C4944 
 1546      5F535441 
 1547              	.LASF66:
 1548 03ea 45565F32 		.ascii	"EV_250MS\000"
 1548      35304D53 
 1548      00
 1549              	.LASF30:
 1550 03f3 52435F45 		.ascii	"RC_ERROR_NULL\000"
 1550      52524F52 
 1550      5F4E554C 
 1550      4C00
 1551              	.LASF99:
 1552 0401 45455F73 		.ascii	"EE_std_endcycle_next_tid\000"
 1552      74645F65 
 1552      6E646379 
 1552      636C655F 
 1552      6E657874 
 1553              	.LASF18:
 1554 041a 45455F49 		.ascii	"EE_INT32\000"
 1554      4E543332 
 1554      00
 1555              	.LASF102:
 1556 0423 534F5F45 		.ascii	"SO_EVENT_signal\000"
 1556      56454E54 
 1556      5F736967 
 1556      6E616C00 
 1557              	.LASF89:
 1558 0433 70536967 		.ascii	"pSigCfg\000"
 1558      43666700 
 1559              	.LASF76:
 1560 043b 65764F6E 		.ascii	"evOnUpdate\000"
 1560      55706461 
 1560      746500
 1561              	.LASF88:
 1562 0446 73746174 		.ascii	"status\000"
 1562      757300
 1563              	.LASF15:
 1564 044d 63686172 		.ascii	"char\000"
 1564      00
 1565              	.LASF91:
 1566 0452 7369676E 		.ascii	"signal\000"
 1566      616C00
 1567              	.LASF60:
 1568 0459 5254455F 		.ascii	"RTE_SIGNALSTATUS_INVALID\000"
 1568      5349474E 
 1568      414C5354 
 1568      41545553 
 1568      5F494E56 
 1569              	.LASF58:
 1570 0472 5254455F 		.ascii	"RTE_SIGNALSTATUS_INITIALIZED\000"
 1570      5349474E 
 1570      414C5354 
 1570      41545553 
 1570      5F494E49 
ARM GAS  C:\Users\JASON\AppData\Local\Temp\cchWPZzk.s 			page 39


 1571              	.LASF11:
 1572 048f 696E7433 		.ascii	"int32_t\000"
 1572      325F7400 
 1573              	.LASF3:
 1574 0497 73686F72 		.ascii	"short unsigned int\000"
 1574      7420756E 
 1574      7369676E 
 1574      65642069 
 1574      6E7400
 1575              	.LASF45:
 1576 04aa 52435F45 		.ascii	"RC_ERROR_READ_FAILS\000"
 1576      52524F52 
 1576      5F524541 
 1576      445F4641 
 1576      494C5300 
 1577              	.LASF48:
 1578 04be 52435F45 		.ascii	"RC_ERROR_BAD_PARAM\000"
 1578      52524F52 
 1578      5F424144 
 1578      5F504152 
 1578      414D00
 1579              	.LASF81:
 1580 04d1 6F6E4572 		.ascii	"onErrorTasks\000"
 1580      726F7254 
 1580      61736B73 
 1580      00
 1581              	.LASF78:
 1582 04de 6F6E5570 		.ascii	"onUpdateTaskCount\000"
 1582      64617465 
 1582      5461736B 
 1582      436F756E 
 1582      7400
 1583              	.LASF98:
 1584 04f0 45455F41 		.ascii	"EE_ApplicationMode\000"
 1584      70706C69 
 1584      63617469 
 1584      6F6E4D6F 
 1584      646500
 1585              	.LASF7:
 1586 0503 6C6F6E67 		.ascii	"long unsigned int\000"
 1586      20756E73 
 1586      69676E65 
 1586      6420696E 
 1586      7400
 1587              	.LASF79:
 1588 0515 6F6E5570 		.ascii	"onUpdateTasks\000"
 1588      64617465 
 1588      5461736B 
 1588      7300
 1589              	.LASF112:
 1590 0523 74696D65 		.ascii	"timer_1s\000"
 1590      725F3173 
 1590      00
 1591              	.LASF68:
 1592 052c 45565F45 		.ascii	"EV_ERROR\000"
 1592      52524F52 
 1592      00
ARM GAS  C:\Users\JASON\AppData\Local\Temp\cchWPZzk.s 			page 40


 1593              	.LASF41:
 1594 0535 52435F45 		.ascii	"RC_ERROR_CHECKSUM\000"
 1594      52524F52 
 1594      5F434845 
 1594      434B5355 
 1594      4D00
 1595              	.LASF34:
 1596 0547 52435F45 		.ascii	"RC_ERROR_OVERRUN\000"
 1596      52524F52 
 1596      5F4F5645 
 1596      5252554E 
 1596      00
 1597              	.LASF5:
 1598 0558 5F5F696E 		.ascii	"__int32_t\000"
 1598      7433325F 
 1598      7400
 1599              	.LASF62:
 1600 0562 45565F4E 		.ascii	"EV_NONE\000"
 1600      4F4E4500 
 1601              	.LASF65:
 1602 056a 45565F4B 		.ascii	"EV_KEYRIGHTLONGPRESS\000"
 1602      45595249 
 1602      4748544C 
 1602      4F4E4750 
 1602      52455353 
 1603              	.LASF63:
 1604 057f 45565F4B 		.ascii	"EV_KEYLEFT\000"
 1604      45594C45 
 1604      465400
 1605              	.LASF110:
 1606 058a 5254455F 		.ascii	"RTE_SC_EVENT_set\000"
 1606      53435F45 
 1606      56454E54 
 1606      5F736574 
 1606      00
 1607              	.LASF111:
 1608 059b 434C4F43 		.ascii	"CLOCK_INPUT__run\000"
 1608      4B5F494E 
 1608      5055545F 
 1608      5F72756E 
 1608      00
 1609              	.LASF105:
 1610 05ac 45455F6F 		.ascii	"EE_oo_ReleaseResource\000"
 1610      6F5F5265 
 1610      6C656173 
 1610      65526573 
 1610      6F757263 
 1611              	.LASF69:
 1612 05c2 4556454E 		.ascii	"EVENT_t\000"
 1612      545F7400 
 1613              	.LASF50:
 1614 05ca 52435F45 		.ascii	"RC_ERROR_CANCELED\000"
 1614      52524F52 
 1614      5F43414E 
 1614      43454C45 
 1614      4400
 1615              	.LASF24:
ARM GAS  C:\Users\JASON\AppData\Local\Temp\cchWPZzk.s 			page 41


 1616 05dc 5265736F 		.ascii	"ResourceType\000"
 1616      75726365 
 1616      54797065 
 1616      00
 1617              	.LASF14:
 1618 05e9 646F7562 		.ascii	"double\000"
 1618      6C6500
 1619              	.LASF82:
 1620 05f0 7265736F 		.ascii	"resourceActive\000"
 1620      75726365 
 1620      41637469 
 1620      766500
 1621              	.LASF103:
 1622 05ff 45455F6F 		.ascii	"EE_oo_SetEvent\000"
 1622      6F5F5365 
 1622      74457665 
 1622      6E7400
 1623              	.LASF74:
 1624 060e 696E4472 		.ascii	"inDriver\000"
 1624      69766572 
 1624      00
 1625              	.LASF101:
 1626 0617 49544D5F 		.ascii	"ITM_RxBuffer\000"
 1626      52784275 
 1626      66666572 
 1626      00
 1627              	.LASF107:
 1628 0624 474E5520 		.ascii	"GNU C11 5.4.1 20160609 (release) [ARM/embedded-5-br"
 1628      43313120 
 1628      352E342E 
 1628      31203230 
 1628      31363036 
 1629 0657 616E6368 		.ascii	"anch revision 237715] -mcpu=cortex-m3 -mthumb -g -O"
 1629      20726576 
 1629      6973696F 
 1629      6E203233 
 1629      37373135 
 1630 068a 67202D66 		.ascii	"g -ffunction-sections -ffat-lto-objects\000"
 1630      66756E63 
 1630      74696F6E 
 1630      2D736563 
 1630      74696F6E 
 1631              	.LASF32:
 1632 06b2 52435F45 		.ascii	"RC_ERROR_MEMORY\000"
 1632      52524F52 
 1632      5F4D454D 
 1632      4F525900 
 1633              	.LASF96:
 1634 06c2 45455F6F 		.ascii	"EE_oo_IRQ_disable_count\000"
 1634      6F5F4952 
 1634      515F6469 
 1634      7361626C 
 1634      655F636F 
 1635              	.LASF55:
 1636 06da 5461736B 		.ascii	"TaskTypeArray\000"
 1636      54797065 
 1636      41727261 
ARM GAS  C:\Users\JASON\AppData\Local\Temp\cchWPZzk.s 			page 42


 1636      7900
 1637              	.LASF37:
 1638 06e8 52435F45 		.ascii	"RC_ERROR_BUFFER_EMTPY\000"
 1638      52524F52 
 1638      5F425546 
 1638      4645525F 
 1638      454D5450 
 1639              	.LASF54:
 1640 06fe 52435F74 		.ascii	"RC_t\000"
 1640      00
 1641              	.LASF39:
 1642 0703 52435F45 		.ascii	"RC_ERROR_TIME_OUT\000"
 1642      52524F52 
 1642      5F54494D 
 1642      455F4F55 
 1642      5400
 1643              		.ident	"GCC: (GNU Tools for ARM Embedded Processors) 5.4.1 20160609 (release) [ARM/embedded-5-bran
