ARM GAS  C:\Users\JASON\AppData\Local\Temp\ccuoi4ZC.s 			page 1


   1              		.syntax unified
   2              		.cpu cortex-m3
   3              		.fpu softvfp
   4              		.eabi_attribute 20, 1
   5              		.eabi_attribute 21, 1
   6              		.eabi_attribute 23, 3
   7              		.eabi_attribute 24, 1
   8              		.eabi_attribute 25, 1
   9              		.eabi_attribute 26, 1
  10              		.eabi_attribute 30, 1
  11              		.eabi_attribute 34, 1
  12              		.eabi_attribute 18, 4
  13              		.thumb
  14              		.syntax unified
  15              		.file	"tsk_input.c"
  16              		.text
  17              	.Ltext0:
  18              		.cfi_sections	.debug_frame
  19              		.section	.text.Functsk_input,"ax",%progbits
  20              		.align	2
  21              		.global	Functsk_input
  22              		.thumb
  23              		.thumb_func
  24              		.type	Functsk_input, %function
  25              	Functsk_input:
  26              	.LFB110:
  27              		.file 1 "SourceFiles\\asw\\tsk_input.c"
   1:SourceFiles\asw/tsk_input.c **** 
   2:SourceFiles\asw/tsk_input.c **** 
   3:SourceFiles\asw/tsk_input.c **** /*
   4:SourceFiles\asw/tsk_input.c ****  * Filename: tsk_input.c
   5:SourceFiles\asw/tsk_input.c ****  *
   6:SourceFiles\asw/tsk_input.c ****  * Author: Autogenerated by H-DA RTE Generator, (c) Prof. Fromm
   7:SourceFiles\asw/tsk_input.c ****  */
   8:SourceFiles\asw/tsk_input.c **** 
   9:SourceFiles\asw/tsk_input.c **** #include "project.h"
  10:SourceFiles\asw/tsk_input.c **** #include "global.h"
  11:SourceFiles\asw/tsk_input.c **** #include "rte.h"
  12:SourceFiles\asw/tsk_input.c **** #include "rte_types.h"
  13:SourceFiles\asw/tsk_input.c **** #include "tsk_input.h"
  14:SourceFiles\asw/tsk_input.c **** 
  15:SourceFiles\asw/tsk_input.c **** 
  16:SourceFiles\asw/tsk_input.c **** 
  17:SourceFiles\asw/tsk_input.c **** /* USER CODE START TSK_INPUT_INCLUDE */
  18:SourceFiles\asw/tsk_input.c **** 
  19:SourceFiles\asw/tsk_input.c **** /* USER CODE END TSK_INPUT_INCLUDE */
  20:SourceFiles\asw/tsk_input.c **** 
  21:SourceFiles\asw/tsk_input.c **** #include "swc_clock_input.h"
  22:SourceFiles\asw/tsk_input.c **** 
  23:SourceFiles\asw/tsk_input.c **** 
  24:SourceFiles\asw/tsk_input.c **** 
  25:SourceFiles\asw/tsk_input.c **** /* USER CODE START TSK_INPUT_USERDEFINITIONS */
  26:SourceFiles\asw/tsk_input.c **** 
  27:SourceFiles\asw/tsk_input.c **** /* USER CODE END TSK_INPUT_USERDEFINITIONS */
  28:SourceFiles\asw/tsk_input.c **** 
  29:SourceFiles\asw/tsk_input.c **** /*******************************************************************************
  30:SourceFiles\asw/tsk_input.c ****  * Runnable Tables from Activation Engine
ARM GAS  C:\Users\JASON\AppData\Local\Temp\ccuoi4ZC.s 			page 2


  31:SourceFiles\asw/tsk_input.c ****  *******************************************************************************/
  32:SourceFiles\asw/tsk_input.c **** 
  33:SourceFiles\asw/tsk_input.c **** /* Cyclic Table */
  34:SourceFiles\asw/tsk_input.c **** 
  35:SourceFiles\asw/tsk_input.c **** const RTE_cyclicTable_t RTE_cyclicActivationTable_tsk_input[] = {
  36:SourceFiles\asw/tsk_input.c **** 	{ CLOCK_INPUT__run, 50 },	//Runnable for clock input.
  37:SourceFiles\asw/tsk_input.c **** };
  38:SourceFiles\asw/tsk_input.c **** const uint16_t RTE_cyclicActivation_tsk_input_size = sizeof (RTE_cyclicActivationTable_tsk_input) /
  39:SourceFiles\asw/tsk_input.c **** 
  40:SourceFiles\asw/tsk_input.c **** 
  41:SourceFiles\asw/tsk_input.c **** /*******************************************************************************
  42:SourceFiles\asw/tsk_input.c ****  * Task Body
  43:SourceFiles\asw/tsk_input.c ****  *******************************************************************************/
  44:SourceFiles\asw/tsk_input.c **** 
  45:SourceFiles\asw/tsk_input.c **** 
  46:SourceFiles\asw/tsk_input.c **** /*
  47:SourceFiles\asw/tsk_input.c **** * description: Task that handles the input signals.
  48:SourceFiles\asw/tsk_input.c **** * events: 
  49:SourceFiles\asw/tsk_input.c **** * mode: Cyclic
  50:SourceFiles\asw/tsk_input.c **** * name: tsk_input
  51:SourceFiles\asw/tsk_input.c **** * shortname: input
  52:SourceFiles\asw/tsk_input.c **** * signalpoolsRO: sp_common
  53:SourceFiles\asw/tsk_input.c **** * signalpoolsRW: sp_common
  54:SourceFiles\asw/tsk_input.c **** * tickEvent: 0
  55:SourceFiles\asw/tsk_input.c **** * timertickperiod: 1
  56:SourceFiles\asw/tsk_input.c **** */
  57:SourceFiles\asw/tsk_input.c **** TASK(tsk_input)
  58:SourceFiles\asw/tsk_input.c **** {
  28              		.loc 1 58 0
  29              		.cfi_startproc
  30              		@ args = 0, pretend = 0, frame = 0
  31              		@ frame_needed = 0, uses_anonymous_args = 0
  32 0000 10B5     		push	{r4, lr}
  33              		.cfi_def_cfa_offset 8
  34              		.cfi_offset 4, -8
  35              		.cfi_offset 14, -4
  59:SourceFiles\asw/tsk_input.c **** 	/* ticktime of the task */
  60:SourceFiles\asw/tsk_input.c **** 	static uint32_t ticktime = 0;
  61:SourceFiles\asw/tsk_input.c **** 
  62:SourceFiles\asw/tsk_input.c **** 	/* USER CODE START TSK_INPUT_TASKBOBY_PRE */
  63:SourceFiles\asw/tsk_input.c **** 
  64:SourceFiles\asw/tsk_input.c **** 	/* USER CODE END TSK_INPUT_TASKBODY_PRE */
  65:SourceFiles\asw/tsk_input.c ****     
  66:SourceFiles\asw/tsk_input.c ****     //Process all cyclic runnables which are due
  67:SourceFiles\asw/tsk_input.c ****     RTE_ProcessCyclicTable(RTE_cyclicActivationTable_tsk_input, RTE_cyclicActivation_tsk_input_size
  36              		.loc 1 67 0
  37 0002 074C     		ldr	r4, .L4
  38 0004 2268     		ldr	r2, [r4]
  39 0006 0121     		movs	r1, #1
  40 0008 0648     		ldr	r0, .L4+4
  41 000a FFF7FEFF 		bl	RTE_ProcessCyclicTable
  42              	.LVL0:
  68:SourceFiles\asw/tsk_input.c **** 	
  69:SourceFiles\asw/tsk_input.c **** 	/* USER CODE START TSK_INPUT_TASKBODY_POST */
  70:SourceFiles\asw/tsk_input.c **** 
  71:SourceFiles\asw/tsk_input.c **** 		/* USER CODE END TSK_INPUT_TASKBODY_POST */
  72:SourceFiles\asw/tsk_input.c **** 
ARM GAS  C:\Users\JASON\AppData\Local\Temp\ccuoi4ZC.s 			page 3


  73:SourceFiles\asw/tsk_input.c **** 	ticktime += 1;
  43              		.loc 1 73 0
  44 000e 2368     		ldr	r3, [r4]
  45 0010 0133     		adds	r3, r3, #1
  46 0012 2360     		str	r3, [r4]
  74:SourceFiles\asw/tsk_input.c **** 	if (ticktime > 0xFFFFFF00) ticktime = 0;
  47              		.loc 1 74 0
  48 0014 13F5807F 		cmn	r3, #256
  49 0018 01D9     		bls	.L1
  50              		.loc 1 74 0 is_stmt 0 discriminator 1
  51 001a 0022     		movs	r2, #0
  52 001c 2260     		str	r2, [r4]
  53              	.L1:
  54 001e 10BD     		pop	{r4, pc}
  55              	.L5:
  56              		.align	2
  57              	.L4:
  58 0020 00000000 		.word	.LANCHOR0
  59 0024 00000000 		.word	.LANCHOR1
  60              		.cfi_endproc
  61              	.LFE110:
  62              		.size	Functsk_input, .-Functsk_input
  63              		.global	RTE_cyclicActivation_tsk_input_size
  64              		.global	RTE_cyclicActivationTable_tsk_input
  65              		.section	.rodata
  66              		.align	2
  67              		.set	.LANCHOR1,. + 0
  68              		.type	RTE_cyclicActivationTable_tsk_input, %object
  69              		.size	RTE_cyclicActivationTable_tsk_input, 8
  70              	RTE_cyclicActivationTable_tsk_input:
  71 0000 00000000 		.word	CLOCK_INPUT__run
  72 0004 3200     		.short	50
  73 0006 0000     		.space	2
  74              		.type	RTE_cyclicActivation_tsk_input_size, %object
  75              		.size	RTE_cyclicActivation_tsk_input_size, 2
  76              	RTE_cyclicActivation_tsk_input_size:
  77 0008 0100     		.short	1
  78              		.bss
  79              		.align	2
  80              		.set	.LANCHOR0,. + 0
  81              		.type	ticktime.6467, %object
  82              		.size	ticktime.6467, 4
  83              	ticktime.6467:
  84 0000 00000000 		.space	4
  85              		.text
  86              	.Letext0:
  87              		.file 2 "c:\\program files (x86)\\cypress\\psoc creator\\4.4\\psoc creator\\import\\gnu\\arm\\5.4.
  88              		.file 3 "c:\\program files (x86)\\cypress\\psoc creator\\4.4\\psoc creator\\import\\gnu\\arm\\5.4.
  89              		.file 4 "Generated_Source\\PSoC5/ErikaOS_common_ee_types.inc"
  90              		.file 5 "Generated_Source\\PSoC5/ErikaOS_cortex_mx_ee_cpu.inc"
  91              		.file 6 "Generated_Source\\PSoC5/ErikaOS_ee_oo_common.inc"
  92              		.file 7 ".\\SourceFiles\\rte/rte_types.h"
  93              		.file 8 ".\\SourceFiles\\rte/rte.h"
  94              		.file 9 "Generated_Source\\PSoC5/ErikaOS_ee_oo_intfunc.inc"
  95              		.file 10 "Generated_Source\\PSoC5/ErikaOS_cortex_mx_ee_context.inc"
  96              		.file 11 "Generated_Source\\PSoC5/ErikaOS_common_ee_primitives.inc"
  97              		.file 12 "Generated_Source\\PSoC5/core_cm3.h"
ARM GAS  C:\Users\JASON\AppData\Local\Temp\ccuoi4ZC.s 			page 4


  98              		.section	.debug_info,"",%progbits
  99              	.Ldebug_info0:
 100 0000 36020000 		.4byte	0x236
 101 0004 0400     		.2byte	0x4
 102 0006 00000000 		.4byte	.Ldebug_abbrev0
 103 000a 04       		.byte	0x4
 104 000b 01       		.uleb128 0x1
 105 000c 92000000 		.4byte	.LASF38
 106 0010 0C       		.byte	0xc
 107 0011 76000000 		.4byte	.LASF39
 108 0015 D9020000 		.4byte	.LASF40
 109 0019 00000000 		.4byte	.Ldebug_ranges0+0
 110 001d 00000000 		.4byte	0
 111 0021 00000000 		.4byte	.Ldebug_line0
 112 0025 02       		.uleb128 0x2
 113 0026 01       		.byte	0x1
 114 0027 06       		.byte	0x6
 115 0028 BF020000 		.4byte	.LASF0
 116 002c 02       		.uleb128 0x2
 117 002d 01       		.byte	0x1
 118 002e 08       		.byte	0x8
 119 002f C9010000 		.4byte	.LASF1
 120 0033 02       		.uleb128 0x2
 121 0034 02       		.byte	0x2
 122 0035 05       		.byte	0x5
 123 0036 6A020000 		.4byte	.LASF2
 124 003a 03       		.uleb128 0x3
 125 003b 97010000 		.4byte	.LASF4
 126 003f 02       		.byte	0x2
 127 0040 2B       		.byte	0x2b
 128 0041 45000000 		.4byte	0x45
 129 0045 02       		.uleb128 0x2
 130 0046 02       		.byte	0x2
 131 0047 07       		.byte	0x7
 132 0048 3B010000 		.4byte	.LASF3
 133 004c 03       		.uleb128 0x3
 134 004d 00000000 		.4byte	.LASF5
 135 0051 02       		.byte	0x2
 136 0052 3F       		.byte	0x3f
 137 0053 57000000 		.4byte	0x57
 138 0057 02       		.uleb128 0x2
 139 0058 04       		.byte	0x4
 140 0059 05       		.byte	0x5
 141 005a AA020000 		.4byte	.LASF6
 142 005e 03       		.uleb128 0x3
 143 005f AC010000 		.4byte	.LASF7
 144 0063 02       		.byte	0x2
 145 0064 41       		.byte	0x41
 146 0065 69000000 		.4byte	0x69
 147 0069 02       		.uleb128 0x2
 148 006a 04       		.byte	0x4
 149 006b 07       		.byte	0x7
 150 006c 29010000 		.4byte	.LASF8
 151 0070 02       		.uleb128 0x2
 152 0071 08       		.byte	0x8
 153 0072 05       		.byte	0x5
 154 0073 3A020000 		.4byte	.LASF9
ARM GAS  C:\Users\JASON\AppData\Local\Temp\ccuoi4ZC.s 			page 5


 155 0077 02       		.uleb128 0x2
 156 0078 08       		.byte	0x8
 157 0079 07       		.byte	0x7
 158 007a FF010000 		.4byte	.LASF10
 159 007e 04       		.uleb128 0x4
 160 007f 04       		.byte	0x4
 161 0080 05       		.byte	0x5
 162 0081 696E7400 		.ascii	"int\000"
 163 0085 02       		.uleb128 0x2
 164 0086 04       		.byte	0x4
 165 0087 07       		.byte	0x7
 166 0088 D7010000 		.4byte	.LASF11
 167 008c 03       		.uleb128 0x3
 168 008d 74020000 		.4byte	.LASF12
 169 0091 03       		.byte	0x3
 170 0092 24       		.byte	0x24
 171 0093 3A000000 		.4byte	0x3a
 172 0097 03       		.uleb128 0x3
 173 0098 29020000 		.4byte	.LASF13
 174 009c 03       		.byte	0x3
 175 009d 2C       		.byte	0x2c
 176 009e 4C000000 		.4byte	0x4c
 177 00a2 03       		.uleb128 0x3
 178 00a3 A1020000 		.4byte	.LASF14
 179 00a7 03       		.byte	0x3
 180 00a8 30       		.byte	0x30
 181 00a9 5E000000 		.4byte	0x5e
 182 00ad 02       		.uleb128 0x2
 183 00ae 04       		.byte	0x4
 184 00af 04       		.byte	0x4
 185 00b0 4D000000 		.4byte	.LASF15
 186 00b4 02       		.uleb128 0x2
 187 00b5 08       		.byte	0x8
 188 00b6 04       		.byte	0x4
 189 00b7 18000000 		.4byte	.LASF16
 190 00bb 02       		.uleb128 0x2
 191 00bc 01       		.byte	0x1
 192 00bd 08       		.byte	0x8
 193 00be 48020000 		.4byte	.LASF17
 194 00c2 02       		.uleb128 0x2
 195 00c3 08       		.byte	0x8
 196 00c4 04       		.byte	0x4
 197 00c5 B3020000 		.4byte	.LASF18
 198 00c9 03       		.uleb128 0x3
 199 00ca 20010000 		.4byte	.LASF19
 200 00ce 04       		.byte	0x4
 201 00cf 53       		.byte	0x53
 202 00d0 7E000000 		.4byte	0x7e
 203 00d4 03       		.uleb128 0x3
 204 00d5 EC010000 		.4byte	.LASF20
 205 00d9 04       		.byte	0x4
 206 00da 54       		.byte	0x54
 207 00db 85000000 		.4byte	0x85
 208 00df 03       		.uleb128 0x3
 209 00e0 4D020000 		.4byte	.LASF21
 210 00e4 05       		.byte	0x5
 211 00e5 4D       		.byte	0x4d
ARM GAS  C:\Users\JASON\AppData\Local\Temp\ccuoi4ZC.s 			page 6


 212 00e6 D4000000 		.4byte	0xd4
 213 00ea 03       		.uleb128 0x3
 214 00eb E4010000 		.4byte	.LASF22
 215 00ef 05       		.byte	0x5
 216 00f0 4F       		.byte	0x4f
 217 00f1 D4000000 		.4byte	0xd4
 218 00f5 03       		.uleb128 0x3
 219 00f6 38000000 		.4byte	.LASF23
 220 00fa 05       		.byte	0x5
 221 00fb 78       		.byte	0x78
 222 00fc C9000000 		.4byte	0xc9
 223 0100 05       		.uleb128 0x5
 224 0101 0A000000 		.4byte	.LASF24
 225 0105 06       		.byte	0x6
 226 0106 2C02     		.2byte	0x22c
 227 0108 DF000000 		.4byte	0xdf
 228 010c 02       		.uleb128 0x2
 229 010d 04       		.byte	0x4
 230 010e 07       		.byte	0x7
 231 010f 31020000 		.4byte	.LASF25
 232 0113 03       		.uleb128 0x3
 233 0114 A2010000 		.4byte	.LASF26
 234 0118 07       		.byte	0x7
 235 0119 21       		.byte	0x21
 236 011a 00010000 		.4byte	0x100
 237 011e 03       		.uleb128 0x3
 238 011f CB020000 		.4byte	.LASF27
 239 0123 08       		.byte	0x8
 240 0124 66       		.byte	0x66
 241 0125 29010000 		.4byte	0x129
 242 0129 06       		.uleb128 0x6
 243 012a 04       		.byte	0x4
 244 012b 2F010000 		.4byte	0x12f
 245 012f 07       		.uleb128 0x7
 246 0130 3A010000 		.4byte	0x13a
 247 0134 08       		.uleb128 0x8
 248 0135 13010000 		.4byte	0x113
 249 0139 00       		.byte	0
 250 013a 09       		.uleb128 0x9
 251 013b 08       		.byte	0x8
 252 013c 08       		.byte	0x8
 253 013d 6B       		.byte	0x6b
 254 013e 5B010000 		.4byte	0x15b
 255 0142 0A       		.uleb128 0xa
 256 0143 72756E00 		.ascii	"run\000"
 257 0147 08       		.byte	0x8
 258 0148 6D       		.byte	0x6d
 259 0149 1E010000 		.4byte	0x11e
 260 014d 00       		.byte	0
 261 014e 0B       		.uleb128 0xb
 262 014f 6C000000 		.4byte	.LASF28
 263 0153 08       		.byte	0x8
 264 0154 6E       		.byte	0x6e
 265 0155 8C000000 		.4byte	0x8c
 266 0159 04       		.byte	0x4
 267 015a 00       		.byte	0
 268 015b 03       		.uleb128 0x3
ARM GAS  C:\Users\JASON\AppData\Local\Temp\ccuoi4ZC.s 			page 7


 269 015c B7010000 		.4byte	.LASF29
 270 0160 08       		.byte	0x8
 271 0161 6F       		.byte	0x6f
 272 0162 3A010000 		.4byte	0x13a
 273 0166 0C       		.uleb128 0xc
 274 0167 3F000000 		.4byte	.LASF41
 275 016b 01       		.byte	0x1
 276 016c 39       		.byte	0x39
 277 016d 00000000 		.4byte	.LFB110
 278 0171 28000000 		.4byte	.LFE110-.LFB110
 279 0175 01       		.uleb128 0x1
 280 0176 9C       		.byte	0x9c
 281 0177 A5010000 		.4byte	0x1a5
 282 017b 0D       		.uleb128 0xd
 283 017c F6010000 		.4byte	.LASF42
 284 0180 01       		.byte	0x1
 285 0181 3C       		.byte	0x3c
 286 0182 A2000000 		.4byte	0xa2
 287 0186 05       		.uleb128 0x5
 288 0187 03       		.byte	0x3
 289 0188 00000000 		.4byte	ticktime.6467
 290 018c 0E       		.uleb128 0xe
 291 018d 0E000000 		.4byte	.LVL0
 292 0191 2E020000 		.4byte	0x22e
 293 0195 0F       		.uleb128 0xf
 294 0196 01       		.uleb128 0x1
 295 0197 50       		.byte	0x50
 296 0198 05       		.uleb128 0x5
 297 0199 03       		.byte	0x3
 298 019a 00000000 		.4byte	.LANCHOR1
 299 019e 0F       		.uleb128 0xf
 300 019f 01       		.uleb128 0x1
 301 01a0 51       		.byte	0x51
 302 01a1 01       		.uleb128 0x1
 303 01a2 31       		.byte	0x31
 304 01a3 00       		.byte	0
 305 01a4 00       		.byte	0
 306 01a5 10       		.uleb128 0x10
 307 01a6 4E010000 		.4byte	.LASF30
 308 01aa 09       		.byte	0x9
 309 01ab 40       		.byte	0x40
 310 01ac DF000000 		.4byte	0xdf
 311 01b0 10       		.uleb128 0x10
 312 01b1 1F000000 		.4byte	.LASF31
 313 01b5 09       		.byte	0x9
 314 01b6 47       		.byte	0x47
 315 01b7 EA000000 		.4byte	0xea
 316 01bb 10       		.uleb128 0x10
 317 01bc 16020000 		.4byte	.LASF32
 318 01c0 09       		.byte	0x9
 319 01c1 4A       		.byte	0x4a
 320 01c2 DF000000 		.4byte	0xdf
 321 01c6 10       		.uleb128 0x10
 322 01c7 53000000 		.4byte	.LASF33
 323 01cb 0A       		.byte	0xa
 324 01cc 48       		.byte	0x48
 325 01cd F5000000 		.4byte	0xf5
ARM GAS  C:\Users\JASON\AppData\Local\Temp\ccuoi4ZC.s 			page 8


 326 01d1 10       		.uleb128 0x10
 327 01d2 55020000 		.4byte	.LASF34
 328 01d6 0B       		.byte	0xb
 329 01d7 44       		.byte	0x44
 330 01d8 DF000000 		.4byte	0xdf
 331 01dc 11       		.uleb128 0x11
 332 01dd 8A010000 		.4byte	.LASF35
 333 01e1 0C       		.byte	0xc
 334 01e2 1207     		.2byte	0x712
 335 01e4 E8010000 		.4byte	0x1e8
 336 01e8 12       		.uleb128 0x12
 337 01e9 97000000 		.4byte	0x97
 338 01ed 13       		.uleb128 0x13
 339 01ee FD010000 		.4byte	0x1fd
 340 01f2 FD010000 		.4byte	0x1fd
 341 01f6 14       		.uleb128 0x14
 342 01f7 0C010000 		.4byte	0x10c
 343 01fb 00       		.byte	0
 344 01fc 00       		.byte	0
 345 01fd 15       		.uleb128 0x15
 346 01fe 5B010000 		.4byte	0x15b
 347 0202 16       		.uleb128 0x16
 348 0203 66010000 		.4byte	.LASF36
 349 0207 01       		.byte	0x1
 350 0208 23       		.byte	0x23
 351 0209 13020000 		.4byte	0x213
 352 020d 05       		.uleb128 0x5
 353 020e 03       		.byte	0x3
 354 020f 00000000 		.4byte	RTE_cyclicActivationTable_tsk_input
 355 0213 15       		.uleb128 0x15
 356 0214 ED010000 		.4byte	0x1ed
 357 0218 16       		.uleb128 0x16
 358 0219 7D020000 		.4byte	.LASF37
 359 021d 01       		.byte	0x1
 360 021e 26       		.byte	0x26
 361 021f 29020000 		.4byte	0x229
 362 0223 05       		.uleb128 0x5
 363 0224 03       		.byte	0x3
 364 0225 00000000 		.4byte	RTE_cyclicActivation_tsk_input_size
 365 0229 15       		.uleb128 0x15
 366 022a 8C000000 		.4byte	0x8c
 367 022e 17       		.uleb128 0x17
 368 022f 30030000 		.4byte	.LASF43
 369 0233 30030000 		.4byte	.LASF43
 370 0237 08       		.byte	0x8
 371 0238 8E       		.byte	0x8e
 372 0239 00       		.byte	0
 373              		.section	.debug_abbrev,"",%progbits
 374              	.Ldebug_abbrev0:
 375 0000 01       		.uleb128 0x1
 376 0001 11       		.uleb128 0x11
 377 0002 01       		.byte	0x1
 378 0003 25       		.uleb128 0x25
 379 0004 0E       		.uleb128 0xe
 380 0005 13       		.uleb128 0x13
 381 0006 0B       		.uleb128 0xb
 382 0007 03       		.uleb128 0x3
ARM GAS  C:\Users\JASON\AppData\Local\Temp\ccuoi4ZC.s 			page 9


 383 0008 0E       		.uleb128 0xe
 384 0009 1B       		.uleb128 0x1b
 385 000a 0E       		.uleb128 0xe
 386 000b 55       		.uleb128 0x55
 387 000c 17       		.uleb128 0x17
 388 000d 11       		.uleb128 0x11
 389 000e 01       		.uleb128 0x1
 390 000f 10       		.uleb128 0x10
 391 0010 17       		.uleb128 0x17
 392 0011 00       		.byte	0
 393 0012 00       		.byte	0
 394 0013 02       		.uleb128 0x2
 395 0014 24       		.uleb128 0x24
 396 0015 00       		.byte	0
 397 0016 0B       		.uleb128 0xb
 398 0017 0B       		.uleb128 0xb
 399 0018 3E       		.uleb128 0x3e
 400 0019 0B       		.uleb128 0xb
 401 001a 03       		.uleb128 0x3
 402 001b 0E       		.uleb128 0xe
 403 001c 00       		.byte	0
 404 001d 00       		.byte	0
 405 001e 03       		.uleb128 0x3
 406 001f 16       		.uleb128 0x16
 407 0020 00       		.byte	0
 408 0021 03       		.uleb128 0x3
 409 0022 0E       		.uleb128 0xe
 410 0023 3A       		.uleb128 0x3a
 411 0024 0B       		.uleb128 0xb
 412 0025 3B       		.uleb128 0x3b
 413 0026 0B       		.uleb128 0xb
 414 0027 49       		.uleb128 0x49
 415 0028 13       		.uleb128 0x13
 416 0029 00       		.byte	0
 417 002a 00       		.byte	0
 418 002b 04       		.uleb128 0x4
 419 002c 24       		.uleb128 0x24
 420 002d 00       		.byte	0
 421 002e 0B       		.uleb128 0xb
 422 002f 0B       		.uleb128 0xb
 423 0030 3E       		.uleb128 0x3e
 424 0031 0B       		.uleb128 0xb
 425 0032 03       		.uleb128 0x3
 426 0033 08       		.uleb128 0x8
 427 0034 00       		.byte	0
 428 0035 00       		.byte	0
 429 0036 05       		.uleb128 0x5
 430 0037 16       		.uleb128 0x16
 431 0038 00       		.byte	0
 432 0039 03       		.uleb128 0x3
 433 003a 0E       		.uleb128 0xe
 434 003b 3A       		.uleb128 0x3a
 435 003c 0B       		.uleb128 0xb
 436 003d 3B       		.uleb128 0x3b
 437 003e 05       		.uleb128 0x5
 438 003f 49       		.uleb128 0x49
 439 0040 13       		.uleb128 0x13
ARM GAS  C:\Users\JASON\AppData\Local\Temp\ccuoi4ZC.s 			page 10


 440 0041 00       		.byte	0
 441 0042 00       		.byte	0
 442 0043 06       		.uleb128 0x6
 443 0044 0F       		.uleb128 0xf
 444 0045 00       		.byte	0
 445 0046 0B       		.uleb128 0xb
 446 0047 0B       		.uleb128 0xb
 447 0048 49       		.uleb128 0x49
 448 0049 13       		.uleb128 0x13
 449 004a 00       		.byte	0
 450 004b 00       		.byte	0
 451 004c 07       		.uleb128 0x7
 452 004d 15       		.uleb128 0x15
 453 004e 01       		.byte	0x1
 454 004f 27       		.uleb128 0x27
 455 0050 19       		.uleb128 0x19
 456 0051 01       		.uleb128 0x1
 457 0052 13       		.uleb128 0x13
 458 0053 00       		.byte	0
 459 0054 00       		.byte	0
 460 0055 08       		.uleb128 0x8
 461 0056 05       		.uleb128 0x5
 462 0057 00       		.byte	0
 463 0058 49       		.uleb128 0x49
 464 0059 13       		.uleb128 0x13
 465 005a 00       		.byte	0
 466 005b 00       		.byte	0
 467 005c 09       		.uleb128 0x9
 468 005d 13       		.uleb128 0x13
 469 005e 01       		.byte	0x1
 470 005f 0B       		.uleb128 0xb
 471 0060 0B       		.uleb128 0xb
 472 0061 3A       		.uleb128 0x3a
 473 0062 0B       		.uleb128 0xb
 474 0063 3B       		.uleb128 0x3b
 475 0064 0B       		.uleb128 0xb
 476 0065 01       		.uleb128 0x1
 477 0066 13       		.uleb128 0x13
 478 0067 00       		.byte	0
 479 0068 00       		.byte	0
 480 0069 0A       		.uleb128 0xa
 481 006a 0D       		.uleb128 0xd
 482 006b 00       		.byte	0
 483 006c 03       		.uleb128 0x3
 484 006d 08       		.uleb128 0x8
 485 006e 3A       		.uleb128 0x3a
 486 006f 0B       		.uleb128 0xb
 487 0070 3B       		.uleb128 0x3b
 488 0071 0B       		.uleb128 0xb
 489 0072 49       		.uleb128 0x49
 490 0073 13       		.uleb128 0x13
 491 0074 38       		.uleb128 0x38
 492 0075 0B       		.uleb128 0xb
 493 0076 00       		.byte	0
 494 0077 00       		.byte	0
 495 0078 0B       		.uleb128 0xb
 496 0079 0D       		.uleb128 0xd
ARM GAS  C:\Users\JASON\AppData\Local\Temp\ccuoi4ZC.s 			page 11


 497 007a 00       		.byte	0
 498 007b 03       		.uleb128 0x3
 499 007c 0E       		.uleb128 0xe
 500 007d 3A       		.uleb128 0x3a
 501 007e 0B       		.uleb128 0xb
 502 007f 3B       		.uleb128 0x3b
 503 0080 0B       		.uleb128 0xb
 504 0081 49       		.uleb128 0x49
 505 0082 13       		.uleb128 0x13
 506 0083 38       		.uleb128 0x38
 507 0084 0B       		.uleb128 0xb
 508 0085 00       		.byte	0
 509 0086 00       		.byte	0
 510 0087 0C       		.uleb128 0xc
 511 0088 2E       		.uleb128 0x2e
 512 0089 01       		.byte	0x1
 513 008a 3F       		.uleb128 0x3f
 514 008b 19       		.uleb128 0x19
 515 008c 03       		.uleb128 0x3
 516 008d 0E       		.uleb128 0xe
 517 008e 3A       		.uleb128 0x3a
 518 008f 0B       		.uleb128 0xb
 519 0090 3B       		.uleb128 0x3b
 520 0091 0B       		.uleb128 0xb
 521 0092 27       		.uleb128 0x27
 522 0093 19       		.uleb128 0x19
 523 0094 11       		.uleb128 0x11
 524 0095 01       		.uleb128 0x1
 525 0096 12       		.uleb128 0x12
 526 0097 06       		.uleb128 0x6
 527 0098 40       		.uleb128 0x40
 528 0099 18       		.uleb128 0x18
 529 009a 9742     		.uleb128 0x2117
 530 009c 19       		.uleb128 0x19
 531 009d 01       		.uleb128 0x1
 532 009e 13       		.uleb128 0x13
 533 009f 00       		.byte	0
 534 00a0 00       		.byte	0
 535 00a1 0D       		.uleb128 0xd
 536 00a2 34       		.uleb128 0x34
 537 00a3 00       		.byte	0
 538 00a4 03       		.uleb128 0x3
 539 00a5 0E       		.uleb128 0xe
 540 00a6 3A       		.uleb128 0x3a
 541 00a7 0B       		.uleb128 0xb
 542 00a8 3B       		.uleb128 0x3b
 543 00a9 0B       		.uleb128 0xb
 544 00aa 49       		.uleb128 0x49
 545 00ab 13       		.uleb128 0x13
 546 00ac 02       		.uleb128 0x2
 547 00ad 18       		.uleb128 0x18
 548 00ae 00       		.byte	0
 549 00af 00       		.byte	0
 550 00b0 0E       		.uleb128 0xe
 551 00b1 898201   		.uleb128 0x4109
 552 00b4 01       		.byte	0x1
 553 00b5 11       		.uleb128 0x11
ARM GAS  C:\Users\JASON\AppData\Local\Temp\ccuoi4ZC.s 			page 12


 554 00b6 01       		.uleb128 0x1
 555 00b7 31       		.uleb128 0x31
 556 00b8 13       		.uleb128 0x13
 557 00b9 00       		.byte	0
 558 00ba 00       		.byte	0
 559 00bb 0F       		.uleb128 0xf
 560 00bc 8A8201   		.uleb128 0x410a
 561 00bf 00       		.byte	0
 562 00c0 02       		.uleb128 0x2
 563 00c1 18       		.uleb128 0x18
 564 00c2 9142     		.uleb128 0x2111
 565 00c4 18       		.uleb128 0x18
 566 00c5 00       		.byte	0
 567 00c6 00       		.byte	0
 568 00c7 10       		.uleb128 0x10
 569 00c8 34       		.uleb128 0x34
 570 00c9 00       		.byte	0
 571 00ca 03       		.uleb128 0x3
 572 00cb 0E       		.uleb128 0xe
 573 00cc 3A       		.uleb128 0x3a
 574 00cd 0B       		.uleb128 0xb
 575 00ce 3B       		.uleb128 0x3b
 576 00cf 0B       		.uleb128 0xb
 577 00d0 49       		.uleb128 0x49
 578 00d1 13       		.uleb128 0x13
 579 00d2 3F       		.uleb128 0x3f
 580 00d3 19       		.uleb128 0x19
 581 00d4 3C       		.uleb128 0x3c
 582 00d5 19       		.uleb128 0x19
 583 00d6 00       		.byte	0
 584 00d7 00       		.byte	0
 585 00d8 11       		.uleb128 0x11
 586 00d9 34       		.uleb128 0x34
 587 00da 00       		.byte	0
 588 00db 03       		.uleb128 0x3
 589 00dc 0E       		.uleb128 0xe
 590 00dd 3A       		.uleb128 0x3a
 591 00de 0B       		.uleb128 0xb
 592 00df 3B       		.uleb128 0x3b
 593 00e0 05       		.uleb128 0x5
 594 00e1 49       		.uleb128 0x49
 595 00e2 13       		.uleb128 0x13
 596 00e3 3F       		.uleb128 0x3f
 597 00e4 19       		.uleb128 0x19
 598 00e5 3C       		.uleb128 0x3c
 599 00e6 19       		.uleb128 0x19
 600 00e7 00       		.byte	0
 601 00e8 00       		.byte	0
 602 00e9 12       		.uleb128 0x12
 603 00ea 35       		.uleb128 0x35
 604 00eb 00       		.byte	0
 605 00ec 49       		.uleb128 0x49
 606 00ed 13       		.uleb128 0x13
 607 00ee 00       		.byte	0
 608 00ef 00       		.byte	0
 609 00f0 13       		.uleb128 0x13
 610 00f1 01       		.uleb128 0x1
ARM GAS  C:\Users\JASON\AppData\Local\Temp\ccuoi4ZC.s 			page 13


 611 00f2 01       		.byte	0x1
 612 00f3 49       		.uleb128 0x49
 613 00f4 13       		.uleb128 0x13
 614 00f5 01       		.uleb128 0x1
 615 00f6 13       		.uleb128 0x13
 616 00f7 00       		.byte	0
 617 00f8 00       		.byte	0
 618 00f9 14       		.uleb128 0x14
 619 00fa 21       		.uleb128 0x21
 620 00fb 00       		.byte	0
 621 00fc 49       		.uleb128 0x49
 622 00fd 13       		.uleb128 0x13
 623 00fe 2F       		.uleb128 0x2f
 624 00ff 0B       		.uleb128 0xb
 625 0100 00       		.byte	0
 626 0101 00       		.byte	0
 627 0102 15       		.uleb128 0x15
 628 0103 26       		.uleb128 0x26
 629 0104 00       		.byte	0
 630 0105 49       		.uleb128 0x49
 631 0106 13       		.uleb128 0x13
 632 0107 00       		.byte	0
 633 0108 00       		.byte	0
 634 0109 16       		.uleb128 0x16
 635 010a 34       		.uleb128 0x34
 636 010b 00       		.byte	0
 637 010c 03       		.uleb128 0x3
 638 010d 0E       		.uleb128 0xe
 639 010e 3A       		.uleb128 0x3a
 640 010f 0B       		.uleb128 0xb
 641 0110 3B       		.uleb128 0x3b
 642 0111 0B       		.uleb128 0xb
 643 0112 49       		.uleb128 0x49
 644 0113 13       		.uleb128 0x13
 645 0114 3F       		.uleb128 0x3f
 646 0115 19       		.uleb128 0x19
 647 0116 02       		.uleb128 0x2
 648 0117 18       		.uleb128 0x18
 649 0118 00       		.byte	0
 650 0119 00       		.byte	0
 651 011a 17       		.uleb128 0x17
 652 011b 2E       		.uleb128 0x2e
 653 011c 00       		.byte	0
 654 011d 3F       		.uleb128 0x3f
 655 011e 19       		.uleb128 0x19
 656 011f 3C       		.uleb128 0x3c
 657 0120 19       		.uleb128 0x19
 658 0121 6E       		.uleb128 0x6e
 659 0122 0E       		.uleb128 0xe
 660 0123 03       		.uleb128 0x3
 661 0124 0E       		.uleb128 0xe
 662 0125 3A       		.uleb128 0x3a
 663 0126 0B       		.uleb128 0xb
 664 0127 3B       		.uleb128 0x3b
 665 0128 0B       		.uleb128 0xb
 666 0129 00       		.byte	0
 667 012a 00       		.byte	0
ARM GAS  C:\Users\JASON\AppData\Local\Temp\ccuoi4ZC.s 			page 14


 668 012b 00       		.byte	0
 669              		.section	.debug_aranges,"",%progbits
 670 0000 1C000000 		.4byte	0x1c
 671 0004 0200     		.2byte	0x2
 672 0006 00000000 		.4byte	.Ldebug_info0
 673 000a 04       		.byte	0x4
 674 000b 00       		.byte	0
 675 000c 0000     		.2byte	0
 676 000e 0000     		.2byte	0
 677 0010 00000000 		.4byte	.LFB110
 678 0014 28000000 		.4byte	.LFE110-.LFB110
 679 0018 00000000 		.4byte	0
 680 001c 00000000 		.4byte	0
 681              		.section	.debug_ranges,"",%progbits
 682              	.Ldebug_ranges0:
 683 0000 00000000 		.4byte	.LFB110
 684 0004 28000000 		.4byte	.LFE110
 685 0008 00000000 		.4byte	0
 686 000c 00000000 		.4byte	0
 687              		.section	.debug_line,"",%progbits
 688              	.Ldebug_line0:
 689 0000 5E020000 		.section	.debug_str,"MS",%progbits,1
 689      02003E02 
 689      00000201 
 689      FB0E0D00 
 689      01010101 
 690              	.LASF5:
 691 0000 5F5F696E 		.ascii	"__int32_t\000"
 691      7433325F 
 691      7400
 692              	.LASF24:
 693 000a 4576656E 		.ascii	"EventMaskType\000"
 693      744D6173 
 693      6B547970 
 693      6500
 694              	.LASF16:
 695 0018 646F7562 		.ascii	"double\000"
 695      6C6500
 696              	.LASF31:
 697 001f 45455F6F 		.ascii	"EE_oo_IRQ_suspend_status\000"
 697      6F5F4952 
 697      515F7375 
 697      7370656E 
 697      645F7374 
 698              	.LASF23:
 699 0038 45455F54 		.ascii	"EE_TID\000"
 699      494400
 700              	.LASF41:
 701 003f 46756E63 		.ascii	"Functsk_input\000"
 701      74736B5F 
 701      696E7075 
 701      7400
 702              	.LASF15:
 703 004d 666C6F61 		.ascii	"float\000"
 703      7400
 704              	.LASF33:
 705 0053 45455F73 		.ascii	"EE_std_endcycle_next_tid\000"
ARM GAS  C:\Users\JASON\AppData\Local\Temp\ccuoi4ZC.s 			page 15


 705      74645F65 
 705      6E646379 
 705      636C655F 
 705      6E657874 
 706              	.LASF28:
 707 006c 6379636C 		.ascii	"cycleTime\000"
 707      6554696D 
 707      6500
 708              	.LASF39:
 709 0076 536F7572 		.ascii	"SourceFiles\\asw\\tsk_input.c\000"
 709      63654669 
 709      6C65735C 
 709      6173775C 
 709      74736B5F 
 710              	.LASF38:
 711 0092 474E5520 		.ascii	"GNU C11 5.4.1 20160609 (release) [ARM/embedded-5-br"
 711      43313120 
 711      352E342E 
 711      31203230 
 711      31363036 
 712 00c5 616E6368 		.ascii	"anch revision 237715] -mcpu=cortex-m3 -mthumb -g -O"
 712      20726576 
 712      6973696F 
 712      6E203233 
 712      37373135 
 713 00f8 67202D66 		.ascii	"g -ffunction-sections -ffat-lto-objects\000"
 713      66756E63 
 713      74696F6E 
 713      2D736563 
 713      74696F6E 
 714              	.LASF19:
 715 0120 45455F49 		.ascii	"EE_INT32\000"
 715      4E543332 
 715      00
 716              	.LASF8:
 717 0129 6C6F6E67 		.ascii	"long unsigned int\000"
 717      20756E73 
 717      69676E65 
 717      6420696E 
 717      7400
 718              	.LASF3:
 719 013b 73686F72 		.ascii	"short unsigned int\000"
 719      7420756E 
 719      7369676E 
 719      65642069 
 719      6E7400
 720              	.LASF30:
 721 014e 45455F6F 		.ascii	"EE_oo_IRQ_disable_count\000"
 721      6F5F4952 
 721      515F6469 
 721      7361626C 
 721      655F636F 
 722              	.LASF36:
 723 0166 5254455F 		.ascii	"RTE_cyclicActivationTable_tsk_input\000"
 723      6379636C 
 723      69634163 
 723      74697661 
ARM GAS  C:\Users\JASON\AppData\Local\Temp\ccuoi4ZC.s 			page 16


 723      74696F6E 
 724              	.LASF35:
 725 018a 49544D5F 		.ascii	"ITM_RxBuffer\000"
 725      52784275 
 725      66666572 
 725      00
 726              	.LASF4:
 727 0197 5F5F7569 		.ascii	"__uint16_t\000"
 727      6E743136 
 727      5F7400
 728              	.LASF26:
 729 01a2 5254455F 		.ascii	"RTE_event\000"
 729      6576656E 
 729      7400
 730              	.LASF7:
 731 01ac 5F5F7569 		.ascii	"__uint32_t\000"
 731      6E743332 
 731      5F7400
 732              	.LASF29:
 733 01b7 5254455F 		.ascii	"RTE_cyclicTable_t\000"
 733      6379636C 
 733      69635461 
 733      626C655F 
 733      7400
 734              	.LASF1:
 735 01c9 756E7369 		.ascii	"unsigned char\000"
 735      676E6564 
 735      20636861 
 735      7200
 736              	.LASF11:
 737 01d7 756E7369 		.ascii	"unsigned int\000"
 737      676E6564 
 737      20696E74 
 737      00
 738              	.LASF22:
 739 01e4 45455F46 		.ascii	"EE_FREG\000"
 739      52454700 
 740              	.LASF20:
 741 01ec 45455F55 		.ascii	"EE_UINT32\000"
 741      494E5433 
 741      3200
 742              	.LASF42:
 743 01f6 7469636B 		.ascii	"ticktime\000"
 743      74696D65 
 743      00
 744              	.LASF10:
 745 01ff 6C6F6E67 		.ascii	"long long unsigned int\000"
 745      206C6F6E 
 745      6720756E 
 745      7369676E 
 745      65642069 
 746              	.LASF32:
 747 0216 45455F41 		.ascii	"EE_ApplicationMode\000"
 747      70706C69 
 747      63617469 
 747      6F6E4D6F 
 747      646500
ARM GAS  C:\Users\JASON\AppData\Local\Temp\ccuoi4ZC.s 			page 17


 748              	.LASF13:
 749 0229 696E7433 		.ascii	"int32_t\000"
 749      325F7400 
 750              	.LASF25:
 751 0231 73697A65 		.ascii	"sizetype\000"
 751      74797065 
 751      00
 752              	.LASF9:
 753 023a 6C6F6E67 		.ascii	"long long int\000"
 753      206C6F6E 
 753      6720696E 
 753      7400
 754              	.LASF17:
 755 0248 63686172 		.ascii	"char\000"
 755      00
 756              	.LASF21:
 757 024d 45455F55 		.ascii	"EE_UREG\000"
 757      52454700 
 758              	.LASF34:
 759 0255 45455F49 		.ascii	"EE_IRQ_nesting_level\000"
 759      52515F6E 
 759      65737469 
 759      6E675F6C 
 759      6576656C 
 760              	.LASF2:
 761 026a 73686F72 		.ascii	"short int\000"
 761      7420696E 
 761      7400
 762              	.LASF12:
 763 0274 75696E74 		.ascii	"uint16_t\000"
 763      31365F74 
 763      00
 764              	.LASF37:
 765 027d 5254455F 		.ascii	"RTE_cyclicActivation_tsk_input_size\000"
 765      6379636C 
 765      69634163 
 765      74697661 
 765      74696F6E 
 766              	.LASF14:
 767 02a1 75696E74 		.ascii	"uint32_t\000"
 767      33325F74 
 767      00
 768              	.LASF6:
 769 02aa 6C6F6E67 		.ascii	"long int\000"
 769      20696E74 
 769      00
 770              	.LASF18:
 771 02b3 6C6F6E67 		.ascii	"long double\000"
 771      20646F75 
 771      626C6500 
 772              	.LASF0:
 773 02bf 7369676E 		.ascii	"signed char\000"
 773      65642063 
 773      68617200 
 774              	.LASF27:
 775 02cb 5254455F 		.ascii	"RTE_pRunnable\000"
 775      7052756E 
ARM GAS  C:\Users\JASON\AppData\Local\Temp\ccuoi4ZC.s 			page 18


 775      6E61626C 
 775      6500
 776              	.LASF40:
 777 02d9 433A5C4A 		.ascii	"C:\\Jason\\EIT\\Semester_02\\01_EAA\\Lab\\Assignmen"
 777      61736F6E 
 777      5C454954 
 777      5C53656D 
 777      65737465 
 778 0306 745F325C 		.ascii	"t_2\\ElectronicClock\\ElectronicClock.cydsn\000"
 778      456C6563 
 778      74726F6E 
 778      6963436C 
 778      6F636B5C 
 779              	.LASF43:
 780 0330 5254455F 		.ascii	"RTE_ProcessCyclicTable\000"
 780      50726F63 
 780      65737343 
 780      79636C69 
 780      63546162 
 781              		.ident	"GCC: (GNU Tools for ARM Embedded Processors) 5.4.1 20160609 (release) [ARM/embedded-5-bran
