--------------- Build Started: 07/02/2022 00:53:00 Project: ElectronicClock, Configuration: ARM GCC 5.4-2016-q2-update Debug ---------------
The code generation step is up to date.
arm-none-eabi-gcc.exe -mcpu=cortex-m3 -mthumb -I.\SourceFiles\asw -I.\SourceFiles\bsw -I.\SourceFiles\bsw\LabBoard -I.\SourceFiles\bsw\Services -I.\SourceFiles\bsw\tft -I.\SourceFiles\bsw\tft\fonts -I.\SourceFiles\rte -I. -IGenerated_Source\PSoC5 -Wa,-alh=.\CortexM3\ARM_GCC_541\Debug/main.lst -g -D DEBUG -D CY_CORE_ID=0 -Wall -ffunction-sections -ffat-lto-objects -Og -c SourceFiles\asw\main.c -o .\CortexM3\ARM_GCC_541\Debug\main.o
In file included from .\SourceFiles\rte/sp_common.h:21:0,
                 from SourceFiles\asw\main.c:18:
.\SourceFiles\rte/sc_clock.h: In function 'RTE_SC_CLOCK_setStatus':
.\SourceFiles\rte/sc_clock.h:211:11: warning: comparison between pointer and integer
   if (NULL!=signal->pSigCfg->evOnError && NULL != pTaskArray){
           ^
.\SourceFiles\rte/sc_clock.h: In function 'RTE_SC_CLOCK_set':
.\SourceFiles\rte/sc_clock.h:313:12: warning: comparison between pointer and integer
    if (NULL!=signal->pSigCfg->evOnUpdate && NULL != pTaskArray){
            ^
In file included from .\SourceFiles\rte/sp_common.h:22:0,
                 from SourceFiles\asw\main.c:18:
.\SourceFiles\rte/sc_event.h: In function 'RTE_SC_EVENT_setStatus':
.\SourceFiles\rte/sc_event.h:211:11: warning: comparison between pointer and integer
   if (NULL!=signal->pSigCfg->evOnError && NULL != pTaskArray){
           ^
.\SourceFiles\rte/sc_event.h: In function 'RTE_SC_EVENT_set':
.\SourceFiles\rte/sc_event.h:313:12: warning: comparison between pointer and integer
    if (NULL!=signal->pSigCfg->evOnUpdate && NULL != pTaskArray){
            ^
arm-none-eabi-gcc.exe -mcpu=cortex-m3 -mthumb -I.\SourceFiles\asw -I.\SourceFiles\bsw -I.\SourceFiles\bsw\LabBoard -I.\SourceFiles\bsw\Services -I.\SourceFiles\bsw\tft -I.\SourceFiles\bsw\tft\fonts -I.\SourceFiles\rte -I. -IGenerated_Source\PSoC5 -Wa,-alh=.\CortexM3\ARM_GCC_541\Debug/swc_clock_control.lst -g -D DEBUG -D CY_CORE_ID=0 -Wall -ffunction-sections -ffat-lto-objects -Og -c SourceFiles\asw\swc_clock_control.c -o .\CortexM3\ARM_GCC_541\Debug\swc_clock_control.o
In file included from SourceFiles\asw\swc_clock_control.c:22:0:
.\SourceFiles\rte/sc_clock.h: In function 'RTE_SC_CLOCK_setStatus':
.\SourceFiles\rte/sc_clock.h:211:11: warning: comparison between pointer and integer
   if (NULL!=signal->pSigCfg->evOnError && NULL != pTaskArray){
           ^
.\SourceFiles\rte/sc_clock.h: In function 'RTE_SC_CLOCK_set':
.\SourceFiles\rte/sc_clock.h:313:12: warning: comparison between pointer and integer
    if (NULL!=signal->pSigCfg->evOnUpdate && NULL != pTaskArray){
            ^
In file included from SourceFiles\asw\swc_clock_control.c:23:0:
.\SourceFiles\rte/sc_event.h: In function 'RTE_SC_EVENT_setStatus':
.\SourceFiles\rte/sc_event.h:211:11: warning: comparison between pointer and integer
   if (NULL!=signal->pSigCfg->evOnError && NULL != pTaskArray){
           ^
.\SourceFiles\rte/sc_event.h: In function 'RTE_SC_EVENT_set':
.\SourceFiles\rte/sc_event.h:313:12: warning: comparison between pointer and integer
    if (NULL!=signal->pSigCfg->evOnUpdate && NULL != pTaskArray){
            ^
SourceFiles\asw\swc_clock_control.c: In function 'CLOCK_CONTROL__run':
SourceFiles\asw\swc_clock_control.c:255:14: warning: unused variable 'result' [-Wunused-variable]
         RC_t result = STATE_processEvent(   CLOCK_Container_Transitions, CLOCK_Container_Transitions_Size,
              ^
SourceFiles\asw\swc_clock_control.c: In function 'CLOCK__dispatch_wrapper':
SourceFiles\asw\swc_clock_control.c:370:14: warning: unused variable 'result' [-Wunused-variable]
         RC_t result = STATE_processEvent(   CLOCK_Widget_Transitions, CLOCK_Widget_Transitions_Size,
              ^
SourceFiles\asw\swc_clock_control.c:387:14: warning: unused variable 'result' [-Wunused-variable]
         RC_t result = STATE_processEvent(   CLOCK_Widget_Transitions, CLOCK_Widget_Transitions_Size,
              ^
arm-none-eabi-ar.exe -rs .\CortexM3\ARM_GCC_541\Debug\ElectronicClock.a .\CortexM3\ARM_GCC_541\Debug\ErikaOS_ee_activate.o .\CortexM3\ARM_GCC_541\Debug\ErikaOS_ee_alcancel.o .\CortexM3\ARM_GCC_541\Debug\ErikaOS_ee_alget.o .\CortexM3\ARM_GCC_541\Debug\ErikaOS_ee_algetbase.o .\CortexM3\ARM_GCC_541\Debug\ErikaOS_ee_alsetabs.o .\CortexM3\ARM_GCC_541\Debug\ErikaOS_ee_alsetrel.o .\CortexM3\ARM_GCC_541\Debug\ErikaOS_ee_altick.o .\CortexM3\ARM_GCC_541\Debug\ErikaOS_ee_chaintas.o .\CortexM3\ARM_GCC_541\Debug\ErikaOS_ee_evclear.o .\CortexM3\ARM_GCC_541\Debug\ErikaOS_ee_evget.o .\CortexM3\ARM_GCC_541\Debug\ErikaOS_ee_evset.o .\CortexM3\ARM_GCC_541\Debug\ErikaOS_ee_evwait.o .\CortexM3\ARM_GCC_541\Debug\ErikaOS_ee_force_schedule.o .\CortexM3\ARM_GCC_541\Debug\ErikaOS_ee_getcountervalue.o .\CortexM3\ARM_GCC_541\Debug\ErikaOS_ee_getelapsedvalue.o .\CortexM3\ARM_GCC_541\Debug\ErikaOS_ee_gettaskid.o .\CortexM3\ARM_GCC_541\Debug\ErikaOS_ee_gettaskstate.o .\CortexM3\ARM_GCC_541\Debug\ErikaOS_ee_iparam.o .\CortexM3\ARM_GCC_541\Debug\ErikaOS_ee_irqendin.o .\CortexM3\ARM_GCC_541\Debug\ErikaOS_ee_lockres.o .\CortexM3\ARM_GCC_541\Debug\ErikaOS_ee_lookup.o .\CortexM3\ARM_GCC_541\Debug\ErikaOS_ee_rq_exchg.o .\CortexM3\ARM_GCC_541\Debug\ErikaOS_ee_rq_first.o .\CortexM3\ARM_GCC_541\Debug\ErikaOS_ee_rq_inser.o .\CortexM3\ARM_GCC_541\Debug\ErikaOS_ee_schedule.o .\CortexM3\ARM_GCC_541\Debug\ErikaOS_ee_semgetvalue.o .\CortexM3\ARM_GCC_541\Debug\ErikaOS_ee_sempost.o .\CortexM3\ARM_GCC_541\Debug\ErikaOS_ee_semtrywait.o .\CortexM3\ARM_GCC_541\Debug\ErikaOS_ee_semwait.o .\CortexM3\ARM_GCC_541\Debug\ErikaOS_ee_shtdown.o .\CortexM3\ARM_GCC_541\Debug\ErikaOS_ee_startos.o .\CortexM3\ARM_GCC_541\Debug\ErikaOS_ee_terminat.o .\CortexM3\ARM_GCC_541\Debug\ErikaOS_ee_thendin.o .\CortexM3\ARM_GCC_541\Debug\ErikaOS_ee_tnterm.o .\CortexM3\ARM_GCC_541\Debug\ErikaOS_ee_tstub.o .\CortexM3\ARM_GCC_541\Debug\ErikaOS_ee_ulockallres.o .\CortexM3\ARM_GCC_541\Debug\ErikaOS_ee_ulockres.o .\CortexM3\ARM_GCC_541\Debug\ErikaOS_cortex_mx_ee_context.o .\CortexM3\ARM_GCC_541\Debug\ErikaOS_cortex_mx_ee_system_timer.o .\CortexM3\ARM_GCC_541\Debug\ErikaOS_cortex_mx_ee_utils.o .\CortexM3\ARM_GCC_541\Debug\ErikaOS_common_ee_hal_structs.o .\CortexM3\ARM_GCC_541\Debug\ErikaOS_eecfg.o .\CortexM3\ARM_GCC_541\Debug\UART_LOG.o .\CortexM3\ARM_GCC_541\Debug\UART_LOG_PM.o .\CortexM3\ARM_GCC_541\Debug\UART_LOG_INT.o .\CortexM3\ARM_GCC_541\Debug\UART_LOG_BOOT.o .\CortexM3\ARM_GCC_541\Debug\TFT_SPI.o .\CortexM3\ARM_GCC_541\Debug\TFT_SPI_PM.o .\CortexM3\ARM_GCC_541\Debug\TFT_SPI_INT.o .\CortexM3\ARM_GCC_541\Debug\TFT_SCL.o .\CortexM3\ARM_GCC_541\Debug\TFT_DC.o .\CortexM3\ARM_GCC_541\Debug\TFT_RES.o .\CortexM3\ARM_GCC_541\Debug\TFT_CS.o .\CortexM3\ARM_GCC_541\Debug\TFT_LED.o .\CortexM3\ARM_GCC_541\Debug\TFT_SDA.o .\CortexM3\ARM_GCC_541\Debug\TFT_BackLight.o .\CortexM3\ARM_GCC_541\Debug\TFT_BackLight_PM.o .\CortexM3\ARM_GCC_541\Debug\CLK_LED.o .\CortexM3\ARM_GCC_541\Debug\UART_LOG_IntClock.o .\CortexM3\ARM_GCC_541\Debug\TFT_SPI_IntClock.o .\CortexM3\ARM_GCC_541\Debug\CyDmac.o .\CortexM3\ARM_GCC_541\Debug\CyFlash.o .\CortexM3\ARM_GCC_541\Debug\CyLib.o .\CortexM3\ARM_GCC_541\Debug\cyPm.o .\CortexM3\ARM_GCC_541\Debug\CySpc.o .\CortexM3\ARM_GCC_541\Debug\cyutils.o .\CortexM3\ARM_GCC_541\Debug\cy_em_eeprom.o .\CortexM3\ARM_GCC_541\Debug\button_1.o .\CortexM3\ARM_GCC_541\Debug\button_2.o .\CortexM3\ARM_GCC_541\Debug\button_3.o .\CortexM3\ARM_GCC_541\Debug\button_4.o .\CortexM3\ARM_GCC_541\Debug\isr_ButtonRight.o .\CortexM3\ARM_GCC_541\Debug\isr_ButtonLeft.o .\CortexM3\ARM_GCC_541\Debug\ErikaOS_ee_gnu_change_context_isr.o .\CortexM3\ARM_GCC_541\Debug\ErikaOS_ee_gnu_irq_stack.o .\CortexM3\ARM_GCC_541\Debug\ErikaOS_ee_gnu_multi_context.o .\CortexM3\ARM_GCC_541\Debug\ErikaOS_ee_gnu_oo.o .\CortexM3\ARM_GCC_541\Debug\CyBootAsmGnu.o
arm-none-eabi-ar.exe: creating .\CortexM3\ARM_GCC_541\Debug\ElectronicClock.a
arm-none-eabi-gcc.exe -Wl,--start-group -o C:\Jason\EIT\Semester_02\01_EAA\Lab\Assignment_2\ElectronicClock\ElectronicClock.cydsn\CortexM3\ARM_GCC_541\Debug\ElectronicClock.elf .\CortexM3\ARM_GCC_541\Debug\main.o .\CortexM3\ARM_GCC_541\Debug\tsk_background.o .\CortexM3\ARM_GCC_541\Debug\swc_clock_control.o .\CortexM3\ARM_GCC_541\Debug\swc_clock_display.o .\CortexM3\ARM_GCC_541\Debug\swc_clock_input.o .\CortexM3\ARM_GCC_541\Debug\tsk_control.o .\CortexM3\ARM_GCC_541\Debug\tsk_display.o .\CortexM3\ARM_GCC_541\Debug\tsk_input.o .\CortexM3\ARM_GCC_541\Debug\tsk_system.o .\CortexM3\ARM_GCC_541\Debug\clock_statemachine.o .\CortexM3\ARM_GCC_541\Debug\button.o .\CortexM3\ARM_GCC_541\Debug\logging.o .\CortexM3\ARM_GCC_541\Debug\tft.o .\CortexM3\ARM_GCC_541\Debug\intToASCII.o .\CortexM3\ARM_GCC_541\Debug\rte.o .\CortexM3\ARM_GCC_541\Debug\sc_clock.o .\CortexM3\ARM_GCC_541\Debug\sc_event.o .\CortexM3\ARM_GCC_541\Debug\sc_event_type.o .\CortexM3\ARM_GCC_541\Debug\sp_common.o .\CortexM3\ARM_GCC_541\Debug\sc_clock_type.o .\CortexM3\ARM_GCC_541\Debug\cyfitter_cfg.o .\CortexM3\ARM_GCC_541\Debug\cymetadata.o .\CortexM3\ARM_GCC_541\Debug\Cm3Start.o .\CortexM3\ARM_GCC_541\Debug\ElectronicClock.a "C:\Program Files (x86)\Cypress\PSoC Creator\4.4\PSoC Creator\psoc\content\cycomponentlibrary\CyComponentLibrary.cylib\CortexM3\ARM_GCC_541\Debug\CyComponentLibrary.a" -mcpu=cortex-m3 -mthumb -L Generated_Source\PSoC5 -Wl,-Map,.\CortexM3\ARM_GCC_541\Debug/ElectronicClock.map -T Generated_Source\PSoC5\cm3gcc.ld -specs=nano.specs -Wl,--gc-sections -g -ffunction-sections -Og -ffat-lto-objects -Wl,--end-group
cyelftool.exe -C C:\Jason\EIT\Semester_02\01_EAA\Lab\Assignment_2\ElectronicClock\ElectronicClock.cydsn\CortexM3\ARM_GCC_541\Debug\ElectronicClock.elf --flash_row_size 256 --flash_size 262144 --flash_offset 0x00000000
No ELF section .cychecksum found, creating one
Application checksum calculated and stored in ELF section .cychecksum
Checksum calculated and stored in ELF section .cymeta
cyelftool.exe -S C:\Jason\EIT\Semester_02\01_EAA\Lab\Assignment_2\ElectronicClock\ElectronicClock.cydsn\CortexM3\ARM_GCC_541\Debug\ElectronicClock.elf
Flash used: 18118 of 262144 bytes (6.9%).
SRAM used: 17433 of 65536 bytes (26.6%). Stack: 2048 bytes. Heap: 128 bytes.
--------------- Build Succeeded: 07/02/2022 00:53:02 ---------------
