--------------- Rebuild Started: 07/02/2022 00:48:12 Project: ElectronicClock, Configuration: ARM GCC 5.4-2016-q2-update Debug ---------------
Deleting file ".\CortexM3\ARM_GCC_541\Debug\main.o"
Deleting file ".\CortexM3\ARM_GCC_541\Debug\tsk_background.o"
Deleting file ".\CortexM3\ARM_GCC_541\Debug\swc_clock_control.o"
Deleting file ".\CortexM3\ARM_GCC_541\Debug\swc_clock_display.o"
Deleting file ".\CortexM3\ARM_GCC_541\Debug\swc_clock_input.o"
Deleting file ".\CortexM3\ARM_GCC_541\Debug\tsk_control.o"
Deleting file ".\CortexM3\ARM_GCC_541\Debug\tsk_display.o"
Deleting file ".\CortexM3\ARM_GCC_541\Debug\tsk_input.o"
Deleting file ".\CortexM3\ARM_GCC_541\Debug\tsk_system.o"
Deleting file ".\CortexM3\ARM_GCC_541\Debug\clock_statemachine.o"
Deleting file ".\CortexM3\ARM_GCC_541\Debug\button.o"
Deleting file ".\CortexM3\ARM_GCC_541\Debug\logging.o"
Deleting file ".\CortexM3\ARM_GCC_541\Debug\tft.o"
Deleting file ".\CortexM3\ARM_GCC_541\Debug\intToASCII.o"
Deleting file ".\CortexM3\ARM_GCC_541\Debug\rte.o"
Deleting file ".\CortexM3\ARM_GCC_541\Debug\sc_clock.o"
Deleting file ".\CortexM3\ARM_GCC_541\Debug\sc_event.o"
Deleting file ".\CortexM3\ARM_GCC_541\Debug\sc_event_type.o"
Deleting file ".\CortexM3\ARM_GCC_541\Debug\sp_common.o"
Deleting file ".\CortexM3\ARM_GCC_541\Debug\sc_clock_type.o"
Deleting file ".\CortexM3\ARM_GCC_541\Debug\cyfitter_cfg.o"
Deleting file ".\CortexM3\ARM_GCC_541\Debug\cymetadata.o"
Deleting file ".\CortexM3\ARM_GCC_541\Debug\ErikaOS_ee_activate.o"
Deleting file ".\CortexM3\ARM_GCC_541\Debug\ErikaOS_ee_alcancel.o"
Deleting file ".\CortexM3\ARM_GCC_541\Debug\ErikaOS_ee_alget.o"
Deleting file ".\CortexM3\ARM_GCC_541\Debug\ErikaOS_ee_algetbase.o"
Deleting file ".\CortexM3\ARM_GCC_541\Debug\ErikaOS_ee_alsetabs.o"
Deleting file ".\CortexM3\ARM_GCC_541\Debug\ErikaOS_ee_alsetrel.o"
Deleting file ".\CortexM3\ARM_GCC_541\Debug\ErikaOS_ee_altick.o"
Deleting file ".\CortexM3\ARM_GCC_541\Debug\ErikaOS_ee_chaintas.o"
Deleting file ".\CortexM3\ARM_GCC_541\Debug\ErikaOS_ee_evclear.o"
Deleting file ".\CortexM3\ARM_GCC_541\Debug\ErikaOS_ee_evget.o"
Deleting file ".\CortexM3\ARM_GCC_541\Debug\ErikaOS_ee_evset.o"
Deleting file ".\CortexM3\ARM_GCC_541\Debug\ErikaOS_ee_evwait.o"
Deleting file ".\CortexM3\ARM_GCC_541\Debug\ErikaOS_ee_force_schedule.o"
Deleting file ".\CortexM3\ARM_GCC_541\Debug\ErikaOS_ee_getcountervalue.o"
Deleting file ".\CortexM3\ARM_GCC_541\Debug\ErikaOS_ee_getelapsedvalue.o"
Deleting file ".\CortexM3\ARM_GCC_541\Debug\ErikaOS_ee_gettaskid.o"
Deleting file ".\CortexM3\ARM_GCC_541\Debug\ErikaOS_ee_gettaskstate.o"
Deleting file ".\CortexM3\ARM_GCC_541\Debug\ErikaOS_ee_iparam.o"
Deleting file ".\CortexM3\ARM_GCC_541\Debug\ErikaOS_ee_irqendin.o"
Deleting file ".\CortexM3\ARM_GCC_541\Debug\ErikaOS_ee_lockres.o"
Deleting file ".\CortexM3\ARM_GCC_541\Debug\ErikaOS_ee_lookup.o"
Deleting file ".\CortexM3\ARM_GCC_541\Debug\ErikaOS_ee_rq_exchg.o"
Deleting file ".\CortexM3\ARM_GCC_541\Debug\ErikaOS_ee_rq_first.o"
Deleting file ".\CortexM3\ARM_GCC_541\Debug\ErikaOS_ee_rq_inser.o"
Deleting file ".\CortexM3\ARM_GCC_541\Debug\ErikaOS_ee_schedule.o"
Deleting file ".\CortexM3\ARM_GCC_541\Debug\ErikaOS_ee_semgetvalue.o"
Deleting file ".\CortexM3\ARM_GCC_541\Debug\ErikaOS_ee_sempost.o"
Deleting file ".\CortexM3\ARM_GCC_541\Debug\ErikaOS_ee_semtrywait.o"
Deleting file ".\CortexM3\ARM_GCC_541\Debug\ErikaOS_ee_semwait.o"
Deleting file ".\CortexM3\ARM_GCC_541\Debug\ErikaOS_ee_shtdown.o"
Deleting file ".\CortexM3\ARM_GCC_541\Debug\ErikaOS_ee_startos.o"
Deleting file ".\CortexM3\ARM_GCC_541\Debug\ErikaOS_ee_terminat.o"
Deleting file ".\CortexM3\ARM_GCC_541\Debug\ErikaOS_ee_thendin.o"
Deleting file ".\CortexM3\ARM_GCC_541\Debug\ErikaOS_ee_tnterm.o"
Deleting file ".\CortexM3\ARM_GCC_541\Debug\ErikaOS_ee_tstub.o"
Deleting file ".\CortexM3\ARM_GCC_541\Debug\ErikaOS_ee_ulockallres.o"
Deleting file ".\CortexM3\ARM_GCC_541\Debug\ErikaOS_ee_ulockres.o"
Deleting file ".\CortexM3\ARM_GCC_541\Debug\ErikaOS_cortex_mx_ee_context.o"
Deleting file ".\CortexM3\ARM_GCC_541\Debug\ErikaOS_cortex_mx_ee_system_timer.o"
Deleting file ".\CortexM3\ARM_GCC_541\Debug\ErikaOS_cortex_mx_ee_utils.o"
Deleting file ".\CortexM3\ARM_GCC_541\Debug\ErikaOS_ee_gnu_change_context_isr.o"
Deleting file ".\CortexM3\ARM_GCC_541\Debug\ErikaOS_ee_gnu_irq_stack.o"
Deleting file ".\CortexM3\ARM_GCC_541\Debug\ErikaOS_ee_gnu_multi_context.o"
Deleting file ".\CortexM3\ARM_GCC_541\Debug\ErikaOS_ee_gnu_oo.o"
Deleting file ".\CortexM3\ARM_GCC_541\Debug\ErikaOS_common_ee_hal_structs.o"
Deleting file ".\CortexM3\ARM_GCC_541\Debug\ErikaOS_eecfg.o"
Deleting file ".\CortexM3\ARM_GCC_541\Debug\UART_LOG.o"
Deleting file ".\CortexM3\ARM_GCC_541\Debug\UART_LOG_PM.o"
Deleting file ".\CortexM3\ARM_GCC_541\Debug\UART_LOG_INT.o"
Deleting file ".\CortexM3\ARM_GCC_541\Debug\UART_LOG_BOOT.o"
Deleting file ".\CortexM3\ARM_GCC_541\Debug\TFT_SPI.o"
Deleting file ".\CortexM3\ARM_GCC_541\Debug\TFT_SPI_PM.o"
Deleting file ".\CortexM3\ARM_GCC_541\Debug\TFT_SPI_INT.o"
Deleting file ".\CortexM3\ARM_GCC_541\Debug\TFT_SCL.o"
Deleting file ".\CortexM3\ARM_GCC_541\Debug\TFT_DC.o"
Deleting file ".\CortexM3\ARM_GCC_541\Debug\TFT_RES.o"
Deleting file ".\CortexM3\ARM_GCC_541\Debug\TFT_CS.o"
Deleting file ".\CortexM3\ARM_GCC_541\Debug\TFT_LED.o"
Deleting file ".\CortexM3\ARM_GCC_541\Debug\TFT_SDA.o"
Deleting file ".\CortexM3\ARM_GCC_541\Debug\TFT_BackLight.o"
Deleting file ".\CortexM3\ARM_GCC_541\Debug\TFT_BackLight_PM.o"
Deleting file ".\CortexM3\ARM_GCC_541\Debug\CLK_LED.o"
Deleting file ".\CortexM3\ARM_GCC_541\Debug\UART_LOG_IntClock.o"
Deleting file ".\CortexM3\ARM_GCC_541\Debug\TFT_SPI_IntClock.o"
Deleting file ".\CortexM3\ARM_GCC_541\Debug\Cm3Start.o"
Deleting file ".\CortexM3\ARM_GCC_541\Debug\CyBootAsmGnu.o"
Deleting file ".\CortexM3\ARM_GCC_541\Debug\CyDmac.o"
Deleting file ".\CortexM3\ARM_GCC_541\Debug\CyFlash.o"
Deleting file ".\CortexM3\ARM_GCC_541\Debug\CyLib.o"
Deleting file ".\CortexM3\ARM_GCC_541\Debug\cyPm.o"
Deleting file ".\CortexM3\ARM_GCC_541\Debug\CySpc.o"
Deleting file ".\CortexM3\ARM_GCC_541\Debug\cyutils.o"
Deleting file ".\CortexM3\ARM_GCC_541\Debug\cy_em_eeprom.o"
Deleting file ".\CortexM3\ARM_GCC_541\Debug\button_1.o"
Deleting file ".\CortexM3\ARM_GCC_541\Debug\button_2.o"
Deleting file ".\CortexM3\ARM_GCC_541\Debug\button_3.o"
Deleting file ".\CortexM3\ARM_GCC_541\Debug\button_4.o"
Deleting file ".\CortexM3\ARM_GCC_541\Debug\isr_ButtonRight.o"
Deleting file ".\CortexM3\ARM_GCC_541\Debug\isr_ButtonLeft.o"
Deleting file ".\CortexM3\ARM_GCC_541\Debug\ElectronicClock.hex"
Deleting file ".\CortexM3\ARM_GCC_541\Debug\ElectronicClock.elf"
Deleting file ".\CortexM3\ARM_GCC_541\Debug\ElectronicClock.map"
Deleting file ".\ElectronicClock.cycdx"
Deleting file ".\ElectronicClock.svd"
Deleting file ".\ElectronicClock.rpt"
Deleting file ".\ElectronicClock_timing.html"
Deleting file ".\CortexM3\ARM_GCC_541\Debug\.deps\SOURCE_C__ARM_GCC_GENERIC.P"
Deleting file ".\CortexM3\ARM_GCC_541\Debug\.deps\SOURCE_ASM__ARM_GCC_GENERIC.P"
cydsfit.exe -.appdatapath "C:\Users\JASON\AppData\Local\Cypress Semiconductor\PSoC Creator\4.4" -.fdsnotice -.fdswarpdepfile=warp_dependencies.txt -.fdselabdepfile=elab_dependencies.txt -.fdsbldfile=generated_files.txt -.fdsreffile=referenced_files.txt -p C:\Jason\EIT\Semester_02\01_EAA\Lab\Assignment_2\ElectronicClock\ElectronicClock.cydsn\ElectronicClock.cyprj -d CY8C5888LTQ-LP097 -s C:\Jason\EIT\Semester_02\01_EAA\Lab\Assignment_2\ElectronicClock\ElectronicClock.cydsn\Generated_Source\PSoC5 -- -yv2 -q10 -ygs -o2 -v3 -.fftcfgtype=LE
Elaborating Design...
ADD: fit.M0032: warning: Clock Warning: (TFT_SPI_IntClock's accuracy range '24 MHz +/- 1%, (23.76 MHz - 24.24 MHz)' is not within the specified tolerance range '66 MHz +/- 5%, (62.7 MHz - 69.3 MHz)'.).
 * C:\Jason\EIT\Semester_02\01_EAA\Lab\Assignment_2\ElectronicClock\ElectronicClock.cydsn\ElectronicClock.cydwr (TFT_SPI_IntClock)
 * C:\Program Files (x86)\Cypress\PSoC Creator\4.4\PSoC Creator\psoc\content\CyComponentLibrary\CyComponentLibrary.cylib\SPI_Master_v2_50\SPI_Master_v2_50.cysch (Instance:IntClock)
HDL Generation...
Synthesis...
Tech Mapping...
Analog Placement...
Analog Routing...
Analog Code Generation...
Digital Placement...
Digital Routing...
Bitstream Generation...
Bitstream Verification...
Static timing analysis...
API Generation...
Dependency Generation...
Cleanup...
arm-none-eabi-gcc.exe -mcpu=cortex-m3 -mthumb -I.\SourceFiles\asw -I.\SourceFiles\bsw -I.\SourceFiles\bsw\LabBoard -I.\SourceFiles\bsw\Services -I.\SourceFiles\bsw\tft -I.\SourceFiles\bsw\tft\fonts -I.\SourceFiles\rte -I. -IGenerated_Source\PSoC5 -Wa,-alh=.\CortexM3\ARM_GCC_541\Debug/main.lst -g -D DEBUG -D CY_CORE_ID=0 -Wall -ffunction-sections -ffat-lto-objects -Og -c SourceFiles\asw\main.c -o .\CortexM3\ARM_GCC_541\Debug\main.o
In file included from .\SourceFiles\rte/sp_common.h:21:0,
                 from SourceFiles\asw\main.c:18:
.\SourceFiles\rte/sc_clock.h: In function 'RTE_SC_CLOCK_setStatus':
.\SourceFiles\rte/sc_clock.h:211:11: warning: comparison between pointer and integer
   if (NULL!=signal->pSigCfg->evOnError && NULL != pTaskArray){
           ^
.\SourceFiles\rte/sc_clock.h: In function 'RTE_SC_CLOCK_set':
.\SourceFiles\rte/sc_clock.h:313:12: warning: comparison between pointer and integer
    if (NULL!=signal->pSigCfg->evOnUpdate && NULL != pTaskArray){
            ^
In file included from .\SourceFiles\rte/sp_common.h:22:0,
                 from SourceFiles\asw\main.c:18:
.\SourceFiles\rte/sc_event.h: In function 'RTE_SC_EVENT_setStatus':
.\SourceFiles\rte/sc_event.h:211:11: warning: comparison between pointer and integer
   if (NULL!=signal->pSigCfg->evOnError && NULL != pTaskArray){
           ^
.\SourceFiles\rte/sc_event.h: In function 'RTE_SC_EVENT_set':
.\SourceFiles\rte/sc_event.h:313:12: warning: comparison between pointer and integer
    if (NULL!=signal->pSigCfg->evOnUpdate && NULL != pTaskArray){
            ^
arm-none-eabi-gcc.exe -mcpu=cortex-m3 -mthumb -I.\SourceFiles\asw -I.\SourceFiles\bsw -I.\SourceFiles\bsw\LabBoard -I.\SourceFiles\bsw\Services -I.\SourceFiles\bsw\tft -I.\SourceFiles\bsw\tft\fonts -I.\SourceFiles\rte -I. -IGenerated_Source\PSoC5 -Wa,-alh=.\CortexM3\ARM_GCC_541\Debug/tsk_background.lst -g -D DEBUG -D CY_CORE_ID=0 -Wall -ffunction-sections -ffat-lto-objects -Og -c SourceFiles\asw\tsk_background.c -o .\CortexM3\ARM_GCC_541\Debug\tsk_background.o
arm-none-eabi-gcc.exe -mcpu=cortex-m3 -mthumb -I.\SourceFiles\asw -I.\SourceFiles\bsw -I.\SourceFiles\bsw\LabBoard -I.\SourceFiles\bsw\Services -I.\SourceFiles\bsw\tft -I.\SourceFiles\bsw\tft\fonts -I.\SourceFiles\rte -I. -IGenerated_Source\PSoC5 -Wa,-alh=.\CortexM3\ARM_GCC_541\Debug/swc_clock_control.lst -g -D DEBUG -D CY_CORE_ID=0 -Wall -ffunction-sections -ffat-lto-objects -Og -c SourceFiles\asw\swc_clock_control.c -o .\CortexM3\ARM_GCC_541\Debug\swc_clock_control.o
In file included from SourceFiles\asw\swc_clock_control.c:22:0:
.\SourceFiles\rte/sc_clock.h: In function 'RTE_SC_CLOCK_setStatus':
.\SourceFiles\rte/sc_clock.h:211:11: warning: comparison between pointer and integer
   if (NULL!=signal->pSigCfg->evOnError && NULL != pTaskArray){
           ^
.\SourceFiles\rte/sc_clock.h: In function 'RTE_SC_CLOCK_set':
.\SourceFiles\rte/sc_clock.h:313:12: warning: comparison between pointer and integer
    if (NULL!=signal->pSigCfg->evOnUpdate && NULL != pTaskArray){
            ^
In file included from SourceFiles\asw\swc_clock_control.c:23:0:
.\SourceFiles\rte/sc_event.h: In function 'RTE_SC_EVENT_setStatus':
.\SourceFiles\rte/sc_event.h:211:11: warning: comparison between pointer and integer
   if (NULL!=signal->pSigCfg->evOnError && NULL != pTaskArray){
           ^
.\SourceFiles\rte/sc_event.h: In function 'RTE_SC_EVENT_set':
.\SourceFiles\rte/sc_event.h:313:12: warning: comparison between pointer and integer
    if (NULL!=signal->pSigCfg->evOnUpdate && NULL != pTaskArray){
            ^
SourceFiles\asw\swc_clock_control.c: In function 'CLOCK_CONTROL__run':
SourceFiles\asw\swc_clock_control.c:255:14: warning: unused variable 'result' [-Wunused-variable]
         RC_t result = STATE_processEvent(   CLOCK_Container_Transitions, CLOCK_Container_Transitions_Size,
              ^
SourceFiles\asw\swc_clock_control.c: In function 'CLOCK__dispatch_wrapper':
SourceFiles\asw\swc_clock_control.c:370:14: warning: unused variable 'result' [-Wunused-variable]
         RC_t result = STATE_processEvent(   CLOCK_Widget_Transitions, CLOCK_Widget_Transitions_Size,
              ^
SourceFiles\asw\swc_clock_control.c:387:14: warning: unused variable 'result' [-Wunused-variable]
         RC_t result = STATE_processEvent(   CLOCK_Widget_Transitions, CLOCK_Widget_Transitions_Size,
              ^
arm-none-eabi-gcc.exe -mcpu=cortex-m3 -mthumb -I.\SourceFiles\asw -I.\SourceFiles\bsw -I.\SourceFiles\bsw\LabBoard -I.\SourceFiles\bsw\Services -I.\SourceFiles\bsw\tft -I.\SourceFiles\bsw\tft\fonts -I.\SourceFiles\rte -I. -IGenerated_Source\PSoC5 -Wa,-alh=.\CortexM3\ARM_GCC_541\Debug/swc_clock_display.lst -g -D DEBUG -D CY_CORE_ID=0 -Wall -ffunction-sections -ffat-lto-objects -Og -c SourceFiles\asw\swc_clock_display.c -o .\CortexM3\ARM_GCC_541\Debug\swc_clock_display.o
In file included from SourceFiles\asw\swc_clock_display.c:20:0:
.\SourceFiles\rte/sc_clock.h: In function 'RTE_SC_CLOCK_setStatus':
arm-none-eabi-gcc.exe -mcpu=cortex-m3 -mthumb -I.\SourceFiles\asw -I.\SourceFiles\bsw -I.\SourceFiles\bsw\LabBoard -I.\SourceFiles\bsw\Services -I.\SourceFiles\bsw\tft -I.\SourceFiles\bsw\tft\fonts -I.\SourceFiles\rte -I. -IGenerated_Source\PSoC5 -Wa,-alh=.\CortexM3\ARM_GCC_541\Debug/swc_clock_input.lst -g -D DEBUG -D CY_CORE_ID=0 -Wall -ffunction-sections -ffat-lto-objects -Og -c SourceFiles\asw\swc_clock_input.c -o .\CortexM3\ARM_GCC_541\Debug\swc_clock_input.o
.\SourceFiles\rte/sc_clock.h:211:11: warning: comparison between pointer and integer
   if (NULL!=signal->pSigCfg->evOnError && NULL != pTaskArray){
           ^
.\SourceFiles\rte/sc_clock.h: In function 'RTE_SC_CLOCK_set':
.\SourceFiles\rte/sc_clock.h:313:12: warning: comparison between pointer and integer
    if (NULL!=signal->pSigCfg->evOnUpdate && NULL != pTaskArray){
            ^
In file included from .\SourceFiles\rte/sp_common.h:22:0,
                 from SourceFiles\asw\swc_clock_display.c:24:
.\SourceFiles\rte/sc_event.h: In function 'RTE_SC_EVENT_setStatus':
.\SourceFiles\rte/sc_event.h:211:11: warning: comparison between pointer and integer
   if (NULL!=signal->pSigCfg->evOnError && NULL != pTaskArray){
           ^
.\SourceFiles\rte/sc_event.h: In function 'RTE_SC_EVENT_set':
.\SourceFiles\rte/sc_event.h:313:12: warning: comparison between pointer and integer
    if (NULL!=signal->pSigCfg->evOnUpdate && NULL != pTaskArray){
            ^
In file included from .\SourceFiles\rte/sp_common.h:21:0,
                 from SourceFiles\asw\swc_clock_input.c:22:
.\SourceFiles\rte/sc_clock.h: In function 'RTE_SC_CLOCK_setStatus':
.\SourceFiles\rte/sc_clock.h:211:11: warning: comparison between pointer and integer
   if (NULL!=signal->pSigCfg->evOnError && NULL != pTaskArray){
           ^
.\SourceFiles\rte/sc_clock.h: In function 'RTE_SC_CLOCK_set':
.\SourceFiles\rte/sc_clock.h:313:12: warning: comparison between pointer and integer
    if (NULL!=signal->pSigCfg->evOnUpdate && NULL != pTaskArray){
            ^
In file included from .\SourceFiles\rte/sp_common.h:22:0,
                 from SourceFiles\asw\swc_clock_input.c:22:
.\SourceFiles\rte/sc_event.h: In function 'RTE_SC_EVENT_setStatus':
.\SourceFiles\rte/sc_event.h:211:11: warning: comparison between pointer and integer
   if (NULL!=signal->pSigCfg->evOnError && NULL != pTaskArray){
           ^
.\SourceFiles\rte/sc_event.h: In function 'RTE_SC_EVENT_set':
.\SourceFiles\rte/sc_event.h:313:12: warning: comparison between pointer and integer
    if (NULL!=signal->pSigCfg->evOnUpdate && NULL != pTaskArray){
            ^
arm-none-eabi-gcc.exe -mcpu=cortex-m3 -mthumb -I.\SourceFiles\asw -I.\SourceFiles\bsw -I.\SourceFiles\bsw\LabBoard -I.\SourceFiles\bsw\Services -I.\SourceFiles\bsw\tft -I.\SourceFiles\bsw\tft\fonts -I.\SourceFiles\rte -I. -IGenerated_Source\PSoC5 -Wa,-alh=.\CortexM3\ARM_GCC_541\Debug/tsk_control.lst -g -D DEBUG -D CY_CORE_ID=0 -Wall -ffunction-sections -ffat-lto-objects -Og -c SourceFiles\asw\tsk_control.c -o .\CortexM3\ARM_GCC_541\Debug\tsk_control.o
arm-none-eabi-gcc.exe -mcpu=cortex-m3 -mthumb -I.\SourceFiles\asw -I.\SourceFiles\bsw -I.\SourceFiles\bsw\LabBoard -I.\SourceFiles\bsw\Services -I.\SourceFiles\bsw\tft -I.\SourceFiles\bsw\tft\fonts -I.\SourceFiles\rte -I. -IGenerated_Source\PSoC5 -Wa,-alh=.\CortexM3\ARM_GCC_541\Debug/tsk_display.lst -g -D DEBUG -D CY_CORE_ID=0 -Wall -ffunction-sections -ffat-lto-objects -Og -c SourceFiles\asw\tsk_display.c -o .\CortexM3\ARM_GCC_541\Debug\tsk_display.o
arm-none-eabi-gcc.exe -mcpu=cortex-m3 -mthumb -I.\SourceFiles\asw -I.\SourceFiles\bsw -I.\SourceFiles\bsw\LabBoard -I.\SourceFiles\bsw\Services -I.\SourceFiles\bsw\tft -I.\SourceFiles\bsw\tft\fonts -I.\SourceFiles\rte -I. -IGenerated_Source\PSoC5 -Wa,-alh=.\CortexM3\ARM_GCC_541\Debug/tsk_input.lst -g -D DEBUG -D CY_CORE_ID=0 -Wall -ffunction-sections -ffat-lto-objects -Og -c SourceFiles\asw\tsk_input.c -o .\CortexM3\ARM_GCC_541\Debug\tsk_input.o
arm-none-eabi-gcc.exe -mcpu=cortex-m3 -mthumb -I.\SourceFiles\asw -I.\SourceFiles\bsw -I.\SourceFiles\bsw\LabBoard -I.\SourceFiles\bsw\Services -I.\SourceFiles\bsw\tft -I.\SourceFiles\bsw\tft\fonts -I.\SourceFiles\rte -I. -IGenerated_Source\PSoC5 -Wa,-alh=.\CortexM3\ARM_GCC_541\Debug/tsk_system.lst -g -D DEBUG -D CY_CORE_ID=0 -Wall -ffunction-sections -ffat-lto-objects -Og -c SourceFiles\asw\tsk_system.c -o .\CortexM3\ARM_GCC_541\Debug\tsk_system.o
SourceFiles\asw\tsk_system.c: In function 'Functsk_system':
arm-none-eabi-gcc.exe -mcpu=cortex-m3 -mthumb -I.\SourceFiles\asw -I.\SourceFiles\bsw -I.\SourceFiles\bsw\LabBoard -I.\SourceFiles\bsw\Services -I.\SourceFiles\bsw\tft -I.\SourceFiles\bsw\tft\fonts -I.\SourceFiles\rte -I. -IGenerated_Source\PSoC5 -Wa,-alh=.\CortexM3\ARM_GCC_541\Debug/clock_statemachine.lst -g -D DEBUG -D CY_CORE_ID=0 -Wall -ffunction-sections -ffat-lto-objects -Og -c SourceFiles\asw\clock_statemachine.c -o .\CortexM3\ARM_GCC_541\Debug\clock_statemachine.o
SourceFiles\asw\tsk_system.c:59:5: warning: implicit declaration of function 'RTE_timertick_sp_common_tick' [-Wimplicit-function-declaration]
     RTE_timertick_sp_common_tick(1);
     ^
SourceFiles\asw\clock_statemachine.c: In function 'STATE__getIndexCurrentState':
SourceFiles\asw\clock_statemachine.c:30:14: warning: unused variable 'result' [-Wunused-variable]
     sint16_t result = INVALIDINDEX; //error
              ^
SourceFiles\asw\clock_statemachine.c: In function 'STATE_initState':
SourceFiles\asw\clock_statemachine.c:74:1: warning: control reaches end of non-void function [-Wreturn-type]
 }
 ^
arm-none-eabi-gcc.exe -mcpu=cortex-m3 -mthumb -I.\SourceFiles\asw -I.\SourceFiles\bsw -I.\SourceFiles\bsw\LabBoard -I.\SourceFiles\bsw\Services -I.\SourceFiles\bsw\tft -I.\SourceFiles\bsw\tft\fonts -I.\SourceFiles\rte -I. -IGenerated_Source\PSoC5 -Wa,-alh=.\CortexM3\ARM_GCC_541\Debug/button.lst -g -D DEBUG -D CY_CORE_ID=0 -Wall -ffunction-sections -ffat-lto-objects -Og -c SourceFiles\bsw\LabBoard\button.c -o .\CortexM3\ARM_GCC_541\Debug\button.o
SourceFiles\bsw\LabBoard\button.c: In function 'BUTTON_Init':
SourceFiles\bsw\LabBoard\button.c:68:9: warning: implicit declaration of function 'isr_Button_StartEx' [-Wimplicit-function-declaration]
         isr_Button_StartEx(address);
         ^
SourceFiles\bsw\LabBoard\button.c: In function 'BUTTON_IsPressed':
SourceFiles\bsw\LabBoard\button.c:85:29: warning: implicit declaration of function 'BUTTON_1_Read' [-Wimplicit-function-declaration]
         case BUTTON_1 : if (BUTTON_1_Read() == 1) result = TRUE; break;
                             ^
SourceFiles\bsw\LabBoard\button.c:86:29: warning: implicit declaration of function 'BUTTON_2_Read' [-Wimplicit-function-declaration]
         case BUTTON_2 : if (BUTTON_2_Read() == 1) result = TRUE; break;
                             ^
SourceFiles\bsw\LabBoard\button.c:87:29: warning: implicit declaration of function 'BUTTON_3_Read' [-Wimplicit-function-declaration]
         case BUTTON_3 : if (BUTTON_3_Read() == 1) result = TRUE; break;
                             ^
SourceFiles\bsw\LabBoard\button.c:88:29: warning: implicit declaration of function 'BUTTON_4_Read' [-Wimplicit-function-declaration]
         case BUTTON_4 : if (BUTTON_4_Read() == 1) result = TRUE; break;
                             ^
arm-none-eabi-gcc.exe -mcpu=cortex-m3 -mthumb -I.\SourceFiles\asw -I.\SourceFiles\bsw -I.\SourceFiles\bsw\LabBoard -I.\SourceFiles\bsw\Services -I.\SourceFiles\bsw\tft -I.\SourceFiles\bsw\tft\fonts -I.\SourceFiles\rte -I. -IGenerated_Source\PSoC5 -Wa,-alh=.\CortexM3\ARM_GCC_541\Debug/logging.lst -g -D DEBUG -D CY_CORE_ID=0 -Wall -ffunction-sections -ffat-lto-objects -Og -c SourceFiles\bsw\Services\logging.c -o .\CortexM3\ARM_GCC_541\Debug\logging.o
SourceFiles\bsw\Services\logging.c: In function 'LOG_Init':
arm-none-eabi-gcc.exe -mcpu=cortex-m3 -mthumb -I.\SourceFiles\asw -I.\SourceFiles\bsw -I.\SourceFiles\bsw\LabBoard -I.\SourceFiles\bsw\Services -I.\SourceFiles\bsw\tft -I.\SourceFiles\bsw\tft\fonts -I.\SourceFiles\rte -I. -IGenerated_Source\PSoC5 -Wa,-alh=.\CortexM3\ARM_GCC_541\Debug/tft.lst -g -D DEBUG -D CY_CORE_ID=0 -Wall -ffunction-sections -ffat-lto-objects -Og -c SourceFiles\bsw\tft\tft.c -o .\CortexM3\ARM_GCC_541\Debug\tft.o
SourceFiles\bsw\Services\logging.c:54:1: warning: control reaches end of non-void function [-Wreturn-type]
 }
 ^
In file included from Generated_Source\PSoC5/cyfitter_cfg.h:20:0,
                 from Generated_Source\PSoC5/project.h:17,
                 from .\SourceFiles\bsw\Services/ringbuffer.h:29,
                 from .\SourceFiles\bsw\Services/logging.h:35,
                 from SourceFiles\bsw\tft\tft.c:24:
Generated_Source\PSoC5/cytypes.h:1376:0: warning: "LO8" redefined
 #define LO8(x)                  ((uint8) ((x) & 0xFFu))
 ^
In file included from SourceFiles\bsw\tft\TFT.h:29:0,
                 from SourceFiles\bsw\tft\tft.c:20:
.\SourceFiles\bsw/global.h:306:0: note: this is the location of the previous definition
  # define LO8(x)   ((uint8_t) ((x) & 0xFFu))
 ^
In file included from Generated_Source\PSoC5/cyfitter_cfg.h:20:0,
                 from Generated_Source\PSoC5/project.h:17,
                 from .\SourceFiles\bsw\Services/ringbuffer.h:29,
                 from .\SourceFiles\bsw\Services/logging.h:35,
                 from SourceFiles\bsw\tft\tft.c:24:
Generated_Source\PSoC5/cytypes.h:1377:0: warning: "HI8" redefined
 #define HI8(x)                  ((uint8) ((uint16)(x) >> 8))
 ^
In file included from SourceFiles\bsw\tft\TFT.h:29:0,
                 from SourceFiles\bsw\tft\tft.c:20:
.\SourceFiles\bsw/global.h:311:0: note: this is the location of the previous definition
  # define HI8(x)   ((uint8_t) ((uint16_t)(x) >> 8))
 ^
In file included from Generated_Source\PSoC5/cyfitter_cfg.h:20:0,
                 from Generated_Source\PSoC5/project.h:17,
                 from .\SourceFiles\bsw\Services/ringbuffer.h:29,
                 from .\SourceFiles\bsw\Services/logging.h:35,
                 from SourceFiles\bsw\tft\tft.c:24:
Generated_Source\PSoC5/cytypes.h:1380:0: warning: "LO16" redefined
 #define LO16(x)                 ((uint16) ((x) & 0xFFFFu))
 ^
In file included from SourceFiles\bsw\tft\TFT.h:29:0,
                 from SourceFiles\bsw\tft\tft.c:20:
.\SourceFiles\bsw/global.h:316:0: note: this is the location of the previous definition
  # define LO16(x)   ((uint16_t) ((x) & 0xFFFFu))
 ^
In file included from Generated_Source\PSoC5/cyfitter_cfg.h:20:0,
                 from Generated_Source\PSoC5/project.h:17,
                 from .\SourceFiles\bsw\Services/ringbuffer.h:29,
                 from .\SourceFiles\bsw\Services/logging.h:35,
                 from SourceFiles\bsw\tft\tft.c:24:
Generated_Source\PSoC5/cytypes.h:1381:0: warning: "HI16" redefined
 #define HI16(x)                 ((uint16) ((uint32)(x) >> 16))
 ^
In file included from SourceFiles\bsw\tft\TFT.h:29:0,
                 from SourceFiles\bsw\tft\tft.c:20:
.\SourceFiles\bsw/global.h:321:0: note: this is the location of the previous definition
  # define HI16(x)   ((uint16_t) ((uint32_t)(x) >> 16))
 ^
arm-none-eabi-gcc.exe -mcpu=cortex-m3 -mthumb -I.\SourceFiles\asw -I.\SourceFiles\bsw -I.\SourceFiles\bsw\LabBoard -I.\SourceFiles\bsw\Services -I.\SourceFiles\bsw\tft -I.\SourceFiles\bsw\tft\fonts -I.\SourceFiles\rte -I. -IGenerated_Source\PSoC5 -Wa,-alh=.\CortexM3\ARM_GCC_541\Debug/intToASCII.lst -g -D DEBUG -D CY_CORE_ID=0 -Wall -ffunction-sections -ffat-lto-objects -Og -c SourceFiles\bsw\intToASCII.c -o .\CortexM3\ARM_GCC_541\Debug\intToASCII.o
arm-none-eabi-gcc.exe -mcpu=cortex-m3 -mthumb -I.\SourceFiles\asw -I.\SourceFiles\bsw -I.\SourceFiles\bsw\LabBoard -I.\SourceFiles\bsw\Services -I.\SourceFiles\bsw\tft -I.\SourceFiles\bsw\tft\fonts -I.\SourceFiles\rte -I. -IGenerated_Source\PSoC5 -Wa,-alh=.\CortexM3\ARM_GCC_541\Debug/rte.lst -g -D DEBUG -D CY_CORE_ID=0 -Wall -ffunction-sections -ffat-lto-objects -Og -c SourceFiles\rte\rte.c -o .\CortexM3\ARM_GCC_541\Debug\rte.o
In file included from Generated_Source\PSoC5/cyfitter_cfg.h:20:0,
                 from Generated_Source\PSoC5/project.h:17,
                 from SourceFiles\rte\rte.h:81,
                 from SourceFiles\rte\rte.c:23:
Generated_Source\PSoC5/cytypes.h:1376:0: warning: "LO8" redefined
 #define LO8(x)                  ((uint8) ((x) & 0xFFu))
 ^
In file included from SourceFiles\rte\rte.h:80:0,
                 from SourceFiles\rte\rte.c:23:
.\SourceFiles\bsw/global.h:306:0: note: this is the location of the previous definition
  # define LO8(x)   ((uint8_t) ((x) & 0xFFu))
 ^
In file included from Generated_Source\PSoC5/cyfitter_cfg.h:20:0,
                 from Generated_Source\PSoC5/project.h:17,
                 from SourceFiles\rte\rte.h:81,
                 from SourceFiles\rte\rte.c:23:
Generated_Source\PSoC5/cytypes.h:1377:0: warning: "HI8" redefined
 #define HI8(x)                  ((uint8) ((uint16)(x) >> 8))
 ^
In file included from SourceFiles\rte\rte.h:80:0,
                 from SourceFiles\rte\rte.c:23:
.\SourceFiles\bsw/global.h:311:0: note: this is the location of the previous definition
  # define HI8(x)   ((uint8_t) ((uint16_t)(x) >> 8))
 ^
In file included from Generated_Source\PSoC5/cyfitter_cfg.h:20:0,
                 from Generated_Source\PSoC5/project.h:17,
                 from SourceFiles\rte\rte.h:81,
                 from SourceFiles\rte\rte.c:23:
Generated_Source\PSoC5/cytypes.h:1380:0: warning: "LO16" redefined
 #define LO16(x)                 ((uint16) ((x) & 0xFFFFu))
 ^
In file included from SourceFiles\rte\rte.h:80:0,
                 from SourceFiles\rte\rte.c:23:
.\SourceFiles\bsw/global.h:316:0: note: this is the location of the previous definition
  # define LO16(x)   ((uint16_t) ((x) & 0xFFFFu))
 ^
In file included from Generated_Source\PSoC5/cyfitter_cfg.h:20:0,
                 from Generated_Source\PSoC5/project.h:17,
                 from SourceFiles\rte\rte.h:81,
                 from SourceFiles\rte\rte.c:23:
Generated_Source\PSoC5/cytypes.h:1381:0: warning: "HI16" redefined
 #define HI16(x)                 ((uint16) ((uint32)(x) >> 16))
 ^
In file included from SourceFiles\rte\rte.h:80:0,
                 from SourceFiles\rte\rte.c:23:
.\SourceFiles\bsw/global.h:321:0: note: this is the location of the previous definition
  # define HI16(x)   ((uint16_t) ((uint32_t)(x) >> 16))
 ^
SourceFiles\rte\rte.c: In function 'RTE_ProcessCyclicTable':
SourceFiles\rte\rte.c:71:1: warning: control reaches end of non-void function [-Wreturn-type]
 }
 ^
SourceFiles\rte\rte.c: In function 'RTE_ProcessEventTable':
SourceFiles\rte\rte.c:92:1: warning: control reaches end of non-void function [-Wreturn-type]
 }
 ^
arm-none-eabi-gcc.exe -mcpu=cortex-m3 -mthumb -I.\SourceFiles\asw -I.\SourceFiles\bsw -I.\SourceFiles\bsw\LabBoard -I.\SourceFiles\bsw\Services -I.\SourceFiles\bsw\tft -I.\SourceFiles\bsw\tft\fonts -I.\SourceFiles\rte -I. -IGenerated_Source\PSoC5 -Wa,-alh=.\CortexM3\ARM_GCC_541\Debug/sc_clock.lst -g -D DEBUG -D CY_CORE_ID=0 -Wall -ffunction-sections -ffat-lto-objects -Og -c SourceFiles\rte\sc_clock.c -o .\CortexM3\ARM_GCC_541\Debug\sc_clock.o
arm-none-eabi-gcc.exe -mcpu=cortex-m3 -mthumb -I.\SourceFiles\asw -I.\SourceFiles\bsw -I.\SourceFiles\bsw\LabBoard -I.\SourceFiles\bsw\Services -I.\SourceFiles\bsw\tft -I.\SourceFiles\bsw\tft\fonts -I.\SourceFiles\rte -I. -IGenerated_Source\PSoC5 -Wa,-alh=.\CortexM3\ARM_GCC_541\Debug/sc_event.lst -g -D DEBUG -D CY_CORE_ID=0 -Wall -ffunction-sections -ffat-lto-objects -Og -c SourceFiles\rte\sc_event.c -o .\CortexM3\ARM_GCC_541\Debug\sc_event.o
arm-none-eabi-gcc.exe -mcpu=cortex-m3 -mthumb -I.\SourceFiles\asw -I.\SourceFiles\bsw -I.\SourceFiles\bsw\LabBoard -I.\SourceFiles\bsw\Services -I.\SourceFiles\bsw\tft -I.\SourceFiles\bsw\tft\fonts -I.\SourceFiles\rte -I. -IGenerated_Source\PSoC5 -Wa,-alh=.\CortexM3\ARM_GCC_541\Debug/sc_event_type.lst -g -D DEBUG -D CY_CORE_ID=0 -Wall -ffunction-sections -ffat-lto-objects -Og -c SourceFiles\rte\sc_event_type.c -o .\CortexM3\ARM_GCC_541\Debug\sc_event_type.o
arm-none-eabi-gcc.exe -mcpu=cortex-m3 -mthumb -I.\SourceFiles\asw -I.\SourceFiles\bsw -I.\SourceFiles\bsw\LabBoard -I.\SourceFiles\bsw\Services -I.\SourceFiles\bsw\tft -I.\SourceFiles\bsw\tft\fonts -I.\SourceFiles\rte -I. -IGenerated_Source\PSoC5 -Wa,-alh=.\CortexM3\ARM_GCC_541\Debug/sp_common.lst -g -D DEBUG -D CY_CORE_ID=0 -Wall -ffunction-sections -ffat-lto-objects -Og -c SourceFiles\rte\sp_common.c -o .\CortexM3\ARM_GCC_541\Debug\sp_common.o
In file included from SourceFiles\rte\sp_common.h:21:0,
                 from SourceFiles\rte\sp_common.c:13:
SourceFiles\rte\sc_clock.h: In function 'RTE_SC_CLOCK_setStatus':
SourceFiles\rte\sc_clock.h:211:11: warning: comparison between pointer and integer
   if (NULL!=signal->pSigCfg->evOnError && NULL != pTaskArray){
           ^
SourceFiles\rte\sc_clock.h: In function 'RTE_SC_CLOCK_set':
SourceFiles\rte\sc_clock.h:313:12: warning: comparison between pointer and integer
    if (NULL!=signal->pSigCfg->evOnUpdate && NULL != pTaskArray){
            ^
In file included from SourceFiles\rte\sp_common.h:22:0,
                 from SourceFiles\rte\sp_common.c:13:
SourceFiles\rte\sc_event.h: In function 'RTE_SC_EVENT_setStatus':
SourceFiles\rte\sc_event.h:211:11: warning: comparison between pointer and integer
   if (NULL!=signal->pSigCfg->evOnError && NULL != pTaskArray){
           ^
SourceFiles\rte\sc_event.h: In function 'RTE_SC_EVENT_set':
SourceFiles\rte\sc_event.h:313:12: warning: comparison between pointer and integer
    if (NULL!=signal->pSigCfg->evOnUpdate && NULL != pTaskArray){
            ^
SourceFiles\rte\sp_common.c: At top level:
SourceFiles\rte\sp_common.c:99:30: warning: initialization discards 'const' qualifier from pointer target type [-Wdiscarded-array-qualifiers]
    /* task list onUpdate */  &so_EVENT_updTasks,
                              ^
arm-none-eabi-gcc.exe -mcpu=cortex-m3 -mthumb -I.\SourceFiles\asw -I.\SourceFiles\bsw -I.\SourceFiles\bsw\LabBoard -I.\SourceFiles\bsw\Services -I.\SourceFiles\bsw\tft -I.\SourceFiles\bsw\tft\fonts -I.\SourceFiles\rte -I. -IGenerated_Source\PSoC5 -Wa,-alh=.\CortexM3\ARM_GCC_541\Debug/sc_clock_type.lst -g -D DEBUG -D CY_CORE_ID=0 -Wall -ffunction-sections -ffat-lto-objects -Og -c SourceFiles\rte\sc_clock_type.c -o .\CortexM3\ARM_GCC_541\Debug\sc_clock_type.o
arm-none-eabi-gcc.exe -mcpu=cortex-m3 -mthumb -I.\SourceFiles\asw -I.\SourceFiles\bsw -I.\SourceFiles\bsw\LabBoard -I.\SourceFiles\bsw\Services -I.\SourceFiles\bsw\tft -I.\SourceFiles\bsw\tft\fonts -I.\SourceFiles\rte -I. -IGenerated_Source\PSoC5 -Wa,-alh=.\CortexM3\ARM_GCC_541\Debug/cyfitter_cfg.lst -g -D DEBUG -D CY_CORE_ID=0 -Wall -ffunction-sections -ffat-lto-objects -Og -c Generated_Source\PSoC5\cyfitter_cfg.c -o .\CortexM3\ARM_GCC_541\Debug\cyfitter_cfg.o
arm-none-eabi-gcc.exe -mcpu=cortex-m3 -mthumb -I.\SourceFiles\asw -I.\SourceFiles\bsw -I.\SourceFiles\bsw\LabBoard -I.\SourceFiles\bsw\Services -I.\SourceFiles\bsw\tft -I.\SourceFiles\bsw\tft\fonts -I.\SourceFiles\rte -I. -IGenerated_Source\PSoC5 -Wa,-alh=.\CortexM3\ARM_GCC_541\Debug/cymetadata.lst -g -D DEBUG -D CY_CORE_ID=0 -Wall -ffunction-sections -ffat-lto-objects -Og -c Generated_Source\PSoC5\cymetadata.c -o .\CortexM3\ARM_GCC_541\Debug\cymetadata.o
arm-none-eabi-gcc.exe -mcpu=cortex-m3 -mthumb -I.\SourceFiles\asw -I.\SourceFiles\bsw -I.\SourceFiles\bsw\LabBoard -I.\SourceFiles\bsw\Services -I.\SourceFiles\bsw\tft -I.\SourceFiles\bsw\tft\fonts -I.\SourceFiles\rte -I. -IGenerated_Source\PSoC5 -Wa,-alh=.\CortexM3\ARM_GCC_541\Debug/ErikaOS_ee_activate.lst -g -D DEBUG -D CY_CORE_ID=0 -Wall -ffunction-sections -ffat-lto-objects -Og -c Generated_Source\PSoC5\ErikaOS_ee_activate.c -o .\CortexM3\ARM_GCC_541\Debug\ErikaOS_ee_activate.o
arm-none-eabi-gcc.exe -mcpu=cortex-m3 -mthumb -I.\SourceFiles\asw -I.\SourceFiles\bsw -I.\SourceFiles\bsw\LabBoard -I.\SourceFiles\bsw\Services -I.\SourceFiles\bsw\tft -I.\SourceFiles\bsw\tft\fonts -I.\SourceFiles\rte -I. -IGenerated_Source\PSoC5 -Wa,-alh=.\CortexM3\ARM_GCC_541\Debug/ErikaOS_ee_alcancel.lst -g -D DEBUG -D CY_CORE_ID=0 -Wall -ffunction-sections -ffat-lto-objects -Og -c Generated_Source\PSoC5\ErikaOS_ee_alcancel.c -o .\CortexM3\ARM_GCC_541\Debug\ErikaOS_ee_alcancel.o
arm-none-eabi-gcc.exe -mcpu=cortex-m3 -mthumb -I.\SourceFiles\asw -I.\SourceFiles\bsw -I.\SourceFiles\bsw\LabBoard -I.\SourceFiles\bsw\Services -I.\SourceFiles\bsw\tft -I.\SourceFiles\bsw\tft\fonts -I.\SourceFiles\rte -I. -IGenerated_Source\PSoC5 -Wa,-alh=.\CortexM3\ARM_GCC_541\Debug/ErikaOS_ee_alget.lst -g -D DEBUG -D CY_CORE_ID=0 -Wall -ffunction-sections -ffat-lto-objects -Og -c Generated_Source\PSoC5\ErikaOS_ee_alget.c -o .\CortexM3\ARM_GCC_541\Debug\ErikaOS_ee_alget.o
arm-none-eabi-gcc.exe -mcpu=cortex-m3 -mthumb -I.\SourceFiles\asw -I.\SourceFiles\bsw -I.\SourceFiles\bsw\LabBoard -I.\SourceFiles\bsw\Services -I.\SourceFiles\bsw\tft -I.\SourceFiles\bsw\tft\fonts -I.\SourceFiles\rte -I. -IGenerated_Source\PSoC5 -Wa,-alh=.\CortexM3\ARM_GCC_541\Debug/ErikaOS_ee_algetbase.lst -g -D DEBUG -D CY_CORE_ID=0 -Wall -ffunction-sections -ffat-lto-objects -Og -c Generated_Source\PSoC5\ErikaOS_ee_algetbase.c -o .\CortexM3\ARM_GCC_541\Debug\ErikaOS_ee_algetbase.o
arm-none-eabi-gcc.exe -mcpu=cortex-m3 -mthumb -I.\SourceFiles\asw -I.\SourceFiles\bsw -I.\SourceFiles\bsw\LabBoard -I.\SourceFiles\bsw\Services -I.\SourceFiles\bsw\tft -I.\SourceFiles\bsw\tft\fonts -I.\SourceFiles\rte -I. -IGenerated_Source\PSoC5 -Wa,-alh=.\CortexM3\ARM_GCC_541\Debug/ErikaOS_ee_alsetabs.lst -g -D DEBUG -D CY_CORE_ID=0 -Wall -ffunction-sections -ffat-lto-objects -Og -c Generated_Source\PSoC5\ErikaOS_ee_alsetabs.c -o .\CortexM3\ARM_GCC_541\Debug\ErikaOS_ee_alsetabs.o
arm-none-eabi-gcc.exe -mcpu=cortex-m3 -mthumb -I.\SourceFiles\asw -I.\SourceFiles\bsw -I.\SourceFiles\bsw\LabBoard -I.\SourceFiles\bsw\Services -I.\SourceFiles\bsw\tft -I.\SourceFiles\bsw\tft\fonts -I.\SourceFiles\rte -I. -IGenerated_Source\PSoC5 -Wa,-alh=.\CortexM3\ARM_GCC_541\Debug/ErikaOS_ee_alsetrel.lst -g -D DEBUG -D CY_CORE_ID=0 -Wall -ffunction-sections -ffat-lto-objects -Og -c Generated_Source\PSoC5\ErikaOS_ee_alsetrel.c -o .\CortexM3\ARM_GCC_541\Debug\ErikaOS_ee_alsetrel.o
arm-none-eabi-gcc.exe -mcpu=cortex-m3 -mthumb -I.\SourceFiles\asw -I.\SourceFiles\bsw -I.\SourceFiles\bsw\LabBoard -I.\SourceFiles\bsw\Services -I.\SourceFiles\bsw\tft -I.\SourceFiles\bsw\tft\fonts -I.\SourceFiles\rte -I. -IGenerated_Source\PSoC5 -Wa,-alh=.\CortexM3\ARM_GCC_541\Debug/ErikaOS_ee_altick.lst -g -D DEBUG -D CY_CORE_ID=0 -Wall -ffunction-sections -ffat-lto-objects -Og -c Generated_Source\PSoC5\ErikaOS_ee_altick.c -o .\CortexM3\ARM_GCC_541\Debug\ErikaOS_ee_altick.o
arm-none-eabi-gcc.exe -mcpu=cortex-m3 -mthumb -I.\SourceFiles\asw -I.\SourceFiles\bsw -I.\SourceFiles\bsw\LabBoard -I.\SourceFiles\bsw\Services -I.\SourceFiles\bsw\tft -I.\SourceFiles\bsw\tft\fonts -I.\SourceFiles\rte -I. -IGenerated_Source\PSoC5 -Wa,-alh=.\CortexM3\ARM_GCC_541\Debug/ErikaOS_ee_chaintas.lst -g -D DEBUG -D CY_CORE_ID=0 -Wall -ffunction-sections -ffat-lto-objects -Og -c Generated_Source\PSoC5\ErikaOS_ee_chaintas.c -o .\CortexM3\ARM_GCC_541\Debug\ErikaOS_ee_chaintas.o
arm-none-eabi-gcc.exe -mcpu=cortex-m3 -mthumb -I.\SourceFiles\asw -I.\SourceFiles\bsw -I.\SourceFiles\bsw\LabBoard -I.\SourceFiles\bsw\Services -I.\SourceFiles\bsw\tft -I.\SourceFiles\bsw\tft\fonts -I.\SourceFiles\rte -I. -IGenerated_Source\PSoC5 -Wa,-alh=.\CortexM3\ARM_GCC_541\Debug/ErikaOS_ee_evclear.lst -g -D DEBUG -D CY_CORE_ID=0 -Wall -ffunction-sections -ffat-lto-objects -Og -c Generated_Source\PSoC5\ErikaOS_ee_evclear.c -o .\CortexM3\ARM_GCC_541\Debug\ErikaOS_ee_evclear.o
arm-none-eabi-gcc.exe -mcpu=cortex-m3 -mthumb -I.\SourceFiles\asw -I.\SourceFiles\bsw -I.\SourceFiles\bsw\LabBoard -I.\SourceFiles\bsw\Services -I.\SourceFiles\bsw\tft -I.\SourceFiles\bsw\tft\fonts -I.\SourceFiles\rte -I. -IGenerated_Source\PSoC5 -Wa,-alh=.\CortexM3\ARM_GCC_541\Debug/ErikaOS_ee_evget.lst -g -D DEBUG -D CY_CORE_ID=0 -Wall -ffunction-sections -ffat-lto-objects -Og -c Generated_Source\PSoC5\ErikaOS_ee_evget.c -o .\CortexM3\ARM_GCC_541\Debug\ErikaOS_ee_evget.o
arm-none-eabi-gcc.exe -mcpu=cortex-m3 -mthumb -I.\SourceFiles\asw -I.\SourceFiles\bsw -I.\SourceFiles\bsw\LabBoard -I.\SourceFiles\bsw\Services -I.\SourceFiles\bsw\tft -I.\SourceFiles\bsw\tft\fonts -I.\SourceFiles\rte -I. -IGenerated_Source\PSoC5 -Wa,-alh=.\CortexM3\ARM_GCC_541\Debug/ErikaOS_ee_evset.lst -g -D DEBUG -D CY_CORE_ID=0 -Wall -ffunction-sections -ffat-lto-objects -Og -c Generated_Source\PSoC5\ErikaOS_ee_evset.c -o .\CortexM3\ARM_GCC_541\Debug\ErikaOS_ee_evset.o
arm-none-eabi-gcc.exe -mcpu=cortex-m3 -mthumb -I.\SourceFiles\asw -I.\SourceFiles\bsw -I.\SourceFiles\bsw\LabBoard -I.\SourceFiles\bsw\Services -I.\SourceFiles\bsw\tft -I.\SourceFiles\bsw\tft\fonts -I.\SourceFiles\rte -I. -IGenerated_Source\PSoC5 -Wa,-alh=.\CortexM3\ARM_GCC_541\Debug/ErikaOS_ee_evwait.lst -g -D DEBUG -D CY_CORE_ID=0 -Wall -ffunction-sections -ffat-lto-objects -Og -c Generated_Source\PSoC5\ErikaOS_ee_evwait.c -o .\CortexM3\ARM_GCC_541\Debug\ErikaOS_ee_evwait.o
arm-none-eabi-gcc.exe -mcpu=cortex-m3 -mthumb -I.\SourceFiles\asw -I.\SourceFiles\bsw -I.\SourceFiles\bsw\LabBoard -I.\SourceFiles\bsw\Services -I.\SourceFiles\bsw\tft -I.\SourceFiles\bsw\tft\fonts -I.\SourceFiles\rte -I. -IGenerated_Source\PSoC5 -Wa,-alh=.\CortexM3\ARM_GCC_541\Debug/ErikaOS_ee_force_schedule.lst -g -D DEBUG -D CY_CORE_ID=0 -Wall -ffunction-sections -ffat-lto-objects -Og -c Generated_Source\PSoC5\ErikaOS_ee_force_schedule.c -o .\CortexM3\ARM_GCC_541\Debug\ErikaOS_ee_force_schedule.o
arm-none-eabi-gcc.exe -mcpu=cortex-m3 -mthumb -I.\SourceFiles\asw -I.\SourceFiles\bsw -I.\SourceFiles\bsw\LabBoard -I.\SourceFiles\bsw\Services -I.\SourceFiles\bsw\tft -I.\SourceFiles\bsw\tft\fonts -I.\SourceFiles\rte -I. -IGenerated_Source\PSoC5 -Wa,-alh=.\CortexM3\ARM_GCC_541\Debug/ErikaOS_ee_getcountervalue.lst -g -D DEBUG -D CY_CORE_ID=0 -Wall -ffunction-sections -ffat-lto-objects -Og -c Generated_Source\PSoC5\ErikaOS_ee_getcountervalue.c -o .\CortexM3\ARM_GCC_541\Debug\ErikaOS_ee_getcountervalue.o
arm-none-eabi-gcc.exe -mcpu=cortex-m3 -mthumb -I.\SourceFiles\asw -I.\SourceFiles\bsw -I.\SourceFiles\bsw\LabBoard -I.\SourceFiles\bsw\Services -I.\SourceFiles\bsw\tft -I.\SourceFiles\bsw\tft\fonts -I.\SourceFiles\rte -I. -IGenerated_Source\PSoC5 -Wa,-alh=.\CortexM3\ARM_GCC_541\Debug/ErikaOS_ee_getelapsedvalue.lst -g -D DEBUG -D CY_CORE_ID=0 -Wall -ffunction-sections -ffat-lto-objects -Og -c Generated_Source\PSoC5\ErikaOS_ee_getelapsedvalue.c -o .\CortexM3\ARM_GCC_541\Debug\ErikaOS_ee_getelapsedvalue.o
arm-none-eabi-gcc.exe -mcpu=cortex-m3 -mthumb -I.\SourceFiles\asw -I.\SourceFiles\bsw -I.\SourceFiles\bsw\LabBoard -I.\SourceFiles\bsw\Services -I.\SourceFiles\bsw\tft -I.\SourceFiles\bsw\tft\fonts -I.\SourceFiles\rte -I. -IGenerated_Source\PSoC5 -Wa,-alh=.\CortexM3\ARM_GCC_541\Debug/ErikaOS_ee_gettaskid.lst -g -D DEBUG -D CY_CORE_ID=0 -Wall -ffunction-sections -ffat-lto-objects -Og -c Generated_Source\PSoC5\ErikaOS_ee_gettaskid.c -o .\CortexM3\ARM_GCC_541\Debug\ErikaOS_ee_gettaskid.o
arm-none-eabi-gcc.exe -mcpu=cortex-m3 -mthumb -I.\SourceFiles\asw -I.\SourceFiles\bsw -I.\SourceFiles\bsw\LabBoard -I.\SourceFiles\bsw\Services -I.\SourceFiles\bsw\tft -I.\SourceFiles\bsw\tft\fonts -I.\SourceFiles\rte -I. -IGenerated_Source\PSoC5 -Wa,-alh=.\CortexM3\ARM_GCC_541\Debug/ErikaOS_ee_gettaskstate.lst -g -D DEBUG -D CY_CORE_ID=0 -Wall -ffunction-sections -ffat-lto-objects -Og -c Generated_Source\PSoC5\ErikaOS_ee_gettaskstate.c -o .\CortexM3\ARM_GCC_541\Debug\ErikaOS_ee_gettaskstate.o
arm-none-eabi-gcc.exe -mcpu=cortex-m3 -mthumb -I.\SourceFiles\asw -I.\SourceFiles\bsw -I.\SourceFiles\bsw\LabBoard -I.\SourceFiles\bsw\Services -I.\SourceFiles\bsw\tft -I.\SourceFiles\bsw\tft\fonts -I.\SourceFiles\rte -I. -IGenerated_Source\PSoC5 -Wa,-alh=.\CortexM3\ARM_GCC_541\Debug/ErikaOS_ee_iparam.lst -g -D DEBUG -D CY_CORE_ID=0 -Wall -ffunction-sections -ffat-lto-objects -Og -c Generated_Source\PSoC5\ErikaOS_ee_iparam.c -o .\CortexM3\ARM_GCC_541\Debug\ErikaOS_ee_iparam.o
arm-none-eabi-gcc.exe -mcpu=cortex-m3 -mthumb -I.\SourceFiles\asw -I.\SourceFiles\bsw -I.\SourceFiles\bsw\LabBoard -I.\SourceFiles\bsw\Services -I.\SourceFiles\bsw\tft -I.\SourceFiles\bsw\tft\fonts -I.\SourceFiles\rte -I. -IGenerated_Source\PSoC5 -Wa,-alh=.\CortexM3\ARM_GCC_541\Debug/ErikaOS_ee_irqendin.lst -g -D DEBUG -D CY_CORE_ID=0 -Wall -ffunction-sections -ffat-lto-objects -Og -c Generated_Source\PSoC5\ErikaOS_ee_irqendin.c -o .\CortexM3\ARM_GCC_541\Debug\ErikaOS_ee_irqendin.o
arm-none-eabi-gcc.exe -mcpu=cortex-m3 -mthumb -I.\SourceFiles\asw -I.\SourceFiles\bsw -I.\SourceFiles\bsw\LabBoard -I.\SourceFiles\bsw\Services -I.\SourceFiles\bsw\tft -I.\SourceFiles\bsw\tft\fonts -I.\SourceFiles\rte -I. -IGenerated_Source\PSoC5 -Wa,-alh=.\CortexM3\ARM_GCC_541\Debug/ErikaOS_ee_lockres.lst -g -D DEBUG -D CY_CORE_ID=0 -Wall -ffunction-sections -ffat-lto-objects -Og -c Generated_Source\PSoC5\ErikaOS_ee_lockres.c -o .\CortexM3\ARM_GCC_541\Debug\ErikaOS_ee_lockres.o
arm-none-eabi-gcc.exe -mcpu=cortex-m3 -mthumb -I.\SourceFiles\asw -I.\SourceFiles\bsw -I.\SourceFiles\bsw\LabBoard -I.\SourceFiles\bsw\Services -I.\SourceFiles\bsw\tft -I.\SourceFiles\bsw\tft\fonts -I.\SourceFiles\rte -I. -IGenerated_Source\PSoC5 -Wa,-alh=.\CortexM3\ARM_GCC_541\Debug/ErikaOS_ee_lookup.lst -g -D DEBUG -D CY_CORE_ID=0 -Wall -ffunction-sections -ffat-lto-objects -Og -c Generated_Source\PSoC5\ErikaOS_ee_lookup.c -o .\CortexM3\ARM_GCC_541\Debug\ErikaOS_ee_lookup.o
arm-none-eabi-gcc.exe -mcpu=cortex-m3 -mthumb -I.\SourceFiles\asw -I.\SourceFiles\bsw -I.\SourceFiles\bsw\LabBoard -I.\SourceFiles\bsw\Services -I.\SourceFiles\bsw\tft -I.\SourceFiles\bsw\tft\fonts -I.\SourceFiles\rte -I. -IGenerated_Source\PSoC5 -Wa,-alh=.\CortexM3\ARM_GCC_541\Debug/ErikaOS_ee_rq_exchg.lst -g -D DEBUG -D CY_CORE_ID=0 -Wall -ffunction-sections -ffat-lto-objects -Og -c Generated_Source\PSoC5\ErikaOS_ee_rq_exchg.c -o .\CortexM3\ARM_GCC_541\Debug\ErikaOS_ee_rq_exchg.o
arm-none-eabi-gcc.exe -mcpu=cortex-m3 -mthumb -I.\SourceFiles\asw -I.\SourceFiles\bsw -I.\SourceFiles\bsw\LabBoard -I.\SourceFiles\bsw\Services -I.\SourceFiles\bsw\tft -I.\SourceFiles\bsw\tft\fonts -I.\SourceFiles\rte -I. -IGenerated_Source\PSoC5 -Wa,-alh=.\CortexM3\ARM_GCC_541\Debug/ErikaOS_ee_rq_first.lst -g -D DEBUG -D CY_CORE_ID=0 -Wall -ffunction-sections -ffat-lto-objects -Og -c Generated_Source\PSoC5\ErikaOS_ee_rq_first.c -o .\CortexM3\ARM_GCC_541\Debug\ErikaOS_ee_rq_first.o
arm-none-eabi-gcc.exe -mcpu=cortex-m3 -mthumb -I.\SourceFiles\asw -I.\SourceFiles\bsw -I.\SourceFiles\bsw\LabBoard -I.\SourceFiles\bsw\Services -I.\SourceFiles\bsw\tft -I.\SourceFiles\bsw\tft\fonts -I.\SourceFiles\rte -I. -IGenerated_Source\PSoC5 -Wa,-alh=.\CortexM3\ARM_GCC_541\Debug/ErikaOS_ee_rq_inser.lst -g -D DEBUG -D CY_CORE_ID=0 -Wall -ffunction-sections -ffat-lto-objects -Og -c Generated_Source\PSoC5\ErikaOS_ee_rq_inser.c -o .\CortexM3\ARM_GCC_541\Debug\ErikaOS_ee_rq_inser.o
arm-none-eabi-gcc.exe -mcpu=cortex-m3 -mthumb -I.\SourceFiles\asw -I.\SourceFiles\bsw -I.\SourceFiles\bsw\LabBoard -I.\SourceFiles\bsw\Services -I.\SourceFiles\bsw\tft -I.\SourceFiles\bsw\tft\fonts -I.\SourceFiles\rte -I. -IGenerated_Source\PSoC5 -Wa,-alh=.\CortexM3\ARM_GCC_541\Debug/ErikaOS_ee_schedule.lst -g -D DEBUG -D CY_CORE_ID=0 -Wall -ffunction-sections -ffat-lto-objects -Og -c Generated_Source\PSoC5\ErikaOS_ee_schedule.c -o .\CortexM3\ARM_GCC_541\Debug\ErikaOS_ee_schedule.o
arm-none-eabi-gcc.exe -mcpu=cortex-m3 -mthumb -I.\SourceFiles\asw -I.\SourceFiles\bsw -I.\SourceFiles\bsw\LabBoard -I.\SourceFiles\bsw\Services -I.\SourceFiles\bsw\tft -I.\SourceFiles\bsw\tft\fonts -I.\SourceFiles\rte -I. -IGenerated_Source\PSoC5 -Wa,-alh=.\CortexM3\ARM_GCC_541\Debug/ErikaOS_ee_semgetvalue.lst -g -D DEBUG -D CY_CORE_ID=0 -Wall -ffunction-sections -ffat-lto-objects -Og -c Generated_Source\PSoC5\ErikaOS_ee_semgetvalue.c -o .\CortexM3\ARM_GCC_541\Debug\ErikaOS_ee_semgetvalue.o
arm-none-eabi-gcc.exe -mcpu=cortex-m3 -mthumb -I.\SourceFiles\asw -I.\SourceFiles\bsw -I.\SourceFiles\bsw\LabBoard -I.\SourceFiles\bsw\Services -I.\SourceFiles\bsw\tft -I.\SourceFiles\bsw\tft\fonts -I.\SourceFiles\rte -I. -IGenerated_Source\PSoC5 -Wa,-alh=.\CortexM3\ARM_GCC_541\Debug/ErikaOS_ee_sempost.lst -g -D DEBUG -D CY_CORE_ID=0 -Wall -ffunction-sections -ffat-lto-objects -Og -c Generated_Source\PSoC5\ErikaOS_ee_sempost.c -o .\CortexM3\ARM_GCC_541\Debug\ErikaOS_ee_sempost.o
arm-none-eabi-gcc.exe -mcpu=cortex-m3 -mthumb -I.\SourceFiles\asw -I.\SourceFiles\bsw -I.\SourceFiles\bsw\LabBoard -I.\SourceFiles\bsw\Services -I.\SourceFiles\bsw\tft -I.\SourceFiles\bsw\tft\fonts -I.\SourceFiles\rte -I. -IGenerated_Source\PSoC5 -Wa,-alh=.\CortexM3\ARM_GCC_541\Debug/ErikaOS_ee_semtrywait.lst -g -D DEBUG -D CY_CORE_ID=0 -Wall -ffunction-sections -ffat-lto-objects -Og -c Generated_Source\PSoC5\ErikaOS_ee_semtrywait.c -o .\CortexM3\ARM_GCC_541\Debug\ErikaOS_ee_semtrywait.o
arm-none-eabi-gcc.exe -mcpu=cortex-m3 -mthumb -I.\SourceFiles\asw -I.\SourceFiles\bsw -I.\SourceFiles\bsw\LabBoard -I.\SourceFiles\bsw\Services -I.\SourceFiles\bsw\tft -I.\SourceFiles\bsw\tft\fonts -I.\SourceFiles\rte -I. -IGenerated_Source\PSoC5 -Wa,-alh=.\CortexM3\ARM_GCC_541\Debug/ErikaOS_ee_semwait.lst -g -D DEBUG -D CY_CORE_ID=0 -Wall -ffunction-sections -ffat-lto-objects -Og -c Generated_Source\PSoC5\ErikaOS_ee_semwait.c -o .\CortexM3\ARM_GCC_541\Debug\ErikaOS_ee_semwait.o
arm-none-eabi-gcc.exe -mcpu=cortex-m3 -mthumb -I.\SourceFiles\asw -I.\SourceFiles\bsw -I.\SourceFiles\bsw\LabBoard -I.\SourceFiles\bsw\Services -I.\SourceFiles\bsw\tft -I.\SourceFiles\bsw\tft\fonts -I.\SourceFiles\rte -I. -IGenerated_Source\PSoC5 -Wa,-alh=.\CortexM3\ARM_GCC_541\Debug/ErikaOS_ee_shtdown.lst -g -D DEBUG -D CY_CORE_ID=0 -Wall -ffunction-sections -ffat-lto-objects -Og -c Generated_Source\PSoC5\ErikaOS_ee_shtdown.c -o .\CortexM3\ARM_GCC_541\Debug\ErikaOS_ee_shtdown.o
arm-none-eabi-gcc.exe -mcpu=cortex-m3 -mthumb -I.\SourceFiles\asw -I.\SourceFiles\bsw -I.\SourceFiles\bsw\LabBoard -I.\SourceFiles\bsw\Services -I.\SourceFiles\bsw\tft -I.\SourceFiles\bsw\tft\fonts -I.\SourceFiles\rte -I. -IGenerated_Source\PSoC5 -Wa,-alh=.\CortexM3\ARM_GCC_541\Debug/ErikaOS_ee_startos.lst -g -D DEBUG -D CY_CORE_ID=0 -Wall -ffunction-sections -ffat-lto-objects -Og -c Generated_Source\PSoC5\ErikaOS_ee_startos.c -o .\CortexM3\ARM_GCC_541\Debug\ErikaOS_ee_startos.o
In file included from Generated_Source\PSoC5\ErikaOS_ee_startos.c:332:0:
Generated_Source\PSoC5\ErikaOS_ee_startos.c: In function 'EE_oo_StartOS':
Generated_Source\PSoC5\CyLib.h:59:15: warning: unused variable 'cydelay_32k_ms' [-Wunused-variable]
 extern uint32 cydelay_32k_ms;
               ^
Generated_Source\PSoC5\CyLib.h:58:15: warning: unused variable 'cydelay_freq_mhz' [-Wunused-variable]
 extern uint8  cydelay_freq_mhz;
               ^
Generated_Source\PSoC5\CyLib.h:57:15: warning: unused variable 'cydelay_freq_khz' [-Wunused-variable]
 extern uint32 cydelay_freq_khz;
               ^
Generated_Source\PSoC5\CyLib.h:56:15: warning: unused variable 'cydelay_freq_hz' [-Wunused-variable]
 extern uint32 cydelay_freq_hz;
               ^
Generated_Source\PSoC5\CyLib.h:44:22: warning: unused variable 'CyResetStatus' [-Wunused-variable]
 extern uint8 CYXDATA CyResetStatus;
                      ^
In file included from Generated_Source\PSoC5\cyPm.h:25:0,
                 from Generated_Source\PSoC5\CyLib.h:29,
                 from Generated_Source\PSoC5\ErikaOS_ee_startos.c:332:
Generated_Source\PSoC5\CyFlash.h:28:14: warning: unused variable 'dieTemperature' [-Wunused-variable]
 extern uint8 dieTemperature[CY_FLASH_DIE_TEMP_DATA_SIZE];
              ^
In file included from Generated_Source\PSoC5\CyFlash.h:24:0,
                 from Generated_Source\PSoC5\cyPm.h:25,
                 from Generated_Source\PSoC5\CyLib.h:29,
                 from Generated_Source\PSoC5\ErikaOS_ee_startos.c:332:
Generated_Source\PSoC5\CySpc.h:28:14: warning: unused variable 'SpcLockState' [-Wunused-variable]
 extern uint8 SpcLockState;
              ^
In file included from Generated_Source\PSoC5\CyLib.h:26:0,
                 from Generated_Source\PSoC5\ErikaOS_ee_startos.c:332:
Generated_Source\PSoC5\cytypes.h:491:25: warning: typedef 'int8' locally defined but not used [-Wunused-local-typedefs]
 typedef signed   char   int8;
                         ^
Generated_Source\PSoC5\cytypes.h:492:25: warning: typedef 'int16' locally defined but not used [-Wunused-local-typedefs]
 typedef signed   short  int16;
                         ^
Generated_Source\PSoC5\cytypes.h:493:25: warning: typedef 'int32' locally defined but not used [-Wunused-local-typedefs]
 typedef signed   long   int32;
                         ^
Generated_Source\PSoC5\cytypes.h:494:25: warning: typedef 'float32' locally defined but not used [-Wunused-local-typedefs]
 typedef          float  float32;
                         ^
Generated_Source\PSoC5\cytypes.h:498:34: warning: typedef 'float64' locally defined but not used [-Wunused-local-typedefs]
     typedef               double float64;
                                  ^
Generated_Source\PSoC5\cytypes.h:499:34: warning: typedef 'int64' locally defined but not used [-Wunused-local-typedefs]
     typedef          long long   int64;
                                  ^
Generated_Source\PSoC5\cytypes.h:500:34: warning: typedef 'uint64' locally defined but not used [-Wunused-local-typedefs]
     typedef unsigned long long   uint64;
                                  ^
Generated_Source\PSoC5\cytypes.h:505:25: warning: typedef 'char8' locally defined but not used [-Wunused-local-typedefs]
 typedef          char   char8;
                         ^
Generated_Source\PSoC5\cytypes.h:658:33: warning: typedef 'reg8' locally defined but not used [-Wunused-local-typedefs]
 typedef volatile uint8  CYXDATA reg8;
                                 ^
Generated_Source\PSoC5\cytypes.h:659:33: warning: typedef 'reg16' locally defined but not used [-Wunused-local-typedefs]
 typedef volatile uint16 CYXDATA reg16;
                                 ^
Generated_Source\PSoC5\cytypes.h:660:33: warning: typedef 'reg32' locally defined but not used [-Wunused-local-typedefs]
 typedef volatile uint32 CYXDATA reg32;
                                 ^
In file included from Generated_Source\PSoC5\CyLib.h:29:0,
                 from Generated_Source\PSoC5\ErikaOS_ee_startos.c:332:
Generated_Source\PSoC5\cyPm.h:267:3: warning: typedef 'CY_PM_CLOCK_BACKUP_STRUCT' locally defined but not used [-Wunused-local-typedefs]
 } CY_PM_CLOCK_BACKUP_STRUCT;
   ^
Generated_Source\PSoC5\cyPm.h:315:3: warning: typedef 'CY_PM_BACKUP_STRUCT' locally defined but not used [-Wunused-local-typedefs]
 } CY_PM_BACKUP_STRUCT;
   ^
arm-none-eabi-gcc.exe -mcpu=cortex-m3 -mthumb -I.\SourceFiles\asw -I.\SourceFiles\bsw -I.\SourceFiles\bsw\LabBoard -I.\SourceFiles\bsw\Services -I.\SourceFiles\bsw\tft -I.\SourceFiles\bsw\tft\fonts -I.\SourceFiles\rte -I. -IGenerated_Source\PSoC5 -Wa,-alh=.\CortexM3\ARM_GCC_541\Debug/ErikaOS_ee_terminat.lst -g -D DEBUG -D CY_CORE_ID=0 -Wall -ffunction-sections -ffat-lto-objects -Og -c Generated_Source\PSoC5\ErikaOS_ee_terminat.c -o .\CortexM3\ARM_GCC_541\Debug\ErikaOS_ee_terminat.o
arm-none-eabi-gcc.exe -mcpu=cortex-m3 -mthumb -I.\SourceFiles\asw -I.\SourceFiles\bsw -I.\SourceFiles\bsw\LabBoard -I.\SourceFiles\bsw\Services -I.\SourceFiles\bsw\tft -I.\SourceFiles\bsw\tft\fonts -I.\SourceFiles\rte -I. -IGenerated_Source\PSoC5 -Wa,-alh=.\CortexM3\ARM_GCC_541\Debug/ErikaOS_ee_thendin.lst -g -D DEBUG -D CY_CORE_ID=0 -Wall -ffunction-sections -ffat-lto-objects -Og -c Generated_Source\PSoC5\ErikaOS_ee_thendin.c -o .\CortexM3\ARM_GCC_541\Debug\ErikaOS_ee_thendin.o
arm-none-eabi-gcc.exe -mcpu=cortex-m3 -mthumb -I.\SourceFiles\asw -I.\SourceFiles\bsw -I.\SourceFiles\bsw\LabBoard -I.\SourceFiles\bsw\Services -I.\SourceFiles\bsw\tft -I.\SourceFiles\bsw\tft\fonts -I.\SourceFiles\rte -I. -IGenerated_Source\PSoC5 -Wa,-alh=.\CortexM3\ARM_GCC_541\Debug/ErikaOS_ee_tnterm.lst -g -D DEBUG -D CY_CORE_ID=0 -Wall -ffunction-sections -ffat-lto-objects -Og -c Generated_Source\PSoC5\ErikaOS_ee_tnterm.c -o .\CortexM3\ARM_GCC_541\Debug\ErikaOS_ee_tnterm.o
arm-none-eabi-gcc.exe -mcpu=cortex-m3 -mthumb -I.\SourceFiles\asw -I.\SourceFiles\bsw -I.\SourceFiles\bsw\LabBoard -I.\SourceFiles\bsw\Services -I.\SourceFiles\bsw\tft -I.\SourceFiles\bsw\tft\fonts -I.\SourceFiles\rte -I. -IGenerated_Source\PSoC5 -Wa,-alh=.\CortexM3\ARM_GCC_541\Debug/ErikaOS_ee_tstub.lst -g -D DEBUG -D CY_CORE_ID=0 -Wall -ffunction-sections -ffat-lto-objects -Og -c Generated_Source\PSoC5\ErikaOS_ee_tstub.c -o .\CortexM3\ARM_GCC_541\Debug\ErikaOS_ee_tstub.o
arm-none-eabi-gcc.exe -mcpu=cortex-m3 -mthumb -I.\SourceFiles\asw -I.\SourceFiles\bsw -I.\SourceFiles\bsw\LabBoard -I.\SourceFiles\bsw\Services -I.\SourceFiles\bsw\tft -I.\SourceFiles\bsw\tft\fonts -I.\SourceFiles\rte -I. -IGenerated_Source\PSoC5 -Wa,-alh=.\CortexM3\ARM_GCC_541\Debug/ErikaOS_ee_ulockallres.lst -g -D DEBUG -D CY_CORE_ID=0 -Wall -ffunction-sections -ffat-lto-objects -Og -c Generated_Source\PSoC5\ErikaOS_ee_ulockallres.c -o .\CortexM3\ARM_GCC_541\Debug\ErikaOS_ee_ulockallres.o
arm-none-eabi-gcc.exe -mcpu=cortex-m3 -mthumb -I.\SourceFiles\asw -I.\SourceFiles\bsw -I.\SourceFiles\bsw\LabBoard -I.\SourceFiles\bsw\Services -I.\SourceFiles\bsw\tft -I.\SourceFiles\bsw\tft\fonts -I.\SourceFiles\rte -I. -IGenerated_Source\PSoC5 -Wa,-alh=.\CortexM3\ARM_GCC_541\Debug/ErikaOS_ee_ulockres.lst -g -D DEBUG -D CY_CORE_ID=0 -Wall -ffunction-sections -ffat-lto-objects -Og -c Generated_Source\PSoC5\ErikaOS_ee_ulockres.c -o .\CortexM3\ARM_GCC_541\Debug\ErikaOS_ee_ulockres.o
arm-none-eabi-gcc.exe -mcpu=cortex-m3 -mthumb -I.\SourceFiles\asw -I.\SourceFiles\bsw -I.\SourceFiles\bsw\LabBoard -I.\SourceFiles\bsw\Services -I.\SourceFiles\bsw\tft -I.\SourceFiles\bsw\tft\fonts -I.\SourceFiles\rte -I. -IGenerated_Source\PSoC5 -Wa,-alh=.\CortexM3\ARM_GCC_541\Debug/ErikaOS_cortex_mx_ee_context.lst -g -D DEBUG -D CY_CORE_ID=0 -Wall -ffunction-sections -ffat-lto-objects -Og -c Generated_Source\PSoC5\ErikaOS_cortex_mx_ee_context.c -o .\CortexM3\ARM_GCC_541\Debug\ErikaOS_cortex_mx_ee_context.o
arm-none-eabi-gcc.exe -mcpu=cortex-m3 -mthumb -I.\SourceFiles\asw -I.\SourceFiles\bsw -I.\SourceFiles\bsw\LabBoard -I.\SourceFiles\bsw\Services -I.\SourceFiles\bsw\tft -I.\SourceFiles\bsw\tft\fonts -I.\SourceFiles\rte -I. -IGenerated_Source\PSoC5 -Wa,-alh=.\CortexM3\ARM_GCC_541\Debug/ErikaOS_cortex_mx_ee_system_timer.lst -g -D DEBUG -D CY_CORE_ID=0 -Wall -ffunction-sections -ffat-lto-objects -Og -c Generated_Source\PSoC5\ErikaOS_cortex_mx_ee_system_timer.c -o .\CortexM3\ARM_GCC_541\Debug\ErikaOS_cortex_mx_ee_system_timer.o
arm-none-eabi-gcc.exe -mcpu=cortex-m3 -mthumb -I.\SourceFiles\asw -I.\SourceFiles\bsw -I.\SourceFiles\bsw\LabBoard -I.\SourceFiles\bsw\Services -I.\SourceFiles\bsw\tft -I.\SourceFiles\bsw\tft\fonts -I.\SourceFiles\rte -I. -IGenerated_Source\PSoC5 -Wa,-alh=.\CortexM3\ARM_GCC_541\Debug/ErikaOS_cortex_mx_ee_utils.lst -g -D DEBUG -D CY_CORE_ID=0 -Wall -ffunction-sections -ffat-lto-objects -Og -c Generated_Source\PSoC5\ErikaOS_cortex_mx_ee_utils.c -o .\CortexM3\ARM_GCC_541\Debug\ErikaOS_cortex_mx_ee_utils.o
arm-none-eabi-gcc.exe -mcpu=cortex-m3 -mthumb -I.\SourceFiles\asw -I.\SourceFiles\bsw -I.\SourceFiles\bsw\LabBoard -I.\SourceFiles\bsw\Services -I.\SourceFiles\bsw\tft -I.\SourceFiles\bsw\tft\fonts -I.\SourceFiles\rte -I. -IGenerated_Source\PSoC5 -Wa,-alh=.\CortexM3\ARM_GCC_541\Debug/ErikaOS_common_ee_hal_structs.lst -g -D DEBUG -D CY_CORE_ID=0 -Wall -ffunction-sections -ffat-lto-objects -Og -c Generated_Source\PSoC5\ErikaOS_common_ee_hal_structs.c -o .\CortexM3\ARM_GCC_541\Debug\ErikaOS_common_ee_hal_structs.o
arm-none-eabi-gcc.exe -mcpu=cortex-m3 -mthumb -I.\SourceFiles\asw -I.\SourceFiles\bsw -I.\SourceFiles\bsw\LabBoard -I.\SourceFiles\bsw\Services -I.\SourceFiles\bsw\tft -I.\SourceFiles\bsw\tft\fonts -I.\SourceFiles\rte -I. -IGenerated_Source\PSoC5 -Wa,-alh=.\CortexM3\ARM_GCC_541\Debug/ErikaOS_eecfg.lst -g -D DEBUG -D CY_CORE_ID=0 -Wall -ffunction-sections -ffat-lto-objects -Og -c Generated_Source\PSoC5\ErikaOS_eecfg.c -o .\CortexM3\ARM_GCC_541\Debug\ErikaOS_eecfg.o
Generated_Source\PSoC5\ErikaOS_eecfg.c:1943:62: warning: initialization from incompatible pointer type [-Wincompatible-pointer-types]
         { (EE_OO_AUTOSTART_TASK_MODE_OSDEFAULTAPPMODE_SIZE), EE_oo_autostart_task_mode_OSDEFAULTAPPMODE}
                                                              ^
Generated_Source\PSoC5\ErikaOS_eecfg.c:1943:62: note: (near initialization for 'EE_oo_autostart_task_data[0].task')
arm-none-eabi-gcc.exe -mcpu=cortex-m3 -mthumb -I.\SourceFiles\asw -I.\SourceFiles\bsw -I.\SourceFiles\bsw\LabBoard -I.\SourceFiles\bsw\Services -I.\SourceFiles\bsw\tft -I.\SourceFiles\bsw\tft\fonts -I.\SourceFiles\rte -I. -IGenerated_Source\PSoC5 -Wa,-alh=.\CortexM3\ARM_GCC_541\Debug/UART_LOG.lst -g -D DEBUG -D CY_CORE_ID=0 -Wall -ffunction-sections -ffat-lto-objects -Og -c Generated_Source\PSoC5\UART_LOG.c -o .\CortexM3\ARM_GCC_541\Debug\UART_LOG.o
arm-none-eabi-gcc.exe -mcpu=cortex-m3 -mthumb -I.\SourceFiles\asw -I.\SourceFiles\bsw -I.\SourceFiles\bsw\LabBoard -I.\SourceFiles\bsw\Services -I.\SourceFiles\bsw\tft -I.\SourceFiles\bsw\tft\fonts -I.\SourceFiles\rte -I. -IGenerated_Source\PSoC5 -Wa,-alh=.\CortexM3\ARM_GCC_541\Debug/UART_LOG_PM.lst -g -D DEBUG -D CY_CORE_ID=0 -Wall -ffunction-sections -ffat-lto-objects -Og -c Generated_Source\PSoC5\UART_LOG_PM.c -o .\CortexM3\ARM_GCC_541\Debug\UART_LOG_PM.o
arm-none-eabi-gcc.exe -mcpu=cortex-m3 -mthumb -I.\SourceFiles\asw -I.\SourceFiles\bsw -I.\SourceFiles\bsw\LabBoard -I.\SourceFiles\bsw\Services -I.\SourceFiles\bsw\tft -I.\SourceFiles\bsw\tft\fonts -I.\SourceFiles\rte -I. -IGenerated_Source\PSoC5 -Wa,-alh=.\CortexM3\ARM_GCC_541\Debug/UART_LOG_INT.lst -g -D DEBUG -D CY_CORE_ID=0 -Wall -ffunction-sections -ffat-lto-objects -Og -c Generated_Source\PSoC5\UART_LOG_INT.c -o .\CortexM3\ARM_GCC_541\Debug\UART_LOG_INT.o
arm-none-eabi-gcc.exe -mcpu=cortex-m3 -mthumb -I.\SourceFiles\asw -I.\SourceFiles\bsw -I.\SourceFiles\bsw\LabBoard -I.\SourceFiles\bsw\Services -I.\SourceFiles\bsw\tft -I.\SourceFiles\bsw\tft\fonts -I.\SourceFiles\rte -I. -IGenerated_Source\PSoC5 -Wa,-alh=.\CortexM3\ARM_GCC_541\Debug/UART_LOG_BOOT.lst -g -D DEBUG -D CY_CORE_ID=0 -Wall -ffunction-sections -ffat-lto-objects -Og -c Generated_Source\PSoC5\UART_LOG_BOOT.c -o .\CortexM3\ARM_GCC_541\Debug\UART_LOG_BOOT.o
arm-none-eabi-gcc.exe -mcpu=cortex-m3 -mthumb -I.\SourceFiles\asw -I.\SourceFiles\bsw -I.\SourceFiles\bsw\LabBoard -I.\SourceFiles\bsw\Services -I.\SourceFiles\bsw\tft -I.\SourceFiles\bsw\tft\fonts -I.\SourceFiles\rte -I. -IGenerated_Source\PSoC5 -Wa,-alh=.\CortexM3\ARM_GCC_541\Debug/TFT_SPI.lst -g -D DEBUG -D CY_CORE_ID=0 -Wall -ffunction-sections -ffat-lto-objects -Og -c Generated_Source\PSoC5\TFT_SPI.c -o .\CortexM3\ARM_GCC_541\Debug\TFT_SPI.o
arm-none-eabi-gcc.exe -mcpu=cortex-m3 -mthumb -I.\SourceFiles\asw -I.\SourceFiles\bsw -I.\SourceFiles\bsw\LabBoard -I.\SourceFiles\bsw\Services -I.\SourceFiles\bsw\tft -I.\SourceFiles\bsw\tft\fonts -I.\SourceFiles\rte -I. -IGenerated_Source\PSoC5 -Wa,-alh=.\CortexM3\ARM_GCC_541\Debug/TFT_SPI_PM.lst -g -D DEBUG -D CY_CORE_ID=0 -Wall -ffunction-sections -ffat-lto-objects -Og -c Generated_Source\PSoC5\TFT_SPI_PM.c -o .\CortexM3\ARM_GCC_541\Debug\TFT_SPI_PM.o
arm-none-eabi-gcc.exe -mcpu=cortex-m3 -mthumb -I.\SourceFiles\asw -I.\SourceFiles\bsw -I.\SourceFiles\bsw\LabBoard -I.\SourceFiles\bsw\Services -I.\SourceFiles\bsw\tft -I.\SourceFiles\bsw\tft\fonts -I.\SourceFiles\rte -I. -IGenerated_Source\PSoC5 -Wa,-alh=.\CortexM3\ARM_GCC_541\Debug/TFT_SPI_INT.lst -g -D DEBUG -D CY_CORE_ID=0 -Wall -ffunction-sections -ffat-lto-objects -Og -c Generated_Source\PSoC5\TFT_SPI_INT.c -o .\CortexM3\ARM_GCC_541\Debug\TFT_SPI_INT.o
arm-none-eabi-gcc.exe -mcpu=cortex-m3 -mthumb -I.\SourceFiles\asw -I.\SourceFiles\bsw -I.\SourceFiles\bsw\LabBoard -I.\SourceFiles\bsw\Services -I.\SourceFiles\bsw\tft -I.\SourceFiles\bsw\tft\fonts -I.\SourceFiles\rte -I. -IGenerated_Source\PSoC5 -Wa,-alh=.\CortexM3\ARM_GCC_541\Debug/TFT_SCL.lst -g -D DEBUG -D CY_CORE_ID=0 -Wall -ffunction-sections -ffat-lto-objects -Og -c Generated_Source\PSoC5\TFT_SCL.c -o .\CortexM3\ARM_GCC_541\Debug\TFT_SCL.o
arm-none-eabi-gcc.exe -mcpu=cortex-m3 -mthumb -I.\SourceFiles\asw -I.\SourceFiles\bsw -I.\SourceFiles\bsw\LabBoard -I.\SourceFiles\bsw\Services -I.\SourceFiles\bsw\tft -I.\SourceFiles\bsw\tft\fonts -I.\SourceFiles\rte -I. -IGenerated_Source\PSoC5 -Wa,-alh=.\CortexM3\ARM_GCC_541\Debug/TFT_DC.lst -g -D DEBUG -D CY_CORE_ID=0 -Wall -ffunction-sections -ffat-lto-objects -Og -c Generated_Source\PSoC5\TFT_DC.c -o .\CortexM3\ARM_GCC_541\Debug\TFT_DC.o
arm-none-eabi-gcc.exe -mcpu=cortex-m3 -mthumb -I.\SourceFiles\asw -I.\SourceFiles\bsw -I.\SourceFiles\bsw\LabBoard -I.\SourceFiles\bsw\Services -I.\SourceFiles\bsw\tft -I.\SourceFiles\bsw\tft\fonts -I.\SourceFiles\rte -I. -IGenerated_Source\PSoC5 -Wa,-alh=.\CortexM3\ARM_GCC_541\Debug/TFT_RES.lst -g -D DEBUG -D CY_CORE_ID=0 -Wall -ffunction-sections -ffat-lto-objects -Og -c Generated_Source\PSoC5\TFT_RES.c -o .\CortexM3\ARM_GCC_541\Debug\TFT_RES.o
arm-none-eabi-gcc.exe -mcpu=cortex-m3 -mthumb -I.\SourceFiles\asw -I.\SourceFiles\bsw -I.\SourceFiles\bsw\LabBoard -I.\SourceFiles\bsw\Services -I.\SourceFiles\bsw\tft -I.\SourceFiles\bsw\tft\fonts -I.\SourceFiles\rte -I. -IGenerated_Source\PSoC5 -Wa,-alh=.\CortexM3\ARM_GCC_541\Debug/TFT_CS.lst -g -D DEBUG -D CY_CORE_ID=0 -Wall -ffunction-sections -ffat-lto-objects -Og -c Generated_Source\PSoC5\TFT_CS.c -o .\CortexM3\ARM_GCC_541\Debug\TFT_CS.o
arm-none-eabi-gcc.exe -mcpu=cortex-m3 -mthumb -I.\SourceFiles\asw -I.\SourceFiles\bsw -I.\SourceFiles\bsw\LabBoard -I.\SourceFiles\bsw\Services -I.\SourceFiles\bsw\tft -I.\SourceFiles\bsw\tft\fonts -I.\SourceFiles\rte -I. -IGenerated_Source\PSoC5 -Wa,-alh=.\CortexM3\ARM_GCC_541\Debug/TFT_LED.lst -g -D DEBUG -D CY_CORE_ID=0 -Wall -ffunction-sections -ffat-lto-objects -Og -c Generated_Source\PSoC5\TFT_LED.c -o .\CortexM3\ARM_GCC_541\Debug\TFT_LED.o
arm-none-eabi-gcc.exe -mcpu=cortex-m3 -mthumb -I.\SourceFiles\asw -I.\SourceFiles\bsw -I.\SourceFiles\bsw\LabBoard -I.\SourceFiles\bsw\Services -I.\SourceFiles\bsw\tft -I.\SourceFiles\bsw\tft\fonts -I.\SourceFiles\rte -I. -IGenerated_Source\PSoC5 -Wa,-alh=.\CortexM3\ARM_GCC_541\Debug/TFT_SDA.lst -g -D DEBUG -D CY_CORE_ID=0 -Wall -ffunction-sections -ffat-lto-objects -Og -c Generated_Source\PSoC5\TFT_SDA.c -o .\CortexM3\ARM_GCC_541\Debug\TFT_SDA.o
arm-none-eabi-gcc.exe -mcpu=cortex-m3 -mthumb -I.\SourceFiles\asw -I.\SourceFiles\bsw -I.\SourceFiles\bsw\LabBoard -I.\SourceFiles\bsw\Services -I.\SourceFiles\bsw\tft -I.\SourceFiles\bsw\tft\fonts -I.\SourceFiles\rte -I. -IGenerated_Source\PSoC5 -Wa,-alh=.\CortexM3\ARM_GCC_541\Debug/TFT_BackLight.lst -g -D DEBUG -D CY_CORE_ID=0 -Wall -ffunction-sections -ffat-lto-objects -Og -c Generated_Source\PSoC5\TFT_BackLight.c -o .\CortexM3\ARM_GCC_541\Debug\TFT_BackLight.o
arm-none-eabi-gcc.exe -mcpu=cortex-m3 -mthumb -I.\SourceFiles\asw -I.\SourceFiles\bsw -I.\SourceFiles\bsw\LabBoard -I.\SourceFiles\bsw\Services -I.\SourceFiles\bsw\tft -I.\SourceFiles\bsw\tft\fonts -I.\SourceFiles\rte -I. -IGenerated_Source\PSoC5 -Wa,-alh=.\CortexM3\ARM_GCC_541\Debug/TFT_BackLight_PM.lst -g -D DEBUG -D CY_CORE_ID=0 -Wall -ffunction-sections -ffat-lto-objects -Og -c Generated_Source\PSoC5\TFT_BackLight_PM.c -o .\CortexM3\ARM_GCC_541\Debug\TFT_BackLight_PM.o
arm-none-eabi-gcc.exe -mcpu=cortex-m3 -mthumb -I.\SourceFiles\asw -I.\SourceFiles\bsw -I.\SourceFiles\bsw\LabBoard -I.\SourceFiles\bsw\Services -I.\SourceFiles\bsw\tft -I.\SourceFiles\bsw\tft\fonts -I.\SourceFiles\rte -I. -IGenerated_Source\PSoC5 -Wa,-alh=.\CortexM3\ARM_GCC_541\Debug/CLK_LED.lst -g -D DEBUG -D CY_CORE_ID=0 -Wall -ffunction-sections -ffat-lto-objects -Og -c Generated_Source\PSoC5\CLK_LED.c -o .\CortexM3\ARM_GCC_541\Debug\CLK_LED.o
arm-none-eabi-gcc.exe -mcpu=cortex-m3 -mthumb -I.\SourceFiles\asw -I.\SourceFiles\bsw -I.\SourceFiles\bsw\LabBoard -I.\SourceFiles\bsw\Services -I.\SourceFiles\bsw\tft -I.\SourceFiles\bsw\tft\fonts -I.\SourceFiles\rte -I. -IGenerated_Source\PSoC5 -Wa,-alh=.\CortexM3\ARM_GCC_541\Debug/UART_LOG_IntClock.lst -g -D DEBUG -D CY_CORE_ID=0 -Wall -ffunction-sections -ffat-lto-objects -Og -c Generated_Source\PSoC5\UART_LOG_IntClock.c -o .\CortexM3\ARM_GCC_541\Debug\UART_LOG_IntClock.o
arm-none-eabi-gcc.exe -mcpu=cortex-m3 -mthumb -I.\SourceFiles\asw -I.\SourceFiles\bsw -I.\SourceFiles\bsw\LabBoard -I.\SourceFiles\bsw\Services -I.\SourceFiles\bsw\tft -I.\SourceFiles\bsw\tft\fonts -I.\SourceFiles\rte -I. -IGenerated_Source\PSoC5 -Wa,-alh=.\CortexM3\ARM_GCC_541\Debug/TFT_SPI_IntClock.lst -g -D DEBUG -D CY_CORE_ID=0 -Wall -ffunction-sections -ffat-lto-objects -Og -c Generated_Source\PSoC5\TFT_SPI_IntClock.c -o .\CortexM3\ARM_GCC_541\Debug\TFT_SPI_IntClock.o
arm-none-eabi-gcc.exe -mcpu=cortex-m3 -mthumb -I.\SourceFiles\asw -I.\SourceFiles\bsw -I.\SourceFiles\bsw\LabBoard -I.\SourceFiles\bsw\Services -I.\SourceFiles\bsw\tft -I.\SourceFiles\bsw\tft\fonts -I.\SourceFiles\rte -I. -IGenerated_Source\PSoC5 -Wa,-alh=.\CortexM3\ARM_GCC_541\Debug/Cm3Start.lst -g -D DEBUG -D CY_CORE_ID=0 -Wall -ffunction-sections -ffat-lto-objects -Og -c Generated_Source\PSoC5\Cm3Start.c -o .\CortexM3\ARM_GCC_541\Debug\Cm3Start.o
arm-none-eabi-gcc.exe -mcpu=cortex-m3 -mthumb -I.\SourceFiles\asw -I.\SourceFiles\bsw -I.\SourceFiles\bsw\LabBoard -I.\SourceFiles\bsw\Services -I.\SourceFiles\bsw\tft -I.\SourceFiles\bsw\tft\fonts -I.\SourceFiles\rte -I. -IGenerated_Source\PSoC5 -Wa,-alh=.\CortexM3\ARM_GCC_541\Debug/CyDmac.lst -g -D DEBUG -D CY_CORE_ID=0 -Wall -ffunction-sections -ffat-lto-objects -Og -c Generated_Source\PSoC5\CyDmac.c -o .\CortexM3\ARM_GCC_541\Debug\CyDmac.o
arm-none-eabi-gcc.exe -mcpu=cortex-m3 -mthumb -I.\SourceFiles\asw -I.\SourceFiles\bsw -I.\SourceFiles\bsw\LabBoard -I.\SourceFiles\bsw\Services -I.\SourceFiles\bsw\tft -I.\SourceFiles\bsw\tft\fonts -I.\SourceFiles\rte -I. -IGenerated_Source\PSoC5 -Wa,-alh=.\CortexM3\ARM_GCC_541\Debug/CyFlash.lst -g -D DEBUG -D CY_CORE_ID=0 -Wall -ffunction-sections -ffat-lto-objects -Og -c Generated_Source\PSoC5\CyFlash.c -o .\CortexM3\ARM_GCC_541\Debug\CyFlash.o
arm-none-eabi-gcc.exe -mcpu=cortex-m3 -mthumb -I.\SourceFiles\asw -I.\SourceFiles\bsw -I.\SourceFiles\bsw\LabBoard -I.\SourceFiles\bsw\Services -I.\SourceFiles\bsw\tft -I.\SourceFiles\bsw\tft\fonts -I.\SourceFiles\rte -I. -IGenerated_Source\PSoC5 -Wa,-alh=.\CortexM3\ARM_GCC_541\Debug/CyLib.lst -g -D DEBUG -D CY_CORE_ID=0 -Wall -ffunction-sections -ffat-lto-objects -Og -c Generated_Source\PSoC5\CyLib.c -o .\CortexM3\ARM_GCC_541\Debug\CyLib.o
arm-none-eabi-gcc.exe -mcpu=cortex-m3 -mthumb -I.\SourceFiles\asw -I.\SourceFiles\bsw -I.\SourceFiles\bsw\LabBoard -I.\SourceFiles\bsw\Services -I.\SourceFiles\bsw\tft -I.\SourceFiles\bsw\tft\fonts -I.\SourceFiles\rte -I. -IGenerated_Source\PSoC5 -Wa,-alh=.\CortexM3\ARM_GCC_541\Debug/cyPm.lst -g -D DEBUG -D CY_CORE_ID=0 -Wall -ffunction-sections -ffat-lto-objects -Og -c Generated_Source\PSoC5\cyPm.c -o .\CortexM3\ARM_GCC_541\Debug\cyPm.o
arm-none-eabi-gcc.exe -mcpu=cortex-m3 -mthumb -I.\SourceFiles\asw -I.\SourceFiles\bsw -I.\SourceFiles\bsw\LabBoard -I.\SourceFiles\bsw\Services -I.\SourceFiles\bsw\tft -I.\SourceFiles\bsw\tft\fonts -I.\SourceFiles\rte -I. -IGenerated_Source\PSoC5 -Wa,-alh=.\CortexM3\ARM_GCC_541\Debug/CySpc.lst -g -D DEBUG -D CY_CORE_ID=0 -Wall -ffunction-sections -ffat-lto-objects -Og -c Generated_Source\PSoC5\CySpc.c -o .\CortexM3\ARM_GCC_541\Debug\CySpc.o
arm-none-eabi-gcc.exe -mcpu=cortex-m3 -mthumb -I.\SourceFiles\asw -I.\SourceFiles\bsw -I.\SourceFiles\bsw\LabBoard -I.\SourceFiles\bsw\Services -I.\SourceFiles\bsw\tft -I.\SourceFiles\bsw\tft\fonts -I.\SourceFiles\rte -I. -IGenerated_Source\PSoC5 -Wa,-alh=.\CortexM3\ARM_GCC_541\Debug/cyutils.lst -g -D DEBUG -D CY_CORE_ID=0 -Wall -ffunction-sections -ffat-lto-objects -Og -c Generated_Source\PSoC5\cyutils.c -o .\CortexM3\ARM_GCC_541\Debug\cyutils.o
arm-none-eabi-gcc.exe -mcpu=cortex-m3 -mthumb -I.\SourceFiles\asw -I.\SourceFiles\bsw -I.\SourceFiles\bsw\LabBoard -I.\SourceFiles\bsw\Services -I.\SourceFiles\bsw\tft -I.\SourceFiles\bsw\tft\fonts -I.\SourceFiles\rte -I. -IGenerated_Source\PSoC5 -Wa,-alh=.\CortexM3\ARM_GCC_541\Debug/cy_em_eeprom.lst -g -D DEBUG -D CY_CORE_ID=0 -Wall -ffunction-sections -ffat-lto-objects -Og -c Generated_Source\PSoC5\cy_em_eeprom.c -o .\CortexM3\ARM_GCC_541\Debug\cy_em_eeprom.o
arm-none-eabi-gcc.exe -mcpu=cortex-m3 -mthumb -I.\SourceFiles\asw -I.\SourceFiles\bsw -I.\SourceFiles\bsw\LabBoard -I.\SourceFiles\bsw\Services -I.\SourceFiles\bsw\tft -I.\SourceFiles\bsw\tft\fonts -I.\SourceFiles\rte -I. -IGenerated_Source\PSoC5 -Wa,-alh=.\CortexM3\ARM_GCC_541\Debug/button_1.lst -g -D DEBUG -D CY_CORE_ID=0 -Wall -ffunction-sections -ffat-lto-objects -Og -c Generated_Source\PSoC5\button_1.c -o .\CortexM3\ARM_GCC_541\Debug\button_1.o
arm-none-eabi-gcc.exe -mcpu=cortex-m3 -mthumb -I.\SourceFiles\asw -I.\SourceFiles\bsw -I.\SourceFiles\bsw\LabBoard -I.\SourceFiles\bsw\Services -I.\SourceFiles\bsw\tft -I.\SourceFiles\bsw\tft\fonts -I.\SourceFiles\rte -I. -IGenerated_Source\PSoC5 -Wa,-alh=.\CortexM3\ARM_GCC_541\Debug/button_2.lst -g -D DEBUG -D CY_CORE_ID=0 -Wall -ffunction-sections -ffat-lto-objects -Og -c Generated_Source\PSoC5\button_2.c -o .\CortexM3\ARM_GCC_541\Debug\button_2.o
arm-none-eabi-gcc.exe -mcpu=cortex-m3 -mthumb -I.\SourceFiles\asw -I.\SourceFiles\bsw -I.\SourceFiles\bsw\LabBoard -I.\SourceFiles\bsw\Services -I.\SourceFiles\bsw\tft -I.\SourceFiles\bsw\tft\fonts -I.\SourceFiles\rte -I. -IGenerated_Source\PSoC5 -Wa,-alh=.\CortexM3\ARM_GCC_541\Debug/button_3.lst -g -D DEBUG -D CY_CORE_ID=0 -Wall -ffunction-sections -ffat-lto-objects -Og -c Generated_Source\PSoC5\button_3.c -o .\CortexM3\ARM_GCC_541\Debug\button_3.o
arm-none-eabi-gcc.exe -mcpu=cortex-m3 -mthumb -I.\SourceFiles\asw -I.\SourceFiles\bsw -I.\SourceFiles\bsw\LabBoard -I.\SourceFiles\bsw\Services -I.\SourceFiles\bsw\tft -I.\SourceFiles\bsw\tft\fonts -I.\SourceFiles\rte -I. -IGenerated_Source\PSoC5 -Wa,-alh=.\CortexM3\ARM_GCC_541\Debug/button_4.lst -g -D DEBUG -D CY_CORE_ID=0 -Wall -ffunction-sections -ffat-lto-objects -Og -c Generated_Source\PSoC5\button_4.c -o .\CortexM3\ARM_GCC_541\Debug\button_4.o
arm-none-eabi-gcc.exe -mcpu=cortex-m3 -mthumb -I.\SourceFiles\asw -I.\SourceFiles\bsw -I.\SourceFiles\bsw\LabBoard -I.\SourceFiles\bsw\Services -I.\SourceFiles\bsw\tft -I.\SourceFiles\bsw\tft\fonts -I.\SourceFiles\rte -I. -IGenerated_Source\PSoC5 -Wa,-alh=.\CortexM3\ARM_GCC_541\Debug/isr_ButtonRight.lst -g -D DEBUG -D CY_CORE_ID=0 -Wall -ffunction-sections -ffat-lto-objects -Og -c Generated_Source\PSoC5\isr_ButtonRight.c -o .\CortexM3\ARM_GCC_541\Debug\isr_ButtonRight.o
arm-none-eabi-gcc.exe -mcpu=cortex-m3 -mthumb -I.\SourceFiles\asw -I.\SourceFiles\bsw -I.\SourceFiles\bsw\LabBoard -I.\SourceFiles\bsw\Services -I.\SourceFiles\bsw\tft -I.\SourceFiles\bsw\tft\fonts -I.\SourceFiles\rte -I. -IGenerated_Source\PSoC5 -Wa,-alh=.\CortexM3\ARM_GCC_541\Debug/isr_ButtonLeft.lst -g -D DEBUG -D CY_CORE_ID=0 -Wall -ffunction-sections -ffat-lto-objects -Og -c Generated_Source\PSoC5\isr_ButtonLeft.c -o .\CortexM3\ARM_GCC_541\Debug\isr_ButtonLeft.o
arm-none-eabi-as.exe -mcpu=cortex-m3 -mthumb -I. -IGenerated_Source\PSoC5 -alh=.\CortexM3\ARM_GCC_541\Debug/ErikaOS_ee_gnu_change_context_isr.lst -g -W -o .\CortexM3\ARM_GCC_541\Debug\ErikaOS_ee_gnu_change_context_isr.o Generated_Source\PSoC5\ErikaOS_ee_gnu_change_context_isr.s
arm-none-eabi-as.exe -mcpu=cortex-m3 -mthumb -I. -IGenerated_Source\PSoC5 -alh=.\CortexM3\ARM_GCC_541\Debug/ErikaOS_ee_gnu_irq_stack.lst -g -W -o .\CortexM3\ARM_GCC_541\Debug\ErikaOS_ee_gnu_irq_stack.o Generated_Source\PSoC5\ErikaOS_ee_gnu_irq_stack.s
arm-none-eabi-as.exe -mcpu=cortex-m3 -mthumb -I. -IGenerated_Source\PSoC5 -alh=.\CortexM3\ARM_GCC_541\Debug/ErikaOS_ee_gnu_multi_context.lst -g -W -o .\CortexM3\ARM_GCC_541\Debug\ErikaOS_ee_gnu_multi_context.o Generated_Source\PSoC5\ErikaOS_ee_gnu_multi_context.s
arm-none-eabi-as.exe -mcpu=cortex-m3 -mthumb -I. -IGenerated_Source\PSoC5 -alh=.\CortexM3\ARM_GCC_541\Debug/ErikaOS_ee_gnu_oo.lst -g -W -o .\CortexM3\ARM_GCC_541\Debug\ErikaOS_ee_gnu_oo.o Generated_Source\PSoC5\ErikaOS_ee_gnu_oo.s
arm-none-eabi-as.exe -mcpu=cortex-m3 -mthumb -I. -IGenerated_Source\PSoC5 -alh=.\CortexM3\ARM_GCC_541\Debug/CyBootAsmGnu.lst -g -W -o .\CortexM3\ARM_GCC_541\Debug\CyBootAsmGnu.o Generated_Source\PSoC5\CyBootAsmGnu.s
arm-none-eabi-ar.exe -rs .\CortexM3\ARM_GCC_541\Debug\ElectronicClock.a .\CortexM3\ARM_GCC_541\Debug\ErikaOS_ee_activate.o .\CortexM3\ARM_GCC_541\Debug\ErikaOS_ee_alcancel.o .\CortexM3\ARM_GCC_541\Debug\ErikaOS_ee_alget.o .\CortexM3\ARM_GCC_541\Debug\ErikaOS_ee_algetbase.o .\CortexM3\ARM_GCC_541\Debug\ErikaOS_ee_alsetabs.o .\CortexM3\ARM_GCC_541\Debug\ErikaOS_ee_alsetrel.o .\CortexM3\ARM_GCC_541\Debug\ErikaOS_ee_altick.o .\CortexM3\ARM_GCC_541\Debug\ErikaOS_ee_chaintas.o .\CortexM3\ARM_GCC_541\Debug\ErikaOS_ee_evclear.o .\CortexM3\ARM_GCC_541\Debug\ErikaOS_ee_evget.o .\CortexM3\ARM_GCC_541\Debug\ErikaOS_ee_evset.o .\CortexM3\ARM_GCC_541\Debug\ErikaOS_ee_evwait.o .\CortexM3\ARM_GCC_541\Debug\ErikaOS_ee_force_schedule.o .\CortexM3\ARM_GCC_541\Debug\ErikaOS_ee_getcountervalue.o .\CortexM3\ARM_GCC_541\Debug\ErikaOS_ee_getelapsedvalue.o .\CortexM3\ARM_GCC_541\Debug\ErikaOS_ee_gettaskid.o .\CortexM3\ARM_GCC_541\Debug\ErikaOS_ee_gettaskstate.o .\CortexM3\ARM_GCC_541\Debug\ErikaOS_ee_iparam.o .\CortexM3\ARM_GCC_541\Debug\ErikaOS_ee_irqendin.o .\CortexM3\ARM_GCC_541\Debug\ErikaOS_ee_lockres.o .\CortexM3\ARM_GCC_541\Debug\ErikaOS_ee_lookup.o .\CortexM3\ARM_GCC_541\Debug\ErikaOS_ee_rq_exchg.o .\CortexM3\ARM_GCC_541\Debug\ErikaOS_ee_rq_first.o .\CortexM3\ARM_GCC_541\Debug\ErikaOS_ee_rq_inser.o .\CortexM3\ARM_GCC_541\Debug\ErikaOS_ee_schedule.o .\CortexM3\ARM_GCC_541\Debug\ErikaOS_ee_semgetvalue.o .\CortexM3\ARM_GCC_541\Debug\ErikaOS_ee_sempost.o .\CortexM3\ARM_GCC_541\Debug\ErikaOS_ee_semtrywait.o .\CortexM3\ARM_GCC_541\Debug\ErikaOS_ee_semwait.o .\CortexM3\ARM_GCC_541\Debug\ErikaOS_ee_shtdown.o .\CortexM3\ARM_GCC_541\Debug\ErikaOS_ee_startos.o .\CortexM3\ARM_GCC_541\Debug\ErikaOS_ee_terminat.o .\CortexM3\ARM_GCC_541\Debug\ErikaOS_ee_thendin.o .\CortexM3\ARM_GCC_541\Debug\ErikaOS_ee_tnterm.o .\CortexM3\ARM_GCC_541\Debug\ErikaOS_ee_tstub.o .\CortexM3\ARM_GCC_541\Debug\ErikaOS_ee_ulockallres.o .\CortexM3\ARM_GCC_541\Debug\ErikaOS_ee_ulockres.o .\CortexM3\ARM_GCC_541\Debug\ErikaOS_cortex_mx_ee_context.o .\CortexM3\ARM_GCC_541\Debug\ErikaOS_cortex_mx_ee_system_timer.o .\CortexM3\ARM_GCC_541\Debug\ErikaOS_cortex_mx_ee_utils.o .\CortexM3\ARM_GCC_541\Debug\ErikaOS_common_ee_hal_structs.o .\CortexM3\ARM_GCC_541\Debug\ErikaOS_eecfg.o .\CortexM3\ARM_GCC_541\Debug\UART_LOG.o .\CortexM3\ARM_GCC_541\Debug\UART_LOG_PM.o .\CortexM3\ARM_GCC_541\Debug\UART_LOG_INT.o .\CortexM3\ARM_GCC_541\Debug\UART_LOG_BOOT.o .\CortexM3\ARM_GCC_541\Debug\TFT_SPI.o .\CortexM3\ARM_GCC_541\Debug\TFT_SPI_PM.o .\CortexM3\ARM_GCC_541\Debug\TFT_SPI_INT.o .\CortexM3\ARM_GCC_541\Debug\TFT_SCL.o .\CortexM3\ARM_GCC_541\Debug\TFT_DC.o .\CortexM3\ARM_GCC_541\Debug\TFT_RES.o .\CortexM3\ARM_GCC_541\Debug\TFT_CS.o .\CortexM3\ARM_GCC_541\Debug\TFT_LED.o .\CortexM3\ARM_GCC_541\Debug\TFT_SDA.o .\CortexM3\ARM_GCC_541\Debug\TFT_BackLight.o .\CortexM3\ARM_GCC_541\Debug\TFT_BackLight_PM.o .\CortexM3\ARM_GCC_541\Debug\CLK_LED.o .\CortexM3\ARM_GCC_541\Debug\UART_LOG_IntClock.o .\CortexM3\ARM_GCC_541\Debug\TFT_SPI_IntClock.o .\CortexM3\ARM_GCC_541\Debug\CyDmac.o .\CortexM3\ARM_GCC_541\Debug\CyFlash.o .\CortexM3\ARM_GCC_541\Debug\CyLib.o .\CortexM3\ARM_GCC_541\Debug\cyPm.o .\CortexM3\ARM_GCC_541\Debug\CySpc.o .\CortexM3\ARM_GCC_541\Debug\cyutils.o .\CortexM3\ARM_GCC_541\Debug\cy_em_eeprom.o .\CortexM3\ARM_GCC_541\Debug\button_1.o .\CortexM3\ARM_GCC_541\Debug\button_2.o .\CortexM3\ARM_GCC_541\Debug\button_3.o .\CortexM3\ARM_GCC_541\Debug\button_4.o .\CortexM3\ARM_GCC_541\Debug\isr_ButtonRight.o .\CortexM3\ARM_GCC_541\Debug\isr_ButtonLeft.o .\CortexM3\ARM_GCC_541\Debug\ErikaOS_ee_gnu_change_context_isr.o .\CortexM3\ARM_GCC_541\Debug\ErikaOS_ee_gnu_irq_stack.o .\CortexM3\ARM_GCC_541\Debug\ErikaOS_ee_gnu_multi_context.o .\CortexM3\ARM_GCC_541\Debug\ErikaOS_ee_gnu_oo.o .\CortexM3\ARM_GCC_541\Debug\CyBootAsmGnu.o
arm-none-eabi-ar.exe: creating .\CortexM3\ARM_GCC_541\Debug\ElectronicClock.a
arm-none-eabi-gcc.exe -Wl,--start-group -o C:\Jason\EIT\Semester_02\01_EAA\Lab\Assignment_2\ElectronicClock\ElectronicClock.cydsn\CortexM3\ARM_GCC_541\Debug\ElectronicClock.elf .\CortexM3\ARM_GCC_541\Debug\main.o .\CortexM3\ARM_GCC_541\Debug\tsk_background.o .\CortexM3\ARM_GCC_541\Debug\swc_clock_control.o .\CortexM3\ARM_GCC_541\Debug\swc_clock_display.o .\CortexM3\ARM_GCC_541\Debug\swc_clock_input.o .\CortexM3\ARM_GCC_541\Debug\tsk_control.o .\CortexM3\ARM_GCC_541\Debug\tsk_display.o .\CortexM3\ARM_GCC_541\Debug\tsk_input.o .\CortexM3\ARM_GCC_541\Debug\tsk_system.o .\CortexM3\ARM_GCC_541\Debug\clock_statemachine.o .\CortexM3\ARM_GCC_541\Debug\button.o .\CortexM3\ARM_GCC_541\Debug\logging.o .\CortexM3\ARM_GCC_541\Debug\tft.o .\CortexM3\ARM_GCC_541\Debug\intToASCII.o .\CortexM3\ARM_GCC_541\Debug\rte.o .\CortexM3\ARM_GCC_541\Debug\sc_clock.o .\CortexM3\ARM_GCC_541\Debug\sc_event.o .\CortexM3\ARM_GCC_541\Debug\sc_event_type.o .\CortexM3\ARM_GCC_541\Debug\sp_common.o .\CortexM3\ARM_GCC_541\Debug\sc_clock_type.o .\CortexM3\ARM_GCC_541\Debug\cyfitter_cfg.o .\CortexM3\ARM_GCC_541\Debug\cymetadata.o .\CortexM3\ARM_GCC_541\Debug\Cm3Start.o .\CortexM3\ARM_GCC_541\Debug\ElectronicClock.a "C:\Program Files (x86)\Cypress\PSoC Creator\4.4\PSoC Creator\psoc\content\cycomponentlibrary\CyComponentLibrary.cylib\CortexM3\ARM_GCC_541\Debug\CyComponentLibrary.a" -mcpu=cortex-m3 -mthumb -L Generated_Source\PSoC5 -Wl,-Map,.\CortexM3\ARM_GCC_541\Debug/ElectronicClock.map -T Generated_Source\PSoC5\cm3gcc.ld -specs=nano.specs -Wl,--gc-sections -g -ffunction-sections -Og -ffat-lto-objects -Wl,--end-group
cyelftool.exe -C C:\Jason\EIT\Semester_02\01_EAA\Lab\Assignment_2\ElectronicClock\ElectronicClock.cydsn\CortexM3\ARM_GCC_541\Debug\ElectronicClock.elf --flash_row_size 256 --flash_size 262144 --flash_offset 0x00000000
No ELF section .cychecksum found, creating one
Application checksum calculated and stored in ELF section .cychecksum
Checksum calculated and stored in ELF section .cymeta
cyelftool.exe -S C:\Jason\EIT\Semester_02\01_EAA\Lab\Assignment_2\ElectronicClock\ElectronicClock.cydsn\CortexM3\ARM_GCC_541\Debug\ElectronicClock.elf
Flash used: 18118 of 262144 bytes (6.9%).
SRAM used: 17433 of 65536 bytes (26.6%). Stack: 2048 bytes. Heap: 128 bytes.
--------------- Rebuild Succeeded: 07/02/2022 00:48:54 ---------------
